#
# A fatal error has been detected by the Java Runtime Environment:
#
#  EXCEPTION_ACCESS_VIOLATION (0xc0000005) at pc=0x00007ffac0902b60, pid=13264, tid=17836
#
# JRE version: Java(TM) SE Runtime Environment (17.0.3.1+2) (build 17.0.3.1+2-LTS-6)
# Java VM: Java HotSpot(TM) 64-Bit Server VM (17.0.3.1+2-LTS-6, mixed mode, sharing, tiered, compressed oops, compressed class ptrs, g1 gc, windows-amd64)
# Problematic frame:
# C  [atio6axx.dll+0x192b60]
#
# No core dump will be written. Minidumps are not enabled by default on client versions of Windows
#
# If you would like to submit a bug report, please visit:
#   https://bugreport.java.com/bugreport/crash.jsp
# The crash happened outside the Java Virtual Machine in native code.
# See problematic frame for where to report the bug.
#

---------------  S U M M A R Y ------------

Command Line: -Dforge.enableGameTest=true -Dforge.enabledGameTestNamespaces=endlessexpansion -Dforge.logging.console.level=debug -Dforge.logging.markers=REGISTRIES -DignoreList=bootstraplauncher,securejarhandler,asm-commons,asm-util,asm-analysis,asm-tree,asm,JarJarFileSystems,client-extra,fmlcore,javafmllanguage,lowcodelanguage,mclanguage,forge- -Djava.net.preferIPv6Addresses=system -DlegacyClassPath.file=F:\mc mods\Coding Mods\Endless Expansion 1.20\build\classpath\runClient_minecraftClasspath.txt -DmergeModules=jna-5.10.0.jar,jna-platform-5.10.0.jar --module-path=C:\Users\Damqn\.gradle\caches\modules-2\files-2.1\cpw.mods\bootstraplauncher\1.1.2\c546e00443d8432cda6baa1c860346980742628\bootstraplauncher-1.1.2.jar;C:\Users\Damqn\.gradle\caches\modules-2\files-2.1\cpw.mods\securejarhandler\2.1.10\51e6a22c6c716beb11e244bf5b8be480f51dd6b5\securejarhandler-2.1.10.jar;C:\Users\Damqn\.gradle\caches\modules-2\files-2.1\org.ow2.asm\asm-commons\9.5\19ab5b5800a3910d30d3a3e64fdb00fd0cb42de0\asm-commons-9.5.jar;C:\Users\Damqn\.gradle\caches\modules-2\files-2.1\org.ow2.asm\asm-util\9.5\64b5a1fc8c1b15ed2efd6a063e976bc8d3dc5ffe\asm-util-9.5.jar;C:\Users\Damqn\.gradle\caches\modules-2\files-2.1\org.ow2.asm\asm-analysis\9.5\490bacc77de7cbc0be1a30bb3471072d705be4a4\asm-analysis-9.5.jar;C:\Users\Damqn\.gradle\caches\modules-2\files-2.1\org.ow2.asm\asm-tree\9.5\fd33c8b6373abaa675be407082fdfda35021254a\asm-tree-9.5.jar;C:\Users\Damqn\.gradle\caches\modules-2\files-2.1\org.ow2.asm\asm\9.5\dc6ea1875f4d64fbc85e1691c95b96a3d8569c90\asm-9.5.jar;C:\Users\Damqn\.gradle\caches\modules-2\files-2.1\net.minecraftforge\JarJarFileSystems\0.3.19\2464eb7d6b9ddb9db36a82cf8a95193e5c6fe020\JarJarFileSystems-0.3.19.jar --add-modules=ALL-MODULE-PATH --add-opens=java.base/java.util.jar=cpw.mods.securejarhandler --add-opens=java.base/java.lang.invoke=cpw.mods.securejarhandler --add-exports=java.base/sun.security.util=cpw.mods.securejarhandler --add-exports=jdk.naming.dns/com.sun.jndi.dns=java.naming -XX:HeapDumpPath=MojangTricksIntelDriversForPerformance_javaw.exe_minecraft.exe.heapdump -Dfile.encoding=windows-1251 -Duser.country=US -Duser.language=en -Duser.variant -Xmx14336m -Xms1024m cpw.mods.bootstraplauncher.BootstrapLauncher --launchTarget forgeclientuserdev --version MOD_DEV --assetIndex 5 --assetsDir C:\Users\Damqn\.gradle\caches\forge_gradle\assets --gameDir . --fml.forgeVersion 47.1.40 --fml.mcVersion 1.20.1 --fml.forgeGroup net.minecraftforge --fml.mcpVersion 20230612.114412

Host: AMD Ryzen 5 5600G with Radeon Graphics         , 12 cores, 31G,  Windows 10 , 64 bit Build 19041 (10.0.19041.3155)
Time: Sat Aug 12 16:32:23 2023 FLE Daylight Time elapsed time: 2.380179 seconds (0d 0h 0m 2s)

---------------  T H R E A D  ---------------

Current thread (0x000002057f7fe7e0):  JavaThread "main" [_thread_in_native, id=17836, stack(0x0000008c35a00000,0x0000008c35b00000)]

Stack: [0x0000008c35a00000,0x0000008c35b00000],  sp=0x0000008c35afb918,  free space=1006k
Native frames: (J=compiled Java code, j=interpreted, Vv=VM code, C=native code)
C  [atio6axx.dll+0x192b60]

Java frames: (J=compiled Java code, j=interpreted, Vv=VM code)
j  org.lwjgl.system.JNI.invokePPPP(IIJJJJ)J+0 org.lwjgl@3.3.1+7
j  org.lwjgl.glfw.GLFW.nglfwCreateWindow(IIJJJ)J+14 org.lwjgl.glfw@3.3.1+7
j  org.lwjgl.glfw.GLFW.glfwCreateWindow(IILjava/lang/CharSequence;JJ)J+34 org.lwjgl.glfw@3.3.1+7
j  net.minecraftforge.fml.earlydisplay.DisplayWindow.initWindow(Ljava/lang/String;)V+408 fmlearlydisplay@1.20.1-47.1.40
j  net.minecraftforge.fml.earlydisplay.DisplayWindow.start(Ljava/lang/String;Ljava/lang/String;)Ljava/lang/Runnable;+14 fmlearlydisplay@1.20.1-47.1.40
j  net.minecraftforge.fml.earlydisplay.DisplayWindow.initialize([Ljava/lang/String;)Ljava/lang/Runnable;+410 fmlearlydisplay@1.20.1-47.1.40
j  net.minecraftforge.fml.loading.ImmediateWindowHandler.load(Ljava/lang/String;[Ljava/lang/String;)V+180 fmlloader@1.20.1-47.1.40
j  net.minecraftforge.fml.loading.ModDirTransformerDiscoverer.earlyInitialization(Ljava/lang/String;[Ljava/lang/String;)V+2 fmlloader@1.20.1-47.1.40
j  cpw.mods.modlauncher.TransformationServicesHandler.lambda$discoverServices$18(Lcpw/mods/modlauncher/ArgumentHandler$DiscoveryData;Lcpw/mods/modlauncher/serviceapi/ITransformerDiscoveryService;)V+9 cpw.mods.modlauncher@10.0.9
j  cpw.mods.modlauncher.TransformationServicesHandler$$Lambda$418+0x0000000800e17408.accept(Ljava/lang/Object;)V+8 cpw.mods.modlauncher@10.0.9
j  java.lang.Iterable.forEach(Ljava/util/function/Consumer;)V+30 java.base@17.0.3.1
j  cpw.mods.modlauncher.TransformationServicesHandler.discoverServices(Lcpw/mods/modlauncher/ArgumentHandler$DiscoveryData;)V+145 cpw.mods.modlauncher@10.0.9
j  cpw.mods.modlauncher.Launcher.run([Ljava/lang/String;)V+14 cpw.mods.modlauncher@10.0.9
j  cpw.mods.modlauncher.Launcher.main([Ljava/lang/String;)V+78 cpw.mods.modlauncher@10.0.9
j  cpw.mods.modlauncher.BootstrapLaunchConsumer.accept([Ljava/lang/String;)V+1 cpw.mods.modlauncher@10.0.9
j  cpw.mods.modlauncher.BootstrapLaunchConsumer.accept(Ljava/lang/Object;)V+5 cpw.mods.modlauncher@10.0.9
j  cpw.mods.bootstraplauncher.BootstrapLauncher.main([Ljava/lang/String;)V+515 cpw.mods.bootstraplauncher@1.1.2
v  ~StubRoutines::call_stub

siginfo: EXCEPTION_ACCESS_VIOLATION (0xc0000005), reading address 0xffffffffffffffff


Register to memory mapping:

RIP=0x00007ffac0902b60 atio6axx.dll
RAX=0x0 is NULL
RBX=0x00007ffac41433b0 atio6axx.dll
RCX=0x2d6c6d6f6a5c3934 is an unknown value
RDX=0x00000000000000d1 is an unknown value
RSP=0x0000008c35afb918 is pointing into the stack for thread: 0x000002057f7fe7e0
RBP=0x0000008c35afba80 is pointing into the stack for thread: 0x000002057f7fe7e0
RSI=0x00007ffac4052d40 atio6axx.dll
RDI=0x0000008c35afbd70 is pointing into the stack for thread: 0x000002057f7fe7e0
R8 =0x00000000000001a5 is an unknown value
R9 =0x2d6c6d6f6a5c3934 is an unknown value
R10=0x0 is NULL
R11=0x0000000000000200 is an unknown value
R12=0x00007ffac4143408 atio6axx.dll
R13=0x00007ffac4145c08 atio6axx.dll
R14=0x00007ffac41433b0 atio6axx.dll
R15=0x0 is NULL


Registers:
RAX=0x0000000000000000, RBX=0x00007ffac41433b0, RCX=0x2d6c6d6f6a5c3934, RDX=0x00000000000000d1
RSP=0x0000008c35afb918, RBP=0x0000008c35afba80, RSI=0x00007ffac4052d40, RDI=0x0000008c35afbd70
R8 =0x00000000000001a5, R9 =0x2d6c6d6f6a5c3934, R10=0x0000000000000000, R11=0x0000000000000200
R12=0x00007ffac4143408, R13=0x00007ffac4145c08, R14=0x00007ffac41433b0, R15=0x0000000000000000
RIP=0x00007ffac0902b60, EFLAGS=0x0000000000010202

Top of Stack: (sp=0x0000008c35afb918)
0x0000008c35afb918:   00007ffac0902e7c 00007ffac4146020
0x0000008c35afb928:   0000020540733358 0000000000000000
0x0000008c35afb938:   00007ffac0903e8d 0000008c35afbd70
0x0000008c35afb948:   00007ffac08bf484 00007ffac41433b0
0x0000008c35afb958:   00007ffac4052d40 0000652e6176616a
0x0000008c35afb968:   0000b6de5b09fed2 0000008c35afbd70
0x0000008c35afb978:   00007ffac08c0457 00007ffac41433b8
0x0000008c35afb988:   00007ffac4052d40 00007ffac4052d40
0x0000008c35afb998:   000002053f7fa1e8 00007ffac41433b0
0x0000008c35afb9a8:   00007ffb00000000 0000000000000009
0x0000008c35afb9b8:   000002053f7fa3b4 000002053f7fa51c
0x0000008c35afb9c8:   00007ffac41433b8 0000008c35afbd70
0x0000008c35afb9d8:   0000008c35afbb27 00007f006176616a
0x0000008c35afb9e8:   00007f006176616a 46676e697274535c
0x0000008c35afb9f8:   5c6f666e49656c69 3062343039303430
0x0000008c35afba08:   726556656c69465c 000000006e6f6973 

Instructions: (pc=0x00007ffac0902b60)
0x00007ffac0902a60:   74 09 33 c9 ff 15 e6 89 66 03 90 48 8b c3 48 83
0x00007ffac0902a70:   c4 20 5b c3 cc cc cc cc cc cc cc cc cc cc cc cc
0x00007ffac0902a80:   48 83 ec 28 48 8b 51 08 48 85 d2 74 09 33 c9 ff
0x00007ffac0902a90:   15 bb 89 66 03 90 48 83 c4 28 c3 cc cc cc cc cc
0x00007ffac0902aa0:   48 89 11 c3 cc cc cc cc cc cc cc cc cc cc cc cc
0x00007ffac0902ab0:   48 8b c1 c3 cc cc cc cc cc cc cc cc cc cc cc cc
0x00007ffac0902ac0:   48 3b ca 74 10 41 8b 00 39 01 74 09 48 83 c1 04
0x00007ffac0902ad0:   48 3b ca 75 f3 48 8b c1 c3 cc cc cc cc cc cc cc
0x00007ffac0902ae0:   48 8b c1 c3 cc cc cc cc cc cc cc cc cc cc cc cc
0x00007ffac0902af0:   48 83 39 00 0f 94 c0 c3 cc cc cc cc cc cc cc cc
0x00007ffac0902b00:   4c 8d 04 d5 00 00 00 00 33 d2 e9 c1 d0 dd 01 cc
0x00007ffac0902b10:   4c 8b 41 08 48 8b 02 49 89 00 48 83 41 08 08 c3
0x00007ffac0902b20:   48 8b c1 c3 cc cc cc cc cc cc cc cc cc cc cc cc
0x00007ffac0902b30:   48 8b c1 c3 cc cc cc cc cc cc cc cc cc cc cc cc
0x00007ffac0902b40:   49 8b 00 48 89 02 c3 cc cc cc cc cc cc cc cc cc
0x00007ffac0902b50:   8b 81 40 39 00 00 c3 cc cc cc cc cc cc cc cc cc
0x00007ffac0902b60:   8b 81 40 39 00 00 83 c0 f0 83 f8 67 0f 87 5a 01
0x00007ffac0902b70:   00 00 48 8d 15 87 d4 e6 ff 0f b6 84 02 f0 2c 19
0x00007ffac0902b80:   00 8b 8c 82 d0 2c 19 00 48 03 ca ff e1 48 8b 0d
0x00007ffac0902b90:   6c 6f 7e 03 83 b9 b4 34 00 00 02 0f 87 2b 01 00
0x00007ffac0902ba0:   00 48 8d 91 0c 29 00 00 c7 02 e1 00 00 00 e9 ce
0x00007ffac0902bb0:   00 00 00 48 8b 0d 46 6f 7e 03 83 b9 b4 34 00 00
0x00007ffac0902bc0:   02 0f 87 05 01 00 00 48 8d 91 0c 29 00 00 c7 02
0x00007ffac0902bd0:   f0 00 00 00 e9 a8 00 00 00 48 8b 0d 20 6f 7e 03
0x00007ffac0902be0:   83 b9 b4 34 00 00 02 0f 87 df 00 00 00 48 8d 91
0x00007ffac0902bf0:   0c 29 00 00 c7 02 00 04 00 00 e9 82 00 00 00 48
0x00007ffac0902c00:   8b 0d fa 6e 7e 03 83 b9 b4 34 00 00 02 0f 87 b9
0x00007ffac0902c10:   00 00 00 48 8d 91 0c 29 00 00 c7 02 00 08 00 00
0x00007ffac0902c20:   eb 5f 48 8b 0d d7 6e 7e 03 83 b9 b4 34 00 00 02
0x00007ffac0902c30:   0f 87 96 00 00 00 48 8d 91 0c 29 00 00 c7 02 00
0x00007ffac0902c40:   09 00 00 eb 3c 48 8b 0d b4 6e 7e 03 83 b9 b4 34
0x00007ffac0902c50:   00 00 02 77 77 48 8d 91 0c 29 00 00 c7 02 3c 0f 


Stack slot to memory mapping:
stack at sp + 0 slots: 0x00007ffac0902e7c atio6axx.dll
stack at sp + 1 slots: 0x00007ffac4146020 atio6axx.dll
stack at sp + 2 slots: 0x0000020540733358 points into unknown readable memory: 0x00007ffac394f5f0 | f0 f5 94 c3 fa 7f 00 00
stack at sp + 3 slots: 0x0 is NULL
stack at sp + 4 slots: 0x00007ffac0903e8d atio6axx.dll
stack at sp + 5 slots: 0x0000008c35afbd70 is pointing into the stack for thread: 0x000002057f7fe7e0
stack at sp + 6 slots: 0x00007ffac08bf484 atio6axx.dll
stack at sp + 7 slots: 0x00007ffac41433b0 atio6axx.dll


---------------  P R O C E S S  ---------------

Threads class SMR info:
_java_thread_list=0x00000205405d8130, length=15, elements={
0x000002057f7fe7e0, 0x0000020539dbe330, 0x000002053c983130, 0x000002053c999210,
0x000002053c999cd0, 0x000002053c99c5a0, 0x000002053c99ee70, 0x000002053c9a3010,
0x000002053c9ab9d0, 0x000002053c9ae2e0, 0x000002053c97a0c0, 0x000002053cae50f0,
0x000002053cbd73d0, 0x000002053e2c44c0, 0x000002053f3080d0
}

Java Threads: ( => current thread )
=>0x000002057f7fe7e0 JavaThread "main" [_thread_in_native, id=17836, stack(0x0000008c35a00000,0x0000008c35b00000)]
  0x0000020539dbe330 JavaThread "Reference Handler" daemon [_thread_blocked, id=15640, stack(0x0000008c36100000,0x0000008c36200000)]
  0x000002053c983130 JavaThread "Finalizer" daemon [_thread_blocked, id=17824, stack(0x0000008c36200000,0x0000008c36300000)]
  0x000002053c999210 JavaThread "Signal Dispatcher" daemon [_thread_blocked, id=4320, stack(0x0000008c36300000,0x0000008c36400000)]
  0x000002053c999cd0 JavaThread "Attach Listener" daemon [_thread_blocked, id=4664, stack(0x0000008c36400000,0x0000008c36500000)]
  0x000002053c99c5a0 JavaThread "Service Thread" daemon [_thread_blocked, id=4612, stack(0x0000008c36500000,0x0000008c36600000)]
  0x000002053c99ee70 JavaThread "Monitor Deflation Thread" daemon [_thread_blocked, id=5520, stack(0x0000008c36600000,0x0000008c36700000)]
  0x000002053c9a3010 JavaThread "C2 CompilerThread0" daemon [_thread_blocked, id=17496, stack(0x0000008c36700000,0x0000008c36800000)]
  0x000002053c9ab9d0 JavaThread "C1 CompilerThread0" daemon [_thread_blocked, id=9376, stack(0x0000008c36800000,0x0000008c36900000)]
  0x000002053c9ae2e0 JavaThread "Sweeper thread" daemon [_thread_blocked, id=17812, stack(0x0000008c36900000,0x0000008c36a00000)]
  0x000002053c97a0c0 JavaThread "Common-Cleaner" daemon [_thread_blocked, id=12044, stack(0x0000008c36a00000,0x0000008c36b00000)]
  0x000002053cae50f0 JavaThread "C2 CompilerThread1" daemon [_thread_blocked, id=16804, stack(0x0000008c36b00000,0x0000008c36c00000)]
  0x000002053cbd73d0 JavaThread "Notification Thread" daemon [_thread_blocked, id=17784, stack(0x0000008c36c00000,0x0000008c36d00000)]
  0x000002053e2c44c0 JavaThread "C2 CompilerThread2" daemon [_thread_in_native, id=9448, stack(0x0000008c36e00000,0x0000008c36f00000)]
  0x000002053f3080d0 JavaThread "pool-2-thread-1" daemon [_thread_blocked, id=15428, stack(0x0000008c37b00000,0x0000008c37c00000)]

Other Threads:
  0x0000020539dbd850 VMThread "VM Thread" [stack: 0x0000008c36000000,0x0000008c36100000] [id=3320]
  0x000002053cadb290 WatcherThread [stack: 0x0000008c36d00000,0x0000008c36e00000] [id=13276]
  0x0000020539bf8f20 GCTaskThread "GC Thread#0" [stack: 0x0000008c35b00000,0x0000008c35c00000] [id=4592]
  0x000002053efc7cc0 GCTaskThread "GC Thread#1" [stack: 0x0000008c36f00000,0x0000008c37000000] [id=17360]
  0x000002053fc6f130 GCTaskThread "GC Thread#2" [stack: 0x0000008c37000000,0x0000008c37100000] [id=3820]
  0x000002053e8cf950 GCTaskThread "GC Thread#3" [stack: 0x0000008c37100000,0x0000008c37200000] [id=17816]
  0x000002053e8cfeb0 GCTaskThread "GC Thread#4" [stack: 0x0000008c37200000,0x0000008c37300000] [id=15648]
  0x000002053e8ce680 GCTaskThread "GC Thread#5" [stack: 0x0000008c37300000,0x0000008c37400000] [id=9348]
  0x000002053e8cfc00 GCTaskThread "GC Thread#6" [stack: 0x0000008c37400000,0x0000008c37500000] [id=7640]
  0x000002053e8cf3f0 GCTaskThread "GC Thread#7" [stack: 0x0000008c37500000,0x0000008c37600000] [id=15432]
  0x000002053e8ce930 GCTaskThread "GC Thread#8" [stack: 0x0000008c37600000,0x0000008c37700000] [id=1248]
  0x000002053e8d0160 GCTaskThread "GC Thread#9" [stack: 0x0000008c37700000,0x0000008c37800000] [id=17176]
  0x0000020539bf9ae0 ConcurrentGCThread "G1 Main Marker" [stack: 0x0000008c35c00000,0x0000008c35d00000] [id=15096]
  0x000002057facfcf0 ConcurrentGCThread "G1 Conc#0" [stack: 0x0000008c35d00000,0x0000008c35e00000] [id=18144]
  0x0000020539d93010 ConcurrentGCThread "G1 Refine#0" [stack: 0x0000008c35e00000,0x0000008c35f00000] [id=17448]
  0x0000020539d93940 ConcurrentGCThread "G1 Service" [stack: 0x0000008c35f00000,0x0000008c36000000] [id=15980]

Threads with active compile tasks:
C2 CompilerThread2     2440 3599       4       java.lang.invoke.MethodType::makeImpl (109 bytes)

VM state: not at safepoint (normal execution)

VM Mutex/Monitor currently owned by a thread: None

Heap address: 0x0000000480000000, size: 14336 MB, Compressed Oops mode: Zero based, Oop shift amount: 3

CDS archive(s) mapped at: [0x0000000800000000-0x0000000800bc0000-0x0000000800bc0000), size 12320768, SharedBaseAddress: 0x0000000800000000, ArchiveRelocationMode: 0.
Compressed class space mapped at: 0x0000000800c00000-0x0000000840c00000, reserved size: 1073741824
Narrow klass base: 0x0000000800000000, Narrow klass shift: 0, Narrow klass range: 0x100000000

GC Precious Log:
 CPUs: 12 total, 12 available
 Memory: 32167M
 Large Page Support: Disabled
 NUMA Support: Disabled
 Compressed Oops: Enabled (Zero based)
 Heap Region Size: 8M
 Heap Min Capacity: 1G
 Heap Initial Capacity: 1G
 Heap Max Capacity: 14G
 Pre-touch: Disabled
 Parallel Workers: 10
 Concurrent Workers: 3
 Concurrent Refinement Workers: 10
 Periodic GC: Disabled

Heap:
 garbage-first heap   total 1048576K, used 279426K [0x0000000480000000, 0x0000000800000000)
  region size 8192K, 33 young (270336K), 1 survivors (8192K)
 Metaspace       used 16649K, committed 16960K, reserved 1064960K
  class space    used 1902K, committed 2048K, reserved 1048576K

Heap Regions: E=young(eden), S=young(survivor), O=old, HS=humongous(starts), HC=humongous(continues), CS=collection set, F=free, OA=open archive, CA=closed archive, TAMS=top-at-mark-start (previous, next)
|   0|0x0000000480000000, 0x0000000480800000, 0x0000000480800000|100%| O|  |TAMS 0x0000000480000000, 0x0000000480000000| Untracked 
|   1|0x0000000480800000, 0x0000000481000000, 0x0000000481000000|100%| O|  |TAMS 0x0000000480800000, 0x0000000480800000| Untracked 
|   2|0x0000000481000000, 0x00000004811ee600, 0x0000000481800000| 24%| O|  |TAMS 0x0000000481000000, 0x0000000481000000| Untracked 
|   3|0x0000000481800000, 0x0000000481800000, 0x0000000482000000|  0%| F|  |TAMS 0x0000000481800000, 0x0000000481800000| Untracked 
|   4|0x0000000482000000, 0x0000000482000000, 0x0000000482800000|  0%| F|  |TAMS 0x0000000482000000, 0x0000000482000000| Untracked 
|   5|0x0000000482800000, 0x0000000482800000, 0x0000000483000000|  0%| F|  |TAMS 0x0000000482800000, 0x0000000482800000| Untracked 
|   6|0x0000000483000000, 0x0000000483000000, 0x0000000483800000|  0%| F|  |TAMS 0x0000000483000000, 0x0000000483000000| Untracked 
|   7|0x0000000483800000, 0x0000000483800000, 0x0000000484000000|  0%| F|  |TAMS 0x0000000483800000, 0x0000000483800000| Untracked 
|   8|0x0000000484000000, 0x0000000484000000, 0x0000000484800000|  0%| F|  |TAMS 0x0000000484000000, 0x0000000484000000| Untracked 
|   9|0x0000000484800000, 0x0000000484800000, 0x0000000485000000|  0%| F|  |TAMS 0x0000000484800000, 0x0000000484800000| Untracked 
|  10|0x0000000485000000, 0x0000000485000000, 0x0000000485800000|  0%| F|  |TAMS 0x0000000485000000, 0x0000000485000000| Untracked 
|  11|0x0000000485800000, 0x0000000485800000, 0x0000000486000000|  0%| F|  |TAMS 0x0000000485800000, 0x0000000485800000| Untracked 
|  12|0x0000000486000000, 0x0000000486000000, 0x0000000486800000|  0%| F|  |TAMS 0x0000000486000000, 0x0000000486000000| Untracked 
|  13|0x0000000486800000, 0x0000000486800000, 0x0000000487000000|  0%| F|  |TAMS 0x0000000486800000, 0x0000000486800000| Untracked 
|  14|0x0000000487000000, 0x0000000487000000, 0x0000000487800000|  0%| F|  |TAMS 0x0000000487000000, 0x0000000487000000| Untracked 
|  15|0x0000000487800000, 0x0000000487800000, 0x0000000488000000|  0%| F|  |TAMS 0x0000000487800000, 0x0000000487800000| Untracked 
|  16|0x0000000488000000, 0x0000000488000000, 0x0000000488800000|  0%| F|  |TAMS 0x0000000488000000, 0x0000000488000000| Untracked 
|  17|0x0000000488800000, 0x0000000488800000, 0x0000000489000000|  0%| F|  |TAMS 0x0000000488800000, 0x0000000488800000| Untracked 
|  18|0x0000000489000000, 0x0000000489000000, 0x0000000489800000|  0%| F|  |TAMS 0x0000000489000000, 0x0000000489000000| Untracked 
|  19|0x0000000489800000, 0x0000000489800000, 0x000000048a000000|  0%| F|  |TAMS 0x0000000489800000, 0x0000000489800000| Untracked 
|  20|0x000000048a000000, 0x000000048a000000, 0x000000048a800000|  0%| F|  |TAMS 0x000000048a000000, 0x000000048a000000| Untracked 
|  21|0x000000048a800000, 0x000000048a800000, 0x000000048b000000|  0%| F|  |TAMS 0x000000048a800000, 0x000000048a800000| Untracked 
|  22|0x000000048b000000, 0x000000048b000000, 0x000000048b800000|  0%| F|  |TAMS 0x000000048b000000, 0x000000048b000000| Untracked 
|  23|0x000000048b800000, 0x000000048b800000, 0x000000048c000000|  0%| F|  |TAMS 0x000000048b800000, 0x000000048b800000| Untracked 
|  24|0x000000048c000000, 0x000000048c000000, 0x000000048c800000|  0%| F|  |TAMS 0x000000048c000000, 0x000000048c000000| Untracked 
|  25|0x000000048c800000, 0x000000048c800000, 0x000000048d000000|  0%| F|  |TAMS 0x000000048c800000, 0x000000048c800000| Untracked 
|  26|0x000000048d000000, 0x000000048d000000, 0x000000048d800000|  0%| F|  |TAMS 0x000000048d000000, 0x000000048d000000| Untracked 
|  27|0x000000048d800000, 0x000000048d800000, 0x000000048e000000|  0%| F|  |TAMS 0x000000048d800000, 0x000000048d800000| Untracked 
|  28|0x000000048e000000, 0x000000048e000000, 0x000000048e800000|  0%| F|  |TAMS 0x000000048e000000, 0x000000048e000000| Untracked 
|  29|0x000000048e800000, 0x000000048e800000, 0x000000048f000000|  0%| F|  |TAMS 0x000000048e800000, 0x000000048e800000| Untracked 
|  30|0x000000048f000000, 0x000000048f000000, 0x000000048f800000|  0%| F|  |TAMS 0x000000048f000000, 0x000000048f000000| Untracked 
|  31|0x000000048f800000, 0x000000048f800000, 0x0000000490000000|  0%| F|  |TAMS 0x000000048f800000, 0x000000048f800000| Untracked 
|  32|0x0000000490000000, 0x0000000490000000, 0x0000000490800000|  0%| F|  |TAMS 0x0000000490000000, 0x0000000490000000| Untracked 
|  33|0x0000000490800000, 0x0000000490800000, 0x0000000491000000|  0%| F|  |TAMS 0x0000000490800000, 0x0000000490800000| Untracked 
|  34|0x0000000491000000, 0x0000000491000000, 0x0000000491800000|  0%| F|  |TAMS 0x0000000491000000, 0x0000000491000000| Untracked 
|  35|0x0000000491800000, 0x0000000491800000, 0x0000000492000000|  0%| F|  |TAMS 0x0000000491800000, 0x0000000491800000| Untracked 
|  36|0x0000000492000000, 0x0000000492000000, 0x0000000492800000|  0%| F|  |TAMS 0x0000000492000000, 0x0000000492000000| Untracked 
|  37|0x0000000492800000, 0x0000000492800000, 0x0000000493000000|  0%| F|  |TAMS 0x0000000492800000, 0x0000000492800000| Untracked 
|  38|0x0000000493000000, 0x0000000493000000, 0x0000000493800000|  0%| F|  |TAMS 0x0000000493000000, 0x0000000493000000| Untracked 
|  39|0x0000000493800000, 0x0000000493800000, 0x0000000494000000|  0%| F|  |TAMS 0x0000000493800000, 0x0000000493800000| Untracked 
|  40|0x0000000494000000, 0x0000000494000000, 0x0000000494800000|  0%| F|  |TAMS 0x0000000494000000, 0x0000000494000000| Untracked 
|  41|0x0000000494800000, 0x0000000494800000, 0x0000000495000000|  0%| F|  |TAMS 0x0000000494800000, 0x0000000494800000| Untracked 
|  42|0x0000000495000000, 0x0000000495000000, 0x0000000495800000|  0%| F|  |TAMS 0x0000000495000000, 0x0000000495000000| Untracked 
|  43|0x0000000495800000, 0x0000000495800000, 0x0000000496000000|  0%| F|  |TAMS 0x0000000495800000, 0x0000000495800000| Untracked 
|  44|0x0000000496000000, 0x0000000496000000, 0x0000000496800000|  0%| F|  |TAMS 0x0000000496000000, 0x0000000496000000| Untracked 
|  45|0x0000000496800000, 0x0000000496800000, 0x0000000497000000|  0%| F|  |TAMS 0x0000000496800000, 0x0000000496800000| Untracked 
|  46|0x0000000497000000, 0x0000000497000000, 0x0000000497800000|  0%| F|  |TAMS 0x0000000497000000, 0x0000000497000000| Untracked 
|  47|0x0000000497800000, 0x0000000497800000, 0x0000000498000000|  0%| F|  |TAMS 0x0000000497800000, 0x0000000497800000| Untracked 
|  48|0x0000000498000000, 0x0000000498000000, 0x0000000498800000|  0%| F|  |TAMS 0x0000000498000000, 0x0000000498000000| Untracked 
|  49|0x0000000498800000, 0x0000000498800000, 0x0000000499000000|  0%| F|  |TAMS 0x0000000498800000, 0x0000000498800000| Untracked 
|  50|0x0000000499000000, 0x0000000499000000, 0x0000000499800000|  0%| F|  |TAMS 0x0000000499000000, 0x0000000499000000| Untracked 
|  51|0x0000000499800000, 0x0000000499800000, 0x000000049a000000|  0%| F|  |TAMS 0x0000000499800000, 0x0000000499800000| Untracked 
|  52|0x000000049a000000, 0x000000049a000000, 0x000000049a800000|  0%| F|  |TAMS 0x000000049a000000, 0x000000049a000000| Untracked 
|  53|0x000000049a800000, 0x000000049a800000, 0x000000049b000000|  0%| F|  |TAMS 0x000000049a800000, 0x000000049a800000| Untracked 
|  54|0x000000049b000000, 0x000000049b000000, 0x000000049b800000|  0%| F|  |TAMS 0x000000049b000000, 0x000000049b000000| Untracked 
|  55|0x000000049b800000, 0x000000049b800000, 0x000000049c000000|  0%| F|  |TAMS 0x000000049b800000, 0x000000049b800000| Untracked 
|  56|0x000000049c000000, 0x000000049c000000, 0x000000049c800000|  0%| F|  |TAMS 0x000000049c000000, 0x000000049c000000| Untracked 
|  57|0x000000049c800000, 0x000000049c800000, 0x000000049d000000|  0%| F|  |TAMS 0x000000049c800000, 0x000000049c800000| Untracked 
|  58|0x000000049d000000, 0x000000049d000000, 0x000000049d800000|  0%| F|  |TAMS 0x000000049d000000, 0x000000049d000000| Untracked 
|  59|0x000000049d800000, 0x000000049d800000, 0x000000049e000000|  0%| F|  |TAMS 0x000000049d800000, 0x000000049d800000| Untracked 
|  60|0x000000049e000000, 0x000000049e000000, 0x000000049e800000|  0%| F|  |TAMS 0x000000049e000000, 0x000000049e000000| Untracked 
|  61|0x000000049e800000, 0x000000049e800000, 0x000000049f000000|  0%| F|  |TAMS 0x000000049e800000, 0x000000049e800000| Untracked 
|  62|0x000000049f000000, 0x000000049f000000, 0x000000049f800000|  0%| F|  |TAMS 0x000000049f000000, 0x000000049f000000| Untracked 
|  63|0x000000049f800000, 0x000000049f800000, 0x00000004a0000000|  0%| F|  |TAMS 0x000000049f800000, 0x000000049f800000| Untracked 
|  64|0x00000004a0000000, 0x00000004a0000000, 0x00000004a0800000|  0%| F|  |TAMS 0x00000004a0000000, 0x00000004a0000000| Untracked 
|  65|0x00000004a0800000, 0x00000004a0800000, 0x00000004a1000000|  0%| F|  |TAMS 0x00000004a0800000, 0x00000004a0800000| Untracked 
|  66|0x00000004a1000000, 0x00000004a1000000, 0x00000004a1800000|  0%| F|  |TAMS 0x00000004a1000000, 0x00000004a1000000| Untracked 
|  67|0x00000004a1800000, 0x00000004a1800000, 0x00000004a2000000|  0%| F|  |TAMS 0x00000004a1800000, 0x00000004a1800000| Untracked 
|  68|0x00000004a2000000, 0x00000004a2000000, 0x00000004a2800000|  0%| F|  |TAMS 0x00000004a2000000, 0x00000004a2000000| Untracked 
|  69|0x00000004a2800000, 0x00000004a2800000, 0x00000004a3000000|  0%| F|  |TAMS 0x00000004a2800000, 0x00000004a2800000| Untracked 
|  70|0x00000004a3000000, 0x00000004a3000000, 0x00000004a3800000|  0%| F|  |TAMS 0x00000004a3000000, 0x00000004a3000000| Untracked 
|  71|0x00000004a3800000, 0x00000004a3800000, 0x00000004a4000000|  0%| F|  |TAMS 0x00000004a3800000, 0x00000004a3800000| Untracked 
|  72|0x00000004a4000000, 0x00000004a4000000, 0x00000004a4800000|  0%| F|  |TAMS 0x00000004a4000000, 0x00000004a4000000| Untracked 
|  73|0x00000004a4800000, 0x00000004a4800000, 0x00000004a5000000|  0%| F|  |TAMS 0x00000004a4800000, 0x00000004a4800000| Untracked 
|  74|0x00000004a5000000, 0x00000004a5000000, 0x00000004a5800000|  0%| F|  |TAMS 0x00000004a5000000, 0x00000004a5000000| Untracked 
|  75|0x00000004a5800000, 0x00000004a5800000, 0x00000004a6000000|  0%| F|  |TAMS 0x00000004a5800000, 0x00000004a5800000| Untracked 
|  76|0x00000004a6000000, 0x00000004a6000000, 0x00000004a6800000|  0%| F|  |TAMS 0x00000004a6000000, 0x00000004a6000000| Untracked 
|  77|0x00000004a6800000, 0x00000004a6800000, 0x00000004a7000000|  0%| F|  |TAMS 0x00000004a6800000, 0x00000004a6800000| Untracked 
|  78|0x00000004a7000000, 0x00000004a7000000, 0x00000004a7800000|  0%| F|  |TAMS 0x00000004a7000000, 0x00000004a7000000| Untracked 
|  79|0x00000004a7800000, 0x00000004a7800000, 0x00000004a8000000|  0%| F|  |TAMS 0x00000004a7800000, 0x00000004a7800000| Untracked 
|  80|0x00000004a8000000, 0x00000004a8000000, 0x00000004a8800000|  0%| F|  |TAMS 0x00000004a8000000, 0x00000004a8000000| Untracked 
|  81|0x00000004a8800000, 0x00000004a8800000, 0x00000004a9000000|  0%| F|  |TAMS 0x00000004a8800000, 0x00000004a8800000| Untracked 
|  82|0x00000004a9000000, 0x00000004a9000000, 0x00000004a9800000|  0%| F|  |TAMS 0x00000004a9000000, 0x00000004a9000000| Untracked 
|  83|0x00000004a9800000, 0x00000004a9800000, 0x00000004aa000000|  0%| F|  |TAMS 0x00000004a9800000, 0x00000004a9800000| Untracked 
|  84|0x00000004aa000000, 0x00000004aa000000, 0x00000004aa800000|  0%| F|  |TAMS 0x00000004aa000000, 0x00000004aa000000| Untracked 
|  85|0x00000004aa800000, 0x00000004aa800000, 0x00000004ab000000|  0%| F|  |TAMS 0x00000004aa800000, 0x00000004aa800000| Untracked 
|  86|0x00000004ab000000, 0x00000004ab000000, 0x00000004ab800000|  0%| F|  |TAMS 0x00000004ab000000, 0x00000004ab000000| Untracked 
|  87|0x00000004ab800000, 0x00000004ab800000, 0x00000004ac000000|  0%| F|  |TAMS 0x00000004ab800000, 0x00000004ab800000| Untracked 
|  88|0x00000004ac000000, 0x00000004ac000000, 0x00000004ac800000|  0%| F|  |TAMS 0x00000004ac000000, 0x00000004ac000000| Untracked 
|  89|0x00000004ac800000, 0x00000004ac800000, 0x00000004ad000000|  0%| F|  |TAMS 0x00000004ac800000, 0x00000004ac800000| Untracked 
|  90|0x00000004ad000000, 0x00000004ad000000, 0x00000004ad800000|  0%| F|  |TAMS 0x00000004ad000000, 0x00000004ad000000| Untracked 
|  91|0x00000004ad800000, 0x00000004ad800000, 0x00000004ae000000|  0%| F|  |TAMS 0x00000004ad800000, 0x00000004ad800000| Untracked 
|  92|0x00000004ae000000, 0x00000004ae000000, 0x00000004ae800000|  0%| F|  |TAMS 0x00000004ae000000, 0x00000004ae000000| Untracked 
|  93|0x00000004ae800000, 0x00000004ae800000, 0x00000004af000000|  0%| F|  |TAMS 0x00000004ae800000, 0x00000004ae800000| Untracked 
|  94|0x00000004af000000, 0x00000004af000000, 0x00000004af800000|  0%| F|  |TAMS 0x00000004af000000, 0x00000004af000000| Untracked 
|  95|0x00000004af800000, 0x00000004af800800, 0x00000004b0000000|  0%| E|  |TAMS 0x00000004af800000, 0x00000004af800000| Complete 
|  96|0x00000004b0000000, 0x00000004b0800000, 0x00000004b0800000|100%| E|CS|TAMS 0x00000004b0000000, 0x00000004b0000000| Complete 
|  97|0x00000004b0800000, 0x00000004b1000000, 0x00000004b1000000|100%| E|CS|TAMS 0x00000004b0800000, 0x00000004b0800000| Complete 
|  98|0x00000004b1000000, 0x00000004b1800000, 0x00000004b1800000|100%| E|CS|TAMS 0x00000004b1000000, 0x00000004b1000000| Complete 
|  99|0x00000004b1800000, 0x00000004b2000000, 0x00000004b2000000|100%| E|CS|TAMS 0x00000004b1800000, 0x00000004b1800000| Complete 
| 100|0x00000004b2000000, 0x00000004b2800000, 0x00000004b2800000|100%| E|CS|TAMS 0x00000004b2000000, 0x00000004b2000000| Complete 
| 101|0x00000004b2800000, 0x00000004b3000000, 0x00000004b3000000|100%| E|CS|TAMS 0x00000004b2800000, 0x00000004b2800000| Complete 
| 102|0x00000004b3000000, 0x00000004b3800000, 0x00000004b3800000|100%| E|CS|TAMS 0x00000004b3000000, 0x00000004b3000000| Complete 
| 103|0x00000004b3800000, 0x00000004b4000000, 0x00000004b4000000|100%| E|CS|TAMS 0x00000004b3800000, 0x00000004b3800000| Complete 
| 104|0x00000004b4000000, 0x00000004b4800000, 0x00000004b4800000|100%| E|CS|TAMS 0x00000004b4000000, 0x00000004b4000000| Complete 
| 105|0x00000004b4800000, 0x00000004b5000000, 0x00000004b5000000|100%| E|CS|TAMS 0x00000004b4800000, 0x00000004b4800000| Complete 
| 106|0x00000004b5000000, 0x00000004b5800000, 0x00000004b5800000|100%| E|CS|TAMS 0x00000004b5000000, 0x00000004b5000000| Complete 
| 107|0x00000004b5800000, 0x00000004b6000000, 0x00000004b6000000|100%| E|CS|TAMS 0x00000004b5800000, 0x00000004b5800000| Complete 
| 108|0x00000004b6000000, 0x00000004b6800000, 0x00000004b6800000|100%| E|CS|TAMS 0x00000004b6000000, 0x00000004b6000000| Complete 
| 109|0x00000004b6800000, 0x00000004b7000000, 0x00000004b7000000|100%| E|CS|TAMS 0x00000004b6800000, 0x00000004b6800000| Complete 
| 110|0x00000004b7000000, 0x00000004b7800000, 0x00000004b7800000|100%| E|CS|TAMS 0x00000004b7000000, 0x00000004b7000000| Complete 
| 111|0x00000004b7800000, 0x00000004b8000000, 0x00000004b8000000|100%| E|CS|TAMS 0x00000004b7800000, 0x00000004b7800000| Complete 
| 112|0x00000004b8000000, 0x00000004b86f2418, 0x00000004b8800000| 86%| S|CS|TAMS 0x00000004b8000000, 0x00000004b8000000| Complete 
| 113|0x00000004b8800000, 0x00000004b9000000, 0x00000004b9000000|100%| E|CS|TAMS 0x00000004b8800000, 0x00000004b8800000| Complete 
| 114|0x00000004b9000000, 0x00000004b9800000, 0x00000004b9800000|100%| E|CS|TAMS 0x00000004b9000000, 0x00000004b9000000| Complete 
| 115|0x00000004b9800000, 0x00000004ba000000, 0x00000004ba000000|100%| E|CS|TAMS 0x00000004b9800000, 0x00000004b9800000| Complete 
| 116|0x00000004ba000000, 0x00000004ba800000, 0x00000004ba800000|100%| E|CS|TAMS 0x00000004ba000000, 0x00000004ba000000| Complete 
| 117|0x00000004ba800000, 0x00000004bb000000, 0x00000004bb000000|100%| E|CS|TAMS 0x00000004ba800000, 0x00000004ba800000| Complete 
| 118|0x00000004bb000000, 0x00000004bb800000, 0x00000004bb800000|100%| E|CS|TAMS 0x00000004bb000000, 0x00000004bb000000| Complete 
| 119|0x00000004bb800000, 0x00000004bc000000, 0x00000004bc000000|100%| E|CS|TAMS 0x00000004bb800000, 0x00000004bb800000| Complete 
| 120|0x00000004bc000000, 0x00000004bc800000, 0x00000004bc800000|100%| E|CS|TAMS 0x00000004bc000000, 0x00000004bc000000| Complete 
| 121|0x00000004bc800000, 0x00000004bd000000, 0x00000004bd000000|100%| E|CS|TAMS 0x00000004bc800000, 0x00000004bc800000| Complete 
| 122|0x00000004bd000000, 0x00000004bd800000, 0x00000004bd800000|100%| E|CS|TAMS 0x00000004bd000000, 0x00000004bd000000| Complete 
| 123|0x00000004bd800000, 0x00000004be000000, 0x00000004be000000|100%| E|CS|TAMS 0x00000004bd800000, 0x00000004bd800000| Complete 
| 124|0x00000004be000000, 0x00000004be800000, 0x00000004be800000|100%| E|CS|TAMS 0x00000004be000000, 0x00000004be000000| Complete 
| 125|0x00000004be800000, 0x00000004bf000000, 0x00000004bf000000|100%| E|CS|TAMS 0x00000004be800000, 0x00000004be800000| Complete 
| 126|0x00000004bf000000, 0x00000004bf800000, 0x00000004bf800000|100%| E|CS|TAMS 0x00000004bf000000, 0x00000004bf000000| Complete 
| 127|0x00000004bf800000, 0x00000004c0000000, 0x00000004c0000000|100%| E|CS|TAMS 0x00000004bf800000, 0x00000004bf800000| Complete 

Card table byte_map: [0x000002051a340000,0x000002051bf40000] _byte_map_base: 0x0000020517f40000

Marking Bits (Prev, Next): (CMBitMap*) 0x0000020539bf91e0, (CMBitMap*) 0x0000020539bf9220
 Prev Bits: [0x000002051db40000, 0x000002052bb40000)
 Next Bits: [0x000002052bb40000, 0x0000020539b40000)

Polling page: 0x000002057fae0000

Metaspace:

Usage:
  Non-class:     14.40 MB used.
      Class:      1.86 MB used.
       Both:     16.26 MB used.

Virtual space:
  Non-class space:       16.00 MB reserved,      14.56 MB ( 91%) committed,  2 nodes.
      Class space:        1.00 GB reserved,       2.00 MB ( <1%) committed,  1 nodes.
             Both:        1.02 GB reserved,      16.56 MB (  2%) committed. 

Chunk freelists:
   Non-Class:  868.00 KB
       Class:  1.84 MB
        Both:  2.69 MB

MaxMetaspaceSize: unlimited
CompressedClassSpaceSize: 1.00 GB
Initial GC threshold: 21.00 MB
Current GC threshold: 21.00 MB
CDS: on
MetaspaceReclaimPolicy: balanced
 - commit_granule_bytes: 65536.
 - commit_granule_words: 8192.
 - virtual_space_node_default_size: 1048576.
 - enlarge_chunks_in_place: 1.
 - new_chunks_are_fully_committed: 0.
 - uncommit_free_chunks: 1.
 - use_allocation_guard: 0.
 - handle_deallocations: 1.


Internal statistics:

num_allocs_failed_limit: 0.
num_arena_births: 298.
num_arena_deaths: 0.
num_vsnodes_births: 3.
num_vsnodes_deaths: 0.
num_space_committed: 265.
num_space_uncommitted: 0.
num_chunks_returned_to_freelist: 0.
num_chunks_taken_from_freelist: 720.
num_chunk_merges: 0.
num_chunk_splits: 443.
num_chunks_enlarged: 285.
num_purges: 0.
num_inconsistent_stats: 0.

CodeHeap 'non-profiled nmethods': size=120000Kb used=2128Kb max_used=2128Kb free=117871Kb
 bounds [0x0000020510680000, 0x00000205108f0000, 0x0000020517bb0000]
CodeHeap 'profiled nmethods': size=120000Kb used=6629Kb max_used=6629Kb free=113370Kb
 bounds [0x0000020509150000, 0x00000205097d0000, 0x0000020510680000]
CodeHeap 'non-nmethods': size=5760Kb used=1622Kb max_used=1640Kb free=4138Kb
 bounds [0x0000020508bb0000, 0x0000020508e20000, 0x0000020509150000]
 total_blobs=4637 nmethods=3588 adapters=961
 compilation: enabled
              stopped_count=0, restarted_count=0
 full_count=0

Compilation events (20 events):
Event: 2.323 Thread 0x000002053c9ab9d0 3600       3       java.lang.invoke.LambdaForm::methodType (48 bytes)
Event: 2.323 Thread 0x000002053c9ab9d0 nmethod 3600 0x00000205097c5d90 code [0x00000205097c5f80, 0x00000205097c6598]
Event: 2.323 Thread 0x000002053c9ab9d0 3601       3       java.lang.invoke.LambdaFormBuffer::indexOf (33 bytes)
Event: 2.323 Thread 0x000002053c9ab9d0 nmethod 3601 0x00000205097c6810 code [0x00000205097c69e0, 0x00000205097c6d98]
Event: 2.323 Thread 0x000002053c9ab9d0 3606       3       java.lang.invoke.InvokerBytecodeGenerator::refKindOpcode (112 bytes)
Event: 2.323 Thread 0x000002053c9ab9d0 nmethod 3606 0x00000205097c6e90 code [0x00000205097c7100, 0x00000205097c79b8]
Event: 2.323 Thread 0x000002053c9ab9d0 3603       3       jdk.internal.org.objectweb.asm.AnnotationWriter::<init> (60 bytes)
Event: 2.324 Thread 0x000002053c9ab9d0 nmethod 3603 0x00000205097c7c10 code [0x00000205097c7de0, 0x00000205097c8208]
Event: 2.324 Thread 0x000002053c9ab9d0 3604       3       jdk.internal.org.objectweb.asm.AnnotationVisitor::<init> (7 bytes)
Event: 2.324 Thread 0x000002053c9ab9d0 nmethod 3604 0x00000205097c8390 code [0x00000205097c8540, 0x00000205097c8688]
Event: 2.324 Thread 0x000002053c9ab9d0 3605       3       jdk.internal.org.objectweb.asm.AnnotationVisitor::<init> (88 bytes)
Event: 2.324 Thread 0x000002053c9ab9d0 nmethod 3605 0x00000205097c8710 code [0x00000205097c8960, 0x00000205097c9248]
Event: 2.324 Thread 0x000002053c9ab9d0 3608       1       sun.util.calendar.CalendarDate::getMonth (5 bytes)
Event: 2.324 Thread 0x000002053c9ab9d0 nmethod 3608 0x0000020510893490 code [0x0000020510893620, 0x00000205108936f8]
Event: 2.324 Thread 0x000002053c9ab9d0 3609       1       sun.util.calendar.BaseCalendar$Date::getCachedJan1 (5 bytes)
Event: 2.324 Thread 0x000002053c9ab9d0 nmethod 3609 0x0000020510893790 code [0x0000020510893920, 0x00000205108939f8]
Event: 2.324 Thread 0x000002053c9ab9d0 3602       1       java.lang.invoke.InvokerBytecodeGenerator::setClassWriter (6 bytes)
Event: 2.324 Thread 0x000002053c9ab9d0 nmethod 3602 0x0000020510893a90 code [0x0000020510893c20, 0x0000020510893d38]
Event: 2.324 Thread 0x000002053c9ab9d0 3607       1       java.lang.Class::getClassData (5 bytes)
Event: 2.324 Thread 0x000002053c9ab9d0 nmethod 3607 0x0000020510893d90 code [0x0000020510893f20, 0x0000020510893ff8]

GC Heap History (8 events):
Event: 0.573 GC heap before
{Heap before GC invocations=0 (full 0):
 garbage-first heap   total 1048576K, used 40960K [0x0000000480000000, 0x0000000800000000)
  region size 8192K, 6 young (49152K), 0 survivors (0K)
 Metaspace       used 4752K, committed 4992K, reserved 1056768K
  class space    used 474K, committed 576K, reserved 1048576K
}
Event: 0.577 GC heap after
{Heap after GC invocations=1 (full 0):
 garbage-first heap   total 1048576K, used 11521K [0x0000000480000000, 0x0000000800000000)
  region size 8192K, 1 young (8192K), 1 survivors (8192K)
 Metaspace       used 4752K, committed 4992K, reserved 1056768K
  class space    used 474K, committed 576K, reserved 1048576K
}
Event: 0.718 GC heap before
{Heap before GC invocations=1 (full 0):
 garbage-first heap   total 1048576K, used 52481K [0x0000000480000000, 0x0000000800000000)
  region size 8192K, 6 young (49152K), 1 survivors (8192K)
 Metaspace       used 4840K, committed 5056K, reserved 1056768K
  class space    used 474K, committed 576K, reserved 1048576K
}
Event: 0.721 GC heap after
{Heap after GC invocations=2 (full 0):
 garbage-first heap   total 1048576K, used 18475K [0x0000000480000000, 0x0000000800000000)
  region size 8192K, 1 young (8192K), 1 survivors (8192K)
 Metaspace       used 4840K, committed 5056K, reserved 1056768K
  class space    used 474K, committed 576K, reserved 1048576K
}
Event: 0.777 GC heap before
{Heap before GC invocations=2 (full 0):
 garbage-first heap   total 1048576K, used 67627K [0x0000000480000000, 0x0000000800000000)
  region size 8192K, 7 young (57344K), 1 survivors (8192K)
 Metaspace       used 4845K, committed 5056K, reserved 1056768K
  class space    used 474K, committed 576K, reserved 1048576K
}
Event: 0.779 GC heap after
{Heap after GC invocations=3 (full 0):
 garbage-first heap   total 1048576K, used 19824K [0x0000000480000000, 0x0000000800000000)
  region size 8192K, 1 young (8192K), 1 survivors (8192K)
 Metaspace       used 4845K, committed 5056K, reserved 1056768K
  class space    used 474K, committed 576K, reserved 1048576K
}
Event: 1.203 GC heap before
{Heap before GC invocations=3 (full 0):
 garbage-first heap   total 1048576K, used 134512K [0x0000000480000000, 0x0000000800000000)
  region size 8192K, 15 young (122880K), 1 survivors (8192K)
 Metaspace       used 5043K, committed 5312K, reserved 1056768K
  class space    used 483K, committed 640K, reserved 1048576K
}
Event: 1.205 GC heap after
{Heap after GC invocations=4 (full 0):
 garbage-first heap   total 1048576K, used 25474K [0x0000000480000000, 0x0000000800000000)
  region size 8192K, 1 young (8192K), 1 survivors (8192K)
 Metaspace       used 5043K, committed 5312K, reserved 1056768K
  class space    used 483K, committed 640K, reserved 1048576K
}

Deoptimization events (20 events):
Event: 2.205 Thread 0x000002057f7fe7e0 Uncommon trap: trap_request=0xffffffc6 fr.pc=0x0000020510749140 relative=0x0000000000000dc0
Event: 2.205 Thread 0x000002057f7fe7e0 Uncommon trap: reason=bimorphic_or_optimized_type_check action=maybe_recompile pc=0x0000020510749140 method=java.util.stream.AbstractPipeline.evaluate(Ljava/util/Spliterator;ZLjava/util/function/IntFunction;)Ljava/util/stream/Node; @ 23 c2
Event: 2.205 Thread 0x000002057f7fe7e0 DEOPT PACKING pc=0x0000020510749140 sp=0x0000008c35aff2a0
Event: 2.205 Thread 0x000002057f7fe7e0 DEOPT UNPACKING pc=0x0000020508c023a3 sp=0x0000008c35aff280 mode 2
Event: 2.236 Thread 0x000002057f7fe7e0 Uncommon trap: trap_request=0xffffffde fr.pc=0x00000205107385c4 relative=0x0000000000000644
Event: 2.236 Thread 0x000002057f7fe7e0 Uncommon trap: reason=class_check action=maybe_recompile pc=0x00000205107385c4 method=java.nio.file.FileTreeWalker.visit(Ljava/nio/file/Path;ZZ)Ljava/nio/file/FileTreeWalker$Event; @ 58 c2
Event: 2.236 Thread 0x000002057f7fe7e0 DEOPT PACKING pc=0x00000205107385c4 sp=0x0000008c35afec90
Event: 2.236 Thread 0x000002057f7fe7e0 DEOPT UNPACKING pc=0x0000020508c023a3 sp=0x0000008c35afec60 mode 2
Event: 2.236 Thread 0x000002057f7fe7e0 Uncommon trap: trap_request=0xffffffde fr.pc=0x000002051073441c relative=0x000000000000071c
Event: 2.236 Thread 0x000002057f7fe7e0 Uncommon trap: reason=class_check action=maybe_recompile pc=0x000002051073441c method=java.nio.file.FileTreeWalker.next()Ljava/nio/file/FileTreeWalker$Event; @ 37 c2
Event: 2.236 Thread 0x000002057f7fe7e0 DEOPT PACKING pc=0x000002051073441c sp=0x0000008c35afebf0
Event: 2.236 Thread 0x000002057f7fe7e0 DEOPT UNPACKING pc=0x0000020508c023a3 sp=0x0000008c35afeba8 mode 2
Event: 2.241 Thread 0x000002057f7fe7e0 Uncommon trap: trap_request=0xffffffde fr.pc=0x0000020510747f6c relative=0x00000000000000cc
Event: 2.241 Thread 0x000002057f7fe7e0 Uncommon trap: reason=class_check action=maybe_recompile pc=0x0000020510747f6c method=java.util.stream.AbstractPipeline.exactOutputSizeIfKnown(Ljava/util/Spliterator;)J @ 16 c2
Event: 2.241 Thread 0x000002057f7fe7e0 DEOPT PACKING pc=0x0000020510747f6c sp=0x0000008c35aff1b0
Event: 2.241 Thread 0x000002057f7fe7e0 DEOPT UNPACKING pc=0x0000020508c023a3 sp=0x0000008c35aff130 mode 2
Event: 2.322 Thread 0x000002053f3080d0 Uncommon trap: trap_request=0xffffff45 fr.pc=0x000002051070fb24 relative=0x0000000000000104
Event: 2.322 Thread 0x000002053f3080d0 Uncommon trap: reason=unstable_if action=reinterpret pc=0x000002051070fb24 method=java.util.concurrent.TimeUnit.convert(JLjava/util/concurrent/TimeUnit;)J @ 8 c2
Event: 2.322 Thread 0x000002053f3080d0 DEOPT PACKING pc=0x000002051070fb24 sp=0x0000008c37bff220
Event: 2.322 Thread 0x000002053f3080d0 DEOPT UNPACKING pc=0x0000020508c023a3 sp=0x0000008c37bff1d0 mode 2

Classes unloaded (0 events):
No events

Classes redefined (0 events):
No events

Internal exceptions (20 events):
Event: 2.220 Thread 0x000002057f7fe7e0 Exception <a 'java/lang/NoSuchMethodError'{0x00000004b167b528}: 'void java.lang.invoke.DirectMethodHandle$Holder.invokeStaticInit(java.lang.Object, java.lang.Object)'> (0x00000004b167b528) 
thrown [t:\workspace\open\src\hotspot\share\interpreter\linkResolver.cpp, line 766]
Event: 2.220 Thread 0x000002057f7fe7e0 Exception <a 'java/lang/NoSuchMethodError'{0x00000004b1687da0}: 'java.lang.Object java.lang.invoke.DirectMethodHandle$Holder.invokeStaticInit(java.lang.Object, java.lang.Object, java.lang.Object, java.lang.Object)'> (0x00000004b1687da0) 
thrown [t:\workspace\open\src\hotspot\share\interpreter\linkResolver.cpp, line 766]
Event: 2.221 Thread 0x000002057f7fe7e0 Exception <a 'java/lang/IncompatibleClassChangeError'{0x00000004b168d648}: Found class java.lang.Object, but interface was expected> (0x00000004b168d648) 
thrown [t:\workspace\open\src\hotspot\share\interpreter\linkResolver.cpp, line 833]
Event: 2.222 Thread 0x000002057f7fe7e0 Exception <a 'java/lang/IncompatibleClassChangeError'{0x00000004b16c2680}: Found class java.lang.Object, but interface was expected> (0x00000004b16c2680) 
thrown [t:\workspace\open\src\hotspot\share\interpreter\linkResolver.cpp, line 833]
Event: 2.236 Thread 0x000002057f7fe7e0 Exception <a 'sun/nio/fs/WindowsException'{0x00000004b0858488}> (0x00000004b0858488) 
thrown [t:\workspace\open\src\hotspot\share\prims\jni.cpp, line 516]
Event: 2.241 Thread 0x000002057f7fe7e0 Exception <a 'java/lang/NoSuchMethodError'{0x00000004b089bd18}: 'java.lang.Object java.lang.invoke.DirectMethodHandle$Holder.invokeVirtual(java.lang.Object, java.lang.Object, java.lang.Object)'> (0x00000004b089bd18) 
thrown [t:\workspace\open\src\hotspot\share\interpreter\linkResolver.cpp, line 766]
Event: 2.255 Thread 0x000002057f7fe7e0 Exception <a 'sun/nio/fs/WindowsException'{0x00000004b09a0138}> (0x00000004b09a0138) 
thrown [t:\workspace\open\src\hotspot\share\prims\jni.cpp, line 516]
Event: 2.257 Thread 0x000002057f7fe7e0 Exception <a 'java/lang/NoSuchMethodError'{0x00000004b09cee18}: 'java.lang.Object java.lang.invoke.DirectMethodHandle$Holder.invokeStatic(java.lang.Object, int, java.lang.Object, java.lang.Object, java.lang.Object, java.lang.Object)'> (0x00000004b09cee18) 
thrown [t:\workspace\open\src\hotspot\share\interpreter\linkResolver.cpp, line 766]
Event: 2.258 Thread 0x000002057f7fe7e0 Exception <a 'java/lang/NoSuchMethodError'{0x00000004b09d7640}: 'java.lang.Object java.lang.invoke.DirectMethodHandle$Holder.newInvokeSpecial(java.lang.Object, int, java.lang.Object, java.lang.Object)'> (0x00000004b09d7640) 
thrown [t:\workspace\open\src\hotspot\share\interpreter\linkResolver.cpp, line 766]
Event: 2.258 Thread 0x000002057f7fe7e0 Exception <a 'java/lang/NoSuchMethodError'{0x00000004b09db748}: 'java.lang.Object java.lang.invoke.DirectMethodHandle$Holder.invokeSpecial(java.lang.Object, java.lang.Object, int, java.lang.Object, java.lang.Object)'> (0x00000004b09db748) 
thrown [t:\workspace\open\src\hotspot\share\interpreter\linkResolver.cpp, line 766]
Event: 2.281 Thread 0x000002057f7fe7e0 Exception <a 'sun/nio/fs/WindowsException'{0x00000004b0d34c50}> (0x00000004b0d34c50) 
thrown [t:\workspace\open\src\hotspot\share\prims\jni.cpp, line 516]
Event: 2.281 Thread 0x000002057f7fe7e0 Exception <a 'sun/nio/fs/WindowsException'{0x00000004b0d34fa8}> (0x00000004b0d34fa8) 
thrown [t:\workspace\open\src\hotspot\share\prims\jni.cpp, line 516]
Event: 2.289 Thread 0x000002057f7fe7e0 Exception <a 'sun/nio/fs/WindowsException'{0x00000004b0efcfd8}> (0x00000004b0efcfd8) 
thrown [t:\workspace\open\src\hotspot\share\prims\jni.cpp, line 516]
Event: 2.289 Thread 0x000002057f7fe7e0 Exception <a 'sun/nio/fs/WindowsException'{0x00000004b0efd348}> (0x00000004b0efd348) 
thrown [t:\workspace\open\src\hotspot\share\prims\jni.cpp, line 516]
Event: 2.295 Thread 0x000002057f7fe7e0 Exception <a 'java/lang/NoSuchMethodError'{0x00000004b0f84308}: 'int java.lang.invoke.DirectMethodHandle$Holder.invokeStaticInit(java.lang.Object, java.lang.Object, int, long)'> (0x00000004b0f84308) 
thrown [t:\workspace\open\src\hotspot\share\interpreter\linkResolver.cpp, line 766]
Event: 2.295 Thread 0x000002057f7fe7e0 Exception <a 'java/lang/NoSuchMethodError'{0x00000004b0f89e98}: 'java.lang.Object java.lang.invoke.DirectMethodHandle$Holder.newInvokeSpecial(java.lang.Object, java.lang.Object, int)'> (0x00000004b0f89e98) 
thrown [t:\workspace\open\src\hotspot\share\interpreter\linkResolver.cpp, line 766]
Event: 2.296 Thread 0x000002057f7fe7e0 Exception <a 'java/lang/NoSuchMethodError'{0x00000004b0f9dcf8}: 'int java.lang.invoke.DirectMethodHandle$Holder.invokeStaticInit(java.lang.Object, java.lang.Object, long, long)'> (0x00000004b0f9dcf8) 
thrown [t:\workspace\open\src\hotspot\share\interpreter\linkResolver.cpp, line 766]
Event: 2.296 Thread 0x000002057f7fe7e0 Exception <a 'java/lang/NoSuchMethodError'{0x00000004b0fa3c50}: 'java.lang.Object java.lang.invoke.DirectMethodHandle$Holder.newInvokeSpecial(java.lang.Object, java.lang.Object, long)'> (0x00000004b0fa3c50) 
thrown [t:\workspace\open\src\hotspot\share\interpreter\linkResolver.cpp, line 766]
Event: 2.296 Thread 0x000002057f7fe7e0 Exception <a 'java/lang/NoSuchMethodError'{0x00000004b0fa77c0}: 'java.lang.Object java.lang.invoke.Invokers$Holder.linkToTargetMethod(java.lang.Object, long, java.lang.Object)'> (0x00000004b0fa77c0) 
thrown [t:\workspace\open\src\hotspot\share\interpreter\linkResolver.cpp, line 766]
Event: 2.297 Thread 0x000002057f7fe7e0 Exception <a 'java/lang/NoSuchMethodError'{0x00000004b0faef38}: 'int java.lang.invoke.DirectMethodHandle$Holder.invokeStaticInit(java.lang.Object, java.lang.Object, java.lang.Object, long)'> (0x00000004b0faef38) 
thrown [t:\workspace\open\src\hotspot\share\interpreter\linkResolver.cpp, line 766]

VM Operations (20 events):
Event: 1.985 Executing VM operation: HandshakeAllThreads
Event: 1.985 Executing VM operation: HandshakeAllThreads done
Event: 1.986 Executing VM operation: HandshakeAllThreads
Event: 1.986 Executing VM operation: HandshakeAllThreads done
Event: 2.033 Executing VM operation: HandshakeAllThreads
Event: 2.033 Executing VM operation: HandshakeAllThreads done
Event: 2.033 Executing VM operation: HandshakeAllThreads
Event: 2.033 Executing VM operation: HandshakeAllThreads done
Event: 2.060 Executing VM operation: HandshakeAllThreads
Event: 2.060 Executing VM operation: HandshakeAllThreads done
Event: 2.127 Executing VM operation: HandshakeAllThreads
Event: 2.127 Executing VM operation: HandshakeAllThreads done
Event: 2.181 Executing VM operation: HandshakeAllThreads
Event: 2.181 Executing VM operation: HandshakeAllThreads done
Event: 2.233 Executing VM operation: HandshakeAllThreads
Event: 2.233 Executing VM operation: HandshakeAllThreads done
Event: 2.235 Executing VM operation: ICBufferFull
Event: 2.235 Executing VM operation: ICBufferFull done
Event: 2.322 Executing VM operation: HandshakeAllThreads
Event: 2.322 Executing VM operation: HandshakeAllThreads done

Events (20 events):
Event: 2.293 loading class java/nio/DirectDoubleBufferU done
Event: 2.294 loading class java/util/function/LongPredicate
Event: 2.294 loading class java/util/function/LongPredicate done
Event: 2.297 loading class java/nio/InvalidMarkException
Event: 2.297 loading class java/nio/InvalidMarkException done
Event: 2.297 loading class java/nio/BufferUnderflowException
Event: 2.297 loading class java/nio/BufferUnderflowException done
Event: 2.321 loading class java/util/concurrent/ScheduledThreadPoolExecutor$ScheduledFutureTask
Event: 2.321 loading class java/util/concurrent/FutureTask
Event: 2.321 loading class java/util/concurrent/FutureTask done
Event: 2.321 loading class java/util/concurrent/ScheduledThreadPoolExecutor$ScheduledFutureTask done
Event: 2.321 loading class java/util/concurrent/FutureTask$WaitNode
Event: 2.321 loading class java/util/concurrent/FutureTask$WaitNode done
Event: 2.321 loading class java/util/concurrent/Executors$RunnableAdapter
Event: 2.321 loading class java/util/concurrent/Executors$RunnableAdapter done
Event: 2.322 Thread 0x000002053f3080d0 Thread added: 0x000002053f3080d0
Event: 2.322 loading class java/util/concurrent/locks/AbstractQueuedSynchronizer$ConditionNode
Event: 2.322 loading class java/util/concurrent/ForkJoinPool$ManagedBlocker
Event: 2.322 loading class java/util/concurrent/ForkJoinPool$ManagedBlocker done
Event: 2.322 loading class java/util/concurrent/locks/AbstractQueuedSynchronizer$ConditionNode done


Dynamic libraries:
0x00007ff7d5490000 - 0x00007ff7d54a0000 	C:\Program Files\Java\jdk-17.0.3.1\bin\java.exe
0x00007ffb40b10000 - 0x00007ffb40d08000 	C:\WINDOWS\SYSTEM32\ntdll.dll
0x00007ffb40040000 - 0x00007ffb400ff000 	C:\WINDOWS\System32\KERNEL32.DLL
0x00007ffb3e740000 - 0x00007ffb3ea36000 	C:\WINDOWS\System32\KERNELBASE.dll
0x00007ffb3e290000 - 0x00007ffb3e390000 	C:\WINDOWS\System32\ucrtbase.dll
0x00007ffb1be10000 - 0x00007ffb1be28000 	C:\Program Files\Java\jdk-17.0.3.1\bin\jli.dll
0x00007ffb1bdf0000 - 0x00007ffb1be0a000 	C:\Program Files\Java\jdk-17.0.3.1\bin\VCRUNTIME140.dll
0x00007ffb40700000 - 0x00007ffb407af000 	C:\WINDOWS\System32\ADVAPI32.dll
0x00007ffb401d0000 - 0x00007ffb4026e000 	C:\WINDOWS\System32\msvcrt.dll
0x00007ffb40300000 - 0x00007ffb4039c000 	C:\WINDOWS\System32\sechost.dll
0x00007ffb40910000 - 0x00007ffb40a36000 	C:\WINDOWS\System32\RPCRT4.dll
0x00007ffb3fe90000 - 0x00007ffb4002d000 	C:\WINDOWS\System32\USER32.dll
0x00007ffb3ea40000 - 0x00007ffb3ea62000 	C:\WINDOWS\System32\win32u.dll
0x00007ffb2b960000 - 0x00007ffb2bbfa000 	C:\WINDOWS\WinSxS\amd64_microsoft.windows.common-controls_6595b64144ccf1df_6.0.19041.1110_none_60b5254171f9507e\COMCTL32.dll
0x00007ffb3f440000 - 0x00007ffb3f46c000 	C:\WINDOWS\System32\GDI32.dll
0x00007ffb3e570000 - 0x00007ffb3e685000 	C:\WINDOWS\System32\gdi32full.dll
0x00007ffb3e1f0000 - 0x00007ffb3e28d000 	C:\WINDOWS\System32\msvcp_win.dll
0x00007ffb33ad0000 - 0x00007ffb33ada000 	C:\WINDOWS\SYSTEM32\VERSION.dll
0x00007ffb3f470000 - 0x00007ffb3f4a0000 	C:\WINDOWS\System32\IMM32.DLL
0x00007ffb1c290000 - 0x00007ffb1c29c000 	C:\Program Files\Java\jdk-17.0.3.1\bin\vcruntime140_1.dll
0x00007ffb0eef0000 - 0x00007ffb0ef7d000 	C:\Program Files\Java\jdk-17.0.3.1\bin\msvcp140.dll
0x00007ffab3b60000 - 0x00007ffab4720000 	C:\Program Files\Java\jdk-17.0.3.1\bin\server\jvm.dll
0x00007ffb40aa0000 - 0x00007ffb40aa8000 	C:\WINDOWS\System32\PSAPI.DLL
0x00007ffb2a0d0000 - 0x00007ffb2a0d9000 	C:\WINDOWS\SYSTEM32\WSOCK32.dll
0x00007ffb33950000 - 0x00007ffb33977000 	C:\WINDOWS\SYSTEM32\WINMM.dll
0x00007ffb40160000 - 0x00007ffb401cb000 	C:\WINDOWS\System32\WS2_32.dll
0x00007ffb3c070000 - 0x00007ffb3c082000 	C:\WINDOWS\SYSTEM32\kernel.appcore.dll
0x00007ffb1bde0000 - 0x00007ffb1bdea000 	C:\Program Files\Java\jdk-17.0.3.1\bin\jimage.dll
0x00007ffb35ca0000 - 0x00007ffb35e84000 	C:\WINDOWS\SYSTEM32\DBGHELP.DLL
0x00007ffb297f0000 - 0x00007ffb29824000 	C:\WINDOWS\SYSTEM32\dbgcore.DLL
0x00007ffb3ea70000 - 0x00007ffb3eaf2000 	C:\WINDOWS\System32\bcryptPrimitives.dll
0x00007ffb1b4b0000 - 0x00007ffb1b4d5000 	C:\Program Files\Java\jdk-17.0.3.1\bin\java.dll
0x00007ffac9040000 - 0x00007ffac9116000 	C:\Program Files\Java\jdk-17.0.3.1\bin\jsvml.dll
0x00007ffb3f500000 - 0x00007ffb3fc44000 	C:\WINDOWS\System32\SHELL32.dll
0x00007ffb3c270000 - 0x00007ffb3ca03000 	C:\WINDOWS\SYSTEM32\windows.storage.dll
0x00007ffb403a0000 - 0x00007ffb406f4000 	C:\WINDOWS\System32\combase.dll
0x00007ffb3db50000 - 0x00007ffb3db7e000 	C:\WINDOWS\SYSTEM32\Wldp.dll
0x00007ffb3fde0000 - 0x00007ffb3fe8d000 	C:\WINDOWS\System32\SHCORE.dll
0x00007ffb3f4a0000 - 0x00007ffb3f4f5000 	C:\WINDOWS\System32\shlwapi.dll
0x00007ffb3e120000 - 0x00007ffb3e145000 	C:\WINDOWS\SYSTEM32\profapi.dll
0x00007ffb1bcc0000 - 0x00007ffb1bcd9000 	C:\Program Files\Java\jdk-17.0.3.1\bin\net.dll
0x00007ffb37030000 - 0x00007ffb3713a000 	C:\WINDOWS\SYSTEM32\WINHTTP.dll
0x00007ffb3d930000 - 0x00007ffb3d99a000 	C:\WINDOWS\system32\mswsock.dll
0x00007ffb1b650000 - 0x00007ffb1b666000 	C:\Program Files\Java\jdk-17.0.3.1\bin\nio.dll
0x00007ffb1bdb0000 - 0x00007ffb1bdc8000 	C:\Program Files\Java\jdk-17.0.3.1\bin\zip.dll
0x00007ffb1b700000 - 0x00007ffb1b710000 	C:\Program Files\Java\jdk-17.0.3.1\bin\verify.dll
0x00007ffb19f80000 - 0x00007ffb19f89000 	C:\Program Files\Java\jdk-17.0.3.1\bin\management.dll
0x00007ffb19f70000 - 0x00007ffb19f7b000 	C:\Program Files\Java\jdk-17.0.3.1\bin\management_ext.dll
0x00007ffaf0e10000 - 0x00007ffaf0e27000 	C:\WINDOWS\system32\napinsp.dll
0x00007ffaf0ec0000 - 0x00007ffaf0edb000 	C:\WINDOWS\system32\pnrpnsp.dll
0x00007ffb1e5b0000 - 0x00007ffb1e5c5000 	C:\WINDOWS\system32\wshbth.dll
0x00007ffb39ef0000 - 0x00007ffb39f0d000 	C:\WINDOWS\system32\NLAapi.dll
0x00007ffb3d5f0000 - 0x00007ffb3d62b000 	C:\WINDOWS\SYSTEM32\IPHLPAPI.DLL
0x00007ffb3d640000 - 0x00007ffb3d70a000 	C:\WINDOWS\SYSTEM32\DNSAPI.dll
0x00007ffb3f190000 - 0x00007ffb3f198000 	C:\WINDOWS\System32\NSI.dll
0x00007ffb0da50000 - 0x00007ffb0da62000 	C:\WINDOWS\System32\winrnr.dll
0x00007ffb33aa0000 - 0x00007ffb33aaa000 	C:\Windows\System32\rasadhlp.dll
0x00007ffb33d70000 - 0x00007ffb33df2000 	C:\WINDOWS\System32\fwpuclnt.dll
0x00007ffb3e540000 - 0x00007ffb3e567000 	C:\WINDOWS\System32\bcrypt.dll
0x00007ffb028a0000 - 0x00007ffb02915000 	C:\Users\Damqn\AppData\Local\Temp\lwjglDamyan\3.3.1-build-7\lwjgl.dll
0x00007ffaf10c0000 - 0x00007ffaf1121000 	C:\Users\Damqn\AppData\Local\Temp\lwjglDamyan\3.3.1-build-7\glfw.dll
0x00007ffb0fb70000 - 0x00007ffb0fbb5000 	C:\WINDOWS\SYSTEM32\dinput8.dll
0x00007ffb1ce20000 - 0x00007ffb1ce31000 	C:\WINDOWS\SYSTEM32\xinput1_4.dll
0x00007ffb3e4f0000 - 0x00007ffb3e53e000 	C:\WINDOWS\System32\cfgmgr32.dll
0x00007ffb3df80000 - 0x00007ffb3dfb3000 	C:\WINDOWS\SYSTEM32\DEVOBJ.dll
0x00007ffb3bd80000 - 0x00007ffb3bdaf000 	C:\WINDOWS\SYSTEM32\dwmapi.dll
0x00007ffb33390000 - 0x00007ffb334e2000 	C:\WINDOWS\SYSTEM32\inputhost.dll
0x00007ffb3f2c0000 - 0x00007ffb3f38d000 	C:\WINDOWS\System32\OLEAUT32.dll
0x00007ffb3a0b0000 - 0x00007ffb3a204000 	C:\WINDOWS\SYSTEM32\wintypes.dll
0x00007ffb39620000 - 0x00007ffb39716000 	C:\WINDOWS\SYSTEM32\PROPSYS.dll
0x00007ffb3b770000 - 0x00007ffb3b862000 	C:\WINDOWS\SYSTEM32\CoreMessaging.dll
0x00007ffb3b410000 - 0x00007ffb3b76e000 	C:\WINDOWS\SYSTEM32\CoreUIComponents.dll
0x00007ffb3d310000 - 0x00007ffb3d343000 	C:\WINDOWS\SYSTEM32\ntmarta.dll
0x00007ffb3bb00000 - 0x00007ffb3bb9e000 	C:\WINDOWS\system32\uxtheme.dll
0x00007ffb3f1a0000 - 0x00007ffb3f2b4000 	C:\WINDOWS\System32\MSCTF.dll
0x00007ffb1d230000 - 0x00007ffb1d355000 	C:\WINDOWS\SYSTEM32\opengl32.dll
0x00007ffb1d1e0000 - 0x00007ffb1d20c000 	C:\WINDOWS\SYSTEM32\GLU32.dll
0x00007ffb3f390000 - 0x00007ffb3f439000 	C:\WINDOWS\System32\clbcatq.dll
0x00007ffacad70000 - 0x00007ffacad9d000 	C:\WINDOWS\System32\DriverStore\FileRepository\u0390451.inf_amd64_39377efdd62734d1\B390182\atig6pxx.dll
0x00007ffac0770000 - 0x00007ffac43a5000 	C:\WINDOWS\System32\DriverStore\FileRepository\u0390451.inf_amd64_39377efdd62734d1\B390182\atio6axx.dll
0x00007ffb3eb70000 - 0x00007ffb3efde000 	C:\WINDOWS\System32\SETUPAPI.dll
0x00007ffb3eb00000 - 0x00007ffb3eb67000 	C:\WINDOWS\System32\WINTRUST.dll
0x00007ffb3e390000 - 0x00007ffb3e4ee000 	C:\WINDOWS\System32\CRYPT32.dll
0x00007ffb3ddc0000 - 0x00007ffb3ddd2000 	C:\WINDOWS\SYSTEM32\MSASN1.dll

dbghelp: loaded successfully - version: 4.0.5 - missing functions: none
symbol engine: initialized successfully - sym options: 0x614 - pdb path: .;C:\Program Files\Java\jdk-17.0.3.1\bin;C:\WINDOWS\SYSTEM32;C:\WINDOWS\WinSxS\amd64_microsoft.windows.common-controls_6595b64144ccf1df_6.0.19041.1110_none_60b5254171f9507e;C:\Program Files\Java\jdk-17.0.3.1\bin\server;C:\Users\Damqn\AppData\Local\Temp\lwjglDamyan\3.3.1-build-7;C:\WINDOWS\System32\DriverStore\FileRepository\u0390451.inf_amd64_39377efdd62734d1\B390182

VM Arguments:
jvm_args: -Dforge.enableGameTest=true -Dforge.enabledGameTestNamespaces=endlessexpansion -Dforge.logging.console.level=debug -Dforge.logging.markers=REGISTRIES -DignoreList=bootstraplauncher,securejarhandler,asm-commons,asm-util,asm-analysis,asm-tree,asm,JarJarFileSystems,client-extra,fmlcore,javafmllanguage,lowcodelanguage,mclanguage,forge- -Djava.net.preferIPv6Addresses=system -DlegacyClassPath.file=F:\mc mods\Coding Mods\Endless Expansion 1.20\build\classpath\runClient_minecraftClasspath.txt -DmergeModules=jna-5.10.0.jar,jna-platform-5.10.0.jar --module-path=C:\Users\Damqn\.gradle\caches\modules-2\files-2.1\cpw.mods\bootstraplauncher\1.1.2\c546e00443d8432cda6baa1c860346980742628\bootstraplauncher-1.1.2.jar;C:\Users\Damqn\.gradle\caches\modules-2\files-2.1\cpw.mods\securejarhandler\2.1.10\51e6a22c6c716beb11e244bf5b8be480f51dd6b5\securejarhandler-2.1.10.jar;C:\Users\Damqn\.gradle\caches\modules-2\files-2.1\org.ow2.asm\asm-commons\9.5\19ab5b5800a3910d30d3a3e64fdb00fd0cb42de0\asm-commons-9.5.jar;C:\Users\Damqn\.gradle\caches\modules-2\files-2.1\org.ow2.asm\asm-util\9.5\64b5a1fc8c1b15ed2efd6a063e976bc8d3dc5ffe\asm-util-9.5.jar;C:\Users\Damqn\.gradle\caches\modules-2\files-2.1\org.ow2.asm\asm-analysis\9.5\490bacc77de7cbc0be1a30bb3471072d705be4a4\asm-analysis-9.5.jar;C:\Users\Damqn\.gradle\caches\modules-2\files-2.1\org.ow2.asm\asm-tree\9.5\fd33c8b6373abaa675be407082fdfda35021254a\asm-tree-9.5.jar;C:\Users\Damqn\.gradle\caches\modules-2\files-2.1\org.ow2.asm\asm\9.5\dc6ea1875f4d64fbc85e1691c95b96a3d8569c90\asm-9.5.jar;C:\Users\Damqn\.gradle\caches\modules-2\files-2.1\net.minecraftforge\JarJarFileSystems\0.3.19\2464eb7d6b9ddb9db36a82cf8a95193e5c6fe020\JarJarFileSystems-0.3.19.jar --add-modules=ALL-MODULE-PATH --add-opens=java.base/java.util.jar=cpw.mods.securejarhandler --add-opens=java.base/java.lang.invoke=cpw.mods.securejarhandler --add-exports=java.base/sun.security.util=cpw.mods.securejarhandler --add-exports=jdk.naming.dns/com.sun.jndi.dns=java.naming -XX:HeapDumpPath=MojangTricksIntelDriversForPerformance_javaw.exe_minecraft.exe.heapdump -Dfile.encoding=windows-1251 -Duser.country=US -Duser.language=en -Duser.variant -Xmx14336m -Xms1024m 
java_command: cpw.mods.bootstraplauncher.BootstrapLauncher --launchTarget forgeclientuserdev --version MOD_DEV --assetIndex 5 --assetsDir C:\Users\Damqn\.gradle\caches\forge_gradle\assets --gameDir . --fml.forgeVersion 47.1.40 --fml.mcVersion 1.20.1 --fml.forgeGroup net.minecraftforge --fml.mcpVersion 20230612.114412
java_class_path (initial): F:\mc mods\Coding Mods\Endless Expansion 1.20\build\classes\java\main;F:\mc mods\Coding Mods\Endless Expansion 1.20\build\resources\main;C:\Users\Damqn\.gradle\caches\forge_gradle\minecraft_user_repo\net\minecraftforge\forge\1.20.1-47.1.40_mapped_official_1.20.1\forge-1.20.1-47.1.40_mapped_official_1.20.1-recomp.jar;C:\Users\Damqn\.gradle\caches\forge_gradle\minecraft_repo\versions\1.20.1\client-extra.jar;C:\Users\Damqn\.gradle\caches\modules-2\files-2.1\net.minecraftforge\fmlearlydisplay\1.20.1-47.1.40\cef288f16fefc4a7b3287b144bbf13b45f7bc10e\fmlearlydisplay-1.20.1-47.1.40.jar;C:\Users\Damqn\.gradle\caches\modules-2\files-2.1\net.minecraftforge\javafmllanguage\1.20.1-47.1.40\f692ce735ae82c7d67a622f7c16b39d6791438b2\javafmllanguage-1.20.1-47.1.40.jar;C:\Users\Damqn\.gradle\caches\modules-2\files-2.1\net.minecraftforge\lowcodelanguage\1.20.1-47.1.40\b5c50f31d2063274dde480c279f69ea4823e9271\lowcodelanguage-1.20.1-47.1.40.jar;C:\Users\Damqn\.gradle\caches\modules-2\files-2.1\net.minecraftforge\mclanguage\1.20.1-47.1.40\962a7a60b0ebc9b49f9d34c5a1586ec38df6113f\mclanguage-1.20.1-47.1.40.jar;C:\Users\Damqn\.gradle\caches\modules-2\files-2.1\net.minecraftforge\fmlcore\1.20.1-47.1.40\4ce019324cdf918c4854d7775fc09c1d2572c6f\fmlcore-1.20.1-47.1.40.jar;C:\Users\Damqn\.gradle\caches\modules-2\files-2.1\net.minecraftforge\fmlloader\1.20.1-47.1.40\2a2d24288440fe70f7cd1c7b3d444954ab17c00e\fmlloader-1.20.1-47.1.40.jar;C:\Users\Damqn\.gradle\caches\modules-2\files-2.1\net.minecraftforge\JarJarSelector\0.3.19\376cc9c8ea60720cf027c01fc033de915699801c\JarJarSelector-0.3.19.jar;C:\Users\Damqn\.gradle\caches\modules-2\files-2.1\net.minecraftforge\JarJarMetadata\0.3.19\83feaa9b770e6ac0e96ee4fc23fa89325c5fe2\JarJarMetadata-0.3.19.jar;C:\Users\Damqn\.gradle\caches\modules-2\files-2.1\com.google.guava\guava\31.1-jre\60458f877d055d0c9114d9e1a2efb737b4bc282c\guava-31.1-jre.jar;C:\Users\Damqn\.gradle\caches\modules-2\files-2.1\com.google.code.findbugs\jsr305\3.0.2\2
Launcher Type: SUN_STANDARD

[Global flags]
     intx CICompilerCount                          = 4                                         {product} {ergonomic}
     uint ConcGCThreads                            = 3                                         {product} {ergonomic}
     uint G1ConcRefinementThreads                  = 10                                        {product} {ergonomic}
   size_t G1HeapRegionSize                         = 8388608                                   {product} {ergonomic}
    uintx GCDrainStackTargetSize                   = 64                                        {product} {ergonomic}
    ccstr HeapDumpPath                             = MojangTricksIntelDriversForPerformance_javaw.exe_minecraft.exe.heapdump         {manageable} {command line}
   size_t InitialHeapSize                          = 1073741824                                {product} {command line}
   size_t MarkStackSize                            = 4194304                                   {product} {ergonomic}
   size_t MaxHeapSize                              = 15032385536                               {product} {command line}
   size_t MaxNewSize                               = 9017753600                                {product} {ergonomic}
   size_t MinHeapDeltaBytes                        = 8388608                                   {product} {ergonomic}
   size_t MinHeapSize                              = 1073741824                                {product} {command line}
    uintx NonNMethodCodeHeapSize                   = 5839372                                {pd product} {ergonomic}
    uintx NonProfiledCodeHeapSize                  = 122909434                              {pd product} {ergonomic}
    uintx ProfiledCodeHeapSize                     = 122909434                              {pd product} {ergonomic}
    uintx ReservedCodeCacheSize                    = 251658240                              {pd product} {ergonomic}
     bool SegmentedCodeCache                       = true                                      {product} {ergonomic}
   size_t SoftMaxHeapSize                          = 15032385536                            {manageable} {ergonomic}
     bool UseCompressedClassPointers               = true                           {product lp64_product} {ergonomic}
     bool UseCompressedOops                        = true                           {product lp64_product} {ergonomic}
     bool UseG1GC                                  = true                                      {product} {ergonomic}
     bool UseLargePagesIndividualAllocation        = false                                  {pd product} {ergonomic}

Logging:
Log output configuration:
 #0: stdout all=warning uptime,level,tags
 #1: stderr all=off uptime,level,tags

Environment Variables:
_JAVA_OPTIONS=-Xmx14336m -Xms1024m
PATH=C:\Program Files\Eclipse Adoptium\jdk-17.0.2.8-hotspot\bin;C:\Program Files (x86)\Razer\ChromaBroadcast\bin;C:\Program Files\Razer\ChromaBroadcast\bin;C:\Program Files\Eclipse Foundation\jdk-16.0.2.7-hotspot\bin;C:\Program Files\Common Files\Oracle\Java\javapath;C:\Program Files (x86)\Common Files\Oracle\Java\javapath;C:\WINDOWS\system32;C:\WINDOWS;C:\WINDOWS\System32\Wbem;C:\WINDOWS\System32\WindowsPowerShell\v1.0\;C:\WINDOWS\System32\OpenSSH\;C:\Program Files\Git\cmd;C:\Users\Damqn\AppData\Local\Microsoft\WindowsApps;C:\Program Files\Java\jdk1.8.0_311\bin;C:\Program Files\Microsoft SQL Server\110\Tools\Binn\;C:\Program Files (x86)\Microsoft SDKs\TypeScript\1.0\;C:\Program Files\Microsoft SQL Server\120\Tools\Binn\;C:\Program Files\nodejs\;C:\Program Files\Git LFS;C:\Program Files (x86)\dotnet\;C:\Program Files\dotnet\;C:\Program Files\Docker\Docker\resources\bin;C:\ProgramData\DockerDesktop\version-bin;C:\Users\Damqn\AppData\Local\Programs\Python\Python310\Scripts\;C:\Users\Damqn\AppData\Local\Programs\Python\Python310\;C:\Users\Damqn\AppData\Local\Microsoft\WindowsApps;C:\Users\Damqn\AppData\Local\Programs\Microsoft VS Code\bin;F:\Microsoft VS Code\bin;C:\Users\Damqn\AppData\Roaming\npm;C:\Users\Damqn\AppData\Local\GitHubDesktop\bin;F:\gitneshta\log4shell\apache-maven-3.8.6\bin;C:\Users\Damqn\Downloads\ffmpeg-master-latest-win64-gpl\ffmpeg-master-latest-win64-gpl\bin;C:\Program Files\dotnet;C:\Program Files (x86)\dotnet;C:\Users\Damqn\.dotnet\tools;
USERNAME=Damyan
OS=Windows_NT
PROCESSOR_IDENTIFIER=AMD64 Family 25 Model 80 Stepping 0, AuthenticAMD



---------------  S Y S T E M  ---------------

OS:
 Windows 10 , 64 bit Build 19041 (10.0.19041.3155)
OS uptime: 0 days 5:32 hours
Hyper-V role detected

CPU: total 12 (initial active 12) (12 cores per cpu, 2 threads per core) family 25 model 80 stepping 0 microcode 0x0, cx8, cmov, fxsr, ht, mmx, 3dnowpref, sse, sse2, sse3, ssse3, sse4a, sse4.1, sse4.2, popcnt, lzcnt, tsc, tscinvbit, avx, avx2, aes, erms, clmul, bmi1, bmi2, adx, sha, fma, vzeroupper, clflush, clflushopt, hv

Memory: 4k page, system-wide physical 32167M (15738M free)
TotalPageFile size 37031M (AvailPageFile size 14348M)
current process WorkingSet (physical memory assigned to process): 378M, peak: 382M
current process commit charge ("private bytes"): 1222M, peak: 1226M

vm_info: Java HotSpot(TM) 64-Bit Server VM (17.0.3.1+2-LTS-6) for windows-amd64 JRE (17.0.3.1+2-LTS-6), built on Apr 25 2022 22:04:21 by "mach5one" with MS VC++ 16.8 / 16.9 (VS2019)

END.
