#
# A fatal error has been detected by the Java Runtime Environment:
#
#  EXCEPTION_ACCESS_VIOLATION (0xc0000005) at pc=0x00007ff981462b60, pid=14232, tid=14136
#
# JRE version: Java(TM) SE Runtime Environment (17.0.3.1+2) (build 17.0.3.1+2-LTS-6)
# Java VM: Java HotSpot(TM) 64-Bit Server VM (17.0.3.1+2-LTS-6, mixed mode, sharing, tiered, compressed oops, compressed class ptrs, g1 gc, windows-amd64)
# Problematic frame:
# C  [atio6axx.dll+0x192b60]
#
# No core dump will be written. Minidumps are not enabled by default on client versions of Windows
#
# If you would like to submit a bug report, please visit:
#   https://bugreport.java.com/bugreport/crash.jsp
# The crash happened outside the Java Virtual Machine in native code.
# See problematic frame for where to report the bug.
#

---------------  S U M M A R Y ------------

Command Line: -Dforge.enableGameTest=true -Dforge.enabledGameTestNamespaces=endlessexpansion -Dforge.logging.console.level=debug -Dforge.logging.markers=REGISTRIES -DignoreList=bootstraplauncher,securejarhandler,asm-commons,asm-util,asm-analysis,asm-tree,asm,JarJarFileSystems,client-extra,fmlcore,javafmllanguage,lowcodelanguage,mclanguage,forge- -Djava.net.preferIPv6Addresses=system -DlegacyClassPath.file=F:\mc mods\Coding Mods\Endless Expansion 1.20\build\classpath\runClient_minecraftClasspath.txt -DmergeModules=jna-5.10.0.jar,jna-platform-5.10.0.jar --module-path=C:\Users\Damqn\.gradle\caches\modules-2\files-2.1\cpw.mods\bootstraplauncher\1.1.2\c546e00443d8432cda6baa1c860346980742628\bootstraplauncher-1.1.2.jar;C:\Users\Damqn\.gradle\caches\modules-2\files-2.1\cpw.mods\securejarhandler\2.1.10\51e6a22c6c716beb11e244bf5b8be480f51dd6b5\securejarhandler-2.1.10.jar;C:\Users\Damqn\.gradle\caches\modules-2\files-2.1\org.ow2.asm\asm-commons\9.5\19ab5b5800a3910d30d3a3e64fdb00fd0cb42de0\asm-commons-9.5.jar;C:\Users\Damqn\.gradle\caches\modules-2\files-2.1\org.ow2.asm\asm-util\9.5\64b5a1fc8c1b15ed2efd6a063e976bc8d3dc5ffe\asm-util-9.5.jar;C:\Users\Damqn\.gradle\caches\modules-2\files-2.1\org.ow2.asm\asm-analysis\9.5\490bacc77de7cbc0be1a30bb3471072d705be4a4\asm-analysis-9.5.jar;C:\Users\Damqn\.gradle\caches\modules-2\files-2.1\org.ow2.asm\asm-tree\9.5\fd33c8b6373abaa675be407082fdfda35021254a\asm-tree-9.5.jar;C:\Users\Damqn\.gradle\caches\modules-2\files-2.1\org.ow2.asm\asm\9.5\dc6ea1875f4d64fbc85e1691c95b96a3d8569c90\asm-9.5.jar;C:\Users\Damqn\.gradle\caches\modules-2\files-2.1\net.minecraftforge\JarJarFileSystems\0.3.19\2464eb7d6b9ddb9db36a82cf8a95193e5c6fe020\JarJarFileSystems-0.3.19.jar --add-modules=ALL-MODULE-PATH --add-opens=java.base/java.util.jar=cpw.mods.securejarhandler --add-opens=java.base/java.lang.invoke=cpw.mods.securejarhandler --add-exports=java.base/sun.security.util=cpw.mods.securejarhandler --add-exports=jdk.naming.dns/com.sun.jndi.dns=java.naming -XX:HeapDumpPath=MojangTricksIntelDriversForPerformance_javaw.exe_minecraft.exe.heapdump -Dfile.encoding=windows-1251 -Duser.country=US -Duser.language=en -Duser.variant -Xmx14336m -Xms1024m cpw.mods.bootstraplauncher.BootstrapLauncher --launchTarget forgeclientuserdev --version MOD_DEV --assetIndex 5 --assetsDir C:\Users\Damqn\.gradle\caches\forge_gradle\assets --gameDir . --fml.forgeVersion 47.1.40 --fml.mcVersion 1.20.1 --fml.forgeGroup net.minecraftforge --fml.mcpVersion 20230612.114412

Host: AMD Ryzen 5 5600G with Radeon Graphics         , 12 cores, 31G,  Windows 10 , 64 bit Build 19041 (10.0.19041.3155)
Time: Sat Aug 12 16:54:34 2023 FLE Daylight Time elapsed time: 2.756579 seconds (0d 0h 0m 2s)

---------------  T H R E A D  ---------------

Current thread (0x000002596f646650):  JavaThread "main" [_thread_in_native, id=14136, stack(0x000000c59d600000,0x000000c59d700000)]

Stack: [0x000000c59d600000,0x000000c59d700000],  sp=0x000000c59d6fb5b8,  free space=1005k
Native frames: (J=compiled Java code, j=interpreted, Vv=VM code, C=native code)
C  [atio6axx.dll+0x192b60]

Java frames: (J=compiled Java code, j=interpreted, Vv=VM code)
j  org.lwjgl.system.JNI.invokePPPP(IIJJJJ)J+0 org.lwjgl@3.3.1+7
j  org.lwjgl.glfw.GLFW.nglfwCreateWindow(IIJJJ)J+14 org.lwjgl.glfw@3.3.1+7
j  org.lwjgl.glfw.GLFW.glfwCreateWindow(IILjava/lang/CharSequence;JJ)J+34 org.lwjgl.glfw@3.3.1+7
j  net.minecraftforge.fml.earlydisplay.DisplayWindow.initWindow(Ljava/lang/String;)V+408 fmlearlydisplay@1.20.1-47.1.40
j  net.minecraftforge.fml.earlydisplay.DisplayWindow.start(Ljava/lang/String;Ljava/lang/String;)Ljava/lang/Runnable;+14 fmlearlydisplay@1.20.1-47.1.40
j  net.minecraftforge.fml.earlydisplay.DisplayWindow.initialize([Ljava/lang/String;)Ljava/lang/Runnable;+410 fmlearlydisplay@1.20.1-47.1.40
j  net.minecraftforge.fml.loading.ImmediateWindowHandler.load(Ljava/lang/String;[Ljava/lang/String;)V+180 fmlloader@1.20.1-47.1.40
j  net.minecraftforge.fml.loading.ModDirTransformerDiscoverer.earlyInitialization(Ljava/lang/String;[Ljava/lang/String;)V+2 fmlloader@1.20.1-47.1.40
j  cpw.mods.modlauncher.TransformationServicesHandler.lambda$discoverServices$18(Lcpw/mods/modlauncher/ArgumentHandler$DiscoveryData;Lcpw/mods/modlauncher/serviceapi/ITransformerDiscoveryService;)V+9 cpw.mods.modlauncher@10.0.9
j  cpw.mods.modlauncher.TransformationServicesHandler$$Lambda$418+0x0000000800e17408.accept(Ljava/lang/Object;)V+8 cpw.mods.modlauncher@10.0.9
J 2277 c1 java.lang.Iterable.forEach(Ljava/util/function/Consumer;)V java.base@17.0.3.1 (39 bytes) @ 0x0000025900921d1c [0x0000025900921a20+0x00000000000002fc]
j  cpw.mods.modlauncher.TransformationServicesHandler.discoverServices(Lcpw/mods/modlauncher/ArgumentHandler$DiscoveryData;)V+145 cpw.mods.modlauncher@10.0.9
j  cpw.mods.modlauncher.Launcher.run([Ljava/lang/String;)V+14 cpw.mods.modlauncher@10.0.9
j  cpw.mods.modlauncher.Launcher.main([Ljava/lang/String;)V+78 cpw.mods.modlauncher@10.0.9
j  cpw.mods.modlauncher.BootstrapLaunchConsumer.accept([Ljava/lang/String;)V+1 cpw.mods.modlauncher@10.0.9
j  cpw.mods.modlauncher.BootstrapLaunchConsumer.accept(Ljava/lang/Object;)V+5 cpw.mods.modlauncher@10.0.9
j  cpw.mods.bootstraplauncher.BootstrapLauncher.main([Ljava/lang/String;)V+515 cpw.mods.bootstraplauncher@1.1.2
v  ~StubRoutines::call_stub

siginfo: EXCEPTION_ACCESS_VIOLATION (0xc0000005), reading address 0xffffffffffffffff


Register to memory mapping:

RIP=0x00007ff981462b60 atio6axx.dll
RAX=0x0 is NULL
RBX=0x00007ff984ca33b0 atio6axx.dll
RCX=0x2d6c6d6f6a5c3934 is an unknown value
RDX=0x00000000000000d1 is an unknown value
RSP=0x000000c59d6fb5b8 is pointing into the stack for thread: 0x000002596f646650
RBP=0x000000c59d6fb720 is pointing into the stack for thread: 0x000002596f646650
RSI=0x00007ff984bb2d40 atio6axx.dll
RDI=0x000000c59d6fba10 is pointing into the stack for thread: 0x000002596f646650
R8 =0x00000000000001a5 is an unknown value
R9 =0x2d6c6d6f6a5c3934 is an unknown value
R10=0x0 is NULL
R11=0x0000000000000200 is an unknown value
R12=0x00007ff984ca3408 atio6axx.dll
R13=0x00007ff984ca5c08 atio6axx.dll
R14=0x00007ff984ca33b0 atio6axx.dll
R15=0x0 is NULL


Registers:
RAX=0x0000000000000000, RBX=0x00007ff984ca33b0, RCX=0x2d6c6d6f6a5c3934, RDX=0x00000000000000d1
RSP=0x000000c59d6fb5b8, RBP=0x000000c59d6fb720, RSI=0x00007ff984bb2d40, RDI=0x000000c59d6fba10
R8 =0x00000000000001a5, R9 =0x2d6c6d6f6a5c3934, R10=0x0000000000000000, R11=0x0000000000000200
R12=0x00007ff984ca3408, R13=0x00007ff984ca5c08, R14=0x00007ff984ca33b0, R15=0x0000000000000000
RIP=0x00007ff981462b60, EFLAGS=0x0000000000010206

Top of Stack: (sp=0x000000c59d6fb5b8)
0x000000c59d6fb5b8:   00007ff981462e7c 00007ff984ca6020
0x000000c59d6fb5c8:   0000025931f20af8 0000000000000000
0x000000c59d6fb5d8:   00007ff981463e8d 000000c59d6fba10
0x000000c59d6fb5e8:   00007ff98141f484 00007ff984ca33b0
0x000000c59d6fb5f8:   00007ff984bb2d40 0000652e6176616a
0x000000c59d6fb608:   0000429969ab18b5 000000c59d6fba10
0x000000c59d6fb618:   00007ff981420457 00007ff984ca33b8
0x000000c59d6fb628:   00007ff984bb2d40 00007ff984bb2d40
0x000000c59d6fb638:   000002593274ea88 00007ff984ca33b0
0x000000c59d6fb648:   00007ff900000000 0000000000000009
0x000000c59d6fb658:   000002593274ec54 000002593274edbc
0x000000c59d6fb668:   00007ff984ca33b8 000000c59d6fba10
0x000000c59d6fb678:   000000c59d6fb7c7 00007f006176616a
0x000000c59d6fb688:   00007f006176616a 46676e697274535c
0x000000c59d6fb698:   5c6f666e49656c69 3062343039303430
0x000000c59d6fb6a8:   726556656c69465c 000000006e6f6973 

Instructions: (pc=0x00007ff981462b60)
0x00007ff981462a60:   74 09 33 c9 ff 15 e6 89 66 03 90 48 8b c3 48 83
0x00007ff981462a70:   c4 20 5b c3 cc cc cc cc cc cc cc cc cc cc cc cc
0x00007ff981462a80:   48 83 ec 28 48 8b 51 08 48 85 d2 74 09 33 c9 ff
0x00007ff981462a90:   15 bb 89 66 03 90 48 83 c4 28 c3 cc cc cc cc cc
0x00007ff981462aa0:   48 89 11 c3 cc cc cc cc cc cc cc cc cc cc cc cc
0x00007ff981462ab0:   48 8b c1 c3 cc cc cc cc cc cc cc cc cc cc cc cc
0x00007ff981462ac0:   48 3b ca 74 10 41 8b 00 39 01 74 09 48 83 c1 04
0x00007ff981462ad0:   48 3b ca 75 f3 48 8b c1 c3 cc cc cc cc cc cc cc
0x00007ff981462ae0:   48 8b c1 c3 cc cc cc cc cc cc cc cc cc cc cc cc
0x00007ff981462af0:   48 83 39 00 0f 94 c0 c3 cc cc cc cc cc cc cc cc
0x00007ff981462b00:   4c 8d 04 d5 00 00 00 00 33 d2 e9 c1 d0 dd 01 cc
0x00007ff981462b10:   4c 8b 41 08 48 8b 02 49 89 00 48 83 41 08 08 c3
0x00007ff981462b20:   48 8b c1 c3 cc cc cc cc cc cc cc cc cc cc cc cc
0x00007ff981462b30:   48 8b c1 c3 cc cc cc cc cc cc cc cc cc cc cc cc
0x00007ff981462b40:   49 8b 00 48 89 02 c3 cc cc cc cc cc cc cc cc cc
0x00007ff981462b50:   8b 81 40 39 00 00 c3 cc cc cc cc cc cc cc cc cc
0x00007ff981462b60:   8b 81 40 39 00 00 83 c0 f0 83 f8 67 0f 87 5a 01
0x00007ff981462b70:   00 00 48 8d 15 87 d4 e6 ff 0f b6 84 02 f0 2c 19
0x00007ff981462b80:   00 8b 8c 82 d0 2c 19 00 48 03 ca ff e1 48 8b 0d
0x00007ff981462b90:   6c 6f 7e 03 83 b9 b4 34 00 00 02 0f 87 2b 01 00
0x00007ff981462ba0:   00 48 8d 91 0c 29 00 00 c7 02 e1 00 00 00 e9 ce
0x00007ff981462bb0:   00 00 00 48 8b 0d 46 6f 7e 03 83 b9 b4 34 00 00
0x00007ff981462bc0:   02 0f 87 05 01 00 00 48 8d 91 0c 29 00 00 c7 02
0x00007ff981462bd0:   f0 00 00 00 e9 a8 00 00 00 48 8b 0d 20 6f 7e 03
0x00007ff981462be0:   83 b9 b4 34 00 00 02 0f 87 df 00 00 00 48 8d 91
0x00007ff981462bf0:   0c 29 00 00 c7 02 00 04 00 00 e9 82 00 00 00 48
0x00007ff981462c00:   8b 0d fa 6e 7e 03 83 b9 b4 34 00 00 02 0f 87 b9
0x00007ff981462c10:   00 00 00 48 8d 91 0c 29 00 00 c7 02 00 08 00 00
0x00007ff981462c20:   eb 5f 48 8b 0d d7 6e 7e 03 83 b9 b4 34 00 00 02
0x00007ff981462c30:   0f 87 96 00 00 00 48 8d 91 0c 29 00 00 c7 02 00
0x00007ff981462c40:   09 00 00 eb 3c 48 8b 0d b4 6e 7e 03 83 b9 b4 34
0x00007ff981462c50:   00 00 02 77 77 48 8d 91 0c 29 00 00 c7 02 3c 0f 


Stack slot to memory mapping:
stack at sp + 0 slots: 0x00007ff981462e7c atio6axx.dll
stack at sp + 1 slots: 0x00007ff984ca6020 atio6axx.dll
stack at sp + 2 slots: 0x0000025931f20af8 points into unknown readable memory: 0x00007ff9844af5f0 | f0 f5 4a 84 f9 7f 00 00
stack at sp + 3 slots: 0x0 is NULL
stack at sp + 4 slots: 0x00007ff981463e8d atio6axx.dll
stack at sp + 5 slots: 0x000000c59d6fba10 is pointing into the stack for thread: 0x000002596f646650
stack at sp + 6 slots: 0x00007ff98141f484 atio6axx.dll
stack at sp + 7 slots: 0x00007ff984ca33b0 atio6axx.dll


---------------  P R O C E S S  ---------------

Threads class SMR info:
_java_thread_list=0x0000025930c2d7a0, length=15, elements={
0x000002596f646650, 0x000002597f578ad0, 0x000002597f579850, 0x000002597f5911b0,
0x000002597f591c70, 0x000002597f592d40, 0x000002597f597e30, 0x000002597f598ee0,
0x000002597f59b220, 0x000002597f59bb20, 0x000002597f68d520, 0x000002597f6c5da0,
0x000002597f7a8e10, 0x000002592dca32f0, 0x000002592e69a3d0
}

Java Threads: ( => current thread )
=>0x000002596f646650 JavaThread "main" [_thread_in_native, id=14136, stack(0x000000c59d600000,0x000000c59d700000)]
  0x000002597f578ad0 JavaThread "Reference Handler" daemon [_thread_blocked, id=14276, stack(0x000000c59dd00000,0x000000c59de00000)]
  0x000002597f579850 JavaThread "Finalizer" daemon [_thread_blocked, id=14224, stack(0x000000c59de00000,0x000000c59df00000)]
  0x000002597f5911b0 JavaThread "Signal Dispatcher" daemon [_thread_blocked, id=14204, stack(0x000000c59df00000,0x000000c59e000000)]
  0x000002597f591c70 JavaThread "Attach Listener" daemon [_thread_blocked, id=14296, stack(0x000000c59e000000,0x000000c59e100000)]
  0x000002597f592d40 JavaThread "Service Thread" daemon [_thread_blocked, id=2424, stack(0x000000c59e100000,0x000000c59e200000)]
  0x000002597f597e30 JavaThread "Monitor Deflation Thread" daemon [_thread_blocked, id=10004, stack(0x000000c59e200000,0x000000c59e300000)]
  0x000002597f598ee0 JavaThread "C2 CompilerThread0" daemon [_thread_blocked, id=13608, stack(0x000000c59e300000,0x000000c59e400000)]
  0x000002597f59b220 JavaThread "C1 CompilerThread0" daemon [_thread_blocked, id=12100, stack(0x000000c59e400000,0x000000c59e500000)]
  0x000002597f59bb20 JavaThread "Sweeper thread" daemon [_thread_blocked, id=11440, stack(0x000000c59e500000,0x000000c59e600000)]
  0x000002597f68d520 JavaThread "Common-Cleaner" daemon [_thread_blocked, id=564, stack(0x000000c59e600000,0x000000c59e700000)]
  0x000002597f6c5da0 JavaThread "C2 CompilerThread1" daemon [_thread_blocked, id=13580, stack(0x000000c59e700000,0x000000c59e800000)]
  0x000002597f7a8e10 JavaThread "Notification Thread" daemon [_thread_blocked, id=13576, stack(0x000000c59e800000,0x000000c59e900000)]
  0x000002592dca32f0 JavaThread "C2 CompilerThread2" daemon [_thread_blocked, id=3756, stack(0x000000c59ea00000,0x000000c59eb00000)]
  0x000002592e69a3d0 JavaThread "pool-2-thread-1" daemon [_thread_blocked, id=11776, stack(0x000000c59f700000,0x000000c59f800000)]

Other Threads:
  0x000002597f5750d0 VMThread "VM Thread" [stack: 0x000000c59dc00000,0x000000c59dd00000] [id=14280]
  0x000002596f648850 WatcherThread [stack: 0x000000c59e900000,0x000000c59ea00000] [id=13724]
  0x000002597e7d96b0 GCTaskThread "GC Thread#0" [stack: 0x000000c59d700000,0x000000c59d800000] [id=3308]
  0x000002592e25f000 GCTaskThread "GC Thread#1" [stack: 0x000000c59eb00000,0x000000c59ec00000] [id=13564]
  0x000002592e25dd30 GCTaskThread "GC Thread#2" [stack: 0x000000c59ec00000,0x000000c59ed00000] [id=11960]
  0x000002592e25e290 GCTaskThread "GC Thread#3" [stack: 0x000000c59ed00000,0x000000c59ee00000] [id=11728]
  0x000002592e25e540 GCTaskThread "GC Thread#4" [stack: 0x000000c59ee00000,0x000000c59ef00000] [id=8412]
  0x000002592e25dfe0 GCTaskThread "GC Thread#5" [stack: 0x000000c59ef00000,0x000000c59f000000] [id=11952]
  0x000002592e25e7f0 GCTaskThread "GC Thread#6" [stack: 0x000000c59f000000,0x000000c59f100000] [id=10872]
  0x000002592e25eaa0 GCTaskThread "GC Thread#7" [stack: 0x000000c59f100000,0x000000c59f200000] [id=10864]
  0x000002592e25ed50 GCTaskThread "GC Thread#8" [stack: 0x000000c59f200000,0x000000c59f300000] [id=10868]
  0x000002592e25f2b0 GCTaskThread "GC Thread#9" [stack: 0x000000c59f300000,0x000000c59f400000] [id=12692]
  0x000002596f6f1ff0 ConcurrentGCThread "G1 Main Marker" [stack: 0x000000c59d800000,0x000000c59d900000] [id=14116]
  0x000002596f6f2c20 ConcurrentGCThread "G1 Conc#0" [stack: 0x000000c59d900000,0x000000c59da00000] [id=14088]
  0x000002597e97e010 ConcurrentGCThread "G1 Refine#0" [stack: 0x000000c59da00000,0x000000c59db00000] [id=13632]
  0x000002597e97e840 ConcurrentGCThread "G1 Service" [stack: 0x000000c59db00000,0x000000c59dc00000] [id=11736]

Threads with active compile tasks:

VM state: not at safepoint (normal execution)

VM Mutex/Monitor currently owned by a thread: None

Heap address: 0x0000000480000000, size: 14336 MB, Compressed Oops mode: Zero based, Oop shift amount: 3

CDS archive(s) mapped at: [0x0000000800000000-0x0000000800bc0000-0x0000000800bc0000), size 12320768, SharedBaseAddress: 0x0000000800000000, ArchiveRelocationMode: 0.
Compressed class space mapped at: 0x0000000800c00000-0x0000000840c00000, reserved size: 1073741824
Narrow klass base: 0x0000000800000000, Narrow klass shift: 0, Narrow klass range: 0x100000000

GC Precious Log:
 CPUs: 12 total, 12 available
 Memory: 32167M
 Large Page Support: Disabled
 NUMA Support: Disabled
 Compressed Oops: Enabled (Zero based)
 Heap Region Size: 8M
 Heap Min Capacity: 1G
 Heap Initial Capacity: 1G
 Heap Max Capacity: 14G
 Pre-touch: Disabled
 Parallel Workers: 10
 Concurrent Workers: 3
 Concurrent Refinement Workers: 10
 Periodic GC: Disabled

Heap:
 garbage-first heap   total 1048576K, used 278693K [0x0000000480000000, 0x0000000800000000)
  region size 8192K, 33 young (270336K), 1 survivors (8192K)
 Metaspace       used 16685K, committed 16960K, reserved 1064960K
  class space    used 1902K, committed 2048K, reserved 1048576K

Heap Regions: E=young(eden), S=young(survivor), O=old, HS=humongous(starts), HC=humongous(continues), CS=collection set, F=free, OA=open archive, CA=closed archive, TAMS=top-at-mark-start (previous, next)
|   0|0x0000000480000000, 0x0000000480800000, 0x0000000480800000|100%| O|  |TAMS 0x0000000480000000, 0x0000000480000000| Untracked 
|   1|0x0000000480800000, 0x0000000481000000, 0x0000000481000000|100%| O|  |TAMS 0x0000000480800000, 0x0000000480800000| Untracked 
|   2|0x0000000481000000, 0x0000000481145c00, 0x0000000481800000| 15%| O|  |TAMS 0x0000000481000000, 0x0000000481000000| Untracked 
|   3|0x0000000481800000, 0x0000000481800000, 0x0000000482000000|  0%| F|  |TAMS 0x0000000481800000, 0x0000000481800000| Untracked 
|   4|0x0000000482000000, 0x0000000482000000, 0x0000000482800000|  0%| F|  |TAMS 0x0000000482000000, 0x0000000482000000| Untracked 
|   5|0x0000000482800000, 0x0000000482800000, 0x0000000483000000|  0%| F|  |TAMS 0x0000000482800000, 0x0000000482800000| Untracked 
|   6|0x0000000483000000, 0x0000000483000000, 0x0000000483800000|  0%| F|  |TAMS 0x0000000483000000, 0x0000000483000000| Untracked 
|   7|0x0000000483800000, 0x0000000483800000, 0x0000000484000000|  0%| F|  |TAMS 0x0000000483800000, 0x0000000483800000| Untracked 
|   8|0x0000000484000000, 0x0000000484000000, 0x0000000484800000|  0%| F|  |TAMS 0x0000000484000000, 0x0000000484000000| Untracked 
|   9|0x0000000484800000, 0x0000000484800000, 0x0000000485000000|  0%| F|  |TAMS 0x0000000484800000, 0x0000000484800000| Untracked 
|  10|0x0000000485000000, 0x0000000485000000, 0x0000000485800000|  0%| F|  |TAMS 0x0000000485000000, 0x0000000485000000| Untracked 
|  11|0x0000000485800000, 0x0000000485800000, 0x0000000486000000|  0%| F|  |TAMS 0x0000000485800000, 0x0000000485800000| Untracked 
|  12|0x0000000486000000, 0x0000000486000000, 0x0000000486800000|  0%| F|  |TAMS 0x0000000486000000, 0x0000000486000000| Untracked 
|  13|0x0000000486800000, 0x0000000486800000, 0x0000000487000000|  0%| F|  |TAMS 0x0000000486800000, 0x0000000486800000| Untracked 
|  14|0x0000000487000000, 0x0000000487000000, 0x0000000487800000|  0%| F|  |TAMS 0x0000000487000000, 0x0000000487000000| Untracked 
|  15|0x0000000487800000, 0x0000000487800000, 0x0000000488000000|  0%| F|  |TAMS 0x0000000487800000, 0x0000000487800000| Untracked 
|  16|0x0000000488000000, 0x0000000488000000, 0x0000000488800000|  0%| F|  |TAMS 0x0000000488000000, 0x0000000488000000| Untracked 
|  17|0x0000000488800000, 0x0000000488800000, 0x0000000489000000|  0%| F|  |TAMS 0x0000000488800000, 0x0000000488800000| Untracked 
|  18|0x0000000489000000, 0x0000000489000000, 0x0000000489800000|  0%| F|  |TAMS 0x0000000489000000, 0x0000000489000000| Untracked 
|  19|0x0000000489800000, 0x0000000489800000, 0x000000048a000000|  0%| F|  |TAMS 0x0000000489800000, 0x0000000489800000| Untracked 
|  20|0x000000048a000000, 0x000000048a000000, 0x000000048a800000|  0%| F|  |TAMS 0x000000048a000000, 0x000000048a000000| Untracked 
|  21|0x000000048a800000, 0x000000048a800000, 0x000000048b000000|  0%| F|  |TAMS 0x000000048a800000, 0x000000048a800000| Untracked 
|  22|0x000000048b000000, 0x000000048b000000, 0x000000048b800000|  0%| F|  |TAMS 0x000000048b000000, 0x000000048b000000| Untracked 
|  23|0x000000048b800000, 0x000000048b800000, 0x000000048c000000|  0%| F|  |TAMS 0x000000048b800000, 0x000000048b800000| Untracked 
|  24|0x000000048c000000, 0x000000048c000000, 0x000000048c800000|  0%| F|  |TAMS 0x000000048c000000, 0x000000048c000000| Untracked 
|  25|0x000000048c800000, 0x000000048c800000, 0x000000048d000000|  0%| F|  |TAMS 0x000000048c800000, 0x000000048c800000| Untracked 
|  26|0x000000048d000000, 0x000000048d000000, 0x000000048d800000|  0%| F|  |TAMS 0x000000048d000000, 0x000000048d000000| Untracked 
|  27|0x000000048d800000, 0x000000048d800000, 0x000000048e000000|  0%| F|  |TAMS 0x000000048d800000, 0x000000048d800000| Untracked 
|  28|0x000000048e000000, 0x000000048e000000, 0x000000048e800000|  0%| F|  |TAMS 0x000000048e000000, 0x000000048e000000| Untracked 
|  29|0x000000048e800000, 0x000000048e800000, 0x000000048f000000|  0%| F|  |TAMS 0x000000048e800000, 0x000000048e800000| Untracked 
|  30|0x000000048f000000, 0x000000048f000000, 0x000000048f800000|  0%| F|  |TAMS 0x000000048f000000, 0x000000048f000000| Untracked 
|  31|0x000000048f800000, 0x000000048f800000, 0x0000000490000000|  0%| F|  |TAMS 0x000000048f800000, 0x000000048f800000| Untracked 
|  32|0x0000000490000000, 0x0000000490000000, 0x0000000490800000|  0%| F|  |TAMS 0x0000000490000000, 0x0000000490000000| Untracked 
|  33|0x0000000490800000, 0x0000000490800000, 0x0000000491000000|  0%| F|  |TAMS 0x0000000490800000, 0x0000000490800000| Untracked 
|  34|0x0000000491000000, 0x0000000491000000, 0x0000000491800000|  0%| F|  |TAMS 0x0000000491000000, 0x0000000491000000| Untracked 
|  35|0x0000000491800000, 0x0000000491800000, 0x0000000492000000|  0%| F|  |TAMS 0x0000000491800000, 0x0000000491800000| Untracked 
|  36|0x0000000492000000, 0x0000000492000000, 0x0000000492800000|  0%| F|  |TAMS 0x0000000492000000, 0x0000000492000000| Untracked 
|  37|0x0000000492800000, 0x0000000492800000, 0x0000000493000000|  0%| F|  |TAMS 0x0000000492800000, 0x0000000492800000| Untracked 
|  38|0x0000000493000000, 0x0000000493000000, 0x0000000493800000|  0%| F|  |TAMS 0x0000000493000000, 0x0000000493000000| Untracked 
|  39|0x0000000493800000, 0x0000000493800000, 0x0000000494000000|  0%| F|  |TAMS 0x0000000493800000, 0x0000000493800000| Untracked 
|  40|0x0000000494000000, 0x0000000494000000, 0x0000000494800000|  0%| F|  |TAMS 0x0000000494000000, 0x0000000494000000| Untracked 
|  41|0x0000000494800000, 0x0000000494800000, 0x0000000495000000|  0%| F|  |TAMS 0x0000000494800000, 0x0000000494800000| Untracked 
|  42|0x0000000495000000, 0x0000000495000000, 0x0000000495800000|  0%| F|  |TAMS 0x0000000495000000, 0x0000000495000000| Untracked 
|  43|0x0000000495800000, 0x0000000495800000, 0x0000000496000000|  0%| F|  |TAMS 0x0000000495800000, 0x0000000495800000| Untracked 
|  44|0x0000000496000000, 0x0000000496000000, 0x0000000496800000|  0%| F|  |TAMS 0x0000000496000000, 0x0000000496000000| Untracked 
|  45|0x0000000496800000, 0x0000000496800000, 0x0000000497000000|  0%| F|  |TAMS 0x0000000496800000, 0x0000000496800000| Untracked 
|  46|0x0000000497000000, 0x0000000497000000, 0x0000000497800000|  0%| F|  |TAMS 0x0000000497000000, 0x0000000497000000| Untracked 
|  47|0x0000000497800000, 0x0000000497800000, 0x0000000498000000|  0%| F|  |TAMS 0x0000000497800000, 0x0000000497800000| Untracked 
|  48|0x0000000498000000, 0x0000000498000000, 0x0000000498800000|  0%| F|  |TAMS 0x0000000498000000, 0x0000000498000000| Untracked 
|  49|0x0000000498800000, 0x0000000498800000, 0x0000000499000000|  0%| F|  |TAMS 0x0000000498800000, 0x0000000498800000| Untracked 
|  50|0x0000000499000000, 0x0000000499000000, 0x0000000499800000|  0%| F|  |TAMS 0x0000000499000000, 0x0000000499000000| Untracked 
|  51|0x0000000499800000, 0x0000000499800000, 0x000000049a000000|  0%| F|  |TAMS 0x0000000499800000, 0x0000000499800000| Untracked 
|  52|0x000000049a000000, 0x000000049a000000, 0x000000049a800000|  0%| F|  |TAMS 0x000000049a000000, 0x000000049a000000| Untracked 
|  53|0x000000049a800000, 0x000000049a800000, 0x000000049b000000|  0%| F|  |TAMS 0x000000049a800000, 0x000000049a800000| Untracked 
|  54|0x000000049b000000, 0x000000049b000000, 0x000000049b800000|  0%| F|  |TAMS 0x000000049b000000, 0x000000049b000000| Untracked 
|  55|0x000000049b800000, 0x000000049b800000, 0x000000049c000000|  0%| F|  |TAMS 0x000000049b800000, 0x000000049b800000| Untracked 
|  56|0x000000049c000000, 0x000000049c000000, 0x000000049c800000|  0%| F|  |TAMS 0x000000049c000000, 0x000000049c000000| Untracked 
|  57|0x000000049c800000, 0x000000049c800000, 0x000000049d000000|  0%| F|  |TAMS 0x000000049c800000, 0x000000049c800000| Untracked 
|  58|0x000000049d000000, 0x000000049d000000, 0x000000049d800000|  0%| F|  |TAMS 0x000000049d000000, 0x000000049d000000| Untracked 
|  59|0x000000049d800000, 0x000000049d800000, 0x000000049e000000|  0%| F|  |TAMS 0x000000049d800000, 0x000000049d800000| Untracked 
|  60|0x000000049e000000, 0x000000049e000000, 0x000000049e800000|  0%| F|  |TAMS 0x000000049e000000, 0x000000049e000000| Untracked 
|  61|0x000000049e800000, 0x000000049e800000, 0x000000049f000000|  0%| F|  |TAMS 0x000000049e800000, 0x000000049e800000| Untracked 
|  62|0x000000049f000000, 0x000000049f000000, 0x000000049f800000|  0%| F|  |TAMS 0x000000049f000000, 0x000000049f000000| Untracked 
|  63|0x000000049f800000, 0x000000049f800000, 0x00000004a0000000|  0%| F|  |TAMS 0x000000049f800000, 0x000000049f800000| Untracked 
|  64|0x00000004a0000000, 0x00000004a0000000, 0x00000004a0800000|  0%| F|  |TAMS 0x00000004a0000000, 0x00000004a0000000| Untracked 
|  65|0x00000004a0800000, 0x00000004a0800000, 0x00000004a1000000|  0%| F|  |TAMS 0x00000004a0800000, 0x00000004a0800000| Untracked 
|  66|0x00000004a1000000, 0x00000004a1000000, 0x00000004a1800000|  0%| F|  |TAMS 0x00000004a1000000, 0x00000004a1000000| Untracked 
|  67|0x00000004a1800000, 0x00000004a1800000, 0x00000004a2000000|  0%| F|  |TAMS 0x00000004a1800000, 0x00000004a1800000| Untracked 
|  68|0x00000004a2000000, 0x00000004a2000000, 0x00000004a2800000|  0%| F|  |TAMS 0x00000004a2000000, 0x00000004a2000000| Untracked 
|  69|0x00000004a2800000, 0x00000004a2800000, 0x00000004a3000000|  0%| F|  |TAMS 0x00000004a2800000, 0x00000004a2800000| Untracked 
|  70|0x00000004a3000000, 0x00000004a3000000, 0x00000004a3800000|  0%| F|  |TAMS 0x00000004a3000000, 0x00000004a3000000| Untracked 
|  71|0x00000004a3800000, 0x00000004a3800000, 0x00000004a4000000|  0%| F|  |TAMS 0x00000004a3800000, 0x00000004a3800000| Untracked 
|  72|0x00000004a4000000, 0x00000004a4000000, 0x00000004a4800000|  0%| F|  |TAMS 0x00000004a4000000, 0x00000004a4000000| Untracked 
|  73|0x00000004a4800000, 0x00000004a4800000, 0x00000004a5000000|  0%| F|  |TAMS 0x00000004a4800000, 0x00000004a4800000| Untracked 
|  74|0x00000004a5000000, 0x00000004a5000000, 0x00000004a5800000|  0%| F|  |TAMS 0x00000004a5000000, 0x00000004a5000000| Untracked 
|  75|0x00000004a5800000, 0x00000004a5800000, 0x00000004a6000000|  0%| F|  |TAMS 0x00000004a5800000, 0x00000004a5800000| Untracked 
|  76|0x00000004a6000000, 0x00000004a6000000, 0x00000004a6800000|  0%| F|  |TAMS 0x00000004a6000000, 0x00000004a6000000| Untracked 
|  77|0x00000004a6800000, 0x00000004a6800000, 0x00000004a7000000|  0%| F|  |TAMS 0x00000004a6800000, 0x00000004a6800000| Untracked 
|  78|0x00000004a7000000, 0x00000004a7000000, 0x00000004a7800000|  0%| F|  |TAMS 0x00000004a7000000, 0x00000004a7000000| Untracked 
|  79|0x00000004a7800000, 0x00000004a7800000, 0x00000004a8000000|  0%| F|  |TAMS 0x00000004a7800000, 0x00000004a7800000| Untracked 
|  80|0x00000004a8000000, 0x00000004a8000000, 0x00000004a8800000|  0%| F|  |TAMS 0x00000004a8000000, 0x00000004a8000000| Untracked 
|  81|0x00000004a8800000, 0x00000004a8800000, 0x00000004a9000000|  0%| F|  |TAMS 0x00000004a8800000, 0x00000004a8800000| Untracked 
|  82|0x00000004a9000000, 0x00000004a9000000, 0x00000004a9800000|  0%| F|  |TAMS 0x00000004a9000000, 0x00000004a9000000| Untracked 
|  83|0x00000004a9800000, 0x00000004a9800000, 0x00000004aa000000|  0%| F|  |TAMS 0x00000004a9800000, 0x00000004a9800000| Untracked 
|  84|0x00000004aa000000, 0x00000004aa000000, 0x00000004aa800000|  0%| F|  |TAMS 0x00000004aa000000, 0x00000004aa000000| Untracked 
|  85|0x00000004aa800000, 0x00000004aa800000, 0x00000004ab000000|  0%| F|  |TAMS 0x00000004aa800000, 0x00000004aa800000| Untracked 
|  86|0x00000004ab000000, 0x00000004ab000000, 0x00000004ab800000|  0%| F|  |TAMS 0x00000004ab000000, 0x00000004ab000000| Untracked 
|  87|0x00000004ab800000, 0x00000004ab800000, 0x00000004ac000000|  0%| F|  |TAMS 0x00000004ab800000, 0x00000004ab800000| Untracked 
|  88|0x00000004ac000000, 0x00000004ac000000, 0x00000004ac800000|  0%| F|  |TAMS 0x00000004ac000000, 0x00000004ac000000| Untracked 
|  89|0x00000004ac800000, 0x00000004ac800000, 0x00000004ad000000|  0%| F|  |TAMS 0x00000004ac800000, 0x00000004ac800000| Untracked 
|  90|0x00000004ad000000, 0x00000004ad000000, 0x00000004ad800000|  0%| F|  |TAMS 0x00000004ad000000, 0x00000004ad000000| Untracked 
|  91|0x00000004ad800000, 0x00000004ad800000, 0x00000004ae000000|  0%| F|  |TAMS 0x00000004ad800000, 0x00000004ad800000| Untracked 
|  92|0x00000004ae000000, 0x00000004ae000000, 0x00000004ae800000|  0%| F|  |TAMS 0x00000004ae000000, 0x00000004ae000000| Untracked 
|  93|0x00000004ae800000, 0x00000004ae800000, 0x00000004af000000|  0%| F|  |TAMS 0x00000004ae800000, 0x00000004ae800000| Untracked 
|  94|0x00000004af000000, 0x00000004af000000, 0x00000004af800000|  0%| F|  |TAMS 0x00000004af000000, 0x00000004af000000| Untracked 
|  95|0x00000004af800000, 0x00000004afc00800, 0x00000004b0000000| 50%| E|  |TAMS 0x00000004af800000, 0x00000004af800000| Complete 
|  96|0x00000004b0000000, 0x00000004b0800000, 0x00000004b0800000|100%| E|CS|TAMS 0x00000004b0000000, 0x00000004b0000000| Complete 
|  97|0x00000004b0800000, 0x00000004b1000000, 0x00000004b1000000|100%| E|CS|TAMS 0x00000004b0800000, 0x00000004b0800000| Complete 
|  98|0x00000004b1000000, 0x00000004b1800000, 0x00000004b1800000|100%| E|CS|TAMS 0x00000004b1000000, 0x00000004b1000000| Complete 
|  99|0x00000004b1800000, 0x00000004b2000000, 0x00000004b2000000|100%| E|CS|TAMS 0x00000004b1800000, 0x00000004b1800000| Complete 
| 100|0x00000004b2000000, 0x00000004b2800000, 0x00000004b2800000|100%| E|CS|TAMS 0x00000004b2000000, 0x00000004b2000000| Complete 
| 101|0x00000004b2800000, 0x00000004b3000000, 0x00000004b3000000|100%| E|CS|TAMS 0x00000004b2800000, 0x00000004b2800000| Complete 
| 102|0x00000004b3000000, 0x00000004b3800000, 0x00000004b3800000|100%| E|CS|TAMS 0x00000004b3000000, 0x00000004b3000000| Complete 
| 103|0x00000004b3800000, 0x00000004b4000000, 0x00000004b4000000|100%| E|CS|TAMS 0x00000004b3800000, 0x00000004b3800000| Complete 
| 104|0x00000004b4000000, 0x00000004b4800000, 0x00000004b4800000|100%| E|CS|TAMS 0x00000004b4000000, 0x00000004b4000000| Complete 
| 105|0x00000004b4800000, 0x00000004b5000000, 0x00000004b5000000|100%| E|CS|TAMS 0x00000004b4800000, 0x00000004b4800000| Complete 
| 106|0x00000004b5000000, 0x00000004b5800000, 0x00000004b5800000|100%| E|CS|TAMS 0x00000004b5000000, 0x00000004b5000000| Complete 
| 107|0x00000004b5800000, 0x00000004b6000000, 0x00000004b6000000|100%| E|CS|TAMS 0x00000004b5800000, 0x00000004b5800000| Complete 
| 108|0x00000004b6000000, 0x00000004b6800000, 0x00000004b6800000|100%| E|CS|TAMS 0x00000004b6000000, 0x00000004b6000000| Complete 
| 109|0x00000004b6800000, 0x00000004b7000000, 0x00000004b7000000|100%| E|CS|TAMS 0x00000004b6800000, 0x00000004b6800000| Complete 
| 110|0x00000004b7000000, 0x00000004b7800000, 0x00000004b7800000|100%| E|CS|TAMS 0x00000004b7000000, 0x00000004b7000000| Complete 
| 111|0x00000004b7800000, 0x00000004b8000000, 0x00000004b8000000|100%| E|CS|TAMS 0x00000004b7800000, 0x00000004b7800000| Complete 
| 112|0x00000004b8000000, 0x00000004b86e38a0, 0x00000004b8800000| 86%| S|CS|TAMS 0x00000004b8000000, 0x00000004b8000000| Complete 
| 113|0x00000004b8800000, 0x00000004b9000000, 0x00000004b9000000|100%| E|CS|TAMS 0x00000004b8800000, 0x00000004b8800000| Complete 
| 114|0x00000004b9000000, 0x00000004b9800000, 0x00000004b9800000|100%| E|CS|TAMS 0x00000004b9000000, 0x00000004b9000000| Complete 
| 115|0x00000004b9800000, 0x00000004ba000000, 0x00000004ba000000|100%| E|CS|TAMS 0x00000004b9800000, 0x00000004b9800000| Complete 
| 116|0x00000004ba000000, 0x00000004ba800000, 0x00000004ba800000|100%| E|CS|TAMS 0x00000004ba000000, 0x00000004ba000000| Complete 
| 117|0x00000004ba800000, 0x00000004bb000000, 0x00000004bb000000|100%| E|CS|TAMS 0x00000004ba800000, 0x00000004ba800000| Complete 
| 118|0x00000004bb000000, 0x00000004bb800000, 0x00000004bb800000|100%| E|CS|TAMS 0x00000004bb000000, 0x00000004bb000000| Complete 
| 119|0x00000004bb800000, 0x00000004bc000000, 0x00000004bc000000|100%| E|CS|TAMS 0x00000004bb800000, 0x00000004bb800000| Complete 
| 120|0x00000004bc000000, 0x00000004bc800000, 0x00000004bc800000|100%| E|CS|TAMS 0x00000004bc000000, 0x00000004bc000000| Complete 
| 121|0x00000004bc800000, 0x00000004bd000000, 0x00000004bd000000|100%| E|CS|TAMS 0x00000004bc800000, 0x00000004bc800000| Complete 
| 122|0x00000004bd000000, 0x00000004bd800000, 0x00000004bd800000|100%| E|CS|TAMS 0x00000004bd000000, 0x00000004bd000000| Complete 
| 123|0x00000004bd800000, 0x00000004be000000, 0x00000004be000000|100%| E|CS|TAMS 0x00000004bd800000, 0x00000004bd800000| Complete 
| 124|0x00000004be000000, 0x00000004be800000, 0x00000004be800000|100%| E|CS|TAMS 0x00000004be000000, 0x00000004be000000| Complete 
| 125|0x00000004be800000, 0x00000004bf000000, 0x00000004bf000000|100%| E|CS|TAMS 0x00000004be800000, 0x00000004be800000| Complete 
| 126|0x00000004bf000000, 0x00000004bf800000, 0x00000004bf800000|100%| E|CS|TAMS 0x00000004bf000000, 0x00000004bf000000| Complete 
| 127|0x00000004bf800000, 0x00000004c0000000, 0x00000004c0000000|100%| E|CS|TAMS 0x00000004bf800000, 0x00000004bf800000| Complete 

Card table byte_map: [0x000002597af20000,0x000002597cb20000] _byte_map_base: 0x0000025978b20000

Marking Bits (Prev, Next): (CMBitMap*) 0x000002596f6e3900, (CMBitMap*) 0x000002596f6e3940
 Prev Bits: [0x000002590f000000, 0x000002591d000000)
 Next Bits: [0x000002591d000000, 0x000002592b000000)

Polling page: 0x000002596f320000

Metaspace:

Usage:
  Non-class:     14.44 MB used.
      Class:      1.86 MB used.
       Both:     16.29 MB used.

Virtual space:
  Non-class space:       16.00 MB reserved,      14.56 MB ( 91%) committed,  2 nodes.
      Class space:        1.00 GB reserved,       2.00 MB ( <1%) committed,  1 nodes.
             Both:        1.02 GB reserved,      16.56 MB (  2%) committed. 

Chunk freelists:
   Non-Class:  836.00 KB
       Class:  1.84 MB
        Both:  2.65 MB

MaxMetaspaceSize: unlimited
CompressedClassSpaceSize: 1.00 GB
Initial GC threshold: 21.00 MB
Current GC threshold: 21.00 MB
CDS: on
MetaspaceReclaimPolicy: balanced
 - commit_granule_bytes: 65536.
 - commit_granule_words: 8192.
 - virtual_space_node_default_size: 1048576.
 - enlarge_chunks_in_place: 1.
 - new_chunks_are_fully_committed: 0.
 - uncommit_free_chunks: 1.
 - use_allocation_guard: 0.
 - handle_deallocations: 1.


Internal statistics:

num_allocs_failed_limit: 0.
num_arena_births: 298.
num_arena_deaths: 0.
num_vsnodes_births: 3.
num_vsnodes_deaths: 0.
num_space_committed: 265.
num_space_uncommitted: 0.
num_chunks_returned_to_freelist: 0.
num_chunks_taken_from_freelist: 718.
num_chunk_merges: 0.
num_chunk_splits: 444.
num_chunks_enlarged: 291.
num_purges: 0.
num_inconsistent_stats: 0.

CodeHeap 'non-profiled nmethods': size=120000Kb used=2654Kb max_used=2654Kb free=117345Kb
 bounds [0x0000025907ad0000, 0x0000025907d70000, 0x000002590f000000]
CodeHeap 'profiled nmethods': size=120000Kb used=6705Kb max_used=6705Kb free=113294Kb
 bounds [0x00000259005a0000, 0x0000025900c30000, 0x0000025907ad0000]
CodeHeap 'non-nmethods': size=5760Kb used=1623Kb max_used=1665Kb free=4137Kb
 bounds [0x0000025900000000, 0x0000025900270000, 0x00000259005a0000]
 total_blobs=4665 nmethods=3616 adapters=961
 compilation: enabled
              stopped_count=0, restarted_count=0
 full_count=0

Compilation events (20 events):
Event: 2.636 Thread 0x000002597f59b220 3643       3       java.lang.invoke.LambdaForm::methodType (48 bytes)
Event: 2.636 Thread 0x000002597f59b220 nmethod 3643 0x0000025900c29810 code [0x0000025900c29a00, 0x0000025900c2a018]
Event: 2.636 Thread 0x000002597f59b220 3644       3       java.lang.invoke.LambdaFormBuffer::indexOf (33 bytes)
Event: 2.636 Thread 0x000002597f59b220 nmethod 3644 0x0000025900c2a290 code [0x0000025900c2a460, 0x0000025900c2a818]
Event: 2.636 Thread 0x000002597f59b220 3646       3       jdk.internal.org.objectweb.asm.AnnotationWriter::<init> (60 bytes)
Event: 2.636 Thread 0x000002597f59b220 nmethod 3646 0x0000025900c2a910 code [0x0000025900c2aae0, 0x0000025900c2af08]
Event: 2.636 Thread 0x000002597f59b220 3647       3       jdk.internal.org.objectweb.asm.AnnotationVisitor::<init> (7 bytes)
Event: 2.636 Thread 0x000002597f59b220 nmethod 3647 0x0000025900c2b090 code [0x0000025900c2b240, 0x0000025900c2b388]
Event: 2.637 Thread 0x000002597f59b220 3648       3       jdk.internal.org.objectweb.asm.AnnotationVisitor::<init> (88 bytes)
Event: 2.637 Thread 0x000002597f59b220 nmethod 3648 0x0000025900c2b410 code [0x0000025900c2b660, 0x0000025900c2bf48]
Event: 2.637 Thread 0x000002597f59b220 3649       3       jdk.internal.org.objectweb.asm.AnnotationWriter::visitEnd (44 bytes)
Event: 2.637 Thread 0x000002597f59b220 nmethod 3649 0x0000025900c2c210 code [0x0000025900c2c3a0, 0x0000025900c2c558]
Event: 2.637 Thread 0x000002597f59b220 3651       1       sun.util.calendar.BaseCalendar$Date::getCachedJan1 (5 bytes)
Event: 2.637 Thread 0x000002597f59b220 nmethod 3651 0x0000025907d59310 code [0x0000025907d594a0, 0x0000025907d59578]
Event: 2.637 Thread 0x000002597f59b220 3645       1       java.lang.invoke.InvokerBytecodeGenerator::setClassWriter (6 bytes)
Event: 2.637 Thread 0x000002597f59b220 nmethod 3645 0x0000025907d59610 code [0x0000025907d597a0, 0x0000025907d598b8]
Event: 2.637 Thread 0x000002597f59b220 3650       1       java.lang.Class::getClassData (5 bytes)
Event: 2.637 Thread 0x000002597f59b220 nmethod 3650 0x0000025907d59910 code [0x0000025907d59aa0, 0x0000025907d59b78]
Event: 2.647 Thread 0x000002592dca32f0 nmethod 3641 0x0000025907d59c10 code [0x0000025907d59e00, 0x0000025907d5ae08]
Event: 2.657 Thread 0x000002597f6c5da0 nmethod 3642 0x0000025907d5b410 code [0x0000025907d5b600, 0x0000025907d5cdb8]

GC Heap History (8 events):
Event: 0.568 GC heap before
{Heap before GC invocations=0 (full 0):
 garbage-first heap   total 1048576K, used 40960K [0x0000000480000000, 0x0000000800000000)
  region size 8192K, 6 young (49152K), 0 survivors (0K)
 Metaspace       used 4752K, committed 4992K, reserved 1056768K
  class space    used 474K, committed 576K, reserved 1048576K
}
Event: 0.572 GC heap after
{Heap after GC invocations=1 (full 0):
 garbage-first heap   total 1048576K, used 11361K [0x0000000480000000, 0x0000000800000000)
  region size 8192K, 1 young (8192K), 1 survivors (8192K)
 Metaspace       used 4752K, committed 4992K, reserved 1056768K
  class space    used 474K, committed 576K, reserved 1048576K
}
Event: 0.735 GC heap before
{Heap before GC invocations=1 (full 0):
 garbage-first heap   total 1048576K, used 52321K [0x0000000480000000, 0x0000000800000000)
  region size 8192K, 6 young (49152K), 1 survivors (8192K)
 Metaspace       used 4842K, committed 5056K, reserved 1056768K
  class space    used 474K, committed 576K, reserved 1048576K
}
Event: 0.738 GC heap after
{Heap after GC invocations=2 (full 0):
 garbage-first heap   total 1048576K, used 17849K [0x0000000480000000, 0x0000000800000000)
  region size 8192K, 1 young (8192K), 1 survivors (8192K)
 Metaspace       used 4842K, committed 5056K, reserved 1056768K
  class space    used 474K, committed 576K, reserved 1048576K
}
Event: 0.803 GC heap before
{Heap before GC invocations=2 (full 0):
 garbage-first heap   total 1048576K, used 67001K [0x0000000480000000, 0x0000000800000000)
  region size 8192K, 7 young (57344K), 1 survivors (8192K)
 Metaspace       used 4847K, committed 5056K, reserved 1056768K
  class space    used 474K, committed 576K, reserved 1048576K
}
Event: 0.805 GC heap after
{Heap after GC invocations=3 (full 0):
 garbage-first heap   total 1048576K, used 19621K [0x0000000480000000, 0x0000000800000000)
  region size 8192K, 1 young (8192K), 1 survivors (8192K)
 Metaspace       used 4847K, committed 5056K, reserved 1056768K
  class space    used 474K, committed 576K, reserved 1048576K
}
Event: 1.278 GC heap before
{Heap before GC invocations=3 (full 0):
 garbage-first heap   total 1048576K, used 134309K [0x0000000480000000, 0x0000000800000000)
  region size 8192K, 15 young (122880K), 1 survivors (8192K)
 Metaspace       used 5046K, committed 5312K, reserved 1056768K
  class space    used 483K, committed 640K, reserved 1048576K
}
Event: 1.280 GC heap after
{Heap after GC invocations=4 (full 0):
 garbage-first heap   total 1048576K, used 24741K [0x0000000480000000, 0x0000000800000000)
  region size 8192K, 1 young (8192K), 1 survivors (8192K)
 Metaspace       used 5046K, committed 5312K, reserved 1056768K
  class space    used 483K, committed 640K, reserved 1048576K
}

Deoptimization events (20 events):
Event: 2.337 Thread 0x000002596f646650 Uncommon trap: trap_request=0xffffffc6 fr.pc=0x0000025907b9f17c relative=0x0000000000000c5c
Event: 2.337 Thread 0x000002596f646650 Uncommon trap: reason=bimorphic_or_optimized_type_check action=maybe_recompile pc=0x0000025907b9f17c method=java.util.stream.AbstractPipeline.evaluate(Ljava/util/Spliterator;ZLjava/util/function/IntFunction;)Ljava/util/stream/Node; @ 23 c2
Event: 2.337 Thread 0x000002596f646650 DEOPT PACKING pc=0x0000025907b9f17c sp=0x000000c59d6fd4e0
Event: 2.337 Thread 0x000002596f646650 DEOPT UNPACKING pc=0x00000259000523a3 sp=0x000000c59d6fd438 mode 2
Event: 2.435 Thread 0x000002596f646650 Uncommon trap: trap_request=0xffffffcc fr.pc=0x0000025907cf64f0 relative=0x00000000000032b0
Event: 2.435 Thread 0x000002596f646650 Uncommon trap: reason=intrinsic_or_type_checked_inlining action=make_not_entrant pc=0x0000025907cf64f0 method=java.util.ArrayList.toArray([Ljava/lang/Object;)[Ljava/lang/Object; @ 36 c2
Event: 2.435 Thread 0x000002596f646650 DEOPT PACKING pc=0x0000025907cf64f0 sp=0x000000c59d6fe960
Event: 2.435 Thread 0x000002596f646650 DEOPT UNPACKING pc=0x00000259000523a3 sp=0x000000c59d6fe810 mode 2
Event: 2.436 Thread 0x000002596f646650 Uncommon trap: trap_request=0xffffffcc fr.pc=0x0000025907cea1c8 relative=0x0000000000002268
Event: 2.436 Thread 0x000002596f646650 Uncommon trap: reason=intrinsic_or_type_checked_inlining action=make_not_entrant pc=0x0000025907cea1c8 method=java.util.ArrayList.toArray([Ljava/lang/Object;)[Ljava/lang/Object; @ 36 c2
Event: 2.436 Thread 0x000002596f646650 DEOPT PACKING pc=0x0000025907cea1c8 sp=0x000000c59d6fe8c0
Event: 2.436 Thread 0x000002596f646650 DEOPT UNPACKING pc=0x00000259000523a3 sp=0x000000c59d6fe800 mode 2
Event: 2.519 Thread 0x000002596f646650 Uncommon trap: trap_request=0xffffffc6 fr.pc=0x0000025907d3ce0c relative=0x00000000000012cc
Event: 2.519 Thread 0x000002596f646650 Uncommon trap: reason=bimorphic_or_optimized_type_check action=maybe_recompile pc=0x0000025907d3ce0c method=java.util.stream.AbstractPipeline.exactOutputSizeIfKnown(Ljava/util/Spliterator;)J @ 16 c2
Event: 2.519 Thread 0x000002596f646650 DEOPT PACKING pc=0x0000025907d3ce0c sp=0x000000c59d6fee60
Event: 2.519 Thread 0x000002596f646650 DEOPT UNPACKING pc=0x00000259000523a3 sp=0x000000c59d6fedf8 mode 2
Event: 2.635 Thread 0x000002592e69a3d0 Uncommon trap: trap_request=0xffffff45 fr.pc=0x0000025907c13024 relative=0x0000000000000104
Event: 2.635 Thread 0x000002592e69a3d0 Uncommon trap: reason=unstable_if action=reinterpret pc=0x0000025907c13024 method=java.util.concurrent.TimeUnit.convert(JLjava/util/concurrent/TimeUnit;)J @ 8 c2
Event: 2.635 Thread 0x000002592e69a3d0 DEOPT PACKING pc=0x0000025907c13024 sp=0x000000c59f7ff100
Event: 2.635 Thread 0x000002592e69a3d0 DEOPT UNPACKING pc=0x00000259000523a3 sp=0x000000c59f7ff0b0 mode 2

Classes unloaded (0 events):
No events

Classes redefined (0 events):
No events

Internal exceptions (20 events):
Event: 2.485 Thread 0x000002596f646650 Exception <a 'java/lang/NoSuchMethodError'{0x00000004b0bbe4f8}: 'void java.lang.invoke.DirectMethodHandle$Holder.invokeStaticInit(java.lang.Object, java.lang.Object)'> (0x00000004b0bbe4f8) 
thrown [t:\workspace\open\src\hotspot\share\interpreter\linkResolver.cpp, line 766]
Event: 2.486 Thread 0x000002596f646650 Exception <a 'java/lang/NoSuchMethodError'{0x00000004b0bcad70}: 'java.lang.Object java.lang.invoke.DirectMethodHandle$Holder.invokeStaticInit(java.lang.Object, java.lang.Object, java.lang.Object, java.lang.Object)'> (0x00000004b0bcad70) 
thrown [t:\workspace\open\src\hotspot\share\interpreter\linkResolver.cpp, line 766]
Event: 2.486 Thread 0x000002596f646650 Exception <a 'java/lang/IncompatibleClassChangeError'{0x00000004b0bd0618}: Found class java.lang.Object, but interface was expected> (0x00000004b0bd0618) 
thrown [t:\workspace\open\src\hotspot\share\interpreter\linkResolver.cpp, line 833]
Event: 2.489 Thread 0x000002596f646650 Exception <a 'java/lang/IncompatibleClassChangeError'{0x00000004b0c07800}: Found class java.lang.Object, but interface was expected> (0x00000004b0c07800) 
thrown [t:\workspace\open\src\hotspot\share\interpreter\linkResolver.cpp, line 833]
Event: 2.512 Thread 0x000002596f646650 Exception <a 'sun/nio/fs/WindowsException'{0x00000004b0d9c6f8}> (0x00000004b0d9c6f8) 
thrown [t:\workspace\open\src\hotspot\share\prims\jni.cpp, line 516]
Event: 2.519 Thread 0x000002596f646650 Exception <a 'java/lang/NoSuchMethodError'{0x00000004b0ddff88}: 'java.lang.Object java.lang.invoke.DirectMethodHandle$Holder.invokeVirtual(java.lang.Object, java.lang.Object, java.lang.Object)'> (0x00000004b0ddff88) 
thrown [t:\workspace\open\src\hotspot\share\interpreter\linkResolver.cpp, line 766]
Event: 2.534 Thread 0x000002596f646650 Exception <a 'sun/nio/fs/WindowsException'{0x00000004b0ee43a8}> (0x00000004b0ee43a8) 
thrown [t:\workspace\open\src\hotspot\share\prims\jni.cpp, line 516]
Event: 2.536 Thread 0x000002596f646650 Exception <a 'java/lang/NoSuchMethodError'{0x00000004b0f13088}: 'java.lang.Object java.lang.invoke.DirectMethodHandle$Holder.invokeStatic(java.lang.Object, int, java.lang.Object, java.lang.Object, java.lang.Object, java.lang.Object)'> (0x00000004b0f13088) 
thrown [t:\workspace\open\src\hotspot\share\interpreter\linkResolver.cpp, line 766]
Event: 2.537 Thread 0x000002596f646650 Exception <a 'java/lang/NoSuchMethodError'{0x00000004b0f1b8b0}: 'java.lang.Object java.lang.invoke.DirectMethodHandle$Holder.newInvokeSpecial(java.lang.Object, int, java.lang.Object, java.lang.Object)'> (0x00000004b0f1b8b0) 
thrown [t:\workspace\open\src\hotspot\share\interpreter\linkResolver.cpp, line 766]
Event: 2.537 Thread 0x000002596f646650 Exception <a 'java/lang/NoSuchMethodError'{0x00000004b0f1f9b8}: 'java.lang.Object java.lang.invoke.DirectMethodHandle$Holder.invokeSpecial(java.lang.Object, java.lang.Object, int, java.lang.Object, java.lang.Object)'> (0x00000004b0f1f9b8) 
thrown [t:\workspace\open\src\hotspot\share\interpreter\linkResolver.cpp, line 766]
Event: 2.566 Thread 0x000002596f646650 Exception <a 'sun/nio/fs/WindowsException'{0x00000004b0273318}> (0x00000004b0273318) 
thrown [t:\workspace\open\src\hotspot\share\prims\jni.cpp, line 516]
Event: 2.567 Thread 0x000002596f646650 Exception <a 'sun/nio/fs/WindowsException'{0x00000004b0273670}> (0x00000004b0273670) 
thrown [t:\workspace\open\src\hotspot\share\prims\jni.cpp, line 516]
Event: 2.574 Thread 0x000002596f646650 Exception <a 'sun/nio/fs/WindowsException'{0x00000004b03d7390}> (0x00000004b03d7390) 
thrown [t:\workspace\open\src\hotspot\share\prims\jni.cpp, line 516]
Event: 2.574 Thread 0x000002596f646650 Exception <a 'sun/nio/fs/WindowsException'{0x00000004b03d7700}> (0x00000004b03d7700) 
thrown [t:\workspace\open\src\hotspot\share\prims\jni.cpp, line 516]
Event: 2.580 Thread 0x000002596f646650 Exception <a 'java/lang/NoSuchMethodError'{0x00000004b04b8a68}: 'int java.lang.invoke.DirectMethodHandle$Holder.invokeStaticInit(java.lang.Object, java.lang.Object, int, long)'> (0x00000004b04b8a68) 
thrown [t:\workspace\open\src\hotspot\share\interpreter\linkResolver.cpp, line 766]
Event: 2.581 Thread 0x000002596f646650 Exception <a 'java/lang/NoSuchMethodError'{0x00000004b04be5f8}: 'java.lang.Object java.lang.invoke.DirectMethodHandle$Holder.newInvokeSpecial(java.lang.Object, java.lang.Object, int)'> (0x00000004b04be5f8) 
thrown [t:\workspace\open\src\hotspot\share\interpreter\linkResolver.cpp, line 766]
Event: 2.582 Thread 0x000002596f646650 Exception <a 'java/lang/NoSuchMethodError'{0x00000004b04d2458}: 'int java.lang.invoke.DirectMethodHandle$Holder.invokeStaticInit(java.lang.Object, java.lang.Object, long, long)'> (0x00000004b04d2458) 
thrown [t:\workspace\open\src\hotspot\share\interpreter\linkResolver.cpp, line 766]
Event: 2.582 Thread 0x000002596f646650 Exception <a 'java/lang/NoSuchMethodError'{0x00000004b04d83b0}: 'java.lang.Object java.lang.invoke.DirectMethodHandle$Holder.newInvokeSpecial(java.lang.Object, java.lang.Object, long)'> (0x00000004b04d83b0) 
thrown [t:\workspace\open\src\hotspot\share\interpreter\linkResolver.cpp, line 766]
Event: 2.582 Thread 0x000002596f646650 Exception <a 'java/lang/NoSuchMethodError'{0x00000004b04dbf20}: 'java.lang.Object java.lang.invoke.Invokers$Holder.linkToTargetMethod(java.lang.Object, long, java.lang.Object)'> (0x00000004b04dbf20) 
thrown [t:\workspace\open\src\hotspot\share\interpreter\linkResolver.cpp, line 766]
Event: 2.582 Thread 0x000002596f646650 Exception <a 'java/lang/NoSuchMethodError'{0x00000004b04e3698}: 'int java.lang.invoke.DirectMethodHandle$Holder.invokeStaticInit(java.lang.Object, java.lang.Object, java.lang.Object, long)'> (0x00000004b04e3698) 
thrown [t:\workspace\open\src\hotspot\share\interpreter\linkResolver.cpp, line 766]

VM Operations (20 events):
Event: 2.230 Executing VM operation: HandshakeAllThreads
Event: 2.230 Executing VM operation: HandshakeAllThreads done
Event: 2.231 Executing VM operation: HandshakeAllThreads
Event: 2.231 Executing VM operation: HandshakeAllThreads done
Event: 2.274 Executing VM operation: HandshakeAllThreads
Event: 2.274 Executing VM operation: HandshakeAllThreads done
Event: 2.275 Executing VM operation: HandshakeAllThreads
Event: 2.275 Executing VM operation: HandshakeAllThreads done
Event: 2.304 Executing VM operation: HandshakeAllThreads
Event: 2.304 Executing VM operation: HandshakeAllThreads done
Event: 2.381 Executing VM operation: HandshakeAllThreads
Event: 2.381 Executing VM operation: HandshakeAllThreads done
Event: 2.434 Executing VM operation: HandshakeAllThreads
Event: 2.434 Executing VM operation: HandshakeAllThreads done
Event: 2.508 Executing VM operation: HandshakeAllThreads
Event: 2.508 Executing VM operation: HandshakeAllThreads done
Event: 2.512 Executing VM operation: ICBufferFull
Event: 2.512 Executing VM operation: ICBufferFull done
Event: 2.635 Executing VM operation: HandshakeAllThreads
Event: 2.635 Executing VM operation: HandshakeAllThreads done

Events (20 events):
Event: 2.579 loading class java/nio/DirectDoubleBufferU done
Event: 2.580 loading class java/util/function/LongPredicate
Event: 2.580 loading class java/util/function/LongPredicate done
Event: 2.583 loading class java/nio/InvalidMarkException
Event: 2.583 loading class java/nio/InvalidMarkException done
Event: 2.583 loading class java/nio/BufferUnderflowException
Event: 2.583 loading class java/nio/BufferUnderflowException done
Event: 2.634 loading class java/util/concurrent/ScheduledThreadPoolExecutor$ScheduledFutureTask
Event: 2.634 loading class java/util/concurrent/FutureTask
Event: 2.634 loading class java/util/concurrent/FutureTask done
Event: 2.634 loading class java/util/concurrent/ScheduledThreadPoolExecutor$ScheduledFutureTask done
Event: 2.634 loading class java/util/concurrent/FutureTask$WaitNode
Event: 2.634 loading class java/util/concurrent/FutureTask$WaitNode done
Event: 2.634 loading class java/util/concurrent/Executors$RunnableAdapter
Event: 2.634 loading class java/util/concurrent/Executors$RunnableAdapter done
Event: 2.634 Thread 0x000002592e69a3d0 Thread added: 0x000002592e69a3d0
Event: 2.635 loading class java/util/concurrent/locks/AbstractQueuedSynchronizer$ConditionNode
Event: 2.635 loading class java/util/concurrent/ForkJoinPool$ManagedBlocker
Event: 2.635 loading class java/util/concurrent/ForkJoinPool$ManagedBlocker done
Event: 2.635 loading class java/util/concurrent/locks/AbstractQueuedSynchronizer$ConditionNode done


Dynamic libraries:
0x00007ff6e8c00000 - 0x00007ff6e8c10000 	C:\Program Files\Java\jdk-17.0.3.1\bin\java.exe
0x00007ff9f2ab0000 - 0x00007ff9f2ca8000 	C:\WINDOWS\SYSTEM32\ntdll.dll
0x00007ff9f1c80000 - 0x00007ff9f1d3f000 	C:\WINDOWS\System32\KERNEL32.DLL
0x00007ff9f0230000 - 0x00007ff9f0526000 	C:\WINDOWS\System32\KERNELBASE.dll
0x00007ff9f07a0000 - 0x00007ff9f08a0000 	C:\WINDOWS\System32\ucrtbase.dll
0x00007ff9cc4f0000 - 0x00007ff9cc50a000 	C:\Program Files\Java\jdk-17.0.3.1\bin\VCRUNTIME140.dll
0x00007ff9cd590000 - 0x00007ff9cd5a8000 	C:\Program Files\Java\jdk-17.0.3.1\bin\jli.dll
0x00007ff9f1730000 - 0x00007ff9f17df000 	C:\WINDOWS\System32\ADVAPI32.dll
0x00007ff9f1570000 - 0x00007ff9f160e000 	C:\WINDOWS\System32\msvcrt.dll
0x00007ff9f2770000 - 0x00007ff9f280c000 	C:\WINDOWS\System32\sechost.dll
0x00007ff9f0eb0000 - 0x00007ff9f0fd6000 	C:\WINDOWS\System32\RPCRT4.dll
0x00007ff9f0fe0000 - 0x00007ff9f117d000 	C:\WINDOWS\System32\USER32.dll
0x00007ff9dcaf0000 - 0x00007ff9dcd8a000 	C:\WINDOWS\WinSxS\amd64_microsoft.windows.common-controls_6595b64144ccf1df_6.0.19041.1110_none_60b5254171f9507e\COMCTL32.dll
0x00007ff9f0770000 - 0x00007ff9f0792000 	C:\WINDOWS\System32\win32u.dll
0x00007ff9f11e0000 - 0x00007ff9f120c000 	C:\WINDOWS\System32\GDI32.dll
0x00007ff9f0530000 - 0x00007ff9f0645000 	C:\WINDOWS\System32\gdi32full.dll
0x00007ff9f0190000 - 0x00007ff9f022d000 	C:\WINDOWS\System32\msvcp_win.dll
0x00007ff9e5fc0000 - 0x00007ff9e5fca000 	C:\WINDOWS\SYSTEM32\VERSION.dll
0x00007ff9f17e0000 - 0x00007ff9f1810000 	C:\WINDOWS\System32\IMM32.DLL
0x00007ff9eb1f0000 - 0x00007ff9eb1fc000 	C:\Program Files\Java\jdk-17.0.3.1\bin\vcruntime140_1.dll
0x00007ff9c1ef0000 - 0x00007ff9c1f7d000 	C:\Program Files\Java\jdk-17.0.3.1\bin\msvcp140.dll
0x00007ff9854a0000 - 0x00007ff986060000 	C:\Program Files\Java\jdk-17.0.3.1\bin\server\jvm.dll
0x00007ff9f0d10000 - 0x00007ff9f0d18000 	C:\WINDOWS\System32\PSAPI.DLL
0x00007ff9b35d0000 - 0x00007ff9b35d9000 	C:\WINDOWS\SYSTEM32\WSOCK32.dll
0x00007ff9e5f90000 - 0x00007ff9e5fb7000 	C:\WINDOWS\SYSTEM32\WINMM.dll
0x00007ff9f16b0000 - 0x00007ff9f171b000 	C:\WINDOWS\System32\WS2_32.dll
0x00007ff9edf30000 - 0x00007ff9edf42000 	C:\WINDOWS\SYSTEM32\kernel.appcore.dll
0x00007ff9e8530000 - 0x00007ff9e853a000 	C:\Program Files\Java\jdk-17.0.3.1\bin\jimage.dll
0x00007ff9e7310000 - 0x00007ff9e74f4000 	C:\WINDOWS\SYSTEM32\DBGHELP.DLL
0x00007ff9dc430000 - 0x00007ff9dc464000 	C:\WINDOWS\SYSTEM32\dbgcore.DLL
0x00007ff9f0a50000 - 0x00007ff9f0ad2000 	C:\WINDOWS\System32\bcryptPrimitives.dll
0x00007ff9c5010000 - 0x00007ff9c5035000 	C:\Program Files\Java\jdk-17.0.3.1\bin\java.dll
0x00007ff9c09d0000 - 0x00007ff9c0aa6000 	C:\Program Files\Java\jdk-17.0.3.1\bin\jsvml.dll
0x00007ff9f2020000 - 0x00007ff9f2764000 	C:\WINDOWS\System32\SHELL32.dll
0x00007ff9ee210000 - 0x00007ff9ee9a3000 	C:\WINDOWS\SYSTEM32\windows.storage.dll
0x00007ff9f1210000 - 0x00007ff9f1564000 	C:\WINDOWS\System32\combase.dll
0x00007ff9efaf0000 - 0x00007ff9efb1e000 	C:\WINDOWS\SYSTEM32\Wldp.dll
0x00007ff9f0d80000 - 0x00007ff9f0e2d000 	C:\WINDOWS\System32\SHCORE.dll
0x00007ff9f1180000 - 0x00007ff9f11d5000 	C:\WINDOWS\System32\shlwapi.dll
0x00007ff9f00c0000 - 0x00007ff9f00e5000 	C:\WINDOWS\SYSTEM32\profapi.dll
0x00007ff9c4ff0000 - 0x00007ff9c5009000 	C:\Program Files\Java\jdk-17.0.3.1\bin\net.dll
0x00007ff9e8f30000 - 0x00007ff9e903a000 	C:\WINDOWS\SYSTEM32\WINHTTP.dll
0x00007ff9ef8d0000 - 0x00007ff9ef93a000 	C:\WINDOWS\system32\mswsock.dll
0x00007ff9c4fd0000 - 0x00007ff9c4fe6000 	C:\Program Files\Java\jdk-17.0.3.1\bin\nio.dll
0x00007ff9cb500000 - 0x00007ff9cb518000 	C:\Program Files\Java\jdk-17.0.3.1\bin\zip.dll
0x00007ff9e3e00000 - 0x00007ff9e3e10000 	C:\Program Files\Java\jdk-17.0.3.1\bin\verify.dll
0x00007ff9c97f0000 - 0x00007ff9c97f9000 	C:\Program Files\Java\jdk-17.0.3.1\bin\management.dll
0x00007ff9c1ee0000 - 0x00007ff9c1eeb000 	C:\Program Files\Java\jdk-17.0.3.1\bin\management_ext.dll
0x00007ff9c1c60000 - 0x00007ff9c1c77000 	C:\WINDOWS\system32\napinsp.dll
0x00007ff9c0e90000 - 0x00007ff9c0eab000 	C:\WINDOWS\system32\pnrpnsp.dll
0x00007ff9cff70000 - 0x00007ff9cff85000 	C:\WINDOWS\system32\wshbth.dll
0x00007ff9ebe90000 - 0x00007ff9ebead000 	C:\WINDOWS\system32\NLAapi.dll
0x00007ff9ef590000 - 0x00007ff9ef5cb000 	C:\WINDOWS\SYSTEM32\IPHLPAPI.DLL
0x00007ff9ef5d0000 - 0x00007ff9ef69a000 	C:\WINDOWS\SYSTEM32\DNSAPI.dll
0x00007ff9f1720000 - 0x00007ff9f1728000 	C:\WINDOWS\System32\NSI.dll
0x00007ff9c0e70000 - 0x00007ff9c0e82000 	C:\WINDOWS\System32\winrnr.dll
0x00007ff9e3d00000 - 0x00007ff9e3d0a000 	C:\Windows\System32\rasadhlp.dll
0x00007ff9e3bc0000 - 0x00007ff9e3c42000 	C:\WINDOWS\System32\fwpuclnt.dll
0x00007ff9f0ae0000 - 0x00007ff9f0b07000 	C:\WINDOWS\System32\bcrypt.dll
0x00007ff9c0da0000 - 0x00007ff9c0e15000 	C:\Users\Damqn\AppData\Local\Temp\lwjglDamyan\3.3.1-build-7\lwjgl.dll
0x00007ff9c0960000 - 0x00007ff9c09c1000 	C:\Users\Damqn\AppData\Local\Temp\lwjglDamyan\3.3.1-build-7\glfw.dll
0x00007ff9b2c40000 - 0x00007ff9b2c85000 	C:\WINDOWS\SYSTEM32\dinput8.dll
0x00007ff9c0320000 - 0x00007ff9c0331000 	C:\WINDOWS\SYSTEM32\xinput1_4.dll
0x00007ff9f08a0000 - 0x00007ff9f08ee000 	C:\WINDOWS\System32\cfgmgr32.dll
0x00007ff9eff20000 - 0x00007ff9eff53000 	C:\WINDOWS\SYSTEM32\DEVOBJ.dll
0x00007ff9edf00000 - 0x00007ff9edf2f000 	C:\WINDOWS\SYSTEM32\dwmapi.dll
0x00007ff9e4f70000 - 0x00007ff9e50c2000 	C:\WINDOWS\SYSTEM32\inputhost.dll
0x00007ff9f1ef0000 - 0x00007ff9f1fbd000 	C:\WINDOWS\System32\OLEAUT32.dll
0x00007ff9ed710000 - 0x00007ff9ed802000 	C:\WINDOWS\SYSTEM32\CoreMessaging.dll
0x00007ff9ec050000 - 0x00007ff9ec1a4000 	C:\WINDOWS\SYSTEM32\wintypes.dll
0x00007ff9eb580000 - 0x00007ff9eb676000 	C:\WINDOWS\SYSTEM32\PROPSYS.dll
0x00007ff9ed3b0000 - 0x00007ff9ed70e000 	C:\WINDOWS\SYSTEM32\CoreUIComponents.dll
0x00007ff9ef2b0000 - 0x00007ff9ef2e3000 	C:\WINDOWS\SYSTEM32\ntmarta.dll
0x00007ff9eda50000 - 0x00007ff9edaee000 	C:\WINDOWS\system32\uxtheme.dll
0x00007ff9f0bf0000 - 0x00007ff9f0d04000 	C:\WINDOWS\System32\MSCTF.dll
0x00007ff9b2f60000 - 0x00007ff9b3085000 	C:\WINDOWS\SYSTEM32\opengl32.dll
0x00007ff9b2f30000 - 0x00007ff9b2f5c000 	C:\WINDOWS\SYSTEM32\GLU32.dll
0x00007ff9f29c0000 - 0x00007ff9f2a69000 	C:\WINDOWS\System32\clbcatq.dll
0x00007ff9b2c10000 - 0x00007ff9b2c3d000 	C:\WINDOWS\System32\DriverStore\FileRepository\u0390451.inf_amd64_39377efdd62734d1\B390182\atig6pxx.dll
0x00007ff9812d0000 - 0x00007ff984f05000 	C:\WINDOWS\System32\DriverStore\FileRepository\u0390451.inf_amd64_39377efdd62734d1\B390182\atio6axx.dll
0x00007ff9f1810000 - 0x00007ff9f1c7e000 	C:\WINDOWS\System32\SETUPAPI.dll
0x00007ff9f0650000 - 0x00007ff9f06b7000 	C:\WINDOWS\System32\WINTRUST.dll
0x00007ff9f08f0000 - 0x00007ff9f0a4e000 	C:\WINDOWS\System32\CRYPT32.dll
0x00007ff9efd60000 - 0x00007ff9efd72000 	C:\WINDOWS\SYSTEM32\MSASN1.dll

dbghelp: loaded successfully - version: 4.0.5 - missing functions: none
symbol engine: initialized successfully - sym options: 0x614 - pdb path: .;C:\Program Files\Java\jdk-17.0.3.1\bin;C:\WINDOWS\SYSTEM32;C:\WINDOWS\WinSxS\amd64_microsoft.windows.common-controls_6595b64144ccf1df_6.0.19041.1110_none_60b5254171f9507e;C:\Program Files\Java\jdk-17.0.3.1\bin\server;C:\Users\Damqn\AppData\Local\Temp\lwjglDamyan\3.3.1-build-7;C:\WINDOWS\System32\DriverStore\FileRepository\u0390451.inf_amd64_39377efdd62734d1\B390182

VM Arguments:
jvm_args: -Dforge.enableGameTest=true -Dforge.enabledGameTestNamespaces=endlessexpansion -Dforge.logging.console.level=debug -Dforge.logging.markers=REGISTRIES -DignoreList=bootstraplauncher,securejarhandler,asm-commons,asm-util,asm-analysis,asm-tree,asm,JarJarFileSystems,client-extra,fmlcore,javafmllanguage,lowcodelanguage,mclanguage,forge- -Djava.net.preferIPv6Addresses=system -DlegacyClassPath.file=F:\mc mods\Coding Mods\Endless Expansion 1.20\build\classpath\runClient_minecraftClasspath.txt -DmergeModules=jna-5.10.0.jar,jna-platform-5.10.0.jar --module-path=C:\Users\Damqn\.gradle\caches\modules-2\files-2.1\cpw.mods\bootstraplauncher\1.1.2\c546e00443d8432cda6baa1c860346980742628\bootstraplauncher-1.1.2.jar;C:\Users\Damqn\.gradle\caches\modules-2\files-2.1\cpw.mods\securejarhandler\2.1.10\51e6a22c6c716beb11e244bf5b8be480f51dd6b5\securejarhandler-2.1.10.jar;C:\Users\Damqn\.gradle\caches\modules-2\files-2.1\org.ow2.asm\asm-commons\9.5\19ab5b5800a3910d30d3a3e64fdb00fd0cb42de0\asm-commons-9.5.jar;C:\Users\Damqn\.gradle\caches\modules-2\files-2.1\org.ow2.asm\asm-util\9.5\64b5a1fc8c1b15ed2efd6a063e976bc8d3dc5ffe\asm-util-9.5.jar;C:\Users\Damqn\.gradle\caches\modules-2\files-2.1\org.ow2.asm\asm-analysis\9.5\490bacc77de7cbc0be1a30bb3471072d705be4a4\asm-analysis-9.5.jar;C:\Users\Damqn\.gradle\caches\modules-2\files-2.1\org.ow2.asm\asm-tree\9.5\fd33c8b6373abaa675be407082fdfda35021254a\asm-tree-9.5.jar;C:\Users\Damqn\.gradle\caches\modules-2\files-2.1\org.ow2.asm\asm\9.5\dc6ea1875f4d64fbc85e1691c95b96a3d8569c90\asm-9.5.jar;C:\Users\Damqn\.gradle\caches\modules-2\files-2.1\net.minecraftforge\JarJarFileSystems\0.3.19\2464eb7d6b9ddb9db36a82cf8a95193e5c6fe020\JarJarFileSystems-0.3.19.jar --add-modules=ALL-MODULE-PATH --add-opens=java.base/java.util.jar=cpw.mods.securejarhandler --add-opens=java.base/java.lang.invoke=cpw.mods.securejarhandler --add-exports=java.base/sun.security.util=cpw.mods.securejarhandler --add-exports=jdk.naming.dns/com.sun.jndi.dns=java.naming -XX:HeapDumpPath=MojangTricksIntelDriversForPerformance_javaw.exe_minecraft.exe.heapdump -Dfile.encoding=windows-1251 -Duser.country=US -Duser.language=en -Duser.variant -Xmx14336m -Xms1024m 
java_command: cpw.mods.bootstraplauncher.BootstrapLauncher --launchTarget forgeclientuserdev --version MOD_DEV --assetIndex 5 --assetsDir C:\Users\Damqn\.gradle\caches\forge_gradle\assets --gameDir . --fml.forgeVersion 47.1.40 --fml.mcVersion 1.20.1 --fml.forgeGroup net.minecraftforge --fml.mcpVersion 20230612.114412
java_class_path (initial): F:\mc mods\Coding Mods\Endless Expansion 1.20\build\classes\java\main;F:\mc mods\Coding Mods\Endless Expansion 1.20\build\resources\main;C:\Users\Damqn\.gradle\caches\forge_gradle\minecraft_user_repo\net\minecraftforge\forge\1.20.1-47.1.40_mapped_official_1.20.1\forge-1.20.1-47.1.40_mapped_official_1.20.1-recomp.jar;C:\Users\Damqn\.gradle\caches\forge_gradle\minecraft_repo\versions\1.20.1\client-extra.jar;C:\Users\Damqn\.gradle\caches\modules-2\files-2.1\net.minecraftforge\fmlearlydisplay\1.20.1-47.1.40\cef288f16fefc4a7b3287b144bbf13b45f7bc10e\fmlearlydisplay-1.20.1-47.1.40.jar;C:\Users\Damqn\.gradle\caches\modules-2\files-2.1\net.minecraftforge\javafmllanguage\1.20.1-47.1.40\f692ce735ae82c7d67a622f7c16b39d6791438b2\javafmllanguage-1.20.1-47.1.40.jar;C:\Users\Damqn\.gradle\caches\modules-2\files-2.1\net.minecraftforge\lowcodelanguage\1.20.1-47.1.40\b5c50f31d2063274dde480c279f69ea4823e9271\lowcodelanguage-1.20.1-47.1.40.jar;C:\Users\Damqn\.gradle\caches\modules-2\files-2.1\net.minecraftforge\mclanguage\1.20.1-47.1.40\962a7a60b0ebc9b49f9d34c5a1586ec38df6113f\mclanguage-1.20.1-47.1.40.jar;C:\Users\Damqn\.gradle\caches\modules-2\files-2.1\net.minecraftforge\fmlcore\1.20.1-47.1.40\4ce019324cdf918c4854d7775fc09c1d2572c6f\fmlcore-1.20.1-47.1.40.jar;C:\Users\Damqn\.gradle\caches\modules-2\files-2.1\net.minecraftforge\fmlloader\1.20.1-47.1.40\2a2d24288440fe70f7cd1c7b3d444954ab17c00e\fmlloader-1.20.1-47.1.40.jar;C:\Users\Damqn\.gradle\caches\modules-2\files-2.1\net.minecraftforge\JarJarSelector\0.3.19\376cc9c8ea60720cf027c01fc033de915699801c\JarJarSelector-0.3.19.jar;C:\Users\Damqn\.gradle\caches\modules-2\files-2.1\net.minecraftforge\JarJarMetadata\0.3.19\83feaa9b770e6ac0e96ee4fc23fa89325c5fe2\JarJarMetadata-0.3.19.jar;C:\Users\Damqn\.gradle\caches\modules-2\files-2.1\com.google.guava\guava\31.1-jre\60458f877d055d0c9114d9e1a2efb737b4bc282c\guava-31.1-jre.jar;C:\Users\Damqn\.gradle\caches\modules-2\files-2.1\com.google.code.findbugs\jsr305\3.0.2\2
Launcher Type: SUN_STANDARD

[Global flags]
     intx CICompilerCount                          = 4                                         {product} {ergonomic}
     uint ConcGCThreads                            = 3                                         {product} {ergonomic}
     uint G1ConcRefinementThreads                  = 10                                        {product} {ergonomic}
   size_t G1HeapRegionSize                         = 8388608                                   {product} {ergonomic}
    uintx GCDrainStackTargetSize                   = 64                                        {product} {ergonomic}
    ccstr HeapDumpPath                             = MojangTricksIntelDriversForPerformance_javaw.exe_minecraft.exe.heapdump         {manageable} {command line}
   size_t InitialHeapSize                          = 1073741824                                {product} {command line}
   size_t MarkStackSize                            = 4194304                                   {product} {ergonomic}
   size_t MaxHeapSize                              = 15032385536                               {product} {command line}
   size_t MaxNewSize                               = 9017753600                                {product} {ergonomic}
   size_t MinHeapDeltaBytes                        = 8388608                                   {product} {ergonomic}
   size_t MinHeapSize                              = 1073741824                                {product} {command line}
    uintx NonNMethodCodeHeapSize                   = 5839372                                {pd product} {ergonomic}
    uintx NonProfiledCodeHeapSize                  = 122909434                              {pd product} {ergonomic}
    uintx ProfiledCodeHeapSize                     = 122909434                              {pd product} {ergonomic}
    uintx ReservedCodeCacheSize                    = 251658240                              {pd product} {ergonomic}
     bool SegmentedCodeCache                       = true                                      {product} {ergonomic}
   size_t SoftMaxHeapSize                          = 15032385536                            {manageable} {ergonomic}
     bool UseCompressedClassPointers               = true                           {product lp64_product} {ergonomic}
     bool UseCompressedOops                        = true                           {product lp64_product} {ergonomic}
     bool UseG1GC                                  = true                                      {product} {ergonomic}
     bool UseLargePagesIndividualAllocation        = false                                  {pd product} {ergonomic}

Logging:
Log output configuration:
 #0: stdout all=warning uptime,level,tags
 #1: stderr all=off uptime,level,tags

Environment Variables:
_JAVA_OPTIONS=-Xmx14336m -Xms1024m
PATH=C:\Program Files\Eclipse Adoptium\jdk-17.0.2.8-hotspot\bin;C:\Program Files (x86)\Razer\ChromaBroadcast\bin;C:\Program Files\Razer\ChromaBroadcast\bin;C:\Program Files\Eclipse Foundation\jdk-16.0.2.7-hotspot\bin;C:\Program Files\Common Files\Oracle\Java\javapath;C:\Program Files (x86)\Common Files\Oracle\Java\javapath;C:\WINDOWS\system32;C:\WINDOWS;C:\WINDOWS\System32\Wbem;C:\WINDOWS\System32\WindowsPowerShell\v1.0\;C:\WINDOWS\System32\OpenSSH\;C:\Program Files\Git\cmd;C:\Users\Damqn\AppData\Local\Microsoft\WindowsApps;C:\Program Files\Java\jdk1.8.0_311\bin;C:\Program Files\Microsoft SQL Server\110\Tools\Binn\;C:\Program Files (x86)\Microsoft SDKs\TypeScript\1.0\;C:\Program Files\Microsoft SQL Server\120\Tools\Binn\;C:\Program Files\nodejs\;C:\Program Files\Git LFS;C:\Program Files (x86)\dotnet\;C:\Program Files\dotnet\;C:\Program Files\Docker\Docker\resources\bin;C:\ProgramData\DockerDesktop\version-bin;C:\Users\Damqn\AppData\Local\Programs\Python\Python310\Scripts\;C:\Users\Damqn\AppData\Local\Programs\Python\Python310\;C:\Users\Damqn\AppData\Local\Microsoft\WindowsApps;C:\Users\Damqn\AppData\Local\Programs\Microsoft VS Code\bin;F:\Microsoft VS Code\bin;C:\Users\Damqn\AppData\Roaming\npm;C:\Users\Damqn\AppData\Local\GitHubDesktop\bin;F:\gitneshta\log4shell\apache-maven-3.8.6\bin;C:\Users\Damqn\Downloads\ffmpeg-master-latest-win64-gpl\ffmpeg-master-latest-win64-gpl\bin;C:\Program Files\dotnet;C:\Program Files (x86)\dotnet;C:\Users\Damqn\.dotnet\tools;
USERNAME=Damyan
OS=Windows_NT
PROCESSOR_IDENTIFIER=AMD64 Family 25 Model 80 Stepping 0, AuthenticAMD



---------------  S Y S T E M  ---------------

OS:
 Windows 10 , 64 bit Build 19041 (10.0.19041.3155)
OS uptime: 0 days 0:02 hours
Hyper-V role detected

CPU: total 12 (initial active 12) (12 cores per cpu, 2 threads per core) family 25 model 80 stepping 0 microcode 0x0, cx8, cmov, fxsr, ht, mmx, 3dnowpref, sse, sse2, sse3, ssse3, sse4a, sse4.1, sse4.2, popcnt, lzcnt, tsc, tscinvbit, avx, avx2, aes, erms, clmul, bmi1, bmi2, adx, sha, fma, vzeroupper, clflush, clflushopt, hv

Memory: 4k page, system-wide physical 32167M (23651M free)
TotalPageFile size 37031M (AvailPageFile size 25078M)
current process WorkingSet (physical memory assigned to process): 420M, peak: 422M
current process commit charge ("private bytes"): 1256M, peak: 1259M

vm_info: Java HotSpot(TM) 64-Bit Server VM (17.0.3.1+2-LTS-6) for windows-amd64 JRE (17.0.3.1+2-LTS-6), built on Apr 25 2022 22:04:21 by "mach5one" with MS VC++ 16.8 / 16.9 (VS2019)

END.
