#
# A fatal error has been detected by the Java Runtime Environment:
#
#  EXCEPTION_ACCESS_VIOLATION (0xc0000005) at pc=0x00007ff97ffc2b60, pid=10268, tid=10224
#
# JRE version: Java(TM) SE Runtime Environment (17.0.3.1+2) (build 17.0.3.1+2-LTS-6)
# Java VM: Java HotSpot(TM) 64-Bit Server VM (17.0.3.1+2-LTS-6, mixed mode, sharing, tiered, compressed oops, compressed class ptrs, g1 gc, windows-amd64)
# Problematic frame:
# C  [atio6axx.dll+0x192b60]
#
# No core dump will be written. Minidumps are not enabled by default on client versions of Windows
#
# If you would like to submit a bug report, please visit:
#   https://bugreport.java.com/bugreport/crash.jsp
# The crash happened outside the Java Virtual Machine in native code.
# See problematic frame for where to report the bug.
#

---------------  S U M M A R Y ------------

Command Line: -Dforge.enableGameTest=true -Dforge.enabledGameTestNamespaces=endlessexpansion -Dforge.logging.console.level=debug -Dforge.logging.markers=REGISTRIES -DignoreList=bootstraplauncher,securejarhandler,asm-commons,asm-util,asm-analysis,asm-tree,asm,JarJarFileSystems,client-extra,fmlcore,javafmllanguage,lowcodelanguage,mclanguage,forge- -Djava.net.preferIPv6Addresses=system -DlegacyClassPath.file=F:\mc mods\Coding Mods\Endless Expansion 1.20\build\classpath\runClient_minecraftClasspath.txt -DmergeModules=jna-5.10.0.jar,jna-platform-5.10.0.jar --module-path=C:\Users\Damqn\.gradle\caches\modules-2\files-2.1\cpw.mods\bootstraplauncher\1.1.2\c546e00443d8432cda6baa1c860346980742628\bootstraplauncher-1.1.2.jar;C:\Users\Damqn\.gradle\caches\modules-2\files-2.1\cpw.mods\securejarhandler\2.1.10\51e6a22c6c716beb11e244bf5b8be480f51dd6b5\securejarhandler-2.1.10.jar;C:\Users\Damqn\.gradle\caches\modules-2\files-2.1\org.ow2.asm\asm-commons\9.5\19ab5b5800a3910d30d3a3e64fdb00fd0cb42de0\asm-commons-9.5.jar;C:\Users\Damqn\.gradle\caches\modules-2\files-2.1\org.ow2.asm\asm-util\9.5\64b5a1fc8c1b15ed2efd6a063e976bc8d3dc5ffe\asm-util-9.5.jar;C:\Users\Damqn\.gradle\caches\modules-2\files-2.1\org.ow2.asm\asm-analysis\9.5\490bacc77de7cbc0be1a30bb3471072d705be4a4\asm-analysis-9.5.jar;C:\Users\Damqn\.gradle\caches\modules-2\files-2.1\org.ow2.asm\asm-tree\9.5\fd33c8b6373abaa675be407082fdfda35021254a\asm-tree-9.5.jar;C:\Users\Damqn\.gradle\caches\modules-2\files-2.1\org.ow2.asm\asm\9.5\dc6ea1875f4d64fbc85e1691c95b96a3d8569c90\asm-9.5.jar;C:\Users\Damqn\.gradle\caches\modules-2\files-2.1\net.minecraftforge\JarJarFileSystems\0.3.19\2464eb7d6b9ddb9db36a82cf8a95193e5c6fe020\JarJarFileSystems-0.3.19.jar --add-modules=ALL-MODULE-PATH --add-opens=java.base/java.util.jar=cpw.mods.securejarhandler --add-opens=java.base/java.lang.invoke=cpw.mods.securejarhandler --add-exports=java.base/sun.security.util=cpw.mods.securejarhandler --add-exports=jdk.naming.dns/com.sun.jndi.dns=java.naming -XX:HeapDumpPath=MojangTricksIntelDriversForPerformance_javaw.exe_minecraft.exe.heapdump -Dfile.encoding=windows-1251 -Duser.country=US -Duser.language=en -Duser.variant -Xmx14336m -Xms1024m cpw.mods.bootstraplauncher.BootstrapLauncher --launchTarget forgeclientuserdev --version MOD_DEV --assetIndex 5 --assetsDir C:\Users\Damqn\.gradle\caches\forge_gradle\assets --gameDir . --fml.forgeVersion 47.1.40 --fml.mcVersion 1.20.1 --fml.forgeGroup net.minecraftforge --fml.mcpVersion 20230612.114412

Host: AMD Ryzen 5 5600G with Radeon Graphics         , 12 cores, 31G,  Windows 10 , 64 bit Build 19041 (10.0.19041.3155)
Time: Sat Aug 12 16:59:52 2023 FLE Daylight Time elapsed time: 2.306298 seconds (0d 0h 0m 2s)

---------------  T H R E A D  ---------------

Current thread (0x0000027f8b4b48c0):  JavaThread "main" [_thread_in_native, id=10224, stack(0x000000d74e400000,0x000000d74e500000)]

Stack: [0x000000d74e400000,0x000000d74e500000],  sp=0x000000d74e4fb3c8,  free space=1004k
Native frames: (J=compiled Java code, j=interpreted, Vv=VM code, C=native code)
C  [atio6axx.dll+0x192b60]

Java frames: (J=compiled Java code, j=interpreted, Vv=VM code)
j  org.lwjgl.system.JNI.invokePPPP(IIJJJJ)J+0 org.lwjgl@3.3.1+7
j  org.lwjgl.glfw.GLFW.nglfwCreateWindow(IIJJJ)J+14 org.lwjgl.glfw@3.3.1+7
j  org.lwjgl.glfw.GLFW.glfwCreateWindow(IILjava/lang/CharSequence;JJ)J+34 org.lwjgl.glfw@3.3.1+7
j  net.minecraftforge.fml.earlydisplay.DisplayWindow.initWindow(Ljava/lang/String;)V+408 fmlearlydisplay@1.20.1-47.1.40
j  net.minecraftforge.fml.earlydisplay.DisplayWindow.start(Ljava/lang/String;Ljava/lang/String;)Ljava/lang/Runnable;+14 fmlearlydisplay@1.20.1-47.1.40
j  net.minecraftforge.fml.earlydisplay.DisplayWindow.initialize([Ljava/lang/String;)Ljava/lang/Runnable;+410 fmlearlydisplay@1.20.1-47.1.40
j  net.minecraftforge.fml.loading.ImmediateWindowHandler.load(Ljava/lang/String;[Ljava/lang/String;)V+180 fmlloader@1.20.1-47.1.40
j  net.minecraftforge.fml.loading.ModDirTransformerDiscoverer.earlyInitialization(Ljava/lang/String;[Ljava/lang/String;)V+2 fmlloader@1.20.1-47.1.40
j  cpw.mods.modlauncher.TransformationServicesHandler.lambda$discoverServices$18(Lcpw/mods/modlauncher/ArgumentHandler$DiscoveryData;Lcpw/mods/modlauncher/serviceapi/ITransformerDiscoveryService;)V+9 cpw.mods.modlauncher@10.0.9
j  cpw.mods.modlauncher.TransformationServicesHandler$$Lambda$418+0x0000000800e17408.accept(Ljava/lang/Object;)V+8 cpw.mods.modlauncher@10.0.9
J 2549 c2 java.lang.Iterable.forEach(Ljava/util/function/Consumer;)V java.base@17.0.3.1 (39 bytes) @ 0x0000027f9a977498 [0x0000027f9a976ba0+0x00000000000008f8]
j  cpw.mods.modlauncher.TransformationServicesHandler.discoverServices(Lcpw/mods/modlauncher/ArgumentHandler$DiscoveryData;)V+145 cpw.mods.modlauncher@10.0.9
j  cpw.mods.modlauncher.Launcher.run([Ljava/lang/String;)V+14 cpw.mods.modlauncher@10.0.9
j  cpw.mods.modlauncher.Launcher.main([Ljava/lang/String;)V+78 cpw.mods.modlauncher@10.0.9
j  cpw.mods.modlauncher.BootstrapLaunchConsumer.accept([Ljava/lang/String;)V+1 cpw.mods.modlauncher@10.0.9
j  cpw.mods.modlauncher.BootstrapLaunchConsumer.accept(Ljava/lang/Object;)V+5 cpw.mods.modlauncher@10.0.9
j  cpw.mods.bootstraplauncher.BootstrapLauncher.main([Ljava/lang/String;)V+515 cpw.mods.bootstraplauncher@1.1.2
v  ~StubRoutines::call_stub

siginfo: EXCEPTION_ACCESS_VIOLATION (0xc0000005), reading address 0xffffffffffffffff


Register to memory mapping:

RIP=0x00007ff97ffc2b60 atio6axx.dll
RAX=0x0 is NULL
RBX=0x00007ff9838033b0 atio6axx.dll
RCX=0x2d6c6d6f6a5c3934 is an unknown value
RDX=0x00000000000000d1 is an unknown value
RSP=0x000000d74e4fb3c8 is pointing into the stack for thread: 0x0000027f8b4b48c0
RBP=0x000000d74e4fb530 is pointing into the stack for thread: 0x0000027f8b4b48c0
RSI=0x00007ff983712d40 atio6axx.dll
RDI=0x000000d74e4fb820 is pointing into the stack for thread: 0x0000027f8b4b48c0
R8 =0x00000000000001a5 is an unknown value
R9 =0x2d6c6d6f6a5c3934 is an unknown value
R10=0x0 is NULL
R11=0x0000000000000200 is an unknown value
R12=0x00007ff983803408 atio6axx.dll
R13=0x00007ff983805c08 atio6axx.dll
R14=0x00007ff9838033b0 atio6axx.dll
R15=0x0 is NULL


Registers:
RAX=0x0000000000000000, RBX=0x00007ff9838033b0, RCX=0x2d6c6d6f6a5c3934, RDX=0x00000000000000d1
RSP=0x000000d74e4fb3c8, RBP=0x000000d74e4fb530, RSI=0x00007ff983712d40, RDI=0x000000d74e4fb820
R8 =0x00000000000001a5, R9 =0x2d6c6d6f6a5c3934, R10=0x0000000000000000, R11=0x0000000000000200
R12=0x00007ff983803408, R13=0x00007ff983805c08, R14=0x00007ff9838033b0, R15=0x0000000000000000
RIP=0x00007ff97ffc2b60, EFLAGS=0x0000000000010202

Top of Stack: (sp=0x000000d74e4fb3c8)
0x000000d74e4fb3c8:   00007ff97ffc2e7c 00007ff983806020
0x000000d74e4fb3d8:   0000027fca2b9c68 0000000000000000
0x000000d74e4fb3e8:   00007ff97ffc3e8d 000000d74e4fb820
0x000000d74e4fb3f8:   00007ff97ff7f484 00007ff9838033b0
0x000000d74e4fb408:   00007ff983712d40 0000652e6176616a
0x000000d74e4fb418:   0000e76037b8d89b 000000d74e4fb820
0x000000d74e4fb428:   00007ff97ff80457 00007ff9838033b8
0x000000d74e4fb438:   00007ff983712d40 00007ff983712d40
0x000000d74e4fb448:   0000027fc87c7658 00007ff9838033b0
0x000000d74e4fb458:   00007ff900000000 0000000000000009
0x000000d74e4fb468:   0000027fc87c7824 0000027fc87c798c
0x000000d74e4fb478:   00007ff9838033b8 000000d74e4fb820
0x000000d74e4fb488:   000000d74e4fb5d7 00007f006176616a
0x000000d74e4fb498:   00007f006176616a 46676e697274535c
0x000000d74e4fb4a8:   5c6f666e49656c69 3062343039303430
0x000000d74e4fb4b8:   726556656c69465c 000000006e6f6973 

Instructions: (pc=0x00007ff97ffc2b60)
0x00007ff97ffc2a60:   74 09 33 c9 ff 15 e6 89 66 03 90 48 8b c3 48 83
0x00007ff97ffc2a70:   c4 20 5b c3 cc cc cc cc cc cc cc cc cc cc cc cc
0x00007ff97ffc2a80:   48 83 ec 28 48 8b 51 08 48 85 d2 74 09 33 c9 ff
0x00007ff97ffc2a90:   15 bb 89 66 03 90 48 83 c4 28 c3 cc cc cc cc cc
0x00007ff97ffc2aa0:   48 89 11 c3 cc cc cc cc cc cc cc cc cc cc cc cc
0x00007ff97ffc2ab0:   48 8b c1 c3 cc cc cc cc cc cc cc cc cc cc cc cc
0x00007ff97ffc2ac0:   48 3b ca 74 10 41 8b 00 39 01 74 09 48 83 c1 04
0x00007ff97ffc2ad0:   48 3b ca 75 f3 48 8b c1 c3 cc cc cc cc cc cc cc
0x00007ff97ffc2ae0:   48 8b c1 c3 cc cc cc cc cc cc cc cc cc cc cc cc
0x00007ff97ffc2af0:   48 83 39 00 0f 94 c0 c3 cc cc cc cc cc cc cc cc
0x00007ff97ffc2b00:   4c 8d 04 d5 00 00 00 00 33 d2 e9 c1 d0 dd 01 cc
0x00007ff97ffc2b10:   4c 8b 41 08 48 8b 02 49 89 00 48 83 41 08 08 c3
0x00007ff97ffc2b20:   48 8b c1 c3 cc cc cc cc cc cc cc cc cc cc cc cc
0x00007ff97ffc2b30:   48 8b c1 c3 cc cc cc cc cc cc cc cc cc cc cc cc
0x00007ff97ffc2b40:   49 8b 00 48 89 02 c3 cc cc cc cc cc cc cc cc cc
0x00007ff97ffc2b50:   8b 81 40 39 00 00 c3 cc cc cc cc cc cc cc cc cc
0x00007ff97ffc2b60:   8b 81 40 39 00 00 83 c0 f0 83 f8 67 0f 87 5a 01
0x00007ff97ffc2b70:   00 00 48 8d 15 87 d4 e6 ff 0f b6 84 02 f0 2c 19
0x00007ff97ffc2b80:   00 8b 8c 82 d0 2c 19 00 48 03 ca ff e1 48 8b 0d
0x00007ff97ffc2b90:   6c 6f 7e 03 83 b9 b4 34 00 00 02 0f 87 2b 01 00
0x00007ff97ffc2ba0:   00 48 8d 91 0c 29 00 00 c7 02 e1 00 00 00 e9 ce
0x00007ff97ffc2bb0:   00 00 00 48 8b 0d 46 6f 7e 03 83 b9 b4 34 00 00
0x00007ff97ffc2bc0:   02 0f 87 05 01 00 00 48 8d 91 0c 29 00 00 c7 02
0x00007ff97ffc2bd0:   f0 00 00 00 e9 a8 00 00 00 48 8b 0d 20 6f 7e 03
0x00007ff97ffc2be0:   83 b9 b4 34 00 00 02 0f 87 df 00 00 00 48 8d 91
0x00007ff97ffc2bf0:   0c 29 00 00 c7 02 00 04 00 00 e9 82 00 00 00 48
0x00007ff97ffc2c00:   8b 0d fa 6e 7e 03 83 b9 b4 34 00 00 02 0f 87 b9
0x00007ff97ffc2c10:   00 00 00 48 8d 91 0c 29 00 00 c7 02 00 08 00 00
0x00007ff97ffc2c20:   eb 5f 48 8b 0d d7 6e 7e 03 83 b9 b4 34 00 00 02
0x00007ff97ffc2c30:   0f 87 96 00 00 00 48 8d 91 0c 29 00 00 c7 02 00
0x00007ff97ffc2c40:   09 00 00 eb 3c 48 8b 0d b4 6e 7e 03 83 b9 b4 34
0x00007ff97ffc2c50:   00 00 02 77 77 48 8d 91 0c 29 00 00 c7 02 3c 0f 


Stack slot to memory mapping:
stack at sp + 0 slots: 0x00007ff97ffc2e7c atio6axx.dll
stack at sp + 1 slots: 0x00007ff983806020 atio6axx.dll
stack at sp + 2 slots: 0x0000027fca2b9c68 points into unknown readable memory: 0x00007ff98300f5f0 | f0 f5 00 83 f9 7f 00 00
stack at sp + 3 slots: 0x0 is NULL
stack at sp + 4 slots: 0x00007ff97ffc3e8d atio6axx.dll
stack at sp + 5 slots: 0x000000d74e4fb820 is pointing into the stack for thread: 0x0000027f8b4b48c0
stack at sp + 6 slots: 0x00007ff97ff7f484 atio6axx.dll
stack at sp + 7 slots: 0x00007ff9838033b0 atio6axx.dll


---------------  P R O C E S S  ---------------

Threads class SMR info:
_java_thread_list=0x0000027fca26ae00, length=15, elements={
0x0000027f8b4b48c0, 0x0000027fc6438f70, 0x0000027fc6439cf0, 0x0000027fc6452620,
0x0000027fc64530e0, 0x0000027fc6453ba0, 0x0000027fc6456a80, 0x0000027fc64630b0,
0x0000027fc6463a60, 0x0000027fc6466780, 0x0000027fc642adf0, 0x0000027fc65fd150,
0x0000027fc66fe4d0, 0x0000027fc8477aa0, 0x0000027fc95673b0
}

Java Threads: ( => current thread )
=>0x0000027f8b4b48c0 JavaThread "main" [_thread_in_native, id=10224, stack(0x000000d74e400000,0x000000d74e500000)]
  0x0000027fc6438f70 JavaThread "Reference Handler" daemon [_thread_blocked, id=10196, stack(0x000000d74eb00000,0x000000d74ec00000)]
  0x0000027fc6439cf0 JavaThread "Finalizer" daemon [_thread_blocked, id=10188, stack(0x000000d74ec00000,0x000000d74ed00000)]
  0x0000027fc6452620 JavaThread "Signal Dispatcher" daemon [_thread_blocked, id=10184, stack(0x000000d74ed00000,0x000000d74ee00000)]
  0x0000027fc64530e0 JavaThread "Attach Listener" daemon [_thread_blocked, id=2852, stack(0x000000d74ee00000,0x000000d74ef00000)]
  0x0000027fc6453ba0 JavaThread "Service Thread" daemon [_thread_blocked, id=8600, stack(0x000000d74ef00000,0x000000d74f000000)]
  0x0000027fc6456a80 JavaThread "Monitor Deflation Thread" daemon [_thread_blocked, id=11176, stack(0x000000d74f000000,0x000000d74f100000)]
  0x0000027fc64630b0 JavaThread "C2 CompilerThread0" daemon [_thread_blocked, id=1472, stack(0x000000d74f100000,0x000000d74f200000)]
  0x0000027fc6463a60 JavaThread "C1 CompilerThread0" daemon [_thread_blocked, id=8724, stack(0x000000d74f200000,0x000000d74f300000)]
  0x0000027fc6466780 JavaThread "Sweeper thread" daemon [_thread_blocked, id=4796, stack(0x000000d74f300000,0x000000d74f400000)]
  0x0000027fc642adf0 JavaThread "Common-Cleaner" daemon [_thread_blocked, id=3644, stack(0x000000d74f400000,0x000000d74f500000)]
  0x0000027fc65fd150 JavaThread "C2 CompilerThread1" daemon [_thread_blocked, id=8232, stack(0x000000d74f500000,0x000000d74f600000)]
  0x0000027fc66fe4d0 JavaThread "Notification Thread" daemon [_thread_blocked, id=1424, stack(0x000000d74f600000,0x000000d74f700000)]
  0x0000027fc8477aa0 JavaThread "C2 CompilerThread2" daemon [_thread_blocked, id=13384, stack(0x000000d74f800000,0x000000d74f900000)]
  0x0000027fc95673b0 JavaThread "pool-2-thread-1" daemon [_thread_blocked, id=2588, stack(0x000000d750500000,0x000000d750600000)]

Other Threads:
  0x0000027fc6431460 VMThread "VM Thread" [stack: 0x000000d74ea00000,0x000000d74eb00000] [id=10200]
  0x0000027f8b568fa0 WatcherThread [stack: 0x000000d74f700000,0x000000d74f800000] [id=13152]
  0x0000027f8b552b90 GCTaskThread "GC Thread#0" [stack: 0x000000d74e500000,0x000000d74e600000] [id=10220]
  0x0000027fc7d8b030 GCTaskThread "GC Thread#1" [stack: 0x000000d74f900000,0x000000d74fa00000] [id=5504]
  0x0000027fc7d8bda0 GCTaskThread "GC Thread#2" [stack: 0x000000d74fa00000,0x000000d74fb00000] [id=5552]
  0x0000027fc7d8b590 GCTaskThread "GC Thread#3" [stack: 0x000000d74fb00000,0x000000d74fc00000] [id=8212]
  0x0000027fc7d8aad0 GCTaskThread "GC Thread#4" [stack: 0x000000d74fc00000,0x000000d74fd00000] [id=6816]
  0x0000027fc7d8b840 GCTaskThread "GC Thread#5" [stack: 0x000000d74fd00000,0x000000d74fe00000] [id=4632]
  0x0000027fc7d8b2e0 GCTaskThread "GC Thread#6" [stack: 0x000000d74fe00000,0x000000d74ff00000] [id=8256]
  0x0000027fc7d8ad80 GCTaskThread "GC Thread#7" [stack: 0x000000d74ff00000,0x000000d750000000] [id=2696]
  0x0000027fc7d8baf0 GCTaskThread "GC Thread#8" [stack: 0x000000d750000000,0x000000d750100000] [id=8176]
  0x0000027fc7d8c050 GCTaskThread "GC Thread#9" [stack: 0x000000d750100000,0x000000d750200000] [id=11740]
  0x0000027fc3699290 ConcurrentGCThread "G1 Main Marker" [stack: 0x000000d74e600000,0x000000d74e700000] [id=10208]
  0x0000027fc3699bb0 ConcurrentGCThread "G1 Conc#0" [stack: 0x000000d74e700000,0x000000d74e800000] [id=10216]
  0x0000027fc383e010 ConcurrentGCThread "G1 Refine#0" [stack: 0x000000d74e800000,0x000000d74e900000] [id=10212]
  0x0000027fc383e940 ConcurrentGCThread "G1 Service" [stack: 0x000000d74e900000,0x000000d74ea00000] [id=10204]

Threads with active compile tasks:

VM state: not at safepoint (normal execution)

VM Mutex/Monitor currently owned by a thread: None

Heap address: 0x0000000480000000, size: 14336 MB, Compressed Oops mode: Zero based, Oop shift amount: 3

CDS archive(s) mapped at: [0x0000000800000000-0x0000000800bc0000-0x0000000800bc0000), size 12320768, SharedBaseAddress: 0x0000000800000000, ArchiveRelocationMode: 0.
Compressed class space mapped at: 0x0000000800c00000-0x0000000840c00000, reserved size: 1073741824
Narrow klass base: 0x0000000800000000, Narrow klass shift: 0, Narrow klass range: 0x100000000

GC Precious Log:
 CPUs: 12 total, 12 available
 Memory: 32167M
 Large Page Support: Disabled
 NUMA Support: Disabled
 Compressed Oops: Enabled (Zero based)
 Heap Region Size: 8M
 Heap Min Capacity: 1G
 Heap Initial Capacity: 1G
 Heap Max Capacity: 14G
 Pre-touch: Disabled
 Parallel Workers: 10
 Concurrent Workers: 3
 Concurrent Refinement Workers: 10
 Periodic GC: Disabled

Heap:
 garbage-first heap   total 1048576K, used 279077K [0x0000000480000000, 0x0000000800000000)
  region size 8192K, 33 young (270336K), 1 survivors (8192K)
 Metaspace       used 16672K, committed 16960K, reserved 1064960K
  class space    used 1902K, committed 2048K, reserved 1048576K

Heap Regions: E=young(eden), S=young(survivor), O=old, HS=humongous(starts), HC=humongous(continues), CS=collection set, F=free, OA=open archive, CA=closed archive, TAMS=top-at-mark-start (previous, next)
|   0|0x0000000480000000, 0x0000000480800000, 0x0000000480800000|100%| O|  |TAMS 0x0000000480000000, 0x0000000480000000| Untracked 
|   1|0x0000000480800000, 0x0000000481000000, 0x0000000481000000|100%| O|  |TAMS 0x0000000480800000, 0x0000000480800000| Untracked 
|   2|0x0000000481000000, 0x000000048123d800, 0x0000000481800000| 28%| O|  |TAMS 0x0000000481000000, 0x0000000481000000| Untracked 
|   3|0x0000000481800000, 0x0000000481800000, 0x0000000482000000|  0%| F|  |TAMS 0x0000000481800000, 0x0000000481800000| Untracked 
|   4|0x0000000482000000, 0x0000000482000000, 0x0000000482800000|  0%| F|  |TAMS 0x0000000482000000, 0x0000000482000000| Untracked 
|   5|0x0000000482800000, 0x0000000482800000, 0x0000000483000000|  0%| F|  |TAMS 0x0000000482800000, 0x0000000482800000| Untracked 
|   6|0x0000000483000000, 0x0000000483000000, 0x0000000483800000|  0%| F|  |TAMS 0x0000000483000000, 0x0000000483000000| Untracked 
|   7|0x0000000483800000, 0x0000000483800000, 0x0000000484000000|  0%| F|  |TAMS 0x0000000483800000, 0x0000000483800000| Untracked 
|   8|0x0000000484000000, 0x0000000484000000, 0x0000000484800000|  0%| F|  |TAMS 0x0000000484000000, 0x0000000484000000| Untracked 
|   9|0x0000000484800000, 0x0000000484800000, 0x0000000485000000|  0%| F|  |TAMS 0x0000000484800000, 0x0000000484800000| Untracked 
|  10|0x0000000485000000, 0x0000000485000000, 0x0000000485800000|  0%| F|  |TAMS 0x0000000485000000, 0x0000000485000000| Untracked 
|  11|0x0000000485800000, 0x0000000485800000, 0x0000000486000000|  0%| F|  |TAMS 0x0000000485800000, 0x0000000485800000| Untracked 
|  12|0x0000000486000000, 0x0000000486000000, 0x0000000486800000|  0%| F|  |TAMS 0x0000000486000000, 0x0000000486000000| Untracked 
|  13|0x0000000486800000, 0x0000000486800000, 0x0000000487000000|  0%| F|  |TAMS 0x0000000486800000, 0x0000000486800000| Untracked 
|  14|0x0000000487000000, 0x0000000487000000, 0x0000000487800000|  0%| F|  |TAMS 0x0000000487000000, 0x0000000487000000| Untracked 
|  15|0x0000000487800000, 0x0000000487800000, 0x0000000488000000|  0%| F|  |TAMS 0x0000000487800000, 0x0000000487800000| Untracked 
|  16|0x0000000488000000, 0x0000000488000000, 0x0000000488800000|  0%| F|  |TAMS 0x0000000488000000, 0x0000000488000000| Untracked 
|  17|0x0000000488800000, 0x0000000488800000, 0x0000000489000000|  0%| F|  |TAMS 0x0000000488800000, 0x0000000488800000| Untracked 
|  18|0x0000000489000000, 0x0000000489000000, 0x0000000489800000|  0%| F|  |TAMS 0x0000000489000000, 0x0000000489000000| Untracked 
|  19|0x0000000489800000, 0x0000000489800000, 0x000000048a000000|  0%| F|  |TAMS 0x0000000489800000, 0x0000000489800000| Untracked 
|  20|0x000000048a000000, 0x000000048a000000, 0x000000048a800000|  0%| F|  |TAMS 0x000000048a000000, 0x000000048a000000| Untracked 
|  21|0x000000048a800000, 0x000000048a800000, 0x000000048b000000|  0%| F|  |TAMS 0x000000048a800000, 0x000000048a800000| Untracked 
|  22|0x000000048b000000, 0x000000048b000000, 0x000000048b800000|  0%| F|  |TAMS 0x000000048b000000, 0x000000048b000000| Untracked 
|  23|0x000000048b800000, 0x000000048b800000, 0x000000048c000000|  0%| F|  |TAMS 0x000000048b800000, 0x000000048b800000| Untracked 
|  24|0x000000048c000000, 0x000000048c000000, 0x000000048c800000|  0%| F|  |TAMS 0x000000048c000000, 0x000000048c000000| Untracked 
|  25|0x000000048c800000, 0x000000048c800000, 0x000000048d000000|  0%| F|  |TAMS 0x000000048c800000, 0x000000048c800000| Untracked 
|  26|0x000000048d000000, 0x000000048d000000, 0x000000048d800000|  0%| F|  |TAMS 0x000000048d000000, 0x000000048d000000| Untracked 
|  27|0x000000048d800000, 0x000000048d800000, 0x000000048e000000|  0%| F|  |TAMS 0x000000048d800000, 0x000000048d800000| Untracked 
|  28|0x000000048e000000, 0x000000048e000000, 0x000000048e800000|  0%| F|  |TAMS 0x000000048e000000, 0x000000048e000000| Untracked 
|  29|0x000000048e800000, 0x000000048e800000, 0x000000048f000000|  0%| F|  |TAMS 0x000000048e800000, 0x000000048e800000| Untracked 
|  30|0x000000048f000000, 0x000000048f000000, 0x000000048f800000|  0%| F|  |TAMS 0x000000048f000000, 0x000000048f000000| Untracked 
|  31|0x000000048f800000, 0x000000048f800000, 0x0000000490000000|  0%| F|  |TAMS 0x000000048f800000, 0x000000048f800000| Untracked 
|  32|0x0000000490000000, 0x0000000490000000, 0x0000000490800000|  0%| F|  |TAMS 0x0000000490000000, 0x0000000490000000| Untracked 
|  33|0x0000000490800000, 0x0000000490800000, 0x0000000491000000|  0%| F|  |TAMS 0x0000000490800000, 0x0000000490800000| Untracked 
|  34|0x0000000491000000, 0x0000000491000000, 0x0000000491800000|  0%| F|  |TAMS 0x0000000491000000, 0x0000000491000000| Untracked 
|  35|0x0000000491800000, 0x0000000491800000, 0x0000000492000000|  0%| F|  |TAMS 0x0000000491800000, 0x0000000491800000| Untracked 
|  36|0x0000000492000000, 0x0000000492000000, 0x0000000492800000|  0%| F|  |TAMS 0x0000000492000000, 0x0000000492000000| Untracked 
|  37|0x0000000492800000, 0x0000000492800000, 0x0000000493000000|  0%| F|  |TAMS 0x0000000492800000, 0x0000000492800000| Untracked 
|  38|0x0000000493000000, 0x0000000493000000, 0x0000000493800000|  0%| F|  |TAMS 0x0000000493000000, 0x0000000493000000| Untracked 
|  39|0x0000000493800000, 0x0000000493800000, 0x0000000494000000|  0%| F|  |TAMS 0x0000000493800000, 0x0000000493800000| Untracked 
|  40|0x0000000494000000, 0x0000000494000000, 0x0000000494800000|  0%| F|  |TAMS 0x0000000494000000, 0x0000000494000000| Untracked 
|  41|0x0000000494800000, 0x0000000494800000, 0x0000000495000000|  0%| F|  |TAMS 0x0000000494800000, 0x0000000494800000| Untracked 
|  42|0x0000000495000000, 0x0000000495000000, 0x0000000495800000|  0%| F|  |TAMS 0x0000000495000000, 0x0000000495000000| Untracked 
|  43|0x0000000495800000, 0x0000000495800000, 0x0000000496000000|  0%| F|  |TAMS 0x0000000495800000, 0x0000000495800000| Untracked 
|  44|0x0000000496000000, 0x0000000496000000, 0x0000000496800000|  0%| F|  |TAMS 0x0000000496000000, 0x0000000496000000| Untracked 
|  45|0x0000000496800000, 0x0000000496800000, 0x0000000497000000|  0%| F|  |TAMS 0x0000000496800000, 0x0000000496800000| Untracked 
|  46|0x0000000497000000, 0x0000000497000000, 0x0000000497800000|  0%| F|  |TAMS 0x0000000497000000, 0x0000000497000000| Untracked 
|  47|0x0000000497800000, 0x0000000497800000, 0x0000000498000000|  0%| F|  |TAMS 0x0000000497800000, 0x0000000497800000| Untracked 
|  48|0x0000000498000000, 0x0000000498000000, 0x0000000498800000|  0%| F|  |TAMS 0x0000000498000000, 0x0000000498000000| Untracked 
|  49|0x0000000498800000, 0x0000000498800000, 0x0000000499000000|  0%| F|  |TAMS 0x0000000498800000, 0x0000000498800000| Untracked 
|  50|0x0000000499000000, 0x0000000499000000, 0x0000000499800000|  0%| F|  |TAMS 0x0000000499000000, 0x0000000499000000| Untracked 
|  51|0x0000000499800000, 0x0000000499800000, 0x000000049a000000|  0%| F|  |TAMS 0x0000000499800000, 0x0000000499800000| Untracked 
|  52|0x000000049a000000, 0x000000049a000000, 0x000000049a800000|  0%| F|  |TAMS 0x000000049a000000, 0x000000049a000000| Untracked 
|  53|0x000000049a800000, 0x000000049a800000, 0x000000049b000000|  0%| F|  |TAMS 0x000000049a800000, 0x000000049a800000| Untracked 
|  54|0x000000049b000000, 0x000000049b000000, 0x000000049b800000|  0%| F|  |TAMS 0x000000049b000000, 0x000000049b000000| Untracked 
|  55|0x000000049b800000, 0x000000049b800000, 0x000000049c000000|  0%| F|  |TAMS 0x000000049b800000, 0x000000049b800000| Untracked 
|  56|0x000000049c000000, 0x000000049c000000, 0x000000049c800000|  0%| F|  |TAMS 0x000000049c000000, 0x000000049c000000| Untracked 
|  57|0x000000049c800000, 0x000000049c800000, 0x000000049d000000|  0%| F|  |TAMS 0x000000049c800000, 0x000000049c800000| Untracked 
|  58|0x000000049d000000, 0x000000049d000000, 0x000000049d800000|  0%| F|  |TAMS 0x000000049d000000, 0x000000049d000000| Untracked 
|  59|0x000000049d800000, 0x000000049d800000, 0x000000049e000000|  0%| F|  |TAMS 0x000000049d800000, 0x000000049d800000| Untracked 
|  60|0x000000049e000000, 0x000000049e000000, 0x000000049e800000|  0%| F|  |TAMS 0x000000049e000000, 0x000000049e000000| Untracked 
|  61|0x000000049e800000, 0x000000049e800000, 0x000000049f000000|  0%| F|  |TAMS 0x000000049e800000, 0x000000049e800000| Untracked 
|  62|0x000000049f000000, 0x000000049f000000, 0x000000049f800000|  0%| F|  |TAMS 0x000000049f000000, 0x000000049f000000| Untracked 
|  63|0x000000049f800000, 0x000000049f800000, 0x00000004a0000000|  0%| F|  |TAMS 0x000000049f800000, 0x000000049f800000| Untracked 
|  64|0x00000004a0000000, 0x00000004a0000000, 0x00000004a0800000|  0%| F|  |TAMS 0x00000004a0000000, 0x00000004a0000000| Untracked 
|  65|0x00000004a0800000, 0x00000004a0800000, 0x00000004a1000000|  0%| F|  |TAMS 0x00000004a0800000, 0x00000004a0800000| Untracked 
|  66|0x00000004a1000000, 0x00000004a1000000, 0x00000004a1800000|  0%| F|  |TAMS 0x00000004a1000000, 0x00000004a1000000| Untracked 
|  67|0x00000004a1800000, 0x00000004a1800000, 0x00000004a2000000|  0%| F|  |TAMS 0x00000004a1800000, 0x00000004a1800000| Untracked 
|  68|0x00000004a2000000, 0x00000004a2000000, 0x00000004a2800000|  0%| F|  |TAMS 0x00000004a2000000, 0x00000004a2000000| Untracked 
|  69|0x00000004a2800000, 0x00000004a2800000, 0x00000004a3000000|  0%| F|  |TAMS 0x00000004a2800000, 0x00000004a2800000| Untracked 
|  70|0x00000004a3000000, 0x00000004a3000000, 0x00000004a3800000|  0%| F|  |TAMS 0x00000004a3000000, 0x00000004a3000000| Untracked 
|  71|0x00000004a3800000, 0x00000004a3800000, 0x00000004a4000000|  0%| F|  |TAMS 0x00000004a3800000, 0x00000004a3800000| Untracked 
|  72|0x00000004a4000000, 0x00000004a4000000, 0x00000004a4800000|  0%| F|  |TAMS 0x00000004a4000000, 0x00000004a4000000| Untracked 
|  73|0x00000004a4800000, 0x00000004a4800000, 0x00000004a5000000|  0%| F|  |TAMS 0x00000004a4800000, 0x00000004a4800000| Untracked 
|  74|0x00000004a5000000, 0x00000004a5000000, 0x00000004a5800000|  0%| F|  |TAMS 0x00000004a5000000, 0x00000004a5000000| Untracked 
|  75|0x00000004a5800000, 0x00000004a5800000, 0x00000004a6000000|  0%| F|  |TAMS 0x00000004a5800000, 0x00000004a5800000| Untracked 
|  76|0x00000004a6000000, 0x00000004a6000000, 0x00000004a6800000|  0%| F|  |TAMS 0x00000004a6000000, 0x00000004a6000000| Untracked 
|  77|0x00000004a6800000, 0x00000004a6800000, 0x00000004a7000000|  0%| F|  |TAMS 0x00000004a6800000, 0x00000004a6800000| Untracked 
|  78|0x00000004a7000000, 0x00000004a7000000, 0x00000004a7800000|  0%| F|  |TAMS 0x00000004a7000000, 0x00000004a7000000| Untracked 
|  79|0x00000004a7800000, 0x00000004a7800000, 0x00000004a8000000|  0%| F|  |TAMS 0x00000004a7800000, 0x00000004a7800000| Untracked 
|  80|0x00000004a8000000, 0x00000004a8000000, 0x00000004a8800000|  0%| F|  |TAMS 0x00000004a8000000, 0x00000004a8000000| Untracked 
|  81|0x00000004a8800000, 0x00000004a8800000, 0x00000004a9000000|  0%| F|  |TAMS 0x00000004a8800000, 0x00000004a8800000| Untracked 
|  82|0x00000004a9000000, 0x00000004a9000000, 0x00000004a9800000|  0%| F|  |TAMS 0x00000004a9000000, 0x00000004a9000000| Untracked 
|  83|0x00000004a9800000, 0x00000004a9800000, 0x00000004aa000000|  0%| F|  |TAMS 0x00000004a9800000, 0x00000004a9800000| Untracked 
|  84|0x00000004aa000000, 0x00000004aa000000, 0x00000004aa800000|  0%| F|  |TAMS 0x00000004aa000000, 0x00000004aa000000| Untracked 
|  85|0x00000004aa800000, 0x00000004aa800000, 0x00000004ab000000|  0%| F|  |TAMS 0x00000004aa800000, 0x00000004aa800000| Untracked 
|  86|0x00000004ab000000, 0x00000004ab000000, 0x00000004ab800000|  0%| F|  |TAMS 0x00000004ab000000, 0x00000004ab000000| Untracked 
|  87|0x00000004ab800000, 0x00000004ab800000, 0x00000004ac000000|  0%| F|  |TAMS 0x00000004ab800000, 0x00000004ab800000| Untracked 
|  88|0x00000004ac000000, 0x00000004ac000000, 0x00000004ac800000|  0%| F|  |TAMS 0x00000004ac000000, 0x00000004ac000000| Untracked 
|  89|0x00000004ac800000, 0x00000004ac800000, 0x00000004ad000000|  0%| F|  |TAMS 0x00000004ac800000, 0x00000004ac800000| Untracked 
|  90|0x00000004ad000000, 0x00000004ad000000, 0x00000004ad800000|  0%| F|  |TAMS 0x00000004ad000000, 0x00000004ad000000| Untracked 
|  91|0x00000004ad800000, 0x00000004ad800000, 0x00000004ae000000|  0%| F|  |TAMS 0x00000004ad800000, 0x00000004ad800000| Untracked 
|  92|0x00000004ae000000, 0x00000004ae000000, 0x00000004ae800000|  0%| F|  |TAMS 0x00000004ae000000, 0x00000004ae000000| Untracked 
|  93|0x00000004ae800000, 0x00000004ae800000, 0x00000004af000000|  0%| F|  |TAMS 0x00000004ae800000, 0x00000004ae800000| Untracked 
|  94|0x00000004af000000, 0x00000004af000000, 0x00000004af800000|  0%| F|  |TAMS 0x00000004af000000, 0x00000004af000000| Untracked 
|  95|0x00000004af800000, 0x00000004b0000000, 0x00000004b0000000|100%| E|  |TAMS 0x00000004af800000, 0x00000004af800000| Complete 
|  96|0x00000004b0000000, 0x00000004b0800000, 0x00000004b0800000|100%| E|CS|TAMS 0x00000004b0000000, 0x00000004b0000000| Complete 
|  97|0x00000004b0800000, 0x00000004b1000000, 0x00000004b1000000|100%| E|CS|TAMS 0x00000004b0800000, 0x00000004b0800000| Complete 
|  98|0x00000004b1000000, 0x00000004b1800000, 0x00000004b1800000|100%| E|CS|TAMS 0x00000004b1000000, 0x00000004b1000000| Complete 
|  99|0x00000004b1800000, 0x00000004b2000000, 0x00000004b2000000|100%| E|CS|TAMS 0x00000004b1800000, 0x00000004b1800000| Complete 
| 100|0x00000004b2000000, 0x00000004b2800000, 0x00000004b2800000|100%| E|CS|TAMS 0x00000004b2000000, 0x00000004b2000000| Complete 
| 101|0x00000004b2800000, 0x00000004b3000000, 0x00000004b3000000|100%| E|CS|TAMS 0x00000004b2800000, 0x00000004b2800000| Complete 
| 102|0x00000004b3000000, 0x00000004b3800000, 0x00000004b3800000|100%| E|CS|TAMS 0x00000004b3000000, 0x00000004b3000000| Complete 
| 103|0x00000004b3800000, 0x00000004b4000000, 0x00000004b4000000|100%| E|CS|TAMS 0x00000004b3800000, 0x00000004b3800000| Complete 
| 104|0x00000004b4000000, 0x00000004b4800000, 0x00000004b4800000|100%| E|CS|TAMS 0x00000004b4000000, 0x00000004b4000000| Complete 
| 105|0x00000004b4800000, 0x00000004b5000000, 0x00000004b5000000|100%| E|CS|TAMS 0x00000004b4800000, 0x00000004b4800000| Complete 
| 106|0x00000004b5000000, 0x00000004b5800000, 0x00000004b5800000|100%| E|CS|TAMS 0x00000004b5000000, 0x00000004b5000000| Complete 
| 107|0x00000004b5800000, 0x00000004b6000000, 0x00000004b6000000|100%| E|CS|TAMS 0x00000004b5800000, 0x00000004b5800000| Complete 
| 108|0x00000004b6000000, 0x00000004b6800000, 0x00000004b6800000|100%| E|CS|TAMS 0x00000004b6000000, 0x00000004b6000000| Complete 
| 109|0x00000004b6800000, 0x00000004b7000000, 0x00000004b7000000|100%| E|CS|TAMS 0x00000004b6800000, 0x00000004b6800000| Complete 
| 110|0x00000004b7000000, 0x00000004b7800000, 0x00000004b7800000|100%| E|CS|TAMS 0x00000004b7000000, 0x00000004b7000000| Complete 
| 111|0x00000004b7800000, 0x00000004b8000000, 0x00000004b8000000|100%| E|CS|TAMS 0x00000004b7800000, 0x00000004b7800000| Complete 
| 112|0x00000004b8000000, 0x00000004b864bd78, 0x00000004b8800000| 78%| S|CS|TAMS 0x00000004b8000000, 0x00000004b8000000| Complete 
| 113|0x00000004b8800000, 0x00000004b9000000, 0x00000004b9000000|100%| E|CS|TAMS 0x00000004b8800000, 0x00000004b8800000| Complete 
| 114|0x00000004b9000000, 0x00000004b9800000, 0x00000004b9800000|100%| E|CS|TAMS 0x00000004b9000000, 0x00000004b9000000| Complete 
| 115|0x00000004b9800000, 0x00000004ba000000, 0x00000004ba000000|100%| E|CS|TAMS 0x00000004b9800000, 0x00000004b9800000| Complete 
| 116|0x00000004ba000000, 0x00000004ba800000, 0x00000004ba800000|100%| E|CS|TAMS 0x00000004ba000000, 0x00000004ba000000| Complete 
| 117|0x00000004ba800000, 0x00000004bb000000, 0x00000004bb000000|100%| E|CS|TAMS 0x00000004ba800000, 0x00000004ba800000| Complete 
| 118|0x00000004bb000000, 0x00000004bb800000, 0x00000004bb800000|100%| E|CS|TAMS 0x00000004bb000000, 0x00000004bb000000| Complete 
| 119|0x00000004bb800000, 0x00000004bc000000, 0x00000004bc000000|100%| E|CS|TAMS 0x00000004bb800000, 0x00000004bb800000| Complete 
| 120|0x00000004bc000000, 0x00000004bc800000, 0x00000004bc800000|100%| E|CS|TAMS 0x00000004bc000000, 0x00000004bc000000| Complete 
| 121|0x00000004bc800000, 0x00000004bd000000, 0x00000004bd000000|100%| E|CS|TAMS 0x00000004bc800000, 0x00000004bc800000| Complete 
| 122|0x00000004bd000000, 0x00000004bd800000, 0x00000004bd800000|100%| E|CS|TAMS 0x00000004bd000000, 0x00000004bd000000| Complete 
| 123|0x00000004bd800000, 0x00000004be000000, 0x00000004be000000|100%| E|CS|TAMS 0x00000004bd800000, 0x00000004bd800000| Complete 
| 124|0x00000004be000000, 0x00000004be800000, 0x00000004be800000|100%| E|CS|TAMS 0x00000004be000000, 0x00000004be000000| Complete 
| 125|0x00000004be800000, 0x00000004bf000000, 0x00000004bf000000|100%| E|CS|TAMS 0x00000004be800000, 0x00000004be800000| Complete 
| 126|0x00000004bf000000, 0x00000004bf800000, 0x00000004bf800000|100%| E|CS|TAMS 0x00000004bf000000, 0x00000004bf000000| Complete 
| 127|0x00000004bf800000, 0x00000004c0000000, 0x00000004c0000000|100%| E|CS|TAMS 0x00000004bf800000, 0x00000004bf800000| Complete 

Card table byte_map: [0x0000027fa3e60000,0x0000027fa5a60000] _byte_map_base: 0x0000027fa1a60000

Marking Bits (Prev, Next): (CMBitMap*) 0x0000027fc3698990, (CMBitMap*) 0x0000027fc36989d0
 Prev Bits: [0x0000027fa7660000, 0x0000027fb5660000)
 Next Bits: [0x0000027fb5660000, 0x0000027fc3660000)

Polling page: 0x0000027f89410000

Metaspace:

Usage:
  Non-class:     14.42 MB used.
      Class:      1.86 MB used.
       Both:     16.28 MB used.

Virtual space:
  Non-class space:       16.00 MB reserved,      14.56 MB ( 91%) committed,  2 nodes.
      Class space:        1.00 GB reserved,       2.00 MB ( <1%) committed,  1 nodes.
             Both:        1.02 GB reserved,      16.56 MB (  2%) committed. 

Chunk freelists:
   Non-Class:  852.00 KB
       Class:  1.84 MB
        Both:  2.67 MB

MaxMetaspaceSize: unlimited
CompressedClassSpaceSize: 1.00 GB
Initial GC threshold: 21.00 MB
Current GC threshold: 21.00 MB
CDS: on
MetaspaceReclaimPolicy: balanced
 - commit_granule_bytes: 65536.
 - commit_granule_words: 8192.
 - virtual_space_node_default_size: 1048576.
 - enlarge_chunks_in_place: 1.
 - new_chunks_are_fully_committed: 0.
 - uncommit_free_chunks: 1.
 - use_allocation_guard: 0.
 - handle_deallocations: 1.


Internal statistics:

num_allocs_failed_limit: 0.
num_arena_births: 298.
num_arena_deaths: 0.
num_vsnodes_births: 3.
num_vsnodes_deaths: 0.
num_space_committed: 265.
num_space_uncommitted: 0.
num_chunks_returned_to_freelist: 0.
num_chunks_taken_from_freelist: 716.
num_chunk_merges: 0.
num_chunk_splits: 437.
num_chunks_enlarged: 285.
num_purges: 0.
num_inconsistent_stats: 0.

CodeHeap 'non-profiled nmethods': size=120000Kb used=2327Kb max_used=2327Kb free=117672Kb
 bounds [0x0000027f9a7e0000, 0x0000027f9aa50000, 0x0000027fa1d10000]
CodeHeap 'profiled nmethods': size=120000Kb used=6799Kb max_used=6799Kb free=113200Kb
 bounds [0x0000027f932b0000, 0x0000027f93960000, 0x0000027f9a7e0000]
CodeHeap 'non-nmethods': size=5760Kb used=1624Kb max_used=1665Kb free=4135Kb
 bounds [0x0000027f92d10000, 0x0000027f92f80000, 0x0000027f932b0000]
 total_blobs=4639 nmethods=3590 adapters=961
 compilation: enabled
              stopped_count=0, restarted_count=0
 full_count=0

Compilation events (20 events):
Event: 2.253 Thread 0x0000027fc65fd150 3599       4       jdk.internal.org.objectweb.asm.Frame::push (109 bytes)
Event: 2.254 Thread 0x0000027fc6463a60 nmethod 3596 0x0000027f9394d710 code [0x0000027f9394dbe0, 0x0000027f939504e8]
Event: 2.254 Thread 0x0000027fc6463a60 3600       3       java.lang.invoke.LambdaForm$Name::internArguments (62 bytes)
Event: 2.255 Thread 0x0000027fc6463a60 nmethod 3600 0x0000027f93951410 code [0x0000027f93951600, 0x0000027f93951d08]
Event: 2.255 Thread 0x0000027fc6463a60 3602       3       java.lang.invoke.LambdaFormBuffer::indexOf (33 bytes)
Event: 2.255 Thread 0x0000027fc6463a60 nmethod 3602 0x0000027f93951e90 code [0x0000027f93952060, 0x0000027f93952418]
Event: 2.255 Thread 0x0000027fc6463a60 3606       3       java.lang.invoke.InvokerBytecodeGenerator::refKindOpcode (112 bytes)
Event: 2.255 Thread 0x0000027fc6463a60 nmethod 3606 0x0000027f93952510 code [0x0000027f93952780, 0x0000027f93953038]
Event: 2.255 Thread 0x0000027fc6463a60 3604       3       jdk.internal.org.objectweb.asm.AnnotationWriter::<init> (60 bytes)
Event: 2.255 Thread 0x0000027fc65fd150 nmethod 3599 0x0000027f9aa19410 code [0x0000027f9aa195a0, 0x0000027f9aa19838]
Event: 2.255 Thread 0x0000027fc65fd150 3601       4       jdk.internal.org.objectweb.asm.ByteVector::put12 (64 bytes)
Event: 2.255 Thread 0x0000027fc6463a60 nmethod 3604 0x0000027f93953290 code [0x0000027f93953460, 0x0000027f93953888]
Event: 2.255 Thread 0x0000027fc6463a60 3605       3       jdk.internal.org.objectweb.asm.AnnotationVisitor::<init> (7 bytes)
Event: 2.256 Thread 0x0000027fc6463a60 nmethod 3605 0x0000027f93953a10 code [0x0000027f93953bc0, 0x0000027f93953d08]
Event: 2.256 Thread 0x0000027fc6463a60 3603       1       java.lang.invoke.InvokerBytecodeGenerator::setClassWriter (6 bytes)
Event: 2.256 Thread 0x0000027fc6463a60 nmethod 3603 0x0000027f9aa19990 code [0x0000027f9aa19b20, 0x0000027f9aa19c38]
Event: 2.256 Thread 0x0000027fc6463a60 3607       1       java.lang.Class::getClassData (5 bytes)
Event: 2.256 Thread 0x0000027fc6463a60 nmethod 3607 0x0000027f9aa19c90 code [0x0000027f9aa19e20, 0x0000027f9aa19ef8]
Event: 2.258 Thread 0x0000027fc65fd150 nmethod 3601 0x0000027f9aa19f90 code [0x0000027f9aa1a120, 0x0000027f9aa1a618]
Event: 2.264 Thread 0x0000027fc64630b0 nmethod 3598 0x0000027f9aa1a810 code [0x0000027f9aa1aa00, 0x0000027f9aa1ba08]

GC Heap History (8 events):
Event: 0.554 GC heap before
{Heap before GC invocations=0 (full 0):
 garbage-first heap   total 1048576K, used 40960K [0x0000000480000000, 0x0000000800000000)
  region size 8192K, 6 young (49152K), 0 survivors (0K)
 Metaspace       used 4760K, committed 4992K, reserved 1056768K
  class space    used 474K, committed 576K, reserved 1048576K
}
Event: 0.557 GC heap after
{Heap after GC invocations=1 (full 0):
 garbage-first heap   total 1048576K, used 11361K [0x0000000480000000, 0x0000000800000000)
  region size 8192K, 1 young (8192K), 1 survivors (8192K)
 Metaspace       used 4760K, committed 4992K, reserved 1056768K
  class space    used 474K, committed 576K, reserved 1048576K
}
Event: 0.684 GC heap before
{Heap before GC invocations=1 (full 0):
 garbage-first heap   total 1048576K, used 52321K [0x0000000480000000, 0x0000000800000000)
  region size 8192K, 6 young (49152K), 1 survivors (8192K)
 Metaspace       used 4848K, committed 5056K, reserved 1056768K
  class space    used 474K, committed 576K, reserved 1048576K
}
Event: 0.687 GC heap after
{Heap after GC invocations=2 (full 0):
 garbage-first heap   total 1048576K, used 18819K [0x0000000480000000, 0x0000000800000000)
  region size 8192K, 1 young (8192K), 1 survivors (8192K)
 Metaspace       used 4848K, committed 5056K, reserved 1056768K
  class space    used 474K, committed 576K, reserved 1048576K
}
Event: 0.741 GC heap before
{Heap before GC invocations=2 (full 0):
 garbage-first heap   total 1048576K, used 59779K [0x0000000480000000, 0x0000000800000000)
  region size 8192K, 6 young (49152K), 1 survivors (8192K)
 Metaspace       used 4852K, committed 5056K, reserved 1056768K
  class space    used 474K, committed 576K, reserved 1048576K
}
Event: 0.742 GC heap after
{Heap after GC invocations=3 (full 0):
 garbage-first heap   total 1048576K, used 20167K [0x0000000480000000, 0x0000000800000000)
  region size 8192K, 1 young (8192K), 1 survivors (8192K)
 Metaspace       used 4852K, committed 5056K, reserved 1056768K
  class space    used 474K, committed 576K, reserved 1048576K
}
Event: 1.135 GC heap before
{Heap before GC invocations=3 (full 0):
 garbage-first heap   total 1048576K, used 134855K [0x0000000480000000, 0x0000000800000000)
  region size 8192K, 15 young (122880K), 1 survivors (8192K)
 Metaspace       used 5048K, committed 5312K, reserved 1056768K
  class space    used 483K, committed 640K, reserved 1048576K
}
Event: 1.137 GC heap after
{Heap after GC invocations=4 (full 0):
 garbage-first heap   total 1048576K, used 25125K [0x0000000480000000, 0x0000000800000000)
  region size 8192K, 1 young (8192K), 1 survivors (8192K)
 Metaspace       used 5048K, committed 5312K, reserved 1056768K
  class space    used 483K, committed 640K, reserved 1048576K
}

Deoptimization events (20 events):
Event: 2.153 Thread 0x0000027f8b4b48c0 Uncommon trap: trap_request=0xffffffde fr.pc=0x0000027f9a8c30d0 relative=0x0000000000000eb0
Event: 2.153 Thread 0x0000027f8b4b48c0 Uncommon trap: reason=class_check action=maybe_recompile pc=0x0000027f9a8c30d0 method=java.nio.file.FileTreeWalker.next()Ljava/nio/file/FileTreeWalker$Event; @ 37 c2
Event: 2.153 Thread 0x0000027f8b4b48c0 DEOPT PACKING pc=0x0000027f9a8c30d0 sp=0x000000d74e4fe740
Event: 2.153 Thread 0x0000027f8b4b48c0 DEOPT UNPACKING pc=0x0000027f92d623a3 sp=0x000000d74e4fe6a8 mode 2
Event: 2.169 Thread 0x0000027f8b4b48c0 Uncommon trap: trap_request=0xffffffde fr.pc=0x0000027f9a9fb568 relative=0x00000000000001c8
Event: 2.169 Thread 0x0000027f8b4b48c0 Uncommon trap: reason=class_check action=maybe_recompile pc=0x0000027f9a9fb568 method=java.nio.ByteBuffer.putBuffer(ILjava/nio/ByteBuffer;II)V @ 33 c2
Event: 2.169 Thread 0x0000027f8b4b48c0 DEOPT PACKING pc=0x0000027f9a9fb568 sp=0x000000d74e4fe2f0
Event: 2.169 Thread 0x0000027f8b4b48c0 DEOPT UNPACKING pc=0x0000027f92d623a3 sp=0x000000d74e4fe280 mode 2
Event: 2.171 Thread 0x0000027f8b4b48c0 Uncommon trap: trap_request=0xffffffde fr.pc=0x0000027f9a9fb568 relative=0x00000000000001c8
Event: 2.171 Thread 0x0000027f8b4b48c0 Uncommon trap: reason=class_check action=maybe_recompile pc=0x0000027f9a9fb568 method=java.nio.ByteBuffer.putBuffer(ILjava/nio/ByteBuffer;II)V @ 33 c2
Event: 2.171 Thread 0x0000027f8b4b48c0 DEOPT PACKING pc=0x0000027f9a9fb568 sp=0x000000d74e4fe230
Event: 2.171 Thread 0x0000027f8b4b48c0 DEOPT UNPACKING pc=0x0000027f92d623a3 sp=0x000000d74e4fe1c0 mode 2
Event: 2.172 Thread 0x0000027f8b4b48c0 Uncommon trap: trap_request=0xffffffde fr.pc=0x0000027f9a9fb568 relative=0x00000000000001c8
Event: 2.172 Thread 0x0000027f8b4b48c0 Uncommon trap: reason=class_check action=maybe_recompile pc=0x0000027f9a9fb568 method=java.nio.ByteBuffer.putBuffer(ILjava/nio/ByteBuffer;II)V @ 33 c2
Event: 2.172 Thread 0x0000027f8b4b48c0 DEOPT PACKING pc=0x0000027f9a9fb568 sp=0x000000d74e4fe230
Event: 2.172 Thread 0x0000027f8b4b48c0 DEOPT UNPACKING pc=0x0000027f92d623a3 sp=0x000000d74e4fe1c0 mode 2
Event: 2.252 Thread 0x0000027fc95673b0 Uncommon trap: trap_request=0xffffff45 fr.pc=0x0000027f9a89f7a4 relative=0x0000000000000104
Event: 2.252 Thread 0x0000027fc95673b0 Uncommon trap: reason=unstable_if action=reinterpret pc=0x0000027f9a89f7a4 method=java.util.concurrent.TimeUnit.convert(JLjava/util/concurrent/TimeUnit;)J @ 8 c2
Event: 2.252 Thread 0x0000027fc95673b0 DEOPT PACKING pc=0x0000027f9a89f7a4 sp=0x000000d7505ff0e0
Event: 2.252 Thread 0x0000027fc95673b0 DEOPT UNPACKING pc=0x0000027f92d623a3 sp=0x000000d7505ff090 mode 2

Classes unloaded (0 events):
No events

Classes redefined (0 events):
No events

Internal exceptions (20 events):
Event: 2.125 Thread 0x0000027f8b4b48c0 Exception <a 'java/lang/NoSuchMethodError'{0x00000004b0d91f00}: 'void java.lang.invoke.DirectMethodHandle$Holder.invokeStaticInit(java.lang.Object, java.lang.Object)'> (0x00000004b0d91f00) 
thrown [t:\workspace\open\src\hotspot\share\interpreter\linkResolver.cpp, line 766]
Event: 2.126 Thread 0x0000027f8b4b48c0 Exception <a 'java/lang/NoSuchMethodError'{0x00000004b0d9e778}: 'java.lang.Object java.lang.invoke.DirectMethodHandle$Holder.invokeStaticInit(java.lang.Object, java.lang.Object, java.lang.Object, java.lang.Object)'> (0x00000004b0d9e778) 
thrown [t:\workspace\open\src\hotspot\share\interpreter\linkResolver.cpp, line 766]
Event: 2.126 Thread 0x0000027f8b4b48c0 Exception <a 'java/lang/IncompatibleClassChangeError'{0x00000004b0da4020}: Found class java.lang.Object, but interface was expected> (0x00000004b0da4020) 
thrown [t:\workspace\open\src\hotspot\share\interpreter\linkResolver.cpp, line 833]
Event: 2.129 Thread 0x0000027f8b4b48c0 Exception <a 'java/lang/IncompatibleClassChangeError'{0x00000004b0dd90d8}: Found class java.lang.Object, but interface was expected> (0x00000004b0dd90d8) 
thrown [t:\workspace\open\src\hotspot\share\interpreter\linkResolver.cpp, line 833]
Event: 2.153 Thread 0x0000027f8b4b48c0 Exception <a 'sun/nio/fs/WindowsException'{0x00000004b0f6e3f8}> (0x00000004b0f6e3f8) 
thrown [t:\workspace\open\src\hotspot\share\prims\jni.cpp, line 516]
Event: 2.159 Thread 0x0000027f8b4b48c0 Exception <a 'java/lang/NoSuchMethodError'{0x00000004b0fb1cc8}: 'java.lang.Object java.lang.invoke.DirectMethodHandle$Holder.invokeVirtual(java.lang.Object, java.lang.Object, java.lang.Object)'> (0x00000004b0fb1cc8) 
thrown [t:\workspace\open\src\hotspot\share\interpreter\linkResolver.cpp, line 766]
Event: 2.172 Thread 0x0000027f8b4b48c0 Exception <a 'sun/nio/fs/WindowsException'{0x00000004b00b6750}> (0x00000004b00b6750) 
thrown [t:\workspace\open\src\hotspot\share\prims\jni.cpp, line 516]
Event: 2.175 Thread 0x0000027f8b4b48c0 Exception <a 'java/lang/NoSuchMethodError'{0x00000004b00e54b0}: 'java.lang.Object java.lang.invoke.DirectMethodHandle$Holder.invokeStatic(java.lang.Object, int, java.lang.Object, java.lang.Object, java.lang.Object, java.lang.Object)'> (0x00000004b00e54b0) 
thrown [t:\workspace\open\src\hotspot\share\interpreter\linkResolver.cpp, line 766]
Event: 2.175 Thread 0x0000027f8b4b48c0 Exception <a 'java/lang/NoSuchMethodError'{0x00000004b00edcd8}: 'java.lang.Object java.lang.invoke.DirectMethodHandle$Holder.newInvokeSpecial(java.lang.Object, int, java.lang.Object, java.lang.Object)'> (0x00000004b00edcd8) 
thrown [t:\workspace\open\src\hotspot\share\interpreter\linkResolver.cpp, line 766]
Event: 2.175 Thread 0x0000027f8b4b48c0 Exception <a 'java/lang/NoSuchMethodError'{0x00000004b00f1de0}: 'java.lang.Object java.lang.invoke.DirectMethodHandle$Holder.invokeSpecial(java.lang.Object, java.lang.Object, int, java.lang.Object, java.lang.Object)'> (0x00000004b00f1de0) 
thrown [t:\workspace\open\src\hotspot\share\interpreter\linkResolver.cpp, line 766]
Event: 2.200 Thread 0x0000027f8b4b48c0 Exception <a 'sun/nio/fs/WindowsException'{0x00000004b03dac18}> (0x00000004b03dac18) 
thrown [t:\workspace\open\src\hotspot\share\prims\jni.cpp, line 516]
Event: 2.200 Thread 0x0000027f8b4b48c0 Exception <a 'sun/nio/fs/WindowsException'{0x00000004b03daf70}> (0x00000004b03daf70) 
thrown [t:\workspace\open\src\hotspot\share\prims\jni.cpp, line 516]
Event: 2.207 Thread 0x0000027f8b4b48c0 Exception <a 'sun/nio/fs/WindowsException'{0x00000004b0614278}> (0x00000004b0614278) 
thrown [t:\workspace\open\src\hotspot\share\prims\jni.cpp, line 516]
Event: 2.207 Thread 0x0000027f8b4b48c0 Exception <a 'sun/nio/fs/WindowsException'{0x00000004b06145e8}> (0x00000004b06145e8) 
thrown [t:\workspace\open\src\hotspot\share\prims\jni.cpp, line 516]
Event: 2.225 Thread 0x0000027f8b4b48c0 Exception <a 'java/lang/NoSuchMethodError'{0x00000004b069b628}: 'int java.lang.invoke.DirectMethodHandle$Holder.invokeStaticInit(java.lang.Object, java.lang.Object, int, long)'> (0x00000004b069b628) 
thrown [t:\workspace\open\src\hotspot\share\interpreter\linkResolver.cpp, line 766]
Event: 2.225 Thread 0x0000027f8b4b48c0 Exception <a 'java/lang/NoSuchMethodError'{0x00000004b06a11b8}: 'java.lang.Object java.lang.invoke.DirectMethodHandle$Holder.newInvokeSpecial(java.lang.Object, java.lang.Object, int)'> (0x00000004b06a11b8) 
thrown [t:\workspace\open\src\hotspot\share\interpreter\linkResolver.cpp, line 766]
Event: 2.227 Thread 0x0000027f8b4b48c0 Exception <a 'java/lang/NoSuchMethodError'{0x00000004b06b5018}: 'int java.lang.invoke.DirectMethodHandle$Holder.invokeStaticInit(java.lang.Object, java.lang.Object, long, long)'> (0x00000004b06b5018) 
thrown [t:\workspace\open\src\hotspot\share\interpreter\linkResolver.cpp, line 766]
Event: 2.227 Thread 0x0000027f8b4b48c0 Exception <a 'java/lang/NoSuchMethodError'{0x00000004b06baf70}: 'java.lang.Object java.lang.invoke.DirectMethodHandle$Holder.newInvokeSpecial(java.lang.Object, java.lang.Object, long)'> (0x00000004b06baf70) 
thrown [t:\workspace\open\src\hotspot\share\interpreter\linkResolver.cpp, line 766]
Event: 2.227 Thread 0x0000027f8b4b48c0 Exception <a 'java/lang/NoSuchMethodError'{0x00000004b06beae0}: 'java.lang.Object java.lang.invoke.Invokers$Holder.linkToTargetMethod(java.lang.Object, long, java.lang.Object)'> (0x00000004b06beae0) 
thrown [t:\workspace\open\src\hotspot\share\interpreter\linkResolver.cpp, line 766]
Event: 2.228 Thread 0x0000027f8b4b48c0 Exception <a 'java/lang/NoSuchMethodError'{0x00000004b06c6258}: 'int java.lang.invoke.DirectMethodHandle$Holder.invokeStaticInit(java.lang.Object, java.lang.Object, java.lang.Object, long)'> (0x00000004b06c6258) 
thrown [t:\workspace\open\src\hotspot\share\interpreter\linkResolver.cpp, line 766]

VM Operations (20 events):
Event: 1.901 Executing VM operation: HandshakeAllThreads
Event: 1.901 Executing VM operation: HandshakeAllThreads done
Event: 1.902 Executing VM operation: HandshakeAllThreads
Event: 1.902 Executing VM operation: HandshakeAllThreads done
Event: 1.947 Executing VM operation: HandshakeAllThreads
Event: 1.947 Executing VM operation: HandshakeAllThreads done
Event: 1.947 Executing VM operation: HandshakeAllThreads
Event: 1.947 Executing VM operation: HandshakeAllThreads done
Event: 1.975 Executing VM operation: HandshakeAllThreads
Event: 1.975 Executing VM operation: HandshakeAllThreads done
Event: 2.032 Executing VM operation: HandshakeAllThreads
Event: 2.032 Executing VM operation: HandshakeAllThreads done
Event: 2.083 Executing VM operation: HandshakeAllThreads
Event: 2.083 Executing VM operation: HandshakeAllThreads done
Event: 2.150 Executing VM operation: HandshakeAllThreads
Event: 2.150 Executing VM operation: HandshakeAllThreads done
Event: 2.152 Executing VM operation: ICBufferFull
Event: 2.153 Executing VM operation: ICBufferFull done
Event: 2.253 Executing VM operation: HandshakeAllThreads
Event: 2.253 Executing VM operation: HandshakeAllThreads done

Events (20 events):
Event: 2.223 loading class java/nio/DirectDoubleBufferU done
Event: 2.224 loading class java/util/function/LongPredicate
Event: 2.224 loading class java/util/function/LongPredicate done
Event: 2.228 loading class java/nio/InvalidMarkException
Event: 2.228 loading class java/nio/InvalidMarkException done
Event: 2.229 loading class java/nio/BufferUnderflowException
Event: 2.229 loading class java/nio/BufferUnderflowException done
Event: 2.251 loading class java/util/concurrent/ScheduledThreadPoolExecutor$ScheduledFutureTask
Event: 2.251 loading class java/util/concurrent/FutureTask
Event: 2.252 loading class java/util/concurrent/FutureTask done
Event: 2.252 loading class java/util/concurrent/ScheduledThreadPoolExecutor$ScheduledFutureTask done
Event: 2.252 loading class java/util/concurrent/FutureTask$WaitNode
Event: 2.252 loading class java/util/concurrent/FutureTask$WaitNode done
Event: 2.252 loading class java/util/concurrent/Executors$RunnableAdapter
Event: 2.252 loading class java/util/concurrent/Executors$RunnableAdapter done
Event: 2.252 Thread 0x0000027fc95673b0 Thread added: 0x0000027fc95673b0
Event: 2.252 loading class java/util/concurrent/locks/AbstractQueuedSynchronizer$ConditionNode
Event: 2.252 loading class java/util/concurrent/ForkJoinPool$ManagedBlocker
Event: 2.252 loading class java/util/concurrent/ForkJoinPool$ManagedBlocker done
Event: 2.252 loading class java/util/concurrent/locks/AbstractQueuedSynchronizer$ConditionNode done


Dynamic libraries:
0x00007ff6e8c00000 - 0x00007ff6e8c10000 	C:\Program Files\Java\jdk-17.0.3.1\bin\java.exe
0x00007ff9f2ab0000 - 0x00007ff9f2ca8000 	C:\WINDOWS\SYSTEM32\ntdll.dll
0x00007ff9f1c80000 - 0x00007ff9f1d3f000 	C:\WINDOWS\System32\KERNEL32.DLL
0x00007ff9f0230000 - 0x00007ff9f0526000 	C:\WINDOWS\System32\KERNELBASE.dll
0x00007ff9f07a0000 - 0x00007ff9f08a0000 	C:\WINDOWS\System32\ucrtbase.dll
0x00007ff9cd590000 - 0x00007ff9cd5a8000 	C:\Program Files\Java\jdk-17.0.3.1\bin\jli.dll
0x00007ff9cc4f0000 - 0x00007ff9cc50a000 	C:\Program Files\Java\jdk-17.0.3.1\bin\VCRUNTIME140.dll
0x00007ff9f1730000 - 0x00007ff9f17df000 	C:\WINDOWS\System32\ADVAPI32.dll
0x00007ff9f1570000 - 0x00007ff9f160e000 	C:\WINDOWS\System32\msvcrt.dll
0x00007ff9f2770000 - 0x00007ff9f280c000 	C:\WINDOWS\System32\sechost.dll
0x00007ff9f0eb0000 - 0x00007ff9f0fd6000 	C:\WINDOWS\System32\RPCRT4.dll
0x00007ff9f0fe0000 - 0x00007ff9f117d000 	C:\WINDOWS\System32\USER32.dll
0x00007ff9dcaf0000 - 0x00007ff9dcd8a000 	C:\WINDOWS\WinSxS\amd64_microsoft.windows.common-controls_6595b64144ccf1df_6.0.19041.1110_none_60b5254171f9507e\COMCTL32.dll
0x00007ff9f0770000 - 0x00007ff9f0792000 	C:\WINDOWS\System32\win32u.dll
0x00007ff9f11e0000 - 0x00007ff9f120c000 	C:\WINDOWS\System32\GDI32.dll
0x00007ff9f0530000 - 0x00007ff9f0645000 	C:\WINDOWS\System32\gdi32full.dll
0x00007ff9f0190000 - 0x00007ff9f022d000 	C:\WINDOWS\System32\msvcp_win.dll
0x00007ff9e5fc0000 - 0x00007ff9e5fca000 	C:\WINDOWS\SYSTEM32\VERSION.dll
0x00007ff9f17e0000 - 0x00007ff9f1810000 	C:\WINDOWS\System32\IMM32.DLL
0x00007ff9eb1f0000 - 0x00007ff9eb1fc000 	C:\Program Files\Java\jdk-17.0.3.1\bin\vcruntime140_1.dll
0x00007ff9c1ef0000 - 0x00007ff9c1f7d000 	C:\Program Files\Java\jdk-17.0.3.1\bin\msvcp140.dll
0x00007ff9854a0000 - 0x00007ff986060000 	C:\Program Files\Java\jdk-17.0.3.1\bin\server\jvm.dll
0x00007ff9f0d10000 - 0x00007ff9f0d18000 	C:\WINDOWS\System32\PSAPI.DLL
0x00007ff9e5f90000 - 0x00007ff9e5fb7000 	C:\WINDOWS\SYSTEM32\WINMM.dll
0x00007ff9b35d0000 - 0x00007ff9b35d9000 	C:\WINDOWS\SYSTEM32\WSOCK32.dll
0x00007ff9f16b0000 - 0x00007ff9f171b000 	C:\WINDOWS\System32\WS2_32.dll
0x00007ff9edf30000 - 0x00007ff9edf42000 	C:\WINDOWS\SYSTEM32\kernel.appcore.dll
0x00007ff9e8530000 - 0x00007ff9e853a000 	C:\Program Files\Java\jdk-17.0.3.1\bin\jimage.dll
0x00007ff9e7310000 - 0x00007ff9e74f4000 	C:\WINDOWS\SYSTEM32\DBGHELP.DLL
0x00007ff9dc430000 - 0x00007ff9dc464000 	C:\WINDOWS\SYSTEM32\dbgcore.DLL
0x00007ff9f0a50000 - 0x00007ff9f0ad2000 	C:\WINDOWS\System32\bcryptPrimitives.dll
0x00007ff9c5010000 - 0x00007ff9c5035000 	C:\Program Files\Java\jdk-17.0.3.1\bin\java.dll
0x00007ff9c09d0000 - 0x00007ff9c0aa6000 	C:\Program Files\Java\jdk-17.0.3.1\bin\jsvml.dll
0x00007ff9f2020000 - 0x00007ff9f2764000 	C:\WINDOWS\System32\SHELL32.dll
0x00007ff9ee210000 - 0x00007ff9ee9a3000 	C:\WINDOWS\SYSTEM32\windows.storage.dll
0x00007ff9f1210000 - 0x00007ff9f1564000 	C:\WINDOWS\System32\combase.dll
0x00007ff9efaf0000 - 0x00007ff9efb1e000 	C:\WINDOWS\SYSTEM32\Wldp.dll
0x00007ff9f0d80000 - 0x00007ff9f0e2d000 	C:\WINDOWS\System32\SHCORE.dll
0x00007ff9f1180000 - 0x00007ff9f11d5000 	C:\WINDOWS\System32\shlwapi.dll
0x00007ff9f00c0000 - 0x00007ff9f00e5000 	C:\WINDOWS\SYSTEM32\profapi.dll
0x00007ff9c4ff0000 - 0x00007ff9c5009000 	C:\Program Files\Java\jdk-17.0.3.1\bin\net.dll
0x00007ff9e8f30000 - 0x00007ff9e903a000 	C:\WINDOWS\SYSTEM32\WINHTTP.dll
0x00007ff9ef8d0000 - 0x00007ff9ef93a000 	C:\WINDOWS\system32\mswsock.dll
0x00007ff9c4fd0000 - 0x00007ff9c4fe6000 	C:\Program Files\Java\jdk-17.0.3.1\bin\nio.dll
0x00007ff9cb500000 - 0x00007ff9cb518000 	C:\Program Files\Java\jdk-17.0.3.1\bin\zip.dll
0x00007ff9e3e00000 - 0x00007ff9e3e10000 	C:\Program Files\Java\jdk-17.0.3.1\bin\verify.dll
0x00007ff9c97f0000 - 0x00007ff9c97f9000 	C:\Program Files\Java\jdk-17.0.3.1\bin\management.dll
0x00007ff9c1ee0000 - 0x00007ff9c1eeb000 	C:\Program Files\Java\jdk-17.0.3.1\bin\management_ext.dll
0x00007ff988260000 - 0x00007ff988277000 	C:\WINDOWS\system32\napinsp.dll
0x00007ff988a00000 - 0x00007ff988a1b000 	C:\WINDOWS\system32\pnrpnsp.dll
0x00007ff9cff70000 - 0x00007ff9cff85000 	C:\WINDOWS\system32\wshbth.dll
0x00007ff9ebe90000 - 0x00007ff9ebead000 	C:\WINDOWS\system32\NLAapi.dll
0x00007ff9ef590000 - 0x00007ff9ef5cb000 	C:\WINDOWS\SYSTEM32\IPHLPAPI.DLL
0x00007ff9ef5d0000 - 0x00007ff9ef69a000 	C:\WINDOWS\SYSTEM32\DNSAPI.dll
0x00007ff9f1720000 - 0x00007ff9f1728000 	C:\WINDOWS\System32\NSI.dll
0x00007ff9b2b70000 - 0x00007ff9b2b82000 	C:\WINDOWS\System32\winrnr.dll
0x00007ff9e3d00000 - 0x00007ff9e3d0a000 	C:\Windows\System32\rasadhlp.dll
0x00007ff9e3bc0000 - 0x00007ff9e3c42000 	C:\WINDOWS\System32\fwpuclnt.dll
0x00007ff9f0ae0000 - 0x00007ff9f0b07000 	C:\WINDOWS\System32\bcrypt.dll
0x00007ff9888b0000 - 0x00007ff988925000 	C:\Users\Damqn\AppData\Local\Temp\lwjglDamyan\3.3.1-build-7\lwjgl.dll
0x00007ff97fb20000 - 0x00007ff97fb81000 	C:\Users\Damqn\AppData\Local\Temp\lwjglDamyan\3.3.1-build-7\glfw.dll
0x00007ff97fad0000 - 0x00007ff97fb15000 	C:\WINDOWS\SYSTEM32\dinput8.dll
0x00007ff9dff30000 - 0x00007ff9dff41000 	C:\WINDOWS\SYSTEM32\xinput1_4.dll
0x00007ff9f08a0000 - 0x00007ff9f08ee000 	C:\WINDOWS\System32\cfgmgr32.dll
0x00007ff9eff20000 - 0x00007ff9eff53000 	C:\WINDOWS\SYSTEM32\DEVOBJ.dll
0x00007ff9edf00000 - 0x00007ff9edf2f000 	C:\WINDOWS\SYSTEM32\dwmapi.dll
0x00007ff9e4f70000 - 0x00007ff9e50c2000 	C:\WINDOWS\SYSTEM32\inputhost.dll
0x00007ff9f1ef0000 - 0x00007ff9f1fbd000 	C:\WINDOWS\System32\OLEAUT32.dll
0x00007ff9ec050000 - 0x00007ff9ec1a4000 	C:\WINDOWS\SYSTEM32\wintypes.dll
0x00007ff9eb580000 - 0x00007ff9eb676000 	C:\WINDOWS\SYSTEM32\PROPSYS.dll
0x00007ff9ed710000 - 0x00007ff9ed802000 	C:\WINDOWS\SYSTEM32\CoreMessaging.dll
0x00007ff9ed3b0000 - 0x00007ff9ed70e000 	C:\WINDOWS\SYSTEM32\CoreUIComponents.dll
0x00007ff9ef2b0000 - 0x00007ff9ef2e3000 	C:\WINDOWS\SYSTEM32\ntmarta.dll
0x00007ff9eda50000 - 0x00007ff9edaee000 	C:\WINDOWS\system32\uxtheme.dll
0x00007ff9f0bf0000 - 0x00007ff9f0d04000 	C:\WINDOWS\System32\MSCTF.dll
0x00007ff9b2f60000 - 0x00007ff9b3085000 	C:\WINDOWS\SYSTEM32\opengl32.dll
0x00007ff9b2f30000 - 0x00007ff9b2f5c000 	C:\WINDOWS\SYSTEM32\GLU32.dll
0x00007ff9f29c0000 - 0x00007ff9f2a69000 	C:\WINDOWS\System32\clbcatq.dll
0x00007ff9dfdd0000 - 0x00007ff9dfdfd000 	C:\WINDOWS\System32\DriverStore\FileRepository\u0390451.inf_amd64_39377efdd62734d1\B390182\atig6pxx.dll
0x00007ff97fe30000 - 0x00007ff983a65000 	C:\WINDOWS\System32\DriverStore\FileRepository\u0390451.inf_amd64_39377efdd62734d1\B390182\atio6axx.dll
0x00007ff9f1810000 - 0x00007ff9f1c7e000 	C:\WINDOWS\System32\SETUPAPI.dll
0x00007ff9f0650000 - 0x00007ff9f06b7000 	C:\WINDOWS\System32\WINTRUST.dll
0x00007ff9f08f0000 - 0x00007ff9f0a4e000 	C:\WINDOWS\System32\CRYPT32.dll
0x00007ff9efd60000 - 0x00007ff9efd72000 	C:\WINDOWS\SYSTEM32\MSASN1.dll

dbghelp: loaded successfully - version: 4.0.5 - missing functions: none
symbol engine: initialized successfully - sym options: 0x614 - pdb path: .;C:\Program Files\Java\jdk-17.0.3.1\bin;C:\WINDOWS\SYSTEM32;C:\WINDOWS\WinSxS\amd64_microsoft.windows.common-controls_6595b64144ccf1df_6.0.19041.1110_none_60b5254171f9507e;C:\Program Files\Java\jdk-17.0.3.1\bin\server;C:\Users\Damqn\AppData\Local\Temp\lwjglDamyan\3.3.1-build-7;C:\WINDOWS\System32\DriverStore\FileRepository\u0390451.inf_amd64_39377efdd62734d1\B390182

VM Arguments:
jvm_args: -Dforge.enableGameTest=true -Dforge.enabledGameTestNamespaces=endlessexpansion -Dforge.logging.console.level=debug -Dforge.logging.markers=REGISTRIES -DignoreList=bootstraplauncher,securejarhandler,asm-commons,asm-util,asm-analysis,asm-tree,asm,JarJarFileSystems,client-extra,fmlcore,javafmllanguage,lowcodelanguage,mclanguage,forge- -Djava.net.preferIPv6Addresses=system -DlegacyClassPath.file=F:\mc mods\Coding Mods\Endless Expansion 1.20\build\classpath\runClient_minecraftClasspath.txt -DmergeModules=jna-5.10.0.jar,jna-platform-5.10.0.jar --module-path=C:\Users\Damqn\.gradle\caches\modules-2\files-2.1\cpw.mods\bootstraplauncher\1.1.2\c546e00443d8432cda6baa1c860346980742628\bootstraplauncher-1.1.2.jar;C:\Users\Damqn\.gradle\caches\modules-2\files-2.1\cpw.mods\securejarhandler\2.1.10\51e6a22c6c716beb11e244bf5b8be480f51dd6b5\securejarhandler-2.1.10.jar;C:\Users\Damqn\.gradle\caches\modules-2\files-2.1\org.ow2.asm\asm-commons\9.5\19ab5b5800a3910d30d3a3e64fdb00fd0cb42de0\asm-commons-9.5.jar;C:\Users\Damqn\.gradle\caches\modules-2\files-2.1\org.ow2.asm\asm-util\9.5\64b5a1fc8c1b15ed2efd6a063e976bc8d3dc5ffe\asm-util-9.5.jar;C:\Users\Damqn\.gradle\caches\modules-2\files-2.1\org.ow2.asm\asm-analysis\9.5\490bacc77de7cbc0be1a30bb3471072d705be4a4\asm-analysis-9.5.jar;C:\Users\Damqn\.gradle\caches\modules-2\files-2.1\org.ow2.asm\asm-tree\9.5\fd33c8b6373abaa675be407082fdfda35021254a\asm-tree-9.5.jar;C:\Users\Damqn\.gradle\caches\modules-2\files-2.1\org.ow2.asm\asm\9.5\dc6ea1875f4d64fbc85e1691c95b96a3d8569c90\asm-9.5.jar;C:\Users\Damqn\.gradle\caches\modules-2\files-2.1\net.minecraftforge\JarJarFileSystems\0.3.19\2464eb7d6b9ddb9db36a82cf8a95193e5c6fe020\JarJarFileSystems-0.3.19.jar --add-modules=ALL-MODULE-PATH --add-opens=java.base/java.util.jar=cpw.mods.securejarhandler --add-opens=java.base/java.lang.invoke=cpw.mods.securejarhandler --add-exports=java.base/sun.security.util=cpw.mods.securejarhandler --add-exports=jdk.naming.dns/com.sun.jndi.dns=java.naming -XX:HeapDumpPath=MojangTricksIntelDriversForPerformance_javaw.exe_minecraft.exe.heapdump -Dfile.encoding=windows-1251 -Duser.country=US -Duser.language=en -Duser.variant -Xmx14336m -Xms1024m 
java_command: cpw.mods.bootstraplauncher.BootstrapLauncher --launchTarget forgeclientuserdev --version MOD_DEV --assetIndex 5 --assetsDir C:\Users\Damqn\.gradle\caches\forge_gradle\assets --gameDir . --fml.forgeVersion 47.1.40 --fml.mcVersion 1.20.1 --fml.forgeGroup net.minecraftforge --fml.mcpVersion 20230612.114412
java_class_path (initial): F:\mc mods\Coding Mods\Endless Expansion 1.20\build\classes\java\main;F:\mc mods\Coding Mods\Endless Expansion 1.20\build\resources\main;C:\Users\Damqn\.gradle\caches\forge_gradle\minecraft_user_repo\net\minecraftforge\forge\1.20.1-47.1.40_mapped_official_1.20.1\forge-1.20.1-47.1.40_mapped_official_1.20.1-recomp.jar;C:\Users\Damqn\.gradle\caches\forge_gradle\minecraft_repo\versions\1.20.1\client-extra.jar;C:\Users\Damqn\.gradle\caches\modules-2\files-2.1\net.minecraftforge\fmlearlydisplay\1.20.1-47.1.40\cef288f16fefc4a7b3287b144bbf13b45f7bc10e\fmlearlydisplay-1.20.1-47.1.40.jar;C:\Users\Damqn\.gradle\caches\modules-2\files-2.1\net.minecraftforge\javafmllanguage\1.20.1-47.1.40\f692ce735ae82c7d67a622f7c16b39d6791438b2\javafmllanguage-1.20.1-47.1.40.jar;C:\Users\Damqn\.gradle\caches\modules-2\files-2.1\net.minecraftforge\lowcodelanguage\1.20.1-47.1.40\b5c50f31d2063274dde480c279f69ea4823e9271\lowcodelanguage-1.20.1-47.1.40.jar;C:\Users\Damqn\.gradle\caches\modules-2\files-2.1\net.minecraftforge\mclanguage\1.20.1-47.1.40\962a7a60b0ebc9b49f9d34c5a1586ec38df6113f\mclanguage-1.20.1-47.1.40.jar;C:\Users\Damqn\.gradle\caches\modules-2\files-2.1\net.minecraftforge\fmlcore\1.20.1-47.1.40\4ce019324cdf918c4854d7775fc09c1d2572c6f\fmlcore-1.20.1-47.1.40.jar;C:\Users\Damqn\.gradle\caches\modules-2\files-2.1\net.minecraftforge\fmlloader\1.20.1-47.1.40\2a2d24288440fe70f7cd1c7b3d444954ab17c00e\fmlloader-1.20.1-47.1.40.jar;C:\Users\Damqn\.gradle\caches\modules-2\files-2.1\net.minecraftforge\JarJarSelector\0.3.19\376cc9c8ea60720cf027c01fc033de915699801c\JarJarSelector-0.3.19.jar;C:\Users\Damqn\.gradle\caches\modules-2\files-2.1\net.minecraftforge\JarJarMetadata\0.3.19\83feaa9b770e6ac0e96ee4fc23fa89325c5fe2\JarJarMetadata-0.3.19.jar;C:\Users\Damqn\.gradle\caches\modules-2\files-2.1\com.google.guava\guava\31.1-jre\60458f877d055d0c9114d9e1a2efb737b4bc282c\guava-31.1-jre.jar;C:\Users\Damqn\.gradle\caches\modules-2\files-2.1\com.google.code.findbugs\jsr305\3.0.2\2
Launcher Type: SUN_STANDARD

[Global flags]
     intx CICompilerCount                          = 4                                         {product} {ergonomic}
     uint ConcGCThreads                            = 3                                         {product} {ergonomic}
     uint G1ConcRefinementThreads                  = 10                                        {product} {ergonomic}
   size_t G1HeapRegionSize                         = 8388608                                   {product} {ergonomic}
    uintx GCDrainStackTargetSize                   = 64                                        {product} {ergonomic}
    ccstr HeapDumpPath                             = MojangTricksIntelDriversForPerformance_javaw.exe_minecraft.exe.heapdump         {manageable} {command line}
   size_t InitialHeapSize                          = 1073741824                                {product} {command line}
   size_t MarkStackSize                            = 4194304                                   {product} {ergonomic}
   size_t MaxHeapSize                              = 15032385536                               {product} {command line}
   size_t MaxNewSize                               = 9017753600                                {product} {ergonomic}
   size_t MinHeapDeltaBytes                        = 8388608                                   {product} {ergonomic}
   size_t MinHeapSize                              = 1073741824                                {product} {command line}
    uintx NonNMethodCodeHeapSize                   = 5839372                                {pd product} {ergonomic}
    uintx NonProfiledCodeHeapSize                  = 122909434                              {pd product} {ergonomic}
    uintx ProfiledCodeHeapSize                     = 122909434                              {pd product} {ergonomic}
    uintx ReservedCodeCacheSize                    = 251658240                              {pd product} {ergonomic}
     bool SegmentedCodeCache                       = true                                      {product} {ergonomic}
   size_t SoftMaxHeapSize                          = 15032385536                            {manageable} {ergonomic}
     bool UseCompressedClassPointers               = true                           {product lp64_product} {ergonomic}
     bool UseCompressedOops                        = true                           {product lp64_product} {ergonomic}
     bool UseG1GC                                  = true                                      {product} {ergonomic}
     bool UseLargePagesIndividualAllocation        = false                                  {pd product} {ergonomic}

Logging:
Log output configuration:
 #0: stdout all=warning uptime,level,tags
 #1: stderr all=off uptime,level,tags

Environment Variables:
_JAVA_OPTIONS=-Xmx14336m -Xms1024m
PATH=C:\Program Files\Eclipse Adoptium\jdk-17.0.2.8-hotspot\bin;C:\Program Files (x86)\Razer\ChromaBroadcast\bin;C:\Program Files\Razer\ChromaBroadcast\bin;C:\Program Files\Eclipse Foundation\jdk-16.0.2.7-hotspot\bin;C:\Program Files\Common Files\Oracle\Java\javapath;C:\Program Files (x86)\Common Files\Oracle\Java\javapath;C:\WINDOWS\system32;C:\WINDOWS;C:\WINDOWS\System32\Wbem;C:\WINDOWS\System32\WindowsPowerShell\v1.0\;C:\WINDOWS\System32\OpenSSH\;C:\Program Files\Git\cmd;C:\Users\Damqn\AppData\Local\Microsoft\WindowsApps;C:\Program Files\Java\jdk1.8.0_311\bin;C:\Program Files\Microsoft SQL Server\110\Tools\Binn\;C:\Program Files (x86)\Microsoft SDKs\TypeScript\1.0\;C:\Program Files\Microsoft SQL Server\120\Tools\Binn\;C:\Program Files\nodejs\;C:\Program Files\Git LFS;C:\Program Files (x86)\dotnet\;C:\Program Files\dotnet\;C:\Program Files\Docker\Docker\resources\bin;C:\ProgramData\DockerDesktop\version-bin;C:\Users\Damqn\AppData\Local\Programs\Python\Python310\Scripts\;C:\Users\Damqn\AppData\Local\Programs\Python\Python310\;C:\Users\Damqn\AppData\Local\Microsoft\WindowsApps;C:\Users\Damqn\AppData\Local\Programs\Microsoft VS Code\bin;F:\Microsoft VS Code\bin;C:\Users\Damqn\AppData\Roaming\npm;C:\Users\Damqn\AppData\Local\GitHubDesktop\bin;F:\gitneshta\log4shell\apache-maven-3.8.6\bin;C:\Users\Damqn\Downloads\ffmpeg-master-latest-win64-gpl\ffmpeg-master-latest-win64-gpl\bin;C:\Program Files\dotnet;C:\Program Files (x86)\dotnet;C:\Users\Damqn\.dotnet\tools;
USERNAME=Damyan
OS=Windows_NT
PROCESSOR_IDENTIFIER=AMD64 Family 25 Model 80 Stepping 0, AuthenticAMD



---------------  S Y S T E M  ---------------

OS:
 Windows 10 , 64 bit Build 19041 (10.0.19041.3155)
OS uptime: 0 days 0:08 hours
Hyper-V role detected

CPU: total 12 (initial active 12) (12 cores per cpu, 2 threads per core) family 25 model 80 stepping 0 microcode 0x0, cx8, cmov, fxsr, ht, mmx, 3dnowpref, sse, sse2, sse3, ssse3, sse4a, sse4.1, sse4.2, popcnt, lzcnt, tsc, tscinvbit, avx, avx2, aes, erms, clmul, bmi1, bmi2, adx, sha, fma, vzeroupper, clflush, clflushopt, hv

Memory: 4k page, system-wide physical 32167M (21613M free)
TotalPageFile size 37031M (AvailPageFile size 22619M)
current process WorkingSet (physical memory assigned to process): 381M, peak: 389M
current process commit charge ("private bytes"): 1217M, peak: 1226M

vm_info: Java HotSpot(TM) 64-Bit Server VM (17.0.3.1+2-LTS-6) for windows-amd64 JRE (17.0.3.1+2-LTS-6), built on Apr 25 2022 22:04:21 by "mach5one" with MS VC++ 16.8 / 16.9 (VS2019)

END.
