#
# A fatal error has been detected by the Java Runtime Environment:
#
#  EXCEPTION_ACCESS_VIOLATION (0xc0000005) at pc=0x00007ff97ffc2b60, pid=13748, tid=2528
#
# JRE version: Java(TM) SE Runtime Environment (17.0.8+9) (build 17.0.8+9-LTS-211)
# Java VM: Java HotSpot(TM) 64-Bit Server VM (17.0.8+9-LTS-211, mixed mode, sharing, tiered, compressed oops, compressed class ptrs, g1 gc, windows-amd64)
# Problematic frame:
# C  [atio6axx.dll+0x192b60]
#
# No core dump will be written. Minidumps are not enabled by default on client versions of Windows
#
# If you would like to submit a bug report, please visit:
#   https://bugreport.java.com/bugreport/crash.jsp
# The crash happened outside the Java Virtual Machine in native code.
# See problematic frame for where to report the bug.
#

---------------  S U M M A R Y ------------

Command Line: -Dforge.enableGameTest=true -Dforge.enabledGameTestNamespaces=endlessexpansion -Dforge.logging.console.level=debug -Dforge.logging.markers=REGISTRIES -DignoreList=bootstraplauncher,securejarhandler,asm-commons,asm-util,asm-analysis,asm-tree,asm,JarJarFileSystems,client-extra,fmlcore,javafmllanguage,lowcodelanguage,mclanguage,forge- -Djava.net.preferIPv6Addresses=system -DlegacyClassPath.file=F:\mc mods\Coding Mods\Endless Expansion 1.20\build\classpath\runClient_minecraftClasspath.txt -DmergeModules=jna-5.10.0.jar,jna-platform-5.10.0.jar --module-path=C:\Users\Damqn\.gradle\caches\modules-2\files-2.1\cpw.mods\bootstraplauncher\1.1.2\c546e00443d8432cda6baa1c860346980742628\bootstraplauncher-1.1.2.jar;C:\Users\Damqn\.gradle\caches\modules-2\files-2.1\cpw.mods\securejarhandler\2.1.10\51e6a22c6c716beb11e244bf5b8be480f51dd6b5\securejarhandler-2.1.10.jar;C:\Users\Damqn\.gradle\caches\modules-2\files-2.1\org.ow2.asm\asm-commons\9.5\19ab5b5800a3910d30d3a3e64fdb00fd0cb42de0\asm-commons-9.5.jar;C:\Users\Damqn\.gradle\caches\modules-2\files-2.1\org.ow2.asm\asm-util\9.5\64b5a1fc8c1b15ed2efd6a063e976bc8d3dc5ffe\asm-util-9.5.jar;C:\Users\Damqn\.gradle\caches\modules-2\files-2.1\org.ow2.asm\asm-analysis\9.5\490bacc77de7cbc0be1a30bb3471072d705be4a4\asm-analysis-9.5.jar;C:\Users\Damqn\.gradle\caches\modules-2\files-2.1\org.ow2.asm\asm-tree\9.5\fd33c8b6373abaa675be407082fdfda35021254a\asm-tree-9.5.jar;C:\Users\Damqn\.gradle\caches\modules-2\files-2.1\org.ow2.asm\asm\9.5\dc6ea1875f4d64fbc85e1691c95b96a3d8569c90\asm-9.5.jar;C:\Users\Damqn\.gradle\caches\modules-2\files-2.1\net.minecraftforge\JarJarFileSystems\0.3.19\2464eb7d6b9ddb9db36a82cf8a95193e5c6fe020\JarJarFileSystems-0.3.19.jar --add-modules=ALL-MODULE-PATH --add-opens=java.base/java.util.jar=cpw.mods.securejarhandler --add-opens=java.base/java.lang.invoke=cpw.mods.securejarhandler --add-exports=java.base/sun.security.util=cpw.mods.securejarhandler --add-exports=jdk.naming.dns/com.sun.jndi.dns=java.naming -XX:HeapDumpPath=MojangTricksIntelDriversForPerformance_javaw.exe_minecraft.exe.heapdump -Dfile.encoding=windows-1251 -Duser.country=US -Duser.language=en -Duser.variant cpw.mods.bootstraplauncher.BootstrapLauncher --launchTarget forgeclientuserdev --version MOD_DEV --assetIndex 5 --assetsDir C:\Users\Damqn\.gradle\caches\forge_gradle\assets --gameDir . --fml.forgeVersion 47.1.40 --fml.mcVersion 1.20.1 --fml.forgeGroup net.minecraftforge --fml.mcpVersion 20230612.114412

Host: AMD Ryzen 5 5600G with Radeon Graphics         , 12 cores, 31G,  Windows 10 , 64 bit Build 19041 (10.0.19041.3155)
Time: Sat Aug 12 17:06:15 2023 FLE Daylight Time elapsed time: 2.355258 seconds (0d 0h 0m 2s)

---------------  T H R E A D  ---------------

Current thread (0x0000019a3c254320):  JavaThread "main" [_thread_in_native, id=2528, stack(0x0000006868100000,0x0000006868200000)]

Stack: [0x0000006868100000,0x0000006868200000],  sp=0x00000068681fb4a8,  free space=1005k
Native frames: (J=compiled Java code, j=interpreted, Vv=VM code, C=native code)
C  [atio6axx.dll+0x192b60]

Java frames: (J=compiled Java code, j=interpreted, Vv=VM code)
j  org.lwjgl.system.JNI.invokePPPP(IIJJJJ)J+0 org.lwjgl@3.3.1+7
j  org.lwjgl.glfw.GLFW.nglfwCreateWindow(IIJJJ)J+14 org.lwjgl.glfw@3.3.1+7
j  org.lwjgl.glfw.GLFW.glfwCreateWindow(IILjava/lang/CharSequence;JJ)J+34 org.lwjgl.glfw@3.3.1+7
j  net.minecraftforge.fml.earlydisplay.DisplayWindow.initWindow(Ljava/lang/String;)V+408 fmlearlydisplay@1.20.1-47.1.40
j  net.minecraftforge.fml.earlydisplay.DisplayWindow.start(Ljava/lang/String;Ljava/lang/String;)Ljava/lang/Runnable;+14 fmlearlydisplay@1.20.1-47.1.40
j  net.minecraftforge.fml.earlydisplay.DisplayWindow.initialize([Ljava/lang/String;)Ljava/lang/Runnable;+410 fmlearlydisplay@1.20.1-47.1.40
j  net.minecraftforge.fml.loading.ImmediateWindowHandler.load(Ljava/lang/String;[Ljava/lang/String;)V+180 fmlloader@1.20.1-47.1.40
j  net.minecraftforge.fml.loading.ModDirTransformerDiscoverer.earlyInitialization(Ljava/lang/String;[Ljava/lang/String;)V+2 fmlloader@1.20.1-47.1.40
j  cpw.mods.modlauncher.TransformationServicesHandler.lambda$discoverServices$18(Lcpw/mods/modlauncher/ArgumentHandler$DiscoveryData;Lcpw/mods/modlauncher/serviceapi/ITransformerDiscoveryService;)V+9 cpw.mods.modlauncher@10.0.9
j  cpw.mods.modlauncher.TransformationServicesHandler$$Lambda$417+0x0000019a6a217408.accept(Ljava/lang/Object;)V+8 cpw.mods.modlauncher@10.0.9
j  java.lang.Iterable.forEach(Ljava/util/function/Consumer;)V+30 java.base@17.0.8
j  cpw.mods.modlauncher.TransformationServicesHandler.discoverServices(Lcpw/mods/modlauncher/ArgumentHandler$DiscoveryData;)V+145 cpw.mods.modlauncher@10.0.9
j  cpw.mods.modlauncher.Launcher.run([Ljava/lang/String;)V+14 cpw.mods.modlauncher@10.0.9
j  cpw.mods.modlauncher.Launcher.main([Ljava/lang/String;)V+78 cpw.mods.modlauncher@10.0.9
j  cpw.mods.modlauncher.BootstrapLaunchConsumer.accept([Ljava/lang/String;)V+1 cpw.mods.modlauncher@10.0.9
j  cpw.mods.modlauncher.BootstrapLaunchConsumer.accept(Ljava/lang/Object;)V+5 cpw.mods.modlauncher@10.0.9
j  cpw.mods.bootstraplauncher.BootstrapLauncher.main([Ljava/lang/String;)V+515 cpw.mods.bootstraplauncher@1.1.2
v  ~StubRoutines::call_stub

siginfo: EXCEPTION_ACCESS_VIOLATION (0xc0000005), reading address 0xffffffffffffffff


Register to memory mapping:

RIP=0x00007ff97ffc2b60 atio6axx.dll
RAX=0x0 is NULL
RBX=0x00007ff9838033b0 atio6axx.dll
RCX=0x726573555c3a433b is an unknown value
RDX=0x00000000000000d1 is an unknown value
RSP=0x00000068681fb4a8 is pointing into the stack for thread: 0x0000019a3c254320
RBP=0x00000068681fb610 is pointing into the stack for thread: 0x0000019a3c254320
RSI=0x00007ff983712d40 atio6axx.dll
RDI=0x00000068681fb900 is pointing into the stack for thread: 0x0000019a3c254320
R8 =0x00000000000001a5 is an unknown value
R9 =0x726573555c3a433b is an unknown value
R10=0x0 is NULL
R11=0x0000000000000200 is an unknown value
R12=0x00007ff983803408 atio6axx.dll
R13=0x00007ff983805c08 atio6axx.dll
R14=0x00007ff9838033b0 atio6axx.dll
R15=0x0 is NULL


Registers:
RAX=0x0000000000000000, RBX=0x00007ff9838033b0, RCX=0x726573555c3a433b, RDX=0x00000000000000d1
RSP=0x00000068681fb4a8, RBP=0x00000068681fb610, RSI=0x00007ff983712d40, RDI=0x00000068681fb900
R8 =0x00000000000001a5, R9 =0x726573555c3a433b, R10=0x0000000000000000, R11=0x0000000000000200
R12=0x00007ff983803408, R13=0x00007ff983805c08, R14=0x00007ff9838033b0, R15=0x0000000000000000
RIP=0x00007ff97ffc2b60, EFLAGS=0x0000000000010202

Top of Stack: (sp=0x00000068681fb4a8)
0x00000068681fb4a8:   00007ff97ffc2e7c 00007ff983806020
0x00000068681fb4b8:   0000019ab0447e68 0000000000000000
0x00000068681fb4c8:   00007ff97ffc3e8d 00000068681fb900
0x00000068681fb4d8:   00007ff97ff7f484 00007ff9838033b0
0x00000068681fb4e8:   00007ff983712d40 0000652e6176616a
0x00000068681fb4f8:   000016e8a83e9a6c 00000068681fb900
0x00000068681fb508:   00007ff97ff80457 00007ff9838033b8
0x00000068681fb518:   00007ff983712d40 00007ff983712d40
0x00000068681fb528:   0000019ab1dd0758 00007ff9838033b0
0x00000068681fb538:   00007ff900000000 0000000000000009
0x00000068681fb548:   0000019ab1dd0920 0000019ab1dd0a88
0x00000068681fb558:   00007ff9838033b8 00000068681fb900
0x00000068681fb568:   00000068681fb6a7 00007f006176616a
0x00000068681fb578:   00007f006176616a 46676e697274535c
0x00000068681fb588:   5c6f666e49656c69 3062343039303430
0x00000068681fb598:   726556656c69465c 000000006e6f6973 

Instructions: (pc=0x00007ff97ffc2b60)
0x00007ff97ffc2a60:   74 09 33 c9 ff 15 e6 89 66 03 90 48 8b c3 48 83
0x00007ff97ffc2a70:   c4 20 5b c3 cc cc cc cc cc cc cc cc cc cc cc cc
0x00007ff97ffc2a80:   48 83 ec 28 48 8b 51 08 48 85 d2 74 09 33 c9 ff
0x00007ff97ffc2a90:   15 bb 89 66 03 90 48 83 c4 28 c3 cc cc cc cc cc
0x00007ff97ffc2aa0:   48 89 11 c3 cc cc cc cc cc cc cc cc cc cc cc cc
0x00007ff97ffc2ab0:   48 8b c1 c3 cc cc cc cc cc cc cc cc cc cc cc cc
0x00007ff97ffc2ac0:   48 3b ca 74 10 41 8b 00 39 01 74 09 48 83 c1 04
0x00007ff97ffc2ad0:   48 3b ca 75 f3 48 8b c1 c3 cc cc cc cc cc cc cc
0x00007ff97ffc2ae0:   48 8b c1 c3 cc cc cc cc cc cc cc cc cc cc cc cc
0x00007ff97ffc2af0:   48 83 39 00 0f 94 c0 c3 cc cc cc cc cc cc cc cc
0x00007ff97ffc2b00:   4c 8d 04 d5 00 00 00 00 33 d2 e9 c1 d0 dd 01 cc
0x00007ff97ffc2b10:   4c 8b 41 08 48 8b 02 49 89 00 48 83 41 08 08 c3
0x00007ff97ffc2b20:   48 8b c1 c3 cc cc cc cc cc cc cc cc cc cc cc cc
0x00007ff97ffc2b30:   48 8b c1 c3 cc cc cc cc cc cc cc cc cc cc cc cc
0x00007ff97ffc2b40:   49 8b 00 48 89 02 c3 cc cc cc cc cc cc cc cc cc
0x00007ff97ffc2b50:   8b 81 40 39 00 00 c3 cc cc cc cc cc cc cc cc cc
0x00007ff97ffc2b60:   8b 81 40 39 00 00 83 c0 f0 83 f8 67 0f 87 5a 01
0x00007ff97ffc2b70:   00 00 48 8d 15 87 d4 e6 ff 0f b6 84 02 f0 2c 19
0x00007ff97ffc2b80:   00 8b 8c 82 d0 2c 19 00 48 03 ca ff e1 48 8b 0d
0x00007ff97ffc2b90:   6c 6f 7e 03 83 b9 b4 34 00 00 02 0f 87 2b 01 00
0x00007ff97ffc2ba0:   00 48 8d 91 0c 29 00 00 c7 02 e1 00 00 00 e9 ce
0x00007ff97ffc2bb0:   00 00 00 48 8b 0d 46 6f 7e 03 83 b9 b4 34 00 00
0x00007ff97ffc2bc0:   02 0f 87 05 01 00 00 48 8d 91 0c 29 00 00 c7 02
0x00007ff97ffc2bd0:   f0 00 00 00 e9 a8 00 00 00 48 8b 0d 20 6f 7e 03
0x00007ff97ffc2be0:   83 b9 b4 34 00 00 02 0f 87 df 00 00 00 48 8d 91
0x00007ff97ffc2bf0:   0c 29 00 00 c7 02 00 04 00 00 e9 82 00 00 00 48
0x00007ff97ffc2c00:   8b 0d fa 6e 7e 03 83 b9 b4 34 00 00 02 0f 87 b9
0x00007ff97ffc2c10:   00 00 00 48 8d 91 0c 29 00 00 c7 02 00 08 00 00
0x00007ff97ffc2c20:   eb 5f 48 8b 0d d7 6e 7e 03 83 b9 b4 34 00 00 02
0x00007ff97ffc2c30:   0f 87 96 00 00 00 48 8d 91 0c 29 00 00 c7 02 00
0x00007ff97ffc2c40:   09 00 00 eb 3c 48 8b 0d b4 6e 7e 03 83 b9 b4 34
0x00007ff97ffc2c50:   00 00 02 77 77 48 8d 91 0c 29 00 00 c7 02 3c 0f 


Stack slot to memory mapping:
stack at sp + 0 slots: 0x00007ff97ffc2e7c atio6axx.dll
stack at sp + 1 slots: 0x00007ff983806020 atio6axx.dll
stack at sp + 2 slots: 0x0000019ab0447e68 points into unknown readable memory: 0x00007ff98300f5f0 | f0 f5 00 83 f9 7f 00 00
stack at sp + 3 slots: 0x0 is NULL
stack at sp + 4 slots: 0x00007ff97ffc3e8d atio6axx.dll
stack at sp + 5 slots: 0x00000068681fb900 is pointing into the stack for thread: 0x0000019a3c254320
stack at sp + 6 slots: 0x00007ff97ff7f484 atio6axx.dll
stack at sp + 7 slots: 0x00007ff9838033b0 atio6axx.dll


---------------  P R O C E S S  ---------------

Threads class SMR info:
_java_thread_list=0x0000019ab26c6100, length=15, elements={
0x0000019a3c254320, 0x0000019a65c8fcf0, 0x0000019a65c907b0, 0x0000019a65ca3500,
0x0000019a65ca3fd0, 0x0000019a65ca69a0, 0x0000019a65ca7670, 0x0000019a65ca8310,
0x0000019a65ca8cc0, 0x0000019a65cb3050, 0x0000019a688c1160, 0x0000019a68959a30,
0x0000019a689ea120, 0x0000019a68a665d0, 0x0000019ab1ce8c30
}

Java Threads: ( => current thread )
=>0x0000019a3c254320 JavaThread "main" [_thread_in_native, id=2528, stack(0x0000006868100000,0x0000006868200000)]
  0x0000019a65c8fcf0 JavaThread "Reference Handler" daemon [_thread_blocked, id=10696, stack(0x0000006868800000,0x0000006868900000)]
  0x0000019a65c907b0 JavaThread "Finalizer" daemon [_thread_blocked, id=10204, stack(0x0000006868900000,0x0000006868a00000)]
  0x0000019a65ca3500 JavaThread "Signal Dispatcher" daemon [_thread_blocked, id=8696, stack(0x0000006868a00000,0x0000006868b00000)]
  0x0000019a65ca3fd0 JavaThread "Attach Listener" daemon [_thread_blocked, id=13136, stack(0x0000006868b00000,0x0000006868c00000)]
  0x0000019a65ca69a0 JavaThread "Service Thread" daemon [_thread_blocked, id=3668, stack(0x0000006868c00000,0x0000006868d00000)]
  0x0000019a65ca7670 JavaThread "Monitor Deflation Thread" daemon [_thread_blocked, id=2096, stack(0x0000006868d00000,0x0000006868e00000)]
  0x0000019a65ca8310 JavaThread "C2 CompilerThread0" daemon [_thread_blocked, id=11144, stack(0x0000006868e00000,0x0000006868f00000)]
  0x0000019a65ca8cc0 JavaThread "C1 CompilerThread0" daemon [_thread_blocked, id=13408, stack(0x0000006868f00000,0x0000006869000000)]
  0x0000019a65cb3050 JavaThread "Sweeper thread" daemon [_thread_blocked, id=12104, stack(0x0000006869000000,0x0000006869100000)]
  0x0000019a688c1160 JavaThread "Common-Cleaner" daemon [_thread_blocked, id=13208, stack(0x0000006869100000,0x0000006869200000)]
  0x0000019a68959a30 JavaThread "C2 CompilerThread1" daemon [_thread_blocked, id=13772, stack(0x0000006869200000,0x0000006869300000)]
  0x0000019a689ea120 JavaThread "Notification Thread" daemon [_thread_blocked, id=10008, stack(0x0000006869300000,0x0000006869400000)]
  0x0000019a68a665d0 JavaThread "C2 CompilerThread2" daemon [_thread_blocked, id=6836, stack(0x0000006869500000,0x0000006869600000)]
  0x0000019ab1ce8c30 JavaThread "pool-2-thread-1" daemon [_thread_blocked, id=13396, stack(0x000000686a200000,0x000000686a300000)]

Other Threads:
  0x0000019a65c88a70 VMThread "VM Thread" [stack: 0x0000006868700000,0x0000006868800000] [id=10880]
  0x0000019a689739d0 WatcherThread [stack: 0x0000006869400000,0x0000006869500000] [id=8660]
  0x0000019a3c3006f0 GCTaskThread "GC Thread#0" [stack: 0x0000006868200000,0x0000006868300000] [id=12148]
  0x0000019aae6777a0 GCTaskThread "GC Thread#1" [stack: 0x0000006869600000,0x0000006869700000] [id=9032]
  0x0000019aae079b70 GCTaskThread "GC Thread#2" [stack: 0x0000006869700000,0x0000006869800000] [id=8316]
  0x0000019aae567710 GCTaskThread "GC Thread#3" [stack: 0x0000006869800000,0x0000006869900000] [id=1040]
  0x0000019aae567dd0 GCTaskThread "GC Thread#4" [stack: 0x0000006869900000,0x0000006869a00000] [id=7296]
  0x0000019aae568080 GCTaskThread "GC Thread#5" [stack: 0x0000006869a00000,0x0000006869b00000] [id=7428]
  0x0000019aae568330 GCTaskThread "GC Thread#6" [stack: 0x0000006869b00000,0x0000006869c00000] [id=11968]
  0x0000019aae5685e0 GCTaskThread "GC Thread#7" [stack: 0x0000006869c00000,0x0000006869d00000] [id=11036]
  0x0000019aae7463b0 GCTaskThread "GC Thread#8" [stack: 0x0000006869d00000,0x0000006869e00000] [id=11172]
  0x0000019aae7e70a0 GCTaskThread "GC Thread#9" [stack: 0x0000006869e00000,0x0000006869f00000] [id=12096]
  0x0000019a3c30e060 ConcurrentGCThread "G1 Main Marker" [stack: 0x0000006868300000,0x0000006868400000] [id=9672]
  0x0000019a3c30e820 ConcurrentGCThread "G1 Conc#0" [stack: 0x0000006868400000,0x0000006868500000] [id=11108]
  0x0000019a65bc3750 ConcurrentGCThread "G1 Refine#0" [stack: 0x0000006868500000,0x0000006868600000] [id=8844]
  0x0000019a65bc3f20 ConcurrentGCThread "G1 Service" [stack: 0x0000006868600000,0x0000006868700000] [id=1552]

Threads with active compile tasks:

VM state: not at safepoint (normal execution)

VM Mutex/Monitor currently owned by a thread: None

Heap address: 0x0000000609400000, size: 8044 MB, Compressed Oops mode: Zero based, Oop shift amount: 3

CDS archive(s) mapped at: [0x0000019a69000000-0x0000019a69bd0000-0x0000019a69bd0000), size 12386304, SharedBaseAddress: 0x0000019a69000000, ArchiveRelocationMode: 1.
Compressed class space mapped at: 0x0000019a6a000000-0x0000019aaa000000, reserved size: 1073741824
Narrow klass base: 0x0000019a69000000, Narrow klass shift: 0, Narrow klass range: 0x100000000

GC Precious Log:
 CPUs: 12 total, 12 available
 Memory: 32167M
 Large Page Support: Disabled
 NUMA Support: Disabled
 Compressed Oops: Enabled (Zero based)
 Heap Region Size: 4M
 Heap Min Capacity: 8M
 Heap Initial Capacity: 504M
 Heap Max Capacity: 8044M
 Pre-touch: Disabled
 Parallel Workers: 10
 Concurrent Workers: 3
 Concurrent Refinement Workers: 10
 Periodic GC: Disabled

Heap:
 garbage-first heap   total 516096K, used 102125K [0x0000000609400000, 0x0000000800000000)
  region size 4096K, 24 young (98304K), 6 survivors (24576K)
 Metaspace       used 16725K, committed 17088K, reserved 1114112K
  class space    used 1903K, committed 2048K, reserved 1048576K

Heap Regions: E=young(eden), S=young(survivor), O=old, HS=humongous(starts), HC=humongous(continues), CS=collection set, F=free, OA=open archive, CA=closed archive, TAMS=top-at-mark-start (previous, next)
|   0|0x0000000609400000, 0x00000006096bc200, 0x0000000609800000| 68%| O|  |TAMS 0x0000000609400000, 0x0000000609400000| Untracked 
|   1|0x0000000609800000, 0x0000000609c00000, 0x0000000609c00000|100%| O|  |TAMS 0x0000000609800000, 0x0000000609800000| Untracked 
|   2|0x0000000609c00000, 0x000000060a000000, 0x000000060a000000|100%| O|  |TAMS 0x0000000609c00000, 0x0000000609c00000| Untracked 
|   3|0x000000060a000000, 0x000000060a000000, 0x000000060a400000|  0%| F|  |TAMS 0x000000060a000000, 0x000000060a000000| Untracked 
|   4|0x000000060a400000, 0x000000060a400000, 0x000000060a800000|  0%| F|  |TAMS 0x000000060a400000, 0x000000060a400000| Untracked 
|   5|0x000000060a800000, 0x000000060a800000, 0x000000060ac00000|  0%| F|  |TAMS 0x000000060a800000, 0x000000060a800000| Untracked 
|   6|0x000000060ac00000, 0x000000060ac00000, 0x000000060b000000|  0%| F|  |TAMS 0x000000060ac00000, 0x000000060ac00000| Untracked 
|   7|0x000000060b000000, 0x000000060b000000, 0x000000060b400000|  0%| F|  |TAMS 0x000000060b000000, 0x000000060b000000| Untracked 
|   8|0x000000060b400000, 0x000000060b400000, 0x000000060b800000|  0%| F|  |TAMS 0x000000060b400000, 0x000000060b400000| Untracked 
|   9|0x000000060b800000, 0x000000060b800000, 0x000000060bc00000|  0%| F|  |TAMS 0x000000060b800000, 0x000000060b800000| Untracked 
|  10|0x000000060bc00000, 0x000000060bc00000, 0x000000060c000000|  0%| F|  |TAMS 0x000000060bc00000, 0x000000060bc00000| Untracked 
|  11|0x000000060c000000, 0x000000060c000000, 0x000000060c400000|  0%| F|  |TAMS 0x000000060c000000, 0x000000060c000000| Untracked 
|  12|0x000000060c400000, 0x000000060c400000, 0x000000060c800000|  0%| F|  |TAMS 0x000000060c400000, 0x000000060c400000| Untracked 
|  13|0x000000060c800000, 0x000000060c800000, 0x000000060cc00000|  0%| F|  |TAMS 0x000000060c800000, 0x000000060c800000| Untracked 
|  14|0x000000060cc00000, 0x000000060cc00000, 0x000000060d000000|  0%| F|  |TAMS 0x000000060cc00000, 0x000000060cc00000| Untracked 
|  15|0x000000060d000000, 0x000000060d000000, 0x000000060d400000|  0%| F|  |TAMS 0x000000060d000000, 0x000000060d000000| Untracked 
|  16|0x000000060d400000, 0x000000060d400000, 0x000000060d800000|  0%| F|  |TAMS 0x000000060d400000, 0x000000060d400000| Untracked 
|  17|0x000000060d800000, 0x000000060d800000, 0x000000060dc00000|  0%| F|  |TAMS 0x000000060d800000, 0x000000060d800000| Untracked 
|  18|0x000000060dc00000, 0x000000060dc00000, 0x000000060e000000|  0%| F|  |TAMS 0x000000060dc00000, 0x000000060dc00000| Untracked 
|  19|0x000000060e000000, 0x000000060e000000, 0x000000060e400000|  0%| F|  |TAMS 0x000000060e000000, 0x000000060e000000| Untracked 
|  20|0x000000060e400000, 0x000000060e400000, 0x000000060e800000|  0%| F|  |TAMS 0x000000060e400000, 0x000000060e400000| Untracked 
|  21|0x000000060e800000, 0x000000060e800000, 0x000000060ec00000|  0%| F|  |TAMS 0x000000060e800000, 0x000000060e800000| Untracked 
|  22|0x000000060ec00000, 0x000000060ec00000, 0x000000060f000000|  0%| F|  |TAMS 0x000000060ec00000, 0x000000060ec00000| Untracked 
|  23|0x000000060f000000, 0x000000060f000000, 0x000000060f400000|  0%| F|  |TAMS 0x000000060f000000, 0x000000060f000000| Untracked 
|  24|0x000000060f400000, 0x000000060f400000, 0x000000060f800000|  0%| F|  |TAMS 0x000000060f400000, 0x000000060f400000| Untracked 
|  25|0x000000060f800000, 0x000000060f800000, 0x000000060fc00000|  0%| F|  |TAMS 0x000000060f800000, 0x000000060f800000| Untracked 
|  26|0x000000060fc00000, 0x000000060fc00000, 0x0000000610000000|  0%| F|  |TAMS 0x000000060fc00000, 0x000000060fc00000| Untracked 
|  27|0x0000000610000000, 0x0000000610000000, 0x0000000610400000|  0%| F|  |TAMS 0x0000000610000000, 0x0000000610000000| Untracked 
|  28|0x0000000610400000, 0x0000000610400000, 0x0000000610800000|  0%| F|  |TAMS 0x0000000610400000, 0x0000000610400000| Untracked 
|  29|0x0000000610800000, 0x0000000610800000, 0x0000000610c00000|  0%| F|  |TAMS 0x0000000610800000, 0x0000000610800000| Untracked 
|  30|0x0000000610c00000, 0x0000000610c00000, 0x0000000611000000|  0%| F|  |TAMS 0x0000000610c00000, 0x0000000610c00000| Untracked 
|  31|0x0000000611000000, 0x0000000611000000, 0x0000000611400000|  0%| F|  |TAMS 0x0000000611000000, 0x0000000611000000| Untracked 
|  32|0x0000000611400000, 0x0000000611400000, 0x0000000611800000|  0%| F|  |TAMS 0x0000000611400000, 0x0000000611400000| Untracked 
|  33|0x0000000611800000, 0x0000000611800000, 0x0000000611c00000|  0%| F|  |TAMS 0x0000000611800000, 0x0000000611800000| Untracked 
|  34|0x0000000611c00000, 0x0000000611c00000, 0x0000000612000000|  0%| F|  |TAMS 0x0000000611c00000, 0x0000000611c00000| Untracked 
|  35|0x0000000612000000, 0x0000000612000000, 0x0000000612400000|  0%| F|  |TAMS 0x0000000612000000, 0x0000000612000000| Untracked 
|  36|0x0000000612400000, 0x0000000612400000, 0x0000000612800000|  0%| F|  |TAMS 0x0000000612400000, 0x0000000612400000| Untracked 
|  37|0x0000000612800000, 0x0000000612800000, 0x0000000612c00000|  0%| F|  |TAMS 0x0000000612800000, 0x0000000612800000| Untracked 
|  38|0x0000000612c00000, 0x0000000612c00000, 0x0000000613000000|  0%| F|  |TAMS 0x0000000612c00000, 0x0000000612c00000| Untracked 
|  39|0x0000000613000000, 0x0000000613000000, 0x0000000613400000|  0%| F|  |TAMS 0x0000000613000000, 0x0000000613000000| Untracked 
|  40|0x0000000613400000, 0x0000000613400000, 0x0000000613800000|  0%| F|  |TAMS 0x0000000613400000, 0x0000000613400000| Untracked 
|  41|0x0000000613800000, 0x0000000613800000, 0x0000000613c00000|  0%| F|  |TAMS 0x0000000613800000, 0x0000000613800000| Untracked 
|  42|0x0000000613c00000, 0x0000000613c00000, 0x0000000614000000|  0%| F|  |TAMS 0x0000000613c00000, 0x0000000613c00000| Untracked 
|  43|0x0000000614000000, 0x0000000614000000, 0x0000000614400000|  0%| F|  |TAMS 0x0000000614000000, 0x0000000614000000| Untracked 
|  44|0x0000000614400000, 0x0000000614400000, 0x0000000614800000|  0%| F|  |TAMS 0x0000000614400000, 0x0000000614400000| Untracked 
|  45|0x0000000614800000, 0x0000000614800000, 0x0000000614c00000|  0%| F|  |TAMS 0x0000000614800000, 0x0000000614800000| Untracked 
|  46|0x0000000614c00000, 0x0000000614c00000, 0x0000000615000000|  0%| F|  |TAMS 0x0000000614c00000, 0x0000000614c00000| Untracked 
|  47|0x0000000615000000, 0x0000000615000000, 0x0000000615400000|  0%| F|  |TAMS 0x0000000615000000, 0x0000000615000000| Untracked 
|  48|0x0000000615400000, 0x0000000615400000, 0x0000000615800000|  0%| F|  |TAMS 0x0000000615400000, 0x0000000615400000| Untracked 
|  49|0x0000000615800000, 0x00000006158ff298, 0x0000000615c00000| 24%| S|CS|TAMS 0x0000000615800000, 0x0000000615800000| Complete 
|  50|0x0000000615c00000, 0x0000000616000000, 0x0000000616000000|100%| S|CS|TAMS 0x0000000615c00000, 0x0000000615c00000| Complete 
|  51|0x0000000616000000, 0x0000000616400000, 0x0000000616400000|100%| S|CS|TAMS 0x0000000616000000, 0x0000000616000000| Complete 
|  52|0x0000000616400000, 0x0000000616800000, 0x0000000616800000|100%| S|CS|TAMS 0x0000000616400000, 0x0000000616400000| Complete 
|  53|0x0000000616800000, 0x0000000616c00000, 0x0000000616c00000|100%| S|CS|TAMS 0x0000000616800000, 0x0000000616800000| Complete 
|  54|0x0000000616c00000, 0x0000000617000000, 0x0000000617000000|100%| S|CS|TAMS 0x0000000616c00000, 0x0000000616c00000| Complete 
|  55|0x0000000617000000, 0x0000000617000000, 0x0000000617400000|  0%| F|  |TAMS 0x0000000617000000, 0x0000000617000000| Untracked 
|  56|0x0000000617400000, 0x0000000617400000, 0x0000000617800000|  0%| F|  |TAMS 0x0000000617400000, 0x0000000617400000| Untracked 
|  57|0x0000000617800000, 0x0000000617800000, 0x0000000617c00000|  0%| F|  |TAMS 0x0000000617800000, 0x0000000617800000| Untracked 
|  58|0x0000000617c00000, 0x0000000617c00000, 0x0000000618000000|  0%| F|  |TAMS 0x0000000617c00000, 0x0000000617c00000| Untracked 
|  59|0x0000000618000000, 0x0000000618000000, 0x0000000618400000|  0%| F|  |TAMS 0x0000000618000000, 0x0000000618000000| Untracked 
|  60|0x0000000618400000, 0x0000000618400000, 0x0000000618800000|  0%| F|  |TAMS 0x0000000618400000, 0x0000000618400000| Untracked 
|  61|0x0000000618800000, 0x0000000618800000, 0x0000000618c00000|  0%| F|  |TAMS 0x0000000618800000, 0x0000000618800000| Untracked 
|  62|0x0000000618c00000, 0x0000000618c00000, 0x0000000619000000|  0%| F|  |TAMS 0x0000000618c00000, 0x0000000618c00000| Untracked 
|  63|0x0000000619000000, 0x0000000619000000, 0x0000000619400000|  0%| F|  |TAMS 0x0000000619000000, 0x0000000619000000| Untracked 
|  64|0x0000000619400000, 0x0000000619400000, 0x0000000619800000|  0%| F|  |TAMS 0x0000000619400000, 0x0000000619400000| Untracked 
|  65|0x0000000619800000, 0x0000000619800000, 0x0000000619c00000|  0%| F|  |TAMS 0x0000000619800000, 0x0000000619800000| Untracked 
|  66|0x0000000619c00000, 0x0000000619c00000, 0x000000061a000000|  0%| F|  |TAMS 0x0000000619c00000, 0x0000000619c00000| Untracked 
|  67|0x000000061a000000, 0x000000061a000000, 0x000000061a400000|  0%| F|  |TAMS 0x000000061a000000, 0x000000061a000000| Untracked 
|  68|0x000000061a400000, 0x000000061a400000, 0x000000061a800000|  0%| F|  |TAMS 0x000000061a400000, 0x000000061a400000| Untracked 
|  69|0x000000061a800000, 0x000000061a800000, 0x000000061ac00000|  0%| F|  |TAMS 0x000000061a800000, 0x000000061a800000| Untracked 
|  70|0x000000061ac00000, 0x000000061ac00000, 0x000000061b000000|  0%| F|  |TAMS 0x000000061ac00000, 0x000000061ac00000| Untracked 
|  71|0x000000061b000000, 0x000000061b000000, 0x000000061b400000|  0%| F|  |TAMS 0x000000061b000000, 0x000000061b000000| Untracked 
|  72|0x000000061b400000, 0x000000061b400000, 0x000000061b800000|  0%| F|  |TAMS 0x000000061b400000, 0x000000061b400000| Untracked 
|  73|0x000000061b800000, 0x000000061b800000, 0x000000061bc00000|  0%| F|  |TAMS 0x000000061b800000, 0x000000061b800000| Untracked 
|  74|0x000000061bc00000, 0x000000061bc00000, 0x000000061c000000|  0%| F|  |TAMS 0x000000061bc00000, 0x000000061bc00000| Untracked 
|  75|0x000000061c000000, 0x000000061c000000, 0x000000061c400000|  0%| F|  |TAMS 0x000000061c000000, 0x000000061c000000| Untracked 
|  76|0x000000061c400000, 0x000000061c400000, 0x000000061c800000|  0%| F|  |TAMS 0x000000061c400000, 0x000000061c400000| Untracked 
|  77|0x000000061c800000, 0x000000061c800000, 0x000000061cc00000|  0%| F|  |TAMS 0x000000061c800000, 0x000000061c800000| Untracked 
|  78|0x000000061cc00000, 0x000000061cc00000, 0x000000061d000000|  0%| F|  |TAMS 0x000000061cc00000, 0x000000061cc00000| Untracked 
|  79|0x000000061d000000, 0x000000061d000000, 0x000000061d400000|  0%| F|  |TAMS 0x000000061d000000, 0x000000061d000000| Untracked 
|  80|0x000000061d400000, 0x000000061d400000, 0x000000061d800000|  0%| F|  |TAMS 0x000000061d400000, 0x000000061d400000| Untracked 
|  81|0x000000061d800000, 0x000000061d800000, 0x000000061dc00000|  0%| F|  |TAMS 0x000000061d800000, 0x000000061d800000| Untracked 
|  82|0x000000061dc00000, 0x000000061dc00000, 0x000000061e000000|  0%| F|  |TAMS 0x000000061dc00000, 0x000000061dc00000| Untracked 
|  83|0x000000061e000000, 0x000000061e000000, 0x000000061e400000|  0%| F|  |TAMS 0x000000061e000000, 0x000000061e000000| Untracked 
|  84|0x000000061e400000, 0x000000061e400000, 0x000000061e800000|  0%| F|  |TAMS 0x000000061e400000, 0x000000061e400000| Untracked 
|  85|0x000000061e800000, 0x000000061e800000, 0x000000061ec00000|  0%| F|  |TAMS 0x000000061e800000, 0x000000061e800000| Untracked 
|  86|0x000000061ec00000, 0x000000061ec00000, 0x000000061f000000|  0%| F|  |TAMS 0x000000061ec00000, 0x000000061ec00000| Untracked 
|  87|0x000000061f000000, 0x000000061f000000, 0x000000061f400000|  0%| F|  |TAMS 0x000000061f000000, 0x000000061f000000| Untracked 
|  88|0x000000061f400000, 0x000000061f400000, 0x000000061f800000|  0%| F|  |TAMS 0x000000061f400000, 0x000000061f400000| Untracked 
|  89|0x000000061f800000, 0x000000061f800000, 0x000000061fc00000|  0%| F|  |TAMS 0x000000061f800000, 0x000000061f800000| Untracked 
|  90|0x000000061fc00000, 0x000000061fc00000, 0x0000000620000000|  0%| F|  |TAMS 0x000000061fc00000, 0x000000061fc00000| Untracked 
|  91|0x0000000620000000, 0x0000000620000000, 0x0000000620400000|  0%| F|  |TAMS 0x0000000620000000, 0x0000000620000000| Untracked 
|  92|0x0000000620400000, 0x0000000620400000, 0x0000000620800000|  0%| F|  |TAMS 0x0000000620400000, 0x0000000620400000| Untracked 
|  93|0x0000000620800000, 0x0000000620800000, 0x0000000620c00000|  0%| F|  |TAMS 0x0000000620800000, 0x0000000620800000| Untracked 
|  94|0x0000000620c00000, 0x0000000620c00000, 0x0000000621000000|  0%| F|  |TAMS 0x0000000620c00000, 0x0000000620c00000| Untracked 
|  95|0x0000000621000000, 0x0000000621000000, 0x0000000621400000|  0%| F|  |TAMS 0x0000000621000000, 0x0000000621000000| Untracked 
|  96|0x0000000621400000, 0x0000000621400000, 0x0000000621800000|  0%| F|  |TAMS 0x0000000621400000, 0x0000000621400000| Untracked 
|  97|0x0000000621800000, 0x0000000621800000, 0x0000000621c00000|  0%| F|  |TAMS 0x0000000621800000, 0x0000000621800000| Untracked 
|  98|0x0000000621c00000, 0x0000000621c00000, 0x0000000622000000|  0%| F|  |TAMS 0x0000000621c00000, 0x0000000621c00000| Untracked 
|  99|0x0000000622000000, 0x0000000622000000, 0x0000000622400000|  0%| F|  |TAMS 0x0000000622000000, 0x0000000622000000| Untracked 
| 100|0x0000000622400000, 0x0000000622400000, 0x0000000622800000|  0%| F|  |TAMS 0x0000000622400000, 0x0000000622400000| Untracked 
| 101|0x0000000622800000, 0x0000000622800000, 0x0000000622c00000|  0%| F|  |TAMS 0x0000000622800000, 0x0000000622800000| Untracked 
| 102|0x0000000622c00000, 0x0000000622c00000, 0x0000000623000000|  0%| F|  |TAMS 0x0000000622c00000, 0x0000000622c00000| Untracked 
| 103|0x0000000623000000, 0x0000000623000000, 0x0000000623400000|  0%| F|  |TAMS 0x0000000623000000, 0x0000000623000000| Untracked 
| 104|0x0000000623400000, 0x0000000623400000, 0x0000000623800000|  0%| F|  |TAMS 0x0000000623400000, 0x0000000623400000| Untracked 
| 105|0x0000000623800000, 0x0000000623800000, 0x0000000623c00000|  0%| F|  |TAMS 0x0000000623800000, 0x0000000623800000| Untracked 
| 106|0x0000000623c00000, 0x0000000623c00000, 0x0000000624000000|  0%| F|  |TAMS 0x0000000623c00000, 0x0000000623c00000| Untracked 
| 107|0x0000000624000000, 0x0000000624000000, 0x0000000624400000|  0%| F|  |TAMS 0x0000000624000000, 0x0000000624000000| Untracked 
| 108|0x0000000624400000, 0x0000000624800000, 0x0000000624800000|100%| E|  |TAMS 0x0000000624400000, 0x0000000624400000| Complete 
| 109|0x0000000624800000, 0x0000000624c00000, 0x0000000624c00000|100%| E|CS|TAMS 0x0000000624800000, 0x0000000624800000| Complete 
| 110|0x0000000624c00000, 0x0000000625000000, 0x0000000625000000|100%| E|CS|TAMS 0x0000000624c00000, 0x0000000624c00000| Complete 
| 111|0x0000000625000000, 0x0000000625400000, 0x0000000625400000|100%| E|CS|TAMS 0x0000000625000000, 0x0000000625000000| Complete 
| 112|0x0000000625400000, 0x0000000625800000, 0x0000000625800000|100%| E|CS|TAMS 0x0000000625400000, 0x0000000625400000| Complete 
| 113|0x0000000625800000, 0x0000000625c00000, 0x0000000625c00000|100%| E|CS|TAMS 0x0000000625800000, 0x0000000625800000| Complete 
| 114|0x0000000625c00000, 0x0000000626000000, 0x0000000626000000|100%| E|CS|TAMS 0x0000000625c00000, 0x0000000625c00000| Complete 
| 115|0x0000000626000000, 0x0000000626400000, 0x0000000626400000|100%| E|CS|TAMS 0x0000000626000000, 0x0000000626000000| Complete 
| 116|0x0000000626400000, 0x0000000626800000, 0x0000000626800000|100%| E|CS|TAMS 0x0000000626400000, 0x0000000626400000| Complete 
| 117|0x0000000626800000, 0x0000000626c00000, 0x0000000626c00000|100%| E|CS|TAMS 0x0000000626800000, 0x0000000626800000| Complete 
| 118|0x0000000626c00000, 0x0000000627000000, 0x0000000627000000|100%| E|CS|TAMS 0x0000000626c00000, 0x0000000626c00000| Complete 
| 119|0x0000000627000000, 0x0000000627400000, 0x0000000627400000|100%| E|CS|TAMS 0x0000000627000000, 0x0000000627000000| Complete 
| 120|0x0000000627400000, 0x0000000627800000, 0x0000000627800000|100%| E|CS|TAMS 0x0000000627400000, 0x0000000627400000| Complete 
| 121|0x0000000627800000, 0x0000000627c00000, 0x0000000627c00000|100%| E|CS|TAMS 0x0000000627800000, 0x0000000627800000| Complete 
| 122|0x0000000627c00000, 0x0000000628000000, 0x0000000628000000|100%| E|CS|TAMS 0x0000000627c00000, 0x0000000627c00000| Complete 
| 123|0x0000000628000000, 0x0000000628400000, 0x0000000628400000|100%| E|CS|TAMS 0x0000000628000000, 0x0000000628000000| Complete 
| 124|0x0000000628400000, 0x0000000628800000, 0x0000000628800000|100%| E|CS|TAMS 0x0000000628400000, 0x0000000628400000| Complete 
| 125|0x0000000628800000, 0x0000000628c00000, 0x0000000628c00000|100%| E|CS|TAMS 0x0000000628800000, 0x0000000628800000| Complete 

Card table byte_map: [0x0000019a54000000,0x0000019a54fc0000] _byte_map_base: 0x0000019a50fb6000

Marking Bits (Prev, Next): (CMBitMap*) 0x0000019a3c301ac0, (CMBitMap*) 0x0000019a3c301b00
 Prev Bits: [0x0000019a55f80000, 0x0000019a5dd30000)
 Next Bits: [0x0000019a5dd30000, 0x0000019a65ae0000)

Polling page: 0x0000019a3a200000

Metaspace:

Usage:
  Non-class:     14.47 MB used.
      Class:      1.86 MB used.
       Both:     16.33 MB used.

Virtual space:
  Non-class space:       64.00 MB reserved,      14.69 MB ( 23%) committed,  1 nodes.
      Class space:        1.00 GB reserved,       2.00 MB ( <1%) committed,  1 nodes.
             Both:        1.06 GB reserved,      16.69 MB (  2%) committed. 

Chunk freelists:
   Non-Class:  820.00 KB
       Class:  13.84 MB
        Both:  14.64 MB

MaxMetaspaceSize: unlimited
CompressedClassSpaceSize: 1.00 GB
Initial GC threshold: 21.00 MB
Current GC threshold: 21.00 MB
CDS: on
MetaspaceReclaimPolicy: balanced
 - commit_granule_bytes: 65536.
 - commit_granule_words: 8192.
 - virtual_space_node_default_size: 8388608.
 - enlarge_chunks_in_place: 1.
 - new_chunks_are_fully_committed: 0.
 - uncommit_free_chunks: 1.
 - use_allocation_guard: 0.
 - handle_deallocations: 1.


Internal statistics:

num_allocs_failed_limit: 0.
num_arena_births: 298.
num_arena_deaths: 0.
num_vsnodes_births: 2.
num_vsnodes_deaths: 0.
num_space_committed: 267.
num_space_uncommitted: 0.
num_chunks_returned_to_freelist: 0.
num_chunks_taken_from_freelist: 722.
num_chunk_merges: 0.
num_chunk_splits: 438.
num_chunks_enlarged: 292.
num_purges: 0.
num_inconsistent_stats: 0.

CodeHeap 'non-profiled nmethods': size=120000Kb used=2521Kb max_used=2521Kb free=117479Kb
 bounds [0x0000019a4b5b0000, 0x0000019a4b830000, 0x0000019a52ae0000]
CodeHeap 'profiled nmethods': size=120000Kb used=6606Kb max_used=6606Kb free=113393Kb
 bounds [0x0000019a43ae0000, 0x0000019a44160000, 0x0000019a4b010000]
CodeHeap 'non-nmethods': size=5760Kb used=1623Kb max_used=1623Kb free=4136Kb
 bounds [0x0000019a4b010000, 0x0000019a4b280000, 0x0000019a4b5b0000]
 total_blobs=4658 nmethods=3608 adapters=962
 compilation: enabled
              stopped_count=0, restarted_count=0
 full_count=0

Compilation events (20 events):
Event: 2.303 Thread 0x0000019a65ca8cc0 3603       3       java.lang.invoke.LambdaForm$Name::internArguments (62 bytes)
Event: 2.303 Thread 0x0000019a65ca8cc0 nmethod 3603 0x0000019a4414fb90 code [0x0000019a4414fd80, 0x0000019a44150488]
Event: 2.303 Thread 0x0000019a65ca8cc0 3604       3       jdk.internal.org.objectweb.asm.ClassWriter::<init> (7 bytes)
Event: 2.303 Thread 0x0000019a65ca8cc0 nmethod 3604 0x0000019a44150610 code [0x0000019a441507c0, 0x0000019a44150908]
Event: 2.303 Thread 0x0000019a65ca8cc0 3605       3       java.lang.invoke.LambdaFormBuffer::indexOf (33 bytes)
Event: 2.303 Thread 0x0000019a65ca8cc0 nmethod 3605 0x0000019a44150990 code [0x0000019a44150b60, 0x0000019a44150f18]
Event: 2.303 Thread 0x0000019a65ca8cc0 3610       3       java.lang.invoke.InvokerBytecodeGenerator::refKindOpcode (112 bytes)
Event: 2.304 Thread 0x0000019a65ca8cc0 nmethod 3610 0x0000019a44151010 code [0x0000019a44151280, 0x0000019a44151b38]
Event: 2.304 Thread 0x0000019a65ca8cc0 3607       3       jdk.internal.org.objectweb.asm.AnnotationWriter::<init> (60 bytes)
Event: 2.304 Thread 0x0000019a65ca8cc0 nmethod 3607 0x0000019a44151d90 code [0x0000019a44151f60, 0x0000019a44152388]
Event: 2.304 Thread 0x0000019a65ca8cc0 3608       3       jdk.internal.org.objectweb.asm.AnnotationVisitor::<init> (7 bytes)
Event: 2.304 Thread 0x0000019a65ca8cc0 nmethod 3608 0x0000019a44152510 code [0x0000019a441526c0, 0x0000019a44152808]
Event: 2.304 Thread 0x0000019a65ca8cc0 3609       3       jdk.internal.org.objectweb.asm.AnnotationVisitor::<init> (88 bytes)
Event: 2.304 Thread 0x0000019a65ca8cc0 nmethod 3609 0x0000019a44152890 code [0x0000019a44152ae0, 0x0000019a441533c8]
Event: 2.304 Thread 0x0000019a65ca8cc0 3611       3       jdk.internal.org.objectweb.asm.AnnotationWriter::visitEnd (44 bytes)
Event: 2.304 Thread 0x0000019a65ca8cc0 nmethod 3611 0x0000019a44153690 code [0x0000019a44153820, 0x0000019a441539d8]
Event: 2.304 Thread 0x0000019a65ca8cc0 3606       1       java.lang.invoke.InvokerBytecodeGenerator::setClassWriter (6 bytes)
Event: 2.304 Thread 0x0000019a65ca8cc0 nmethod 3606 0x0000019a4b825e10 code [0x0000019a4b825fa0, 0x0000019a4b8260b8]
Event: 2.304 Thread 0x0000019a65ca8cc0 3612       1       java.lang.Class::getClassData (5 bytes)
Event: 2.304 Thread 0x0000019a65ca8cc0 nmethod 3612 0x0000019a4b826110 code [0x0000019a4b8262a0, 0x0000019a4b826378]

GC Heap History (8 events):
Event: 0.357 GC heap before
{Heap before GC invocations=0 (full 0):
 garbage-first heap   total 516096K, used 24576K [0x0000000609400000, 0x0000000800000000)
  region size 4096K, 6 young (24576K), 0 survivors (0K)
 Metaspace       used 2610K, committed 2816K, reserved 1114112K
  class space    used 256K, committed 384K, reserved 1048576K
}
Event: 0.361 GC heap after
{Heap after GC invocations=1 (full 0):
 garbage-first heap   total 516096K, used 9650K [0x0000000609400000, 0x0000000800000000)
  region size 4096K, 1 young (4096K), 1 survivors (4096K)
 Metaspace       used 2610K, committed 2816K, reserved 1114112K
  class space    used 256K, committed 384K, reserved 1048576K
}
Event: 0.563 GC heap before
{Heap before GC invocations=1 (full 0):
 garbage-first heap   total 516096K, used 30130K [0x0000000609400000, 0x0000000800000000)
  region size 4096K, 6 young (24576K), 1 survivors (4096K)
 Metaspace       used 4798K, committed 4992K, reserved 1114112K
  class space    used 478K, committed 576K, reserved 1048576K
}
Event: 0.565 GC heap after
{Heap after GC invocations=2 (full 0):
 garbage-first heap   total 516096K, used 12115K [0x0000000609400000, 0x0000000800000000)
  region size 4096K, 1 young (4096K), 1 survivors (4096K)
 Metaspace       used 4798K, committed 4992K, reserved 1114112K
  class space    used 478K, committed 576K, reserved 1048576K
}
Event: 0.730 GC heap before
{Heap before GC invocations=2 (full 0):
 garbage-first heap   total 516096K, used 69459K [0x0000000609400000, 0x0000000800000000)
  region size 4096K, 15 young (61440K), 1 survivors (4096K)
 Metaspace       used 4893K, committed 5120K, reserved 1114112K
  class space    used 478K, committed 576K, reserved 1048576K
}
Event: 0.733 GC heap after
{Heap after GC invocations=3 (full 0):
 garbage-first heap   total 516096K, used 19184K [0x0000000609400000, 0x0000000800000000)
  region size 4096K, 2 young (8192K), 2 survivors (8192K)
 Metaspace       used 4893K, committed 5120K, reserved 1114112K
  class space    used 478K, committed 576K, reserved 1048576K
}
Event: 1.701 GC heap before
{Heap before GC invocations=3 (full 0):
 garbage-first heap   total 516096K, used 301808K [0x0000000609400000, 0x0000000800000000)
  region size 4096K, 71 young (290816K), 2 survivors (8192K)
 Metaspace       used 6877K, committed 7168K, reserved 1114112K
  class space    used 714K, committed 896K, reserved 1048576K
}
Event: 1.706 GC heap after
{Heap after GC invocations=4 (full 0):
 garbage-first heap   total 516096K, used 32493K [0x0000000609400000, 0x0000000800000000)
  region size 4096K, 6 young (24576K), 6 survivors (24576K)
 Metaspace       used 6877K, committed 7168K, reserved 1114112K
  class space    used 714K, committed 896K, reserved 1048576K
}

Deoptimization events (20 events):
Event: 2.154 Thread 0x0000019a3c254320 Uncommon trap: trap_request=0xffffffde fr.pc=0x0000019a4b6c2318 relative=0x0000000000000918
Event: 2.154 Thread 0x0000019a3c254320 Uncommon trap: reason=class_check action=maybe_recompile pc=0x0000019a4b6c2318 method=java.util.stream.AbstractPipeline.exactOutputSizeIfKnown(Ljava/util/Spliterator;)J @ 16 c2
Event: 2.154 Thread 0x0000019a3c254320 DEOPT PACKING pc=0x0000019a4b6c2318 sp=0x00000068681fee80
Event: 2.154 Thread 0x0000019a3c254320 DEOPT UNPACKING pc=0x0000019a4b0623a3 sp=0x00000068681fedc8 mode 2
Event: 2.177 Thread 0x0000019a3c254320 Uncommon trap: trap_request=0xffffffc6 fr.pc=0x0000019a4b6c22b0 relative=0x00000000000008b0
Event: 2.177 Thread 0x0000019a3c254320 Uncommon trap: reason=bimorphic_or_optimized_type_check action=maybe_recompile pc=0x0000019a4b6c22b0 method=java.util.stream.AbstractPipeline.evaluate(Ljava/util/Spliterator;ZLjava/util/function/IntFunction;)Ljava/util/stream/Node; @ 23 c2
Event: 2.177 Thread 0x0000019a3c254320 DEOPT PACKING pc=0x0000019a4b6c22b0 sp=0x00000068681fee50
Event: 2.177 Thread 0x0000019a3c254320 DEOPT UNPACKING pc=0x0000019a4b0623a3 sp=0x00000068681fee10 mode 2
Event: 2.213 Thread 0x0000019a3c254320 Uncommon trap: trap_request=0xffffffde fr.pc=0x0000019a4b736958 relative=0x0000000000000a98
Event: 2.213 Thread 0x0000019a3c254320 Uncommon trap: reason=class_check action=maybe_recompile pc=0x0000019a4b736958 method=java.nio.file.Files.isRegularFile(Ljava/nio/file/Path;[Ljava/nio/file/LinkOption;)Z @ 36 c2
Event: 2.213 Thread 0x0000019a3c254320 DEOPT PACKING pc=0x0000019a4b736958 sp=0x00000068681fe540
Event: 2.213 Thread 0x0000019a3c254320 DEOPT UNPACKING pc=0x0000019a4b0623a3 sp=0x00000068681fe548 mode 2
Event: 2.218 Thread 0x0000019a3c254320 Uncommon trap: trap_request=0xffffffde fr.pc=0x0000019a4b6c4070 relative=0x00000000000000d0
Event: 2.218 Thread 0x0000019a3c254320 Uncommon trap: reason=class_check action=maybe_recompile pc=0x0000019a4b6c4070 method=java.util.stream.AbstractPipeline.exactOutputSizeIfKnown(Ljava/util/Spliterator;)J @ 16 c2
Event: 2.218 Thread 0x0000019a3c254320 DEOPT PACKING pc=0x0000019a4b6c4070 sp=0x00000068681fed50
Event: 2.218 Thread 0x0000019a3c254320 DEOPT UNPACKING pc=0x0000019a4b0623a3 sp=0x00000068681fecd0 mode 2
Event: 2.302 Thread 0x0000019ab1ce8c30 Uncommon trap: trap_request=0xffffff45 fr.pc=0x0000019a4b65c2e0 relative=0x00000000000000c0
Event: 2.302 Thread 0x0000019ab1ce8c30 Uncommon trap: reason=unstable_if action=reinterpret pc=0x0000019a4b65c2e0 method=java.util.concurrent.TimeUnit.convert(JLjava/util/concurrent/TimeUnit;)J @ 8 c2
Event: 2.302 Thread 0x0000019ab1ce8c30 DEOPT PACKING pc=0x0000019a4b65c2e0 sp=0x000000686a2ff4f0
Event: 2.302 Thread 0x0000019ab1ce8c30 DEOPT UNPACKING pc=0x0000019a4b0623a3 sp=0x000000686a2ff4a0 mode 2

Classes unloaded (0 events):
No events

Classes redefined (0 events):
No events

Internal exceptions (20 events):
Event: 2.196 Thread 0x0000019a3c254320 Exception <a 'java/lang/NoSuchMethodError'{0x0000000625314548}: 'void java.lang.invoke.DirectMethodHandle$Holder.invokeStaticInit(java.lang.Object, java.lang.Object)'> (0x0000000625314548) 
thrown [s\open\src\hotspot\share\interpreter\linkResolver.cpp, line 759]
Event: 2.197 Thread 0x0000019a3c254320 Exception <a 'java/lang/NoSuchMethodError'{0x0000000625320dc0}: 'java.lang.Object java.lang.invoke.DirectMethodHandle$Holder.invokeStaticInit(java.lang.Object, java.lang.Object, java.lang.Object, java.lang.Object)'> (0x0000000625320dc0) 
thrown [s\open\src\hotspot\share\interpreter\linkResolver.cpp, line 759]
Event: 2.197 Thread 0x0000019a3c254320 Exception <a 'java/lang/IncompatibleClassChangeError'{0x0000000625326668}: Found class java.lang.Object, but interface was expected> (0x0000000625326668) 
thrown [s\open\src\hotspot\share\interpreter\linkResolver.cpp, line 826]
Event: 2.199 Thread 0x0000019a3c254320 Exception <a 'java/lang/IncompatibleClassChangeError'{0x000000062535adc0}: Found class java.lang.Object, but interface was expected> (0x000000062535adc0) 
thrown [s\open\src\hotspot\share\interpreter\linkResolver.cpp, line 826]
Event: 2.212 Thread 0x0000019a3c254320 Exception <a 'sun/nio/fs/WindowsException'{0x0000000624cec998}> (0x0000000624cec998) 
thrown [s\open\src\hotspot\share\prims\jni.cpp, line 516]
Event: 2.218 Thread 0x0000019a3c254320 Exception <a 'java/lang/NoSuchMethodError'{0x0000000624d2e678}: 'java.lang.Object java.lang.invoke.DirectMethodHandle$Holder.invokeVirtual(java.lang.Object, java.lang.Object, java.lang.Object)'> (0x0000000624d2e678) 
thrown [s\open\src\hotspot\share\interpreter\linkResolver.cpp, line 759]
Event: 2.232 Thread 0x0000019a3c254320 Exception <a 'sun/nio/fs/WindowsException'{0x0000000624e34338}> (0x0000000624e34338) 
thrown [s\open\src\hotspot\share\prims\jni.cpp, line 516]
Event: 2.234 Thread 0x0000019a3c254320 Exception <a 'java/lang/NoSuchMethodError'{0x0000000624e62738}: 'java.lang.Object java.lang.invoke.DirectMethodHandle$Holder.invokeStatic(java.lang.Object, int, java.lang.Object, java.lang.Object, java.lang.Object, java.lang.Object)'> (0x0000000624e62738) 
thrown [s\open\src\hotspot\share\interpreter\linkResolver.cpp, line 759]
Event: 2.234 Thread 0x0000019a3c254320 Exception <a 'java/lang/NoSuchMethodError'{0x0000000624e6af60}: 'java.lang.Object java.lang.invoke.DirectMethodHandle$Holder.newInvokeSpecial(java.lang.Object, int, java.lang.Object, java.lang.Object)'> (0x0000000624e6af60) 
thrown [s\open\src\hotspot\share\interpreter\linkResolver.cpp, line 759]
Event: 2.234 Thread 0x0000019a3c254320 Exception <a 'java/lang/NoSuchMethodError'{0x0000000624e6f068}: 'java.lang.Object java.lang.invoke.DirectMethodHandle$Holder.invokeSpecial(java.lang.Object, java.lang.Object, int, java.lang.Object, java.lang.Object)'> (0x0000000624e6f068) 
thrown [s\open\src\hotspot\share\interpreter\linkResolver.cpp, line 759]
Event: 2.259 Thread 0x0000019a3c254320 Exception <a 'sun/nio/fs/WindowsException'{0x000000062499fd00}> (0x000000062499fd00) 
thrown [s\open\src\hotspot\share\prims\jni.cpp, line 516]
Event: 2.259 Thread 0x0000019a3c254320 Exception <a 'sun/nio/fs/WindowsException'{0x00000006249a0058}> (0x00000006249a0058) 
thrown [s\open\src\hotspot\share\prims\jni.cpp, line 516]
Event: 2.265 Thread 0x0000019a3c254320 Exception <a 'sun/nio/fs/WindowsException'{0x0000000624b208e0}> (0x0000000624b208e0) 
thrown [s\open\src\hotspot\share\prims\jni.cpp, line 516]
Event: 2.265 Thread 0x0000019a3c254320 Exception <a 'sun/nio/fs/WindowsException'{0x0000000624b20c50}> (0x0000000624b20c50) 
thrown [s\open\src\hotspot\share\prims\jni.cpp, line 516]
Event: 2.271 Thread 0x0000019a3c254320 Exception <a 'java/lang/NoSuchMethodError'{0x0000000624ba6ec0}: 'int java.lang.invoke.DirectMethodHandle$Holder.invokeStaticInit(java.lang.Object, java.lang.Object, int, long)'> (0x0000000624ba6ec0) 
thrown [s\open\src\hotspot\share\interpreter\linkResolver.cpp, line 759]
Event: 2.272 Thread 0x0000019a3c254320 Exception <a 'java/lang/NoSuchMethodError'{0x0000000624baca50}: 'java.lang.Object java.lang.invoke.DirectMethodHandle$Holder.newInvokeSpecial(java.lang.Object, java.lang.Object, int)'> (0x0000000624baca50) 
thrown [s\open\src\hotspot\share\interpreter\linkResolver.cpp, line 759]
Event: 2.273 Thread 0x0000019a3c254320 Exception <a 'java/lang/NoSuchMethodError'{0x0000000624bc0678}: 'int java.lang.invoke.DirectMethodHandle$Holder.invokeStaticInit(java.lang.Object, java.lang.Object, long, long)'> (0x0000000624bc0678) 
thrown [s\open\src\hotspot\share\interpreter\linkResolver.cpp, line 759]
Event: 2.273 Thread 0x0000019a3c254320 Exception <a 'java/lang/NoSuchMethodError'{0x0000000624bc65d0}: 'java.lang.Object java.lang.invoke.DirectMethodHandle$Holder.newInvokeSpecial(java.lang.Object, java.lang.Object, long)'> (0x0000000624bc65d0) 
thrown [s\open\src\hotspot\share\interpreter\linkResolver.cpp, line 759]
Event: 2.273 Thread 0x0000019a3c254320 Exception <a 'java/lang/NoSuchMethodError'{0x0000000624bca140}: 'java.lang.Object java.lang.invoke.Invokers$Holder.linkToTargetMethod(java.lang.Object, long, java.lang.Object)'> (0x0000000624bca140) 
thrown [s\open\src\hotspot\share\interpreter\linkResolver.cpp, line 759]
Event: 2.274 Thread 0x0000019a3c254320 Exception <a 'java/lang/NoSuchMethodError'{0x0000000624bd18b8}: 'int java.lang.invoke.DirectMethodHandle$Holder.invokeStaticInit(java.lang.Object, java.lang.Object, java.lang.Object, long)'> (0x0000000624bd18b8) 
thrown [s\open\src\hotspot\share\interpreter\linkResolver.cpp, line 759]

VM Operations (20 events):
Event: 1.973 Executing VM operation: HandshakeAllThreads
Event: 1.973 Executing VM operation: HandshakeAllThreads done
Event: 1.993 Executing VM operation: ICBufferFull
Event: 1.993 Executing VM operation: ICBufferFull done
Event: 2.016 Executing VM operation: HandshakeAllThreads
Event: 2.016 Executing VM operation: HandshakeAllThreads done
Event: 2.016 Executing VM operation: HandshakeAllThreads
Event: 2.016 Executing VM operation: HandshakeAllThreads done
Event: 2.043 Executing VM operation: HandshakeAllThreads
Event: 2.044 Executing VM operation: HandshakeAllThreads done
Event: 2.106 Executing VM operation: HandshakeAllThreads
Event: 2.106 Executing VM operation: HandshakeAllThreads done
Event: 2.153 Executing VM operation: HandshakeAllThreads
Event: 2.153 Executing VM operation: HandshakeAllThreads done
Event: 2.210 Executing VM operation: HandshakeAllThreads
Event: 2.210 Executing VM operation: HandshakeAllThreads done
Event: 2.300 Executing VM operation: ICBufferFull
Event: 2.300 Executing VM operation: ICBufferFull done
Event: 2.303 Executing VM operation: HandshakeAllThreads
Event: 2.303 Executing VM operation: HandshakeAllThreads done

Events (20 events):
Event: 2.270 loading class java/nio/DirectDoubleBufferU done
Event: 2.271 loading class java/util/function/LongPredicate
Event: 2.271 loading class java/util/function/LongPredicate done
Event: 2.274 loading class java/nio/InvalidMarkException
Event: 2.274 loading class java/nio/InvalidMarkException done
Event: 2.274 loading class java/nio/BufferUnderflowException
Event: 2.274 loading class java/nio/BufferUnderflowException done
Event: 2.301 loading class java/util/concurrent/ScheduledThreadPoolExecutor$ScheduledFutureTask
Event: 2.302 loading class java/util/concurrent/FutureTask
Event: 2.302 loading class java/util/concurrent/FutureTask done
Event: 2.302 loading class java/util/concurrent/ScheduledThreadPoolExecutor$ScheduledFutureTask done
Event: 2.302 loading class java/util/concurrent/FutureTask$WaitNode
Event: 2.302 loading class java/util/concurrent/FutureTask$WaitNode done
Event: 2.302 loading class java/util/concurrent/Executors$RunnableAdapter
Event: 2.302 loading class java/util/concurrent/Executors$RunnableAdapter done
Event: 2.302 Thread 0x0000019ab1ce8c30 Thread added: 0x0000019ab1ce8c30
Event: 2.302 loading class java/util/concurrent/locks/AbstractQueuedSynchronizer$ConditionNode
Event: 2.302 loading class java/util/concurrent/ForkJoinPool$ManagedBlocker
Event: 2.302 loading class java/util/concurrent/ForkJoinPool$ManagedBlocker done
Event: 2.302 loading class java/util/concurrent/locks/AbstractQueuedSynchronizer$ConditionNode done


Dynamic libraries:
0x00007ff73d080000 - 0x00007ff73d090000 	F:\Java\jdk-17.0.8\bin\java.exe
0x00007ff9f2ab0000 - 0x00007ff9f2ca8000 	C:\WINDOWS\SYSTEM32\ntdll.dll
0x00007ff9f1c80000 - 0x00007ff9f1d3f000 	C:\WINDOWS\System32\KERNEL32.DLL
0x00007ff9f0230000 - 0x00007ff9f0526000 	C:\WINDOWS\System32\KERNELBASE.dll
0x00007ff9f07a0000 - 0x00007ff9f08a0000 	C:\WINDOWS\System32\ucrtbase.dll
0x00007ff9cf2a0000 - 0x00007ff9cf2bb000 	F:\Java\jdk-17.0.8\bin\VCRUNTIME140.dll
0x00007ff9cf280000 - 0x00007ff9cf299000 	F:\Java\jdk-17.0.8\bin\jli.dll
0x00007ff9f1730000 - 0x00007ff9f17df000 	C:\WINDOWS\System32\ADVAPI32.dll
0x00007ff9f1570000 - 0x00007ff9f160e000 	C:\WINDOWS\System32\msvcrt.dll
0x00007ff9f2770000 - 0x00007ff9f280c000 	C:\WINDOWS\System32\sechost.dll
0x00007ff9f0eb0000 - 0x00007ff9f0fd6000 	C:\WINDOWS\System32\RPCRT4.dll
0x00007ff9f0fe0000 - 0x00007ff9f117d000 	C:\WINDOWS\System32\USER32.dll
0x00007ff9f0770000 - 0x00007ff9f0792000 	C:\WINDOWS\System32\win32u.dll
0x00007ff9dcaf0000 - 0x00007ff9dcd8a000 	C:\WINDOWS\WinSxS\amd64_microsoft.windows.common-controls_6595b64144ccf1df_6.0.19041.1110_none_60b5254171f9507e\COMCTL32.dll
0x00007ff9f11e0000 - 0x00007ff9f120c000 	C:\WINDOWS\System32\GDI32.dll
0x00007ff9f0530000 - 0x00007ff9f0645000 	C:\WINDOWS\System32\gdi32full.dll
0x00007ff9f0190000 - 0x00007ff9f022d000 	C:\WINDOWS\System32\msvcp_win.dll
0x00007ff9e5fc0000 - 0x00007ff9e5fca000 	C:\WINDOWS\SYSTEM32\VERSION.dll
0x00007ff9f17e0000 - 0x00007ff9f1810000 	C:\WINDOWS\System32\IMM32.DLL
0x00007ff9cf270000 - 0x00007ff9cf27c000 	F:\Java\jdk-17.0.8\bin\vcruntime140_1.dll
0x00007ff9ce990000 - 0x00007ff9cea1e000 	F:\Java\jdk-17.0.8\bin\msvcp140.dll
0x00007ff97c2d0000 - 0x00007ff97ceae000 	F:\Java\jdk-17.0.8\bin\server\jvm.dll
0x00007ff9f0d10000 - 0x00007ff9f0d18000 	C:\WINDOWS\System32\PSAPI.DLL
0x00007ff9ec040000 - 0x00007ff9ec049000 	C:\WINDOWS\SYSTEM32\WSOCK32.dll
0x00007ff9e5f90000 - 0x00007ff9e5fb7000 	C:\WINDOWS\SYSTEM32\WINMM.dll
0x00007ff9f16b0000 - 0x00007ff9f171b000 	C:\WINDOWS\System32\WS2_32.dll
0x00007ff9edf30000 - 0x00007ff9edf42000 	C:\WINDOWS\SYSTEM32\kernel.appcore.dll
0x00007ff9cefe0000 - 0x00007ff9cefea000 	F:\Java\jdk-17.0.8\bin\jimage.dll
0x00007ff9e7310000 - 0x00007ff9e74f4000 	C:\WINDOWS\SYSTEM32\DBGHELP.DLL
0x00007ff9dc430000 - 0x00007ff9dc464000 	C:\WINDOWS\SYSTEM32\dbgcore.DLL
0x00007ff9f0a50000 - 0x00007ff9f0ad2000 	C:\WINDOWS\System32\bcryptPrimitives.dll
0x00007ff9ce950000 - 0x00007ff9ce975000 	F:\Java\jdk-17.0.8\bin\java.dll
0x00007ff9c2270000 - 0x00007ff9c2347000 	F:\Java\jdk-17.0.8\bin\jsvml.dll
0x00007ff9f2020000 - 0x00007ff9f2764000 	C:\WINDOWS\System32\SHELL32.dll
0x00007ff9ee210000 - 0x00007ff9ee9a3000 	C:\WINDOWS\SYSTEM32\windows.storage.dll
0x00007ff9f1210000 - 0x00007ff9f1564000 	C:\WINDOWS\System32\combase.dll
0x00007ff9efaf0000 - 0x00007ff9efb1e000 	C:\WINDOWS\SYSTEM32\Wldp.dll
0x00007ff9f0d80000 - 0x00007ff9f0e2d000 	C:\WINDOWS\System32\SHCORE.dll
0x00007ff9f1180000 - 0x00007ff9f11d5000 	C:\WINDOWS\System32\shlwapi.dll
0x00007ff9f00c0000 - 0x00007ff9f00e5000 	C:\WINDOWS\SYSTEM32\profapi.dll
0x00007ff9ce7d0000 - 0x00007ff9ce7e9000 	F:\Java\jdk-17.0.8\bin\net.dll
0x00007ff9e8f30000 - 0x00007ff9e903a000 	C:\WINDOWS\SYSTEM32\WINHTTP.dll
0x00007ff9ef8d0000 - 0x00007ff9ef93a000 	C:\WINDOWS\system32\mswsock.dll
0x00007ff9ce7b0000 - 0x00007ff9ce7c6000 	F:\Java\jdk-17.0.8\bin\nio.dll
0x00007ff9ce930000 - 0x00007ff9ce948000 	F:\Java\jdk-17.0.8\bin\zip.dll
0x00007ff9ce920000 - 0x00007ff9ce930000 	F:\Java\jdk-17.0.8\bin\verify.dll
0x00007ff9ce760000 - 0x00007ff9ce76a000 	F:\Java\jdk-17.0.8\bin\management.dll
0x00007ff9ce750000 - 0x00007ff9ce75b000 	F:\Java\jdk-17.0.8\bin\management_ext.dll
0x00007ff988260000 - 0x00007ff988277000 	C:\WINDOWS\system32\napinsp.dll
0x00007ff988a00000 - 0x00007ff988a1b000 	C:\WINDOWS\system32\pnrpnsp.dll
0x00007ff9cff70000 - 0x00007ff9cff85000 	C:\WINDOWS\system32\wshbth.dll
0x00007ff9ebe90000 - 0x00007ff9ebead000 	C:\WINDOWS\system32\NLAapi.dll
0x00007ff9ef590000 - 0x00007ff9ef5cb000 	C:\WINDOWS\SYSTEM32\IPHLPAPI.DLL
0x00007ff9ef5d0000 - 0x00007ff9ef69a000 	C:\WINDOWS\SYSTEM32\DNSAPI.dll
0x00007ff9f1720000 - 0x00007ff9f1728000 	C:\WINDOWS\System32\NSI.dll
0x00007ff9b2b70000 - 0x00007ff9b2b82000 	C:\WINDOWS\System32\winrnr.dll
0x00007ff9e3d00000 - 0x00007ff9e3d0a000 	C:\Windows\System32\rasadhlp.dll
0x00007ff9e3bc0000 - 0x00007ff9e3c42000 	C:\WINDOWS\System32\fwpuclnt.dll
0x00007ff9f0ae0000 - 0x00007ff9f0b07000 	C:\WINDOWS\System32\bcrypt.dll
0x00007ff9d07a0000 - 0x00007ff9d0815000 	C:\Users\Damqn\AppData\Local\Temp\lwjglDamyan\3.3.1-build-7\lwjgl.dll
0x00007ff9d0730000 - 0x00007ff9d0791000 	C:\Users\Damqn\AppData\Local\Temp\lwjglDamyan\3.3.1-build-7\glfw.dll
0x00007ff9c6910000 - 0x00007ff9c6955000 	C:\WINDOWS\SYSTEM32\dinput8.dll
0x00007ff9ce670000 - 0x00007ff9ce681000 	C:\WINDOWS\SYSTEM32\xinput1_4.dll
0x00007ff9f08a0000 - 0x00007ff9f08ee000 	C:\WINDOWS\System32\cfgmgr32.dll
0x00007ff9eff20000 - 0x00007ff9eff53000 	C:\WINDOWS\SYSTEM32\DEVOBJ.dll
0x00007ff9edf00000 - 0x00007ff9edf2f000 	C:\WINDOWS\SYSTEM32\dwmapi.dll
0x00007ff9e4f70000 - 0x00007ff9e50c2000 	C:\WINDOWS\SYSTEM32\inputhost.dll
0x00007ff9f1ef0000 - 0x00007ff9f1fbd000 	C:\WINDOWS\System32\OLEAUT32.dll
0x00007ff9ed710000 - 0x00007ff9ed802000 	C:\WINDOWS\SYSTEM32\CoreMessaging.dll
0x00007ff9ec050000 - 0x00007ff9ec1a4000 	C:\WINDOWS\SYSTEM32\wintypes.dll
0x00007ff9eb580000 - 0x00007ff9eb676000 	C:\WINDOWS\SYSTEM32\PROPSYS.dll
0x00007ff9ed3b0000 - 0x00007ff9ed70e000 	C:\WINDOWS\SYSTEM32\CoreUIComponents.dll
0x00007ff9ef2b0000 - 0x00007ff9ef2e3000 	C:\WINDOWS\SYSTEM32\ntmarta.dll
0x00007ff9eda50000 - 0x00007ff9edaee000 	C:\WINDOWS\system32\uxtheme.dll
0x00007ff9f0bf0000 - 0x00007ff9f0d04000 	C:\WINDOWS\System32\MSCTF.dll
0x00007ff9b2f60000 - 0x00007ff9b3085000 	C:\WINDOWS\SYSTEM32\opengl32.dll
0x00007ff9b2f30000 - 0x00007ff9b2f5c000 	C:\WINDOWS\SYSTEM32\GLU32.dll
0x00007ff9f29c0000 - 0x00007ff9f2a69000 	C:\WINDOWS\System32\clbcatq.dll
0x00007ff9dfdd0000 - 0x00007ff9dfdfd000 	C:\WINDOWS\System32\DriverStore\FileRepository\u0390451.inf_amd64_39377efdd62734d1\B390182\atig6pxx.dll
0x00007ff97fe30000 - 0x00007ff983a65000 	C:\WINDOWS\System32\DriverStore\FileRepository\u0390451.inf_amd64_39377efdd62734d1\B390182\atio6axx.dll
0x00007ff9f1810000 - 0x00007ff9f1c7e000 	C:\WINDOWS\System32\SETUPAPI.dll
0x00007ff9f0650000 - 0x00007ff9f06b7000 	C:\WINDOWS\System32\WINTRUST.dll
0x00007ff9f08f0000 - 0x00007ff9f0a4e000 	C:\WINDOWS\System32\CRYPT32.dll
0x00007ff9efd60000 - 0x00007ff9efd72000 	C:\WINDOWS\SYSTEM32\MSASN1.dll

dbghelp: loaded successfully - version: 4.0.5 - missing functions: none
symbol engine: initialized successfully - sym options: 0x614 - pdb path: .;F:\Java\jdk-17.0.8\bin;C:\WINDOWS\SYSTEM32;C:\WINDOWS\WinSxS\amd64_microsoft.windows.common-controls_6595b64144ccf1df_6.0.19041.1110_none_60b5254171f9507e;F:\Java\jdk-17.0.8\bin\server;C:\Users\Damqn\AppData\Local\Temp\lwjglDamyan\3.3.1-build-7;C:\WINDOWS\System32\DriverStore\FileRepository\u0390451.inf_amd64_39377efdd62734d1\B390182

VM Arguments:
jvm_args: -Dforge.enableGameTest=true -Dforge.enabledGameTestNamespaces=endlessexpansion -Dforge.logging.console.level=debug -Dforge.logging.markers=REGISTRIES -DignoreList=bootstraplauncher,securejarhandler,asm-commons,asm-util,asm-analysis,asm-tree,asm,JarJarFileSystems,client-extra,fmlcore,javafmllanguage,lowcodelanguage,mclanguage,forge- -Djava.net.preferIPv6Addresses=system -DlegacyClassPath.file=F:\mc mods\Coding Mods\Endless Expansion 1.20\build\classpath\runClient_minecraftClasspath.txt -DmergeModules=jna-5.10.0.jar,jna-platform-5.10.0.jar --module-path=C:\Users\Damqn\.gradle\caches\modules-2\files-2.1\cpw.mods\bootstraplauncher\1.1.2\c546e00443d8432cda6baa1c860346980742628\bootstraplauncher-1.1.2.jar;C:\Users\Damqn\.gradle\caches\modules-2\files-2.1\cpw.mods\securejarhandler\2.1.10\51e6a22c6c716beb11e244bf5b8be480f51dd6b5\securejarhandler-2.1.10.jar;C:\Users\Damqn\.gradle\caches\modules-2\files-2.1\org.ow2.asm\asm-commons\9.5\19ab5b5800a3910d30d3a3e64fdb00fd0cb42de0\asm-commons-9.5.jar;C:\Users\Damqn\.gradle\caches\modules-2\files-2.1\org.ow2.asm\asm-util\9.5\64b5a1fc8c1b15ed2efd6a063e976bc8d3dc5ffe\asm-util-9.5.jar;C:\Users\Damqn\.gradle\caches\modules-2\files-2.1\org.ow2.asm\asm-analysis\9.5\490bacc77de7cbc0be1a30bb3471072d705be4a4\asm-analysis-9.5.jar;C:\Users\Damqn\.gradle\caches\modules-2\files-2.1\org.ow2.asm\asm-tree\9.5\fd33c8b6373abaa675be407082fdfda35021254a\asm-tree-9.5.jar;C:\Users\Damqn\.gradle\caches\modules-2\files-2.1\org.ow2.asm\asm\9.5\dc6ea1875f4d64fbc85e1691c95b96a3d8569c90\asm-9.5.jar;C:\Users\Damqn\.gradle\caches\modules-2\files-2.1\net.minecraftforge\JarJarFileSystems\0.3.19\2464eb7d6b9ddb9db36a82cf8a95193e5c6fe020\JarJarFileSystems-0.3.19.jar --add-modules=ALL-MODULE-PATH --add-opens=java.base/java.util.jar=cpw.mods.securejarhandler --add-opens=java.base/java.lang.invoke=cpw.mods.securejarhandler --add-exports=java.base/sun.security.util=cpw.mods.securejarhandler --add-exports=jdk.naming.dns/com.sun.jndi.dns=java.naming -XX:HeapDumpPath=MojangTricksIntelDriversForPerformance_javaw.exe_minecraft.exe.heapdump -Dfile.encoding=windows-1251 -Duser.country=US -Duser.language=en -Duser.variant 
java_command: cpw.mods.bootstraplauncher.BootstrapLauncher --launchTarget forgeclientuserdev --version MOD_DEV --assetIndex 5 --assetsDir C:\Users\Damqn\.gradle\caches\forge_gradle\assets --gameDir . --fml.forgeVersion 47.1.40 --fml.mcVersion 1.20.1 --fml.forgeGroup net.minecraftforge --fml.mcpVersion 20230612.114412
java_class_path (initial): F:\mc mods\Coding Mods\Endless Expansion 1.20\build\classes\java\main;F:\mc mods\Coding Mods\Endless Expansion 1.20\build\resources\main;C:\Users\Damqn\.gradle\caches\forge_gradle\minecraft_user_repo\net\minecraftforge\forge\1.20.1-47.1.40_mapped_official_1.20.1\forge-1.20.1-47.1.40_mapped_official_1.20.1-recomp.jar;C:\Users\Damqn\.gradle\caches\forge_gradle\minecraft_repo\versions\1.20.1\client-extra.jar;C:\Users\Damqn\.gradle\caches\modules-2\files-2.1\net.minecraftforge\fmlearlydisplay\1.20.1-47.1.40\cef288f16fefc4a7b3287b144bbf13b45f7bc10e\fmlearlydisplay-1.20.1-47.1.40.jar;C:\Users\Damqn\.gradle\caches\modules-2\files-2.1\net.minecraftforge\javafmllanguage\1.20.1-47.1.40\f692ce735ae82c7d67a622f7c16b39d6791438b2\javafmllanguage-1.20.1-47.1.40.jar;C:\Users\Damqn\.gradle\caches\modules-2\files-2.1\net.minecraftforge\lowcodelanguage\1.20.1-47.1.40\b5c50f31d2063274dde480c279f69ea4823e9271\lowcodelanguage-1.20.1-47.1.40.jar;C:\Users\Damqn\.gradle\caches\modules-2\files-2.1\net.minecraftforge\mclanguage\1.20.1-47.1.40\962a7a60b0ebc9b49f9d34c5a1586ec38df6113f\mclanguage-1.20.1-47.1.40.jar;C:\Users\Damqn\.gradle\caches\modules-2\files-2.1\net.minecraftforge\fmlcore\1.20.1-47.1.40\4ce019324cdf918c4854d7775fc09c1d2572c6f\fmlcore-1.20.1-47.1.40.jar;C:\Users\Damqn\.gradle\caches\modules-2\files-2.1\net.minecraftforge\fmlloader\1.20.1-47.1.40\2a2d24288440fe70f7cd1c7b3d444954ab17c00e\fmlloader-1.20.1-47.1.40.jar;C:\Users\Damqn\.gradle\caches\modules-2\files-2.1\net.minecraftforge\JarJarSelector\0.3.19\376cc9c8ea60720cf027c01fc033de915699801c\JarJarSelector-0.3.19.jar;C:\Users\Damqn\.gradle\caches\modules-2\files-2.1\net.minecraftforge\JarJarMetadata\0.3.19\83feaa9b770e6ac0e96ee4fc23fa89325c5fe2\JarJarMetadata-0.3.19.jar;C:\Users\Damqn\.gradle\caches\modules-2\files-2.1\com.google.guava\guava\31.1-jre\60458f877d055d0c9114d9e1a2efb737b4bc282c\guava-31.1-jre.jar;C:\Users\Damqn\.gradle\caches\modules-2\files-2.1\com.google.code.findbugs\jsr305\3.0.2\2
Launcher Type: SUN_STANDARD

[Global flags]
     intx CICompilerCount                          = 4                                         {product} {ergonomic}
     uint ConcGCThreads                            = 3                                         {product} {ergonomic}
     uint G1ConcRefinementThreads                  = 10                                        {product} {ergonomic}
   size_t G1HeapRegionSize                         = 4194304                                   {product} {ergonomic}
    uintx GCDrainStackTargetSize                   = 64                                        {product} {ergonomic}
    ccstr HeapDumpPath                             = MojangTricksIntelDriversForPerformance_javaw.exe_minecraft.exe.heapdump         {manageable} {command line}
   size_t InitialHeapSize                          = 528482304                                 {product} {ergonomic}
   size_t MarkStackSize                            = 4194304                                   {product} {ergonomic}
   size_t MaxHeapSize                              = 8434745344                                {product} {ergonomic}
   size_t MaxNewSize                               = 5058330624                                {product} {ergonomic}
   size_t MinHeapDeltaBytes                        = 4194304                                   {product} {ergonomic}
   size_t MinHeapSize                              = 8388608                                   {product} {ergonomic}
    uintx NonNMethodCodeHeapSize                   = 5839372                                {pd product} {ergonomic}
    uintx NonProfiledCodeHeapSize                  = 122909434                              {pd product} {ergonomic}
    uintx ProfiledCodeHeapSize                     = 122909434                              {pd product} {ergonomic}
    uintx ReservedCodeCacheSize                    = 251658240                              {pd product} {ergonomic}
     bool SegmentedCodeCache                       = true                                      {product} {ergonomic}
   size_t SoftMaxHeapSize                          = 8434745344                             {manageable} {ergonomic}
     bool UseCompressedClassPointers               = true                           {product lp64_product} {ergonomic}
     bool UseCompressedOops                        = true                           {product lp64_product} {ergonomic}
     bool UseG1GC                                  = true                                      {product} {ergonomic}
     bool UseLargePagesIndividualAllocation        = false                                  {pd product} {ergonomic}

Logging:
Log output configuration:
 #0: stdout all=warning uptime,level,tags
 #1: stderr all=off uptime,level,tags

Environment Variables:
PATH=C:\Program Files\Eclipse Adoptium\jdk-17.0.2.8-hotspot\bin;C:\Program Files (x86)\Razer\ChromaBroadcast\bin;C:\Program Files\Razer\ChromaBroadcast\bin;C:\Program Files\Eclipse Foundation\jdk-16.0.2.7-hotspot\bin;C:\Program Files\Common Files\Oracle\Java\javapath;C:\Program Files (x86)\Common Files\Oracle\Java\javapath;C:\WINDOWS\system32;C:\WINDOWS;C:\WINDOWS\System32\Wbem;C:\WINDOWS\System32\WindowsPowerShell\v1.0\;C:\WINDOWS\System32\OpenSSH\;C:\Program Files\Git\cmd;C:\Users\Damqn\AppData\Local\Microsoft\WindowsApps;C:\Program Files\Java\jdk1.8.0_311\bin;C:\Program Files\Microsoft SQL Server\110\Tools\Binn\;C:\Program Files (x86)\Microsoft SDKs\TypeScript\1.0\;C:\Program Files\Microsoft SQL Server\120\Tools\Binn\;C:\Program Files\nodejs\;C:\Program Files\Git LFS;C:\Program Files (x86)\dotnet\;C:\Program Files\dotnet\;C:\Program Files\Docker\Docker\resources\bin;C:\ProgramData\DockerDesktop\version-bin;C:\Users\Damqn\AppData\Local\Programs\Python\Python310\Scripts\;C:\Users\Damqn\AppData\Local\Programs\Python\Python310\;C:\Users\Damqn\AppData\Local\Microsoft\WindowsApps;C:\Users\Damqn\AppData\Local\Programs\Microsoft VS Code\bin;F:\Microsoft VS Code\bin;C:\Users\Damqn\AppData\Roaming\npm;C:\Users\Damqn\AppData\Local\GitHubDesktop\bin;F:\gitneshta\log4shell\apache-maven-3.8.6\bin;C:\Users\Damqn\Downloads\ffmpeg-master-latest-win64-gpl\ffmpeg-master-latest-win64-gpl\bin;C:\Program Files\dotnet;C:\Program Files (x86)\dotnet;C:\Users\Damqn\.dotnet\tools;
USERNAME=Damyan
OS=Windows_NT
PROCESSOR_IDENTIFIER=AMD64 Family 25 Model 80 Stepping 0, AuthenticAMD



---------------  S Y S T E M  ---------------

OS:
 Windows 10 , 64 bit Build 19041 (10.0.19041.3155)
OS uptime: 0 days 0:14 hours
Hyper-V role detected

CPU: total 12 (initial active 12) (12 cores per cpu, 2 threads per core) family 25 model 80 stepping 0 microcode 0x0, cx8, cmov, fxsr, ht, mmx, 3dnowpref, sse, sse2, sse3, ssse3, sse4a, sse4.1, sse4.2, popcnt, lzcnt, tsc, tscinvbit, avx, avx2, aes, erms, clmul, bmi1, bmi2, adx, sha, fma, vzeroupper, clflush, clflushopt, hv

Memory: 4k page, system-wide physical 32167M (21544M free)
TotalPageFile size 37031M (AvailPageFile size 22841M)
current process WorkingSet (physical memory assigned to process): 459M, peak: 459M
current process commit charge ("private bytes"): 704M, peak: 710M

vm_info: Java HotSpot(TM) 64-Bit Server VM (17.0.8+9-LTS-211) for windows-amd64 JRE (17.0.8+9-LTS-211), built on Jun 14 2023 10:34:31 by "mach5one" with MS VC++ 17.1 (VS2022)

END.
