#
# A fatal error has been detected by the Java Runtime Environment:
#
#  EXCEPTION_ACCESS_VIOLATION (0xc0000005) at pc=0x00007ffac0902b60, pid=16612, tid=1880
#
# JRE version: OpenJDK Runtime Environment Temurin-17.0.2+8 (17.0.2+8) (build 17.0.2+8)
# Java VM: OpenJDK 64-Bit Server VM Temurin-17.0.2+8 (17.0.2+8, mixed mode, sharing, tiered, compressed oops, compressed class ptrs, g1 gc, windows-amd64)
# Problematic frame:
# C  [atio6axx.dll+0x192b60]
#
# No core dump will be written. Minidumps are not enabled by default on client versions of Windows
#
# If you would like to submit a bug report, please visit:
#   https://github.com/adoptium/adoptium-support/issues
# The crash happened outside the Java Virtual Machine in native code.
# See problematic frame for where to report the bug.
#

---------------  S U M M A R Y ------------

Command Line: -Dforge.enableGameTest=true -Dforge.enabledGameTestNamespaces=endlessexpansion -Dforge.logging.console.level=debug -Dforge.logging.markers=REGISTRIES -DignoreList=bootstraplauncher,securejarhandler,asm-commons,asm-util,asm-analysis,asm-tree,asm,JarJarFileSystems,client-extra,fmlcore,javafmllanguage,lowcodelanguage,mclanguage,forge- -Djava.net.preferIPv6Addresses=system -DlegacyClassPath.file=F:\mc mods\Coding Mods\Endless Expansion 1.20\build\classpath\runClient_minecraftClasspath.txt -DmergeModules=jna-5.10.0.jar,jna-platform-5.10.0.jar --module-path=C:\Users\Damqn\.gradle\caches\modules-2\files-2.1\cpw.mods\bootstraplauncher\1.1.2\c546e00443d8432cda6baa1c860346980742628\bootstraplauncher-1.1.2.jar;C:\Users\Damqn\.gradle\caches\modules-2\files-2.1\cpw.mods\securejarhandler\2.1.10\51e6a22c6c716beb11e244bf5b8be480f51dd6b5\securejarhandler-2.1.10.jar;C:\Users\Damqn\.gradle\caches\modules-2\files-2.1\org.ow2.asm\asm-commons\9.5\19ab5b5800a3910d30d3a3e64fdb00fd0cb42de0\asm-commons-9.5.jar;C:\Users\Damqn\.gradle\caches\modules-2\files-2.1\org.ow2.asm\asm-util\9.5\64b5a1fc8c1b15ed2efd6a063e976bc8d3dc5ffe\asm-util-9.5.jar;C:\Users\Damqn\.gradle\caches\modules-2\files-2.1\org.ow2.asm\asm-analysis\9.5\490bacc77de7cbc0be1a30bb3471072d705be4a4\asm-analysis-9.5.jar;C:\Users\Damqn\.gradle\caches\modules-2\files-2.1\org.ow2.asm\asm-tree\9.5\fd33c8b6373abaa675be407082fdfda35021254a\asm-tree-9.5.jar;C:\Users\Damqn\.gradle\caches\modules-2\files-2.1\org.ow2.asm\asm\9.5\dc6ea1875f4d64fbc85e1691c95b96a3d8569c90\asm-9.5.jar;C:\Users\Damqn\.gradle\caches\modules-2\files-2.1\net.minecraftforge\JarJarFileSystems\0.3.19\2464eb7d6b9ddb9db36a82cf8a95193e5c6fe020\JarJarFileSystems-0.3.19.jar --add-modules=ALL-MODULE-PATH --add-opens=java.base/java.util.jar=cpw.mods.securejarhandler --add-opens=java.base/java.lang.invoke=cpw.mods.securejarhandler --add-exports=java.base/sun.security.util=cpw.mods.securejarhandler --add-exports=jdk.naming.dns/com.sun.jndi.dns=java.naming -XX:HeapDumpPath=MojangTricksIntelDriversForPerformance_javaw.exe_minecraft.exe.heapdump -Dfile.encoding=windows-1251 -Duser.country=US -Duser.language=en -Duser.variant -Xmx14336m -Xms1024m cpw.mods.bootstraplauncher.BootstrapLauncher --launchTarget forgeclientuserdev --version MOD_DEV --assetIndex 5 --assetsDir C:\Users\Damqn\.gradle\caches\forge_gradle\assets --gameDir . --fml.forgeVersion 47.1.40 --fml.mcVersion 1.20.1 --fml.forgeGroup net.minecraftforge --fml.mcpVersion 20230612.114412

Host: AMD Ryzen 5 5600G with Radeon Graphics         , 12 cores, 31G,  Windows 10 , 64 bit Build 19041 (10.0.19041.3155)
Time: Sat Aug 12 16:30:36 2023 FLE Daylight Time elapsed time: 2.295647 seconds (0d 0h 0m 2s)

---------------  T H R E A D  ---------------

Current thread (0x00000206b54b2ac0):  JavaThread "main" [_thread_in_native, id=1880, stack(0x000000ef40800000,0x000000ef40900000)]

Stack: [0x000000ef40800000,0x000000ef40900000],  sp=0x000000ef408fb318,  free space=1004k
Native frames: (J=compiled Java code, j=interpreted, Vv=VM code, C=native code)
C  [atio6axx.dll+0x192b60]

Java frames: (J=compiled Java code, j=interpreted, Vv=VM code)
j  org.lwjgl.system.JNI.invokePPPP(IIJJJJ)J+0 org.lwjgl@3.3.1+7
j  org.lwjgl.glfw.GLFW.nglfwCreateWindow(IIJJJ)J+14 org.lwjgl.glfw@3.3.1+7
j  org.lwjgl.glfw.GLFW.glfwCreateWindow(IILjava/lang/CharSequence;JJ)J+34 org.lwjgl.glfw@3.3.1+7
j  net.minecraftforge.fml.earlydisplay.DisplayWindow.initWindow(Ljava/lang/String;)V+408 fmlearlydisplay@1.20.1-47.1.40
j  net.minecraftforge.fml.earlydisplay.DisplayWindow.start(Ljava/lang/String;Ljava/lang/String;)Ljava/lang/Runnable;+14 fmlearlydisplay@1.20.1-47.1.40
j  net.minecraftforge.fml.earlydisplay.DisplayWindow.initialize([Ljava/lang/String;)Ljava/lang/Runnable;+410 fmlearlydisplay@1.20.1-47.1.40
j  net.minecraftforge.fml.loading.ImmediateWindowHandler.load(Ljava/lang/String;[Ljava/lang/String;)V+180 fmlloader@1.20.1-47.1.40
j  net.minecraftforge.fml.loading.ModDirTransformerDiscoverer.earlyInitialization(Ljava/lang/String;[Ljava/lang/String;)V+2 fmlloader@1.20.1-47.1.40
j  cpw.mods.modlauncher.TransformationServicesHandler.lambda$discoverServices$18(Lcpw/mods/modlauncher/ArgumentHandler$DiscoveryData;Lcpw/mods/modlauncher/serviceapi/ITransformerDiscoveryService;)V+9 cpw.mods.modlauncher@10.0.9
j  cpw.mods.modlauncher.TransformationServicesHandler$$Lambda$418+0x0000000800e17408.accept(Ljava/lang/Object;)V+8 cpw.mods.modlauncher@10.0.9
j  java.lang.Iterable.forEach(Ljava/util/function/Consumer;)V+30 java.base@17.0.2
j  cpw.mods.modlauncher.TransformationServicesHandler.discoverServices(Lcpw/mods/modlauncher/ArgumentHandler$DiscoveryData;)V+145 cpw.mods.modlauncher@10.0.9
j  cpw.mods.modlauncher.Launcher.run([Ljava/lang/String;)V+14 cpw.mods.modlauncher@10.0.9
j  cpw.mods.modlauncher.Launcher.main([Ljava/lang/String;)V+78 cpw.mods.modlauncher@10.0.9
j  cpw.mods.modlauncher.BootstrapLaunchConsumer.accept([Ljava/lang/String;)V+1 cpw.mods.modlauncher@10.0.9
j  cpw.mods.modlauncher.BootstrapLaunchConsumer.accept(Ljava/lang/Object;)V+5 cpw.mods.modlauncher@10.0.9
j  cpw.mods.bootstraplauncher.BootstrapLauncher.main([Ljava/lang/String;)V+515 cpw.mods.bootstraplauncher@1.1.2
v  ~StubRoutines::call_stub

siginfo: EXCEPTION_ACCESS_VIOLATION (0xc0000005), reading address 0xffffffffffffffff


Register to memory mapping:

RIP=0x00007ffac0902b60 atio6axx.dll
RAX=0x0 is NULL
RBX=0x00007ffac41433b0 atio6axx.dll
RCX=0x3336626162383033 is an unknown value
RDX=0x00000000000000d1 is an unknown value
RSP=0x000000ef408fb318 is pointing into the stack for thread: 0x00000206b54b2ac0
RBP=0x000000ef408fb480 is pointing into the stack for thread: 0x00000206b54b2ac0
RSI=0x00007ffac4052d40 atio6axx.dll
RDI=0x000000ef408fb770 is pointing into the stack for thread: 0x00000206b54b2ac0
R8 =0x00000000000001a5 is an unknown value
R9 =0x3336626162383033 is an unknown value
R10=0x0 is NULL
R11=0x0000000000000200 is an unknown value
R12=0x00007ffac4143408 atio6axx.dll
R13=0x00007ffac4145c08 atio6axx.dll
R14=0x00007ffac41433b0 atio6axx.dll
R15=0x0 is NULL


Registers:
RAX=0x0000000000000000, RBX=0x00007ffac41433b0, RCX=0x3336626162383033, RDX=0x00000000000000d1
RSP=0x000000ef408fb318, RBP=0x000000ef408fb480, RSI=0x00007ffac4052d40, RDI=0x000000ef408fb770
R8 =0x00000000000001a5, R9 =0x3336626162383033, R10=0x0000000000000000, R11=0x0000000000000200
R12=0x00007ffac4143408, R13=0x00007ffac4145c08, R14=0x00007ffac41433b0, R15=0x0000000000000000
RIP=0x00007ffac0902b60, EFLAGS=0x0000000000010202

Top of Stack: (sp=0x000000ef408fb318)
0x000000ef408fb318:   00007ffac0902e7c 00007ffac4146020
0x000000ef408fb328:   00000206f4336068 0000000000000000
0x000000ef408fb338:   00007ffac0903e8d 000000ef408fb770
0x000000ef408fb348:   00007ffac08bf484 00007ffac41433b0
0x000000ef408fb358:   00007ffac4052d40 0000652e6176616a
0x000000ef408fb368:   0000162b63e21b64 000000ef408fb770
0x000000ef408fb378:   00007ffac08c0457 00007ffac41433b8
0x000000ef408fb388:   00007ffac4052d40 00007ffac4052d40
0x000000ef408fb398:   00000206f41337fc 00007ffac41433b0
0x000000ef408fb3a8:   00007ffb00000000 0000000000000009
0x000000ef408fb3b8:   00000206f41339ac 00000206f4133b08
0x000000ef408fb3c8:   00007ffac41433b8 000000ef408fb770
0x000000ef408fb3d8:   000000ef408fb53b 00007f006176616a
0x000000ef408fb3e8:   00007f006176616a 46676e697274535c
0x000000ef408fb3f8:   5c6f666e49656c69 3062343039303430
0x000000ef408fb408:   726556656c69465c 000000006e6f6973 

Instructions: (pc=0x00007ffac0902b60)
0x00007ffac0902a60:   74 09 33 c9 ff 15 e6 89 66 03 90 48 8b c3 48 83
0x00007ffac0902a70:   c4 20 5b c3 cc cc cc cc cc cc cc cc cc cc cc cc
0x00007ffac0902a80:   48 83 ec 28 48 8b 51 08 48 85 d2 74 09 33 c9 ff
0x00007ffac0902a90:   15 bb 89 66 03 90 48 83 c4 28 c3 cc cc cc cc cc
0x00007ffac0902aa0:   48 89 11 c3 cc cc cc cc cc cc cc cc cc cc cc cc
0x00007ffac0902ab0:   48 8b c1 c3 cc cc cc cc cc cc cc cc cc cc cc cc
0x00007ffac0902ac0:   48 3b ca 74 10 41 8b 00 39 01 74 09 48 83 c1 04
0x00007ffac0902ad0:   48 3b ca 75 f3 48 8b c1 c3 cc cc cc cc cc cc cc
0x00007ffac0902ae0:   48 8b c1 c3 cc cc cc cc cc cc cc cc cc cc cc cc
0x00007ffac0902af0:   48 83 39 00 0f 94 c0 c3 cc cc cc cc cc cc cc cc
0x00007ffac0902b00:   4c 8d 04 d5 00 00 00 00 33 d2 e9 c1 d0 dd 01 cc
0x00007ffac0902b10:   4c 8b 41 08 48 8b 02 49 89 00 48 83 41 08 08 c3
0x00007ffac0902b20:   48 8b c1 c3 cc cc cc cc cc cc cc cc cc cc cc cc
0x00007ffac0902b30:   48 8b c1 c3 cc cc cc cc cc cc cc cc cc cc cc cc
0x00007ffac0902b40:   49 8b 00 48 89 02 c3 cc cc cc cc cc cc cc cc cc
0x00007ffac0902b50:   8b 81 40 39 00 00 c3 cc cc cc cc cc cc cc cc cc
0x00007ffac0902b60:   8b 81 40 39 00 00 83 c0 f0 83 f8 67 0f 87 5a 01
0x00007ffac0902b70:   00 00 48 8d 15 87 d4 e6 ff 0f b6 84 02 f0 2c 19
0x00007ffac0902b80:   00 8b 8c 82 d0 2c 19 00 48 03 ca ff e1 48 8b 0d
0x00007ffac0902b90:   6c 6f 7e 03 83 b9 b4 34 00 00 02 0f 87 2b 01 00
0x00007ffac0902ba0:   00 48 8d 91 0c 29 00 00 c7 02 e1 00 00 00 e9 ce
0x00007ffac0902bb0:   00 00 00 48 8b 0d 46 6f 7e 03 83 b9 b4 34 00 00
0x00007ffac0902bc0:   02 0f 87 05 01 00 00 48 8d 91 0c 29 00 00 c7 02
0x00007ffac0902bd0:   f0 00 00 00 e9 a8 00 00 00 48 8b 0d 20 6f 7e 03
0x00007ffac0902be0:   83 b9 b4 34 00 00 02 0f 87 df 00 00 00 48 8d 91
0x00007ffac0902bf0:   0c 29 00 00 c7 02 00 04 00 00 e9 82 00 00 00 48
0x00007ffac0902c00:   8b 0d fa 6e 7e 03 83 b9 b4 34 00 00 02 0f 87 b9
0x00007ffac0902c10:   00 00 00 48 8d 91 0c 29 00 00 c7 02 00 08 00 00
0x00007ffac0902c20:   eb 5f 48 8b 0d d7 6e 7e 03 83 b9 b4 34 00 00 02
0x00007ffac0902c30:   0f 87 96 00 00 00 48 8d 91 0c 29 00 00 c7 02 00
0x00007ffac0902c40:   09 00 00 eb 3c 48 8b 0d b4 6e 7e 03 83 b9 b4 34
0x00007ffac0902c50:   00 00 02 77 77 48 8d 91 0c 29 00 00 c7 02 3c 0f 


Stack slot to memory mapping:
stack at sp + 0 slots: 0x00007ffac0902e7c atio6axx.dll
stack at sp + 1 slots: 0x00007ffac4146020 atio6axx.dll
stack at sp + 2 slots: 0x00000206f4336068 points into unknown readable memory: 0x00007ffac394f5f0 | f0 f5 94 c3 fa 7f 00 00
stack at sp + 3 slots: 0x0 is NULL
stack at sp + 4 slots: 0x00007ffac0903e8d atio6axx.dll
stack at sp + 5 slots: 0x000000ef408fb770 is pointing into the stack for thread: 0x00000206b54b2ac0
stack at sp + 6 slots: 0x00007ffac08bf484 atio6axx.dll
stack at sp + 7 slots: 0x00007ffac41433b0 atio6axx.dll


---------------  P R O C E S S  ---------------

Threads class SMR info:
_java_thread_list=0x00000206f3ad3e20, length=15, elements={
0x00000206b54b2ac0, 0x00000206efcb4cd0, 0x00000206efcb5660, 0x00000206f066f8a0,
0x00000206f066ff70, 0x00000206f0672450, 0x00000206f0672920, 0x00000206f0688960,
0x00000206f068af30, 0x00000206f068d860, 0x00000206f07893b0, 0x00000206f07ef150,
0x00000206f0788070, 0x00000206f2955e20, 0x00000206f078abc0
}

Java Threads: ( => current thread )
=>0x00000206b54b2ac0 JavaThread "main" [_thread_in_native, id=1880, stack(0x000000ef40800000,0x000000ef40900000)]
  0x00000206efcb4cd0 JavaThread "Reference Handler" daemon [_thread_blocked, id=12348, stack(0x000000ef40f00000,0x000000ef41000000)]
  0x00000206efcb5660 JavaThread "Finalizer" daemon [_thread_blocked, id=17956, stack(0x000000ef41000000,0x000000ef41100000)]
  0x00000206f066f8a0 JavaThread "Signal Dispatcher" daemon [_thread_blocked, id=15616, stack(0x000000ef41100000,0x000000ef41200000)]
  0x00000206f066ff70 JavaThread "Attach Listener" daemon [_thread_blocked, id=17916, stack(0x000000ef41200000,0x000000ef41300000)]
  0x00000206f0672450 JavaThread "Service Thread" daemon [_thread_blocked, id=2088, stack(0x000000ef41300000,0x000000ef41400000)]
  0x00000206f0672920 JavaThread "Monitor Deflation Thread" daemon [_thread_blocked, id=17768, stack(0x000000ef41400000,0x000000ef41500000)]
  0x00000206f0688960 JavaThread "C2 CompilerThread0" daemon [_thread_in_native, id=7496, stack(0x000000ef41500000,0x000000ef41600000)]
  0x00000206f068af30 JavaThread "C1 CompilerThread0" daemon [_thread_blocked, id=12608, stack(0x000000ef41600000,0x000000ef41700000)]
  0x00000206f068d860 JavaThread "Sweeper thread" daemon [_thread_blocked, id=17136, stack(0x000000ef41700000,0x000000ef41800000)]
  0x00000206f07893b0 JavaThread "Common-Cleaner" daemon [_thread_blocked, id=17468, stack(0x000000ef41800000,0x000000ef41900000)]
  0x00000206f07ef150 JavaThread "C2 CompilerThread1" daemon [_thread_in_native, id=17604, stack(0x000000ef41900000,0x000000ef41a00000)]
  0x00000206f0788070 JavaThread "Notification Thread" daemon [_thread_blocked, id=11252, stack(0x000000ef41a00000,0x000000ef41b00000)]
  0x00000206f2955e20 JavaThread "C2 CompilerThread2" daemon [_thread_blocked, id=176, stack(0x000000ef41c00000,0x000000ef41d00000)]
  0x00000206f078abc0 JavaThread "pool-2-thread-1" daemon [_thread_blocked, id=3648, stack(0x000000ef42900000,0x000000ef42a00000)]

Other Threads:
  0x00000206efcb01c0 VMThread "VM Thread" [stack: 0x000000ef40e00000,0x000000ef40f00000] [id=6052]
  0x00000206efae3310 WatcherThread [stack: 0x000000ef41b00000,0x000000ef41c00000] [id=7392]
  0x00000206b55595a0 GCTaskThread "GC Thread#0" [stack: 0x000000ef40900000,0x000000ef40a00000] [id=9896]
  0x00000206f22dcc20 GCTaskThread "GC Thread#1" [stack: 0x000000ef41d00000,0x000000ef41e00000] [id=15508]
  0x00000206f251e670 GCTaskThread "GC Thread#2" [stack: 0x000000ef41e00000,0x000000ef41f00000] [id=13160]
  0x00000206f1a1aaf0 GCTaskThread "GC Thread#3" [stack: 0x000000ef41f00000,0x000000ef42000000] [id=17096]
  0x00000206f1a1ada0 GCTaskThread "GC Thread#4" [stack: 0x000000ef42000000,0x000000ef42100000] [id=16784]
  0x00000206f1d5eb30 GCTaskThread "GC Thread#5" [stack: 0x000000ef42100000,0x000000ef42200000] [id=17444]
  0x00000206f1d5ede0 GCTaskThread "GC Thread#6" [stack: 0x000000ef42200000,0x000000ef42300000] [id=11016]
  0x00000206f1d5f090 GCTaskThread "GC Thread#7" [stack: 0x000000ef42300000,0x000000ef42400000] [id=3272]
  0x00000206f1f21ed0 GCTaskThread "GC Thread#8" [stack: 0x000000ef42400000,0x000000ef42500000] [id=6340]
  0x00000206f2142cb0 GCTaskThread "GC Thread#9" [stack: 0x000000ef42500000,0x000000ef42600000] [id=6612]
  0x00000206b55683f0 ConcurrentGCThread "G1 Main Marker" [stack: 0x000000ef40a00000,0x000000ef40b00000] [id=18140]
  0x00000206b5568d10 ConcurrentGCThread "G1 Conc#0" [stack: 0x000000ef40b00000,0x000000ef40c00000] [id=6660]
  0x00000206efc8c010 ConcurrentGCThread "G1 Refine#0" [stack: 0x000000ef40c00000,0x000000ef40d00000] [id=17996]
  0x00000206efc8e560 ConcurrentGCThread "G1 Service" [stack: 0x000000ef40d00000,0x000000ef40e00000] [id=1984]

Threads with active compile tasks:
C2 CompilerThread0     2358 3576       4       jdk.internal.org.objectweb.asm.Frame::execute (2305 bytes)
C2 CompilerThread1     2358 3614       4       java.lang.invoke.MethodType::makeImpl (109 bytes)

VM state: not at safepoint (normal execution)

VM Mutex/Monitor currently owned by a thread: None

Heap address: 0x0000000480000000, size: 14336 MB, Compressed Oops mode: Zero based, Oop shift amount: 3

CDS archive(s) mapped at: [0x0000000800000000-0x0000000800bc0000-0x0000000800bc0000), size 12320768, SharedBaseAddress: 0x0000000800000000, ArchiveRelocationMode: 0.
Compressed class space mapped at: 0x0000000800c00000-0x0000000840c00000, reserved size: 1073741824
Narrow klass base: 0x0000000800000000, Narrow klass shift: 0, Narrow klass range: 0x100000000

GC Precious Log:
 CPUs: 12 total, 12 available
 Memory: 32167M
 Large Page Support: Disabled
 NUMA Support: Disabled
 Compressed Oops: Enabled (Zero based)
 Heap Region Size: 8M
 Heap Min Capacity: 1G
 Heap Initial Capacity: 1G
 Heap Max Capacity: 14G
 Pre-touch: Disabled
 Parallel Workers: 10
 Concurrent Workers: 3
 Concurrent Refinement Workers: 10
 Periodic GC: Disabled

Heap:
 garbage-first heap   total 1048576K, used 270324K [0x0000000480000000, 0x0000000800000000)
  region size 8192K, 32 young (262144K), 1 survivors (8192K)
 Metaspace       used 16649K, committed 16960K, reserved 1064960K
  class space    used 1902K, committed 2048K, reserved 1048576K

Heap Regions: E=young(eden), S=young(survivor), O=old, HS=humongous(starts), HC=humongous(continues), CS=collection set, F=free, OA=open archive, CA=closed archive, TAMS=top-at-mark-start (previous, next)
|   0|0x0000000480000000, 0x0000000480800000, 0x0000000480800000|100%| O|  |TAMS 0x0000000480000000, 0x0000000480000000| Untracked 
|   1|0x0000000480800000, 0x0000000481000000, 0x0000000481000000|100%| O|  |TAMS 0x0000000480800000, 0x0000000480800000| Untracked 
|   2|0x0000000481000000, 0x00000004810fd200, 0x0000000481800000| 12%| O|  |TAMS 0x0000000481000000, 0x0000000481000000| Untracked 
|   3|0x0000000481800000, 0x0000000481800000, 0x0000000482000000|  0%| F|  |TAMS 0x0000000481800000, 0x0000000481800000| Untracked 
|   4|0x0000000482000000, 0x0000000482000000, 0x0000000482800000|  0%| F|  |TAMS 0x0000000482000000, 0x0000000482000000| Untracked 
|   5|0x0000000482800000, 0x0000000482800000, 0x0000000483000000|  0%| F|  |TAMS 0x0000000482800000, 0x0000000482800000| Untracked 
|   6|0x0000000483000000, 0x0000000483000000, 0x0000000483800000|  0%| F|  |TAMS 0x0000000483000000, 0x0000000483000000| Untracked 
|   7|0x0000000483800000, 0x0000000483800000, 0x0000000484000000|  0%| F|  |TAMS 0x0000000483800000, 0x0000000483800000| Untracked 
|   8|0x0000000484000000, 0x0000000484000000, 0x0000000484800000|  0%| F|  |TAMS 0x0000000484000000, 0x0000000484000000| Untracked 
|   9|0x0000000484800000, 0x0000000484800000, 0x0000000485000000|  0%| F|  |TAMS 0x0000000484800000, 0x0000000484800000| Untracked 
|  10|0x0000000485000000, 0x0000000485000000, 0x0000000485800000|  0%| F|  |TAMS 0x0000000485000000, 0x0000000485000000| Untracked 
|  11|0x0000000485800000, 0x0000000485800000, 0x0000000486000000|  0%| F|  |TAMS 0x0000000485800000, 0x0000000485800000| Untracked 
|  12|0x0000000486000000, 0x0000000486000000, 0x0000000486800000|  0%| F|  |TAMS 0x0000000486000000, 0x0000000486000000| Untracked 
|  13|0x0000000486800000, 0x0000000486800000, 0x0000000487000000|  0%| F|  |TAMS 0x0000000486800000, 0x0000000486800000| Untracked 
|  14|0x0000000487000000, 0x0000000487000000, 0x0000000487800000|  0%| F|  |TAMS 0x0000000487000000, 0x0000000487000000| Untracked 
|  15|0x0000000487800000, 0x0000000487800000, 0x0000000488000000|  0%| F|  |TAMS 0x0000000487800000, 0x0000000487800000| Untracked 
|  16|0x0000000488000000, 0x0000000488000000, 0x0000000488800000|  0%| F|  |TAMS 0x0000000488000000, 0x0000000488000000| Untracked 
|  17|0x0000000488800000, 0x0000000488800000, 0x0000000489000000|  0%| F|  |TAMS 0x0000000488800000, 0x0000000488800000| Untracked 
|  18|0x0000000489000000, 0x0000000489000000, 0x0000000489800000|  0%| F|  |TAMS 0x0000000489000000, 0x0000000489000000| Untracked 
|  19|0x0000000489800000, 0x0000000489800000, 0x000000048a000000|  0%| F|  |TAMS 0x0000000489800000, 0x0000000489800000| Untracked 
|  20|0x000000048a000000, 0x000000048a000000, 0x000000048a800000|  0%| F|  |TAMS 0x000000048a000000, 0x000000048a000000| Untracked 
|  21|0x000000048a800000, 0x000000048a800000, 0x000000048b000000|  0%| F|  |TAMS 0x000000048a800000, 0x000000048a800000| Untracked 
|  22|0x000000048b000000, 0x000000048b000000, 0x000000048b800000|  0%| F|  |TAMS 0x000000048b000000, 0x000000048b000000| Untracked 
|  23|0x000000048b800000, 0x000000048b800000, 0x000000048c000000|  0%| F|  |TAMS 0x000000048b800000, 0x000000048b800000| Untracked 
|  24|0x000000048c000000, 0x000000048c000000, 0x000000048c800000|  0%| F|  |TAMS 0x000000048c000000, 0x000000048c000000| Untracked 
|  25|0x000000048c800000, 0x000000048c800000, 0x000000048d000000|  0%| F|  |TAMS 0x000000048c800000, 0x000000048c800000| Untracked 
|  26|0x000000048d000000, 0x000000048d000000, 0x000000048d800000|  0%| F|  |TAMS 0x000000048d000000, 0x000000048d000000| Untracked 
|  27|0x000000048d800000, 0x000000048d800000, 0x000000048e000000|  0%| F|  |TAMS 0x000000048d800000, 0x000000048d800000| Untracked 
|  28|0x000000048e000000, 0x000000048e000000, 0x000000048e800000|  0%| F|  |TAMS 0x000000048e000000, 0x000000048e000000| Untracked 
|  29|0x000000048e800000, 0x000000048e800000, 0x000000048f000000|  0%| F|  |TAMS 0x000000048e800000, 0x000000048e800000| Untracked 
|  30|0x000000048f000000, 0x000000048f000000, 0x000000048f800000|  0%| F|  |TAMS 0x000000048f000000, 0x000000048f000000| Untracked 
|  31|0x000000048f800000, 0x000000048f800000, 0x0000000490000000|  0%| F|  |TAMS 0x000000048f800000, 0x000000048f800000| Untracked 
|  32|0x0000000490000000, 0x0000000490000000, 0x0000000490800000|  0%| F|  |TAMS 0x0000000490000000, 0x0000000490000000| Untracked 
|  33|0x0000000490800000, 0x0000000490800000, 0x0000000491000000|  0%| F|  |TAMS 0x0000000490800000, 0x0000000490800000| Untracked 
|  34|0x0000000491000000, 0x0000000491000000, 0x0000000491800000|  0%| F|  |TAMS 0x0000000491000000, 0x0000000491000000| Untracked 
|  35|0x0000000491800000, 0x0000000491800000, 0x0000000492000000|  0%| F|  |TAMS 0x0000000491800000, 0x0000000491800000| Untracked 
|  36|0x0000000492000000, 0x0000000492000000, 0x0000000492800000|  0%| F|  |TAMS 0x0000000492000000, 0x0000000492000000| Untracked 
|  37|0x0000000492800000, 0x0000000492800000, 0x0000000493000000|  0%| F|  |TAMS 0x0000000492800000, 0x0000000492800000| Untracked 
|  38|0x0000000493000000, 0x0000000493000000, 0x0000000493800000|  0%| F|  |TAMS 0x0000000493000000, 0x0000000493000000| Untracked 
|  39|0x0000000493800000, 0x0000000493800000, 0x0000000494000000|  0%| F|  |TAMS 0x0000000493800000, 0x0000000493800000| Untracked 
|  40|0x0000000494000000, 0x0000000494000000, 0x0000000494800000|  0%| F|  |TAMS 0x0000000494000000, 0x0000000494000000| Untracked 
|  41|0x0000000494800000, 0x0000000494800000, 0x0000000495000000|  0%| F|  |TAMS 0x0000000494800000, 0x0000000494800000| Untracked 
|  42|0x0000000495000000, 0x0000000495000000, 0x0000000495800000|  0%| F|  |TAMS 0x0000000495000000, 0x0000000495000000| Untracked 
|  43|0x0000000495800000, 0x0000000495800000, 0x0000000496000000|  0%| F|  |TAMS 0x0000000495800000, 0x0000000495800000| Untracked 
|  44|0x0000000496000000, 0x0000000496000000, 0x0000000496800000|  0%| F|  |TAMS 0x0000000496000000, 0x0000000496000000| Untracked 
|  45|0x0000000496800000, 0x0000000496800000, 0x0000000497000000|  0%| F|  |TAMS 0x0000000496800000, 0x0000000496800000| Untracked 
|  46|0x0000000497000000, 0x0000000497000000, 0x0000000497800000|  0%| F|  |TAMS 0x0000000497000000, 0x0000000497000000| Untracked 
|  47|0x0000000497800000, 0x0000000497800000, 0x0000000498000000|  0%| F|  |TAMS 0x0000000497800000, 0x0000000497800000| Untracked 
|  48|0x0000000498000000, 0x0000000498000000, 0x0000000498800000|  0%| F|  |TAMS 0x0000000498000000, 0x0000000498000000| Untracked 
|  49|0x0000000498800000, 0x0000000498800000, 0x0000000499000000|  0%| F|  |TAMS 0x0000000498800000, 0x0000000498800000| Untracked 
|  50|0x0000000499000000, 0x0000000499000000, 0x0000000499800000|  0%| F|  |TAMS 0x0000000499000000, 0x0000000499000000| Untracked 
|  51|0x0000000499800000, 0x0000000499800000, 0x000000049a000000|  0%| F|  |TAMS 0x0000000499800000, 0x0000000499800000| Untracked 
|  52|0x000000049a000000, 0x000000049a000000, 0x000000049a800000|  0%| F|  |TAMS 0x000000049a000000, 0x000000049a000000| Untracked 
|  53|0x000000049a800000, 0x000000049a800000, 0x000000049b000000|  0%| F|  |TAMS 0x000000049a800000, 0x000000049a800000| Untracked 
|  54|0x000000049b000000, 0x000000049b000000, 0x000000049b800000|  0%| F|  |TAMS 0x000000049b000000, 0x000000049b000000| Untracked 
|  55|0x000000049b800000, 0x000000049b800000, 0x000000049c000000|  0%| F|  |TAMS 0x000000049b800000, 0x000000049b800000| Untracked 
|  56|0x000000049c000000, 0x000000049c000000, 0x000000049c800000|  0%| F|  |TAMS 0x000000049c000000, 0x000000049c000000| Untracked 
|  57|0x000000049c800000, 0x000000049c800000, 0x000000049d000000|  0%| F|  |TAMS 0x000000049c800000, 0x000000049c800000| Untracked 
|  58|0x000000049d000000, 0x000000049d000000, 0x000000049d800000|  0%| F|  |TAMS 0x000000049d000000, 0x000000049d000000| Untracked 
|  59|0x000000049d800000, 0x000000049d800000, 0x000000049e000000|  0%| F|  |TAMS 0x000000049d800000, 0x000000049d800000| Untracked 
|  60|0x000000049e000000, 0x000000049e000000, 0x000000049e800000|  0%| F|  |TAMS 0x000000049e000000, 0x000000049e000000| Untracked 
|  61|0x000000049e800000, 0x000000049e800000, 0x000000049f000000|  0%| F|  |TAMS 0x000000049e800000, 0x000000049e800000| Untracked 
|  62|0x000000049f000000, 0x000000049f000000, 0x000000049f800000|  0%| F|  |TAMS 0x000000049f000000, 0x000000049f000000| Untracked 
|  63|0x000000049f800000, 0x000000049f800000, 0x00000004a0000000|  0%| F|  |TAMS 0x000000049f800000, 0x000000049f800000| Untracked 
|  64|0x00000004a0000000, 0x00000004a0000000, 0x00000004a0800000|  0%| F|  |TAMS 0x00000004a0000000, 0x00000004a0000000| Untracked 
|  65|0x00000004a0800000, 0x00000004a0800000, 0x00000004a1000000|  0%| F|  |TAMS 0x00000004a0800000, 0x00000004a0800000| Untracked 
|  66|0x00000004a1000000, 0x00000004a1000000, 0x00000004a1800000|  0%| F|  |TAMS 0x00000004a1000000, 0x00000004a1000000| Untracked 
|  67|0x00000004a1800000, 0x00000004a1800000, 0x00000004a2000000|  0%| F|  |TAMS 0x00000004a1800000, 0x00000004a1800000| Untracked 
|  68|0x00000004a2000000, 0x00000004a2000000, 0x00000004a2800000|  0%| F|  |TAMS 0x00000004a2000000, 0x00000004a2000000| Untracked 
|  69|0x00000004a2800000, 0x00000004a2800000, 0x00000004a3000000|  0%| F|  |TAMS 0x00000004a2800000, 0x00000004a2800000| Untracked 
|  70|0x00000004a3000000, 0x00000004a3000000, 0x00000004a3800000|  0%| F|  |TAMS 0x00000004a3000000, 0x00000004a3000000| Untracked 
|  71|0x00000004a3800000, 0x00000004a3800000, 0x00000004a4000000|  0%| F|  |TAMS 0x00000004a3800000, 0x00000004a3800000| Untracked 
|  72|0x00000004a4000000, 0x00000004a4000000, 0x00000004a4800000|  0%| F|  |TAMS 0x00000004a4000000, 0x00000004a4000000| Untracked 
|  73|0x00000004a4800000, 0x00000004a4800000, 0x00000004a5000000|  0%| F|  |TAMS 0x00000004a4800000, 0x00000004a4800000| Untracked 
|  74|0x00000004a5000000, 0x00000004a5000000, 0x00000004a5800000|  0%| F|  |TAMS 0x00000004a5000000, 0x00000004a5000000| Untracked 
|  75|0x00000004a5800000, 0x00000004a5800000, 0x00000004a6000000|  0%| F|  |TAMS 0x00000004a5800000, 0x00000004a5800000| Untracked 
|  76|0x00000004a6000000, 0x00000004a6000000, 0x00000004a6800000|  0%| F|  |TAMS 0x00000004a6000000, 0x00000004a6000000| Untracked 
|  77|0x00000004a6800000, 0x00000004a6800000, 0x00000004a7000000|  0%| F|  |TAMS 0x00000004a6800000, 0x00000004a6800000| Untracked 
|  78|0x00000004a7000000, 0x00000004a7000000, 0x00000004a7800000|  0%| F|  |TAMS 0x00000004a7000000, 0x00000004a7000000| Untracked 
|  79|0x00000004a7800000, 0x00000004a7800000, 0x00000004a8000000|  0%| F|  |TAMS 0x00000004a7800000, 0x00000004a7800000| Untracked 
|  80|0x00000004a8000000, 0x00000004a8000000, 0x00000004a8800000|  0%| F|  |TAMS 0x00000004a8000000, 0x00000004a8000000| Untracked 
|  81|0x00000004a8800000, 0x00000004a8800000, 0x00000004a9000000|  0%| F|  |TAMS 0x00000004a8800000, 0x00000004a8800000| Untracked 
|  82|0x00000004a9000000, 0x00000004a9000000, 0x00000004a9800000|  0%| F|  |TAMS 0x00000004a9000000, 0x00000004a9000000| Untracked 
|  83|0x00000004a9800000, 0x00000004a9800000, 0x00000004aa000000|  0%| F|  |TAMS 0x00000004a9800000, 0x00000004a9800000| Untracked 
|  84|0x00000004aa000000, 0x00000004aa000000, 0x00000004aa800000|  0%| F|  |TAMS 0x00000004aa000000, 0x00000004aa000000| Untracked 
|  85|0x00000004aa800000, 0x00000004aa800000, 0x00000004ab000000|  0%| F|  |TAMS 0x00000004aa800000, 0x00000004aa800000| Untracked 
|  86|0x00000004ab000000, 0x00000004ab000000, 0x00000004ab800000|  0%| F|  |TAMS 0x00000004ab000000, 0x00000004ab000000| Untracked 
|  87|0x00000004ab800000, 0x00000004ab800000, 0x00000004ac000000|  0%| F|  |TAMS 0x00000004ab800000, 0x00000004ab800000| Untracked 
|  88|0x00000004ac000000, 0x00000004ac000000, 0x00000004ac800000|  0%| F|  |TAMS 0x00000004ac000000, 0x00000004ac000000| Untracked 
|  89|0x00000004ac800000, 0x00000004ac800000, 0x00000004ad000000|  0%| F|  |TAMS 0x00000004ac800000, 0x00000004ac800000| Untracked 
|  90|0x00000004ad000000, 0x00000004ad000000, 0x00000004ad800000|  0%| F|  |TAMS 0x00000004ad000000, 0x00000004ad000000| Untracked 
|  91|0x00000004ad800000, 0x00000004ad800000, 0x00000004ae000000|  0%| F|  |TAMS 0x00000004ad800000, 0x00000004ad800000| Untracked 
|  92|0x00000004ae000000, 0x00000004ae000000, 0x00000004ae800000|  0%| F|  |TAMS 0x00000004ae000000, 0x00000004ae000000| Untracked 
|  93|0x00000004ae800000, 0x00000004ae800000, 0x00000004af000000|  0%| F|  |TAMS 0x00000004ae800000, 0x00000004ae800000| Untracked 
|  94|0x00000004af000000, 0x00000004af000000, 0x00000004af800000|  0%| F|  |TAMS 0x00000004af000000, 0x00000004af000000| Untracked 
|  95|0x00000004af800000, 0x00000004af800000, 0x00000004b0000000|  0%| F|  |TAMS 0x00000004af800000, 0x00000004af800000| Untracked 
|  96|0x00000004b0000000, 0x00000004b0000800, 0x00000004b0800000|  0%| E|  |TAMS 0x00000004b0000000, 0x00000004b0000000| Complete 
|  97|0x00000004b0800000, 0x00000004b1000000, 0x00000004b1000000|100%| E|CS|TAMS 0x00000004b0800000, 0x00000004b0800000| Complete 
|  98|0x00000004b1000000, 0x00000004b1800000, 0x00000004b1800000|100%| E|CS|TAMS 0x00000004b1000000, 0x00000004b1000000| Complete 
|  99|0x00000004b1800000, 0x00000004b2000000, 0x00000004b2000000|100%| E|CS|TAMS 0x00000004b1800000, 0x00000004b1800000| Complete 
| 100|0x00000004b2000000, 0x00000004b2800000, 0x00000004b2800000|100%| E|CS|TAMS 0x00000004b2000000, 0x00000004b2000000| Complete 
| 101|0x00000004b2800000, 0x00000004b3000000, 0x00000004b3000000|100%| E|CS|TAMS 0x00000004b2800000, 0x00000004b2800000| Complete 
| 102|0x00000004b3000000, 0x00000004b3800000, 0x00000004b3800000|100%| E|CS|TAMS 0x00000004b3000000, 0x00000004b3000000| Complete 
| 103|0x00000004b3800000, 0x00000004b4000000, 0x00000004b4000000|100%| E|CS|TAMS 0x00000004b3800000, 0x00000004b3800000| Complete 
| 104|0x00000004b4000000, 0x00000004b4800000, 0x00000004b4800000|100%| E|CS|TAMS 0x00000004b4000000, 0x00000004b4000000| Complete 
| 105|0x00000004b4800000, 0x00000004b5000000, 0x00000004b5000000|100%| E|CS|TAMS 0x00000004b4800000, 0x00000004b4800000| Complete 
| 106|0x00000004b5000000, 0x00000004b5800000, 0x00000004b5800000|100%| E|CS|TAMS 0x00000004b5000000, 0x00000004b5000000| Complete 
| 107|0x00000004b5800000, 0x00000004b6000000, 0x00000004b6000000|100%| E|CS|TAMS 0x00000004b5800000, 0x00000004b5800000| Complete 
| 108|0x00000004b6000000, 0x00000004b6800000, 0x00000004b6800000|100%| E|CS|TAMS 0x00000004b6000000, 0x00000004b6000000| Complete 
| 109|0x00000004b6800000, 0x00000004b7000000, 0x00000004b7000000|100%| E|CS|TAMS 0x00000004b6800000, 0x00000004b6800000| Complete 
| 110|0x00000004b7000000, 0x00000004b7800000, 0x00000004b7800000|100%| E|CS|TAMS 0x00000004b7000000, 0x00000004b7000000| Complete 
| 111|0x00000004b7800000, 0x00000004b7efffe8, 0x00000004b8000000| 87%| S|CS|TAMS 0x00000004b7800000, 0x00000004b7800000| Complete 
| 112|0x00000004b8000000, 0x00000004b8800000, 0x00000004b8800000|100%| E|CS|TAMS 0x00000004b8000000, 0x00000004b8000000| Complete 
| 113|0x00000004b8800000, 0x00000004b9000000, 0x00000004b9000000|100%| E|CS|TAMS 0x00000004b8800000, 0x00000004b8800000| Complete 
| 114|0x00000004b9000000, 0x00000004b9800000, 0x00000004b9800000|100%| E|CS|TAMS 0x00000004b9000000, 0x00000004b9000000| Complete 
| 115|0x00000004b9800000, 0x00000004ba000000, 0x00000004ba000000|100%| E|CS|TAMS 0x00000004b9800000, 0x00000004b9800000| Complete 
| 116|0x00000004ba000000, 0x00000004ba800000, 0x00000004ba800000|100%| E|CS|TAMS 0x00000004ba000000, 0x00000004ba000000| Complete 
| 117|0x00000004ba800000, 0x00000004bb000000, 0x00000004bb000000|100%| E|CS|TAMS 0x00000004ba800000, 0x00000004ba800000| Complete 
| 118|0x00000004bb000000, 0x00000004bb800000, 0x00000004bb800000|100%| E|CS|TAMS 0x00000004bb000000, 0x00000004bb000000| Complete 
| 119|0x00000004bb800000, 0x00000004bc000000, 0x00000004bc000000|100%| E|CS|TAMS 0x00000004bb800000, 0x00000004bb800000| Complete 
| 120|0x00000004bc000000, 0x00000004bc800000, 0x00000004bc800000|100%| E|CS|TAMS 0x00000004bc000000, 0x00000004bc000000| Complete 
| 121|0x00000004bc800000, 0x00000004bd000000, 0x00000004bd000000|100%| E|CS|TAMS 0x00000004bc800000, 0x00000004bc800000| Complete 
| 122|0x00000004bd000000, 0x00000004bd800000, 0x00000004bd800000|100%| E|CS|TAMS 0x00000004bd000000, 0x00000004bd000000| Complete 
| 123|0x00000004bd800000, 0x00000004be000000, 0x00000004be000000|100%| E|CS|TAMS 0x00000004bd800000, 0x00000004bd800000| Complete 
| 124|0x00000004be000000, 0x00000004be800000, 0x00000004be800000|100%| E|CS|TAMS 0x00000004be000000, 0x00000004be000000| Complete 
| 125|0x00000004be800000, 0x00000004bf000000, 0x00000004bf000000|100%| E|CS|TAMS 0x00000004be800000, 0x00000004be800000| Complete 
| 126|0x00000004bf000000, 0x00000004bf800000, 0x00000004bf800000|100%| E|CS|TAMS 0x00000004bf000000, 0x00000004bf000000| Complete 
| 127|0x00000004bf800000, 0x00000004c0000000, 0x00000004c0000000|100%| E|CS|TAMS 0x00000004bf800000, 0x00000004bf800000| Complete 

Card table byte_map: [0x00000206ce0b0000,0x00000206cfcb0000] _byte_map_base: 0x00000206cbcb0000

Marking Bits (Prev, Next): (CMBitMap*) 0x00000206b5559ac0, (CMBitMap*) 0x00000206b5559b00
 Prev Bits: [0x00000206d18b0000, 0x00000206df8b0000)
 Next Bits: [0x00000206df8b0000, 0x00000206ed8b0000)

Polling page: 0x00000206b3470000

Metaspace:

Usage:
  Non-class:     14.40 MB used.
      Class:      1.86 MB used.
       Both:     16.26 MB used.

Virtual space:
  Non-class space:       16.00 MB reserved,      14.56 MB ( 91%) committed,  2 nodes.
      Class space:        1.00 GB reserved,       2.00 MB ( <1%) committed,  1 nodes.
             Both:        1.02 GB reserved,      16.56 MB (  2%) committed. 

Chunk freelists:
   Non-Class:  852.00 KB
       Class:  1.84 MB
        Both:  2.67 MB

MaxMetaspaceSize: unlimited
CompressedClassSpaceSize: 1.00 GB
Initial GC threshold: 21.00 MB
Current GC threshold: 21.00 MB
CDS: on
MetaspaceReclaimPolicy: balanced
 - commit_granule_bytes: 65536.
 - commit_granule_words: 8192.
 - virtual_space_node_default_size: 1048576.
 - enlarge_chunks_in_place: 1.
 - new_chunks_are_fully_committed: 0.
 - uncommit_free_chunks: 1.
 - use_allocation_guard: 0.
 - handle_deallocations: 1.


Internal statistics:

num_allocs_failed_limit: 0.
num_arena_births: 298.
num_arena_deaths: 0.
num_vsnodes_births: 3.
num_vsnodes_deaths: 0.
num_space_committed: 265.
num_space_uncommitted: 0.
num_chunks_returned_to_freelist: 0.
num_chunks_taken_from_freelist: 715.
num_chunk_merges: 0.
num_chunk_splits: 443.
num_chunks_enlarged: 290.
num_purges: 0.
num_inconsistent_stats: 0.

CodeHeap 'non-profiled nmethods': size=120000Kb used=2201Kb max_used=2201Kb free=117798Kb
 bounds [0x00000206c4a30000, 0x00000206c4ca0000, 0x00000206cbf60000]
CodeHeap 'profiled nmethods': size=120000Kb used=6804Kb max_used=6804Kb free=113195Kb
 bounds [0x00000206bd500000, 0x00000206bdbb0000, 0x00000206c4a30000]
CodeHeap 'non-nmethods': size=5760Kb used=1660Kb max_used=1660Kb free=4099Kb
 bounds [0x00000206bcf60000, 0x00000206bd1d0000, 0x00000206bd500000]
 total_blobs=4660 nmethods=3610 adapters=960
 compilation: enabled
              stopped_count=0, restarted_count=0
 full_count=0

Compilation events (20 events):
Event: 2.236 Thread 0x00000206f068af30 nmethod 3613 0x00000206bdba1810 code [0x00000206bdba1a00, 0x00000206bdba2108]
Event: 2.236 Thread 0x00000206f068af30 3616       3       java.lang.invoke.LambdaFormBuffer::indexOf (33 bytes)
Event: 2.236 Thread 0x00000206f068af30 nmethod 3616 0x00000206bdba2290 code [0x00000206bdba2460, 0x00000206bdba2818]
Event: 2.236 Thread 0x00000206f068af30 3621       3       java.lang.invoke.InvokerBytecodeGenerator::refKindOpcode (112 bytes)
Event: 2.236 Thread 0x00000206f068af30 nmethod 3621 0x00000206bdba2910 code [0x00000206bdba2b80, 0x00000206bdba3438]
Event: 2.236 Thread 0x00000206f068af30 3618       3       jdk.internal.org.objectweb.asm.AnnotationWriter::<init> (60 bytes)
Event: 2.236 Thread 0x00000206f068af30 nmethod 3618 0x00000206bdba3690 code [0x00000206bdba3860, 0x00000206bdba3c88]
Event: 2.236 Thread 0x00000206f068af30 3623       3       java.util.Calendar::internalGet (7 bytes)
Event: 2.236 Thread 0x00000206f068af30 nmethod 3623 0x00000206bdba3e10 code [0x00000206bdba3fa0, 0x00000206bdba40d8]
Event: 2.236 Thread 0x00000206f068af30 3619       3       jdk.internal.org.objectweb.asm.AnnotationVisitor::<init> (7 bytes)
Event: 2.237 Thread 0x00000206f068af30 nmethod 3619 0x00000206bdba4190 code [0x00000206bdba4340, 0x00000206bdba4488]
Event: 2.237 Thread 0x00000206f068af30 3620       3       jdk.internal.org.objectweb.asm.AnnotationVisitor::<init> (88 bytes)
Event: 2.237 Thread 0x00000206f068af30 nmethod 3620 0x00000206bdba4510 code [0x00000206bdba4760, 0x00000206bdba5048]
Event: 2.237 Thread 0x00000206f068af30 3617       1       java.lang.invoke.InvokerBytecodeGenerator::setClassWriter (6 bytes)
Event: 2.237 Thread 0x00000206f068af30 nmethod 3617 0x00000206c4c52490 code [0x00000206c4c52620, 0x00000206c4c52738]
Event: 2.237 Thread 0x00000206f068af30 3622       1       java.lang.Class::getClassData (5 bytes)
Event: 2.237 Thread 0x00000206f068af30 nmethod 3622 0x00000206c4c52790 code [0x00000206c4c52920, 0x00000206c4c529f8]
Event: 2.253 Thread 0x00000206f2955e20 nmethod 3603 0x00000206c4c52a90 code [0x00000206c4c52c80, 0x00000206c4c54498]
Event: 2.253 Thread 0x00000206f2955e20 3615       4       java.lang.invoke.MethodType$ConcurrentWeakInternSet::get (47 bytes)
Event: 2.270 Thread 0x00000206f2955e20 nmethod 3615 0x00000206c4c54e90 code [0x00000206c4c55080, 0x00000206c4c56088]

GC Heap History (8 events):
Event: 0.577 GC heap before
{Heap before GC invocations=0 (full 0):
 garbage-first heap   total 1048576K, used 40960K [0x0000000480000000, 0x0000000800000000)
  region size 8192K, 6 young (49152K), 0 survivors (0K)
 Metaspace       used 4746K, committed 4992K, reserved 1056768K
  class space    used 474K, committed 576K, reserved 1048576K
}
Event: 0.580 GC heap after
{Heap after GC invocations=1 (full 0):
 garbage-first heap   total 1048576K, used 11465K [0x0000000480000000, 0x0000000800000000)
  region size 8192K, 1 young (8192K), 1 survivors (8192K)
 Metaspace       used 4746K, committed 4992K, reserved 1056768K
  class space    used 474K, committed 576K, reserved 1048576K
}
Event: 0.709 GC heap before
{Heap before GC invocations=1 (full 0):
 garbage-first heap   total 1048576K, used 52425K [0x0000000480000000, 0x0000000800000000)
  region size 8192K, 6 young (49152K), 1 survivors (8192K)
 Metaspace       used 4835K, committed 5056K, reserved 1056768K
  class space    used 474K, committed 576K, reserved 1048576K
}
Event: 0.712 GC heap after
{Heap after GC invocations=2 (full 0):
 garbage-first heap   total 1048576K, used 17530K [0x0000000480000000, 0x0000000800000000)
  region size 8192K, 1 young (8192K), 1 survivors (8192K)
 Metaspace       used 4835K, committed 5056K, reserved 1056768K
  class space    used 474K, committed 576K, reserved 1048576K
}
Event: 0.769 GC heap before
{Heap before GC invocations=2 (full 0):
 garbage-first heap   total 1048576K, used 66682K [0x0000000480000000, 0x0000000800000000)
  region size 8192K, 7 young (57344K), 1 survivors (8192K)
 Metaspace       used 4840K, committed 5056K, reserved 1056768K
  class space    used 474K, committed 576K, reserved 1048576K
}
Event: 0.770 GC heap after
{Heap after GC invocations=3 (full 0):
 garbage-first heap   total 1048576K, used 18574K [0x0000000480000000, 0x0000000800000000)
  region size 8192K, 1 young (8192K), 1 survivors (8192K)
 Metaspace       used 4840K, committed 5056K, reserved 1056768K
  class space    used 474K, committed 576K, reserved 1048576K
}
Event: 1.186 GC heap before
{Heap before GC invocations=3 (full 0):
 garbage-first heap   total 1048576K, used 133262K [0x0000000480000000, 0x0000000800000000)
  region size 8192K, 16 young (131072K), 1 survivors (8192K)
 Metaspace       used 5053K, committed 5312K, reserved 1056768K
  class space    used 483K, committed 640K, reserved 1048576K
}
Event: 1.188 GC heap after
{Heap after GC invocations=4 (full 0):
 garbage-first heap   total 1048576K, used 24564K [0x0000000480000000, 0x0000000800000000)
  region size 8192K, 1 young (8192K), 1 survivors (8192K)
 Metaspace       used 5053K, committed 5312K, reserved 1056768K
  class space    used 483K, committed 640K, reserved 1048576K
}

Deoptimization events (20 events):
Event: 2.079 Thread 0x00000206b54b2ac0 Uncommon trap: trap_request=0xffffffcc fr.pc=0x00000206c4be646c relative=0x000000000000332c
Event: 2.079 Thread 0x00000206b54b2ac0 Uncommon trap: reason=intrinsic_or_type_checked_inlining action=make_not_entrant pc=0x00000206c4be646c method=java.util.ArrayList.toArray([Ljava/lang/Object;)[Ljava/lang/Object; @ 36 c2
Event: 2.079 Thread 0x00000206b54b2ac0 DEOPT PACKING pc=0x00000206c4be646c sp=0x000000ef408fe5e0
Event: 2.079 Thread 0x00000206b54b2ac0 DEOPT UNPACKING pc=0x00000206bcfb23a3 sp=0x000000ef408fe4a8 mode 2
Event: 2.141 Thread 0x00000206b54b2ac0 Uncommon trap: trap_request=0xffffffde fr.pc=0x00000206c4b259c0 relative=0x0000000000000640
Event: 2.141 Thread 0x00000206b54b2ac0 Uncommon trap: reason=class_check action=maybe_recompile pc=0x00000206c4b259c0 method=java.nio.file.FileTreeWalker.visit(Ljava/nio/file/Path;ZZ)Ljava/nio/file/FileTreeWalker$Event; @ 58 c2
Event: 2.141 Thread 0x00000206b54b2ac0 DEOPT PACKING pc=0x00000206c4b259c0 sp=0x000000ef408fe630
Event: 2.141 Thread 0x00000206b54b2ac0 DEOPT UNPACKING pc=0x00000206bcfb23a3 sp=0x000000ef408fe600 mode 2
Event: 2.142 Thread 0x00000206b54b2ac0 Uncommon trap: trap_request=0xffffffde fr.pc=0x00000206c4af2494 relative=0x0000000000000714
Event: 2.142 Thread 0x00000206b54b2ac0 Uncommon trap: reason=class_check action=maybe_recompile pc=0x00000206c4af2494 method=java.nio.file.FileTreeWalker.next()Ljava/nio/file/FileTreeWalker$Event; @ 37 c2
Event: 2.142 Thread 0x00000206b54b2ac0 DEOPT PACKING pc=0x00000206c4af2494 sp=0x000000ef408fe520
Event: 2.142 Thread 0x00000206b54b2ac0 DEOPT UNPACKING pc=0x00000206bcfb23a3 sp=0x000000ef408fe4d8 mode 2
Event: 2.147 Thread 0x00000206b54b2ac0 Uncommon trap: trap_request=0xffffffde fr.pc=0x00000206c4b233ec relative=0x00000000000000cc
Event: 2.147 Thread 0x00000206b54b2ac0 Uncommon trap: reason=class_check action=maybe_recompile pc=0x00000206c4b233ec method=java.util.stream.AbstractPipeline.exactOutputSizeIfKnown(Ljava/util/Spliterator;)J @ 16 c2
Event: 2.147 Thread 0x00000206b54b2ac0 DEOPT PACKING pc=0x00000206c4b233ec sp=0x000000ef408febc0
Event: 2.147 Thread 0x00000206b54b2ac0 DEOPT UNPACKING pc=0x00000206bcfb23a3 sp=0x000000ef408feb40 mode 2
Event: 2.235 Thread 0x00000206f078abc0 Uncommon trap: trap_request=0xffffff45 fr.pc=0x00000206c4af5ce0 relative=0x00000000000000c0
Event: 2.235 Thread 0x00000206f078abc0 Uncommon trap: reason=unstable_if action=reinterpret pc=0x00000206c4af5ce0 method=java.util.concurrent.TimeUnit.convert(JLjava/util/concurrent/TimeUnit;)J @ 8 c2
Event: 2.235 Thread 0x00000206f078abc0 DEOPT PACKING pc=0x00000206c4af5ce0 sp=0x000000ef429ff450
Event: 2.235 Thread 0x00000206f078abc0 DEOPT UNPACKING pc=0x00000206bcfb23a3 sp=0x000000ef429ff400 mode 2

Classes unloaded (0 events):
No events

Classes redefined (0 events):
No events

Internal exceptions (20 events):
Event: 2.121 Thread 0x00000206b54b2ac0 Exception <a 'java/lang/NoSuchMethodError'{0x00000004b100d018}: 'void java.lang.invoke.DirectMethodHandle$Holder.invokeStaticInit(java.lang.Object, java.lang.Object)'> (0x00000004b100d018) 
thrown [e:\jenkins\tmp\workspace\build\src\src\hotspot\share\interpreter\linkResolver.cpp, line 766]
Event: 2.122 Thread 0x00000206b54b2ac0 Exception <a 'java/lang/NoSuchMethodError'{0x00000004b1019890}: 'java.lang.Object java.lang.invoke.DirectMethodHandle$Holder.invokeStaticInit(java.lang.Object, java.lang.Object, java.lang.Object, java.lang.Object)'> (0x00000004b1019890) 
thrown [e:\jenkins\tmp\workspace\build\src\src\hotspot\share\interpreter\linkResolver.cpp, line 766]
Event: 2.122 Thread 0x00000206b54b2ac0 Exception <a 'java/lang/IncompatibleClassChangeError'{0x00000004b101f138}: Found class java.lang.Object, but interface was expected> (0x00000004b101f138) 
thrown [e:\jenkins\tmp\workspace\build\src\src\hotspot\share\interpreter\linkResolver.cpp, line 833]
Event: 2.124 Thread 0x00000206b54b2ac0 Exception <a 'java/lang/IncompatibleClassChangeError'{0x00000004b1054230}: Found class java.lang.Object, but interface was expected> (0x00000004b1054230) 
thrown [e:\jenkins\tmp\workspace\build\src\src\hotspot\share\interpreter\linkResolver.cpp, line 833]
Event: 2.141 Thread 0x00000206b54b2ac0 Exception <a 'sun/nio/fs/WindowsException'{0x00000004b11e97a0}> (0x00000004b11e97a0) 
thrown [e:\jenkins\tmp\workspace\build\src\src\hotspot\share\prims\jni.cpp, line 516]
Event: 2.148 Thread 0x00000206b54b2ac0 Exception <a 'java/lang/NoSuchMethodError'{0x00000004b122d090}: 'java.lang.Object java.lang.invoke.DirectMethodHandle$Holder.invokeVirtual(java.lang.Object, java.lang.Object, java.lang.Object)'> (0x00000004b122d090) 
thrown [e:\jenkins\tmp\workspace\build\src\src\hotspot\share\interpreter\linkResolver.cpp, line 766]
Event: 2.162 Thread 0x00000206b54b2ac0 Exception <a 'sun/nio/fs/WindowsException'{0x00000004b1331740}> (0x00000004b1331740) 
thrown [e:\jenkins\tmp\workspace\build\src\src\hotspot\share\prims\jni.cpp, line 516]
Event: 2.165 Thread 0x00000206b54b2ac0 Exception <a 'java/lang/NoSuchMethodError'{0x00000004b13604e0}: 'java.lang.Object java.lang.invoke.DirectMethodHandle$Holder.invokeStatic(java.lang.Object, int, java.lang.Object, java.lang.Object, java.lang.Object, java.lang.Object)'> (0x00000004b13604e0) 
thrown [e:\jenkins\tmp\workspace\build\src\src\hotspot\share\interpreter\linkResolver.cpp, line 766]
Event: 2.165 Thread 0x00000206b54b2ac0 Exception <a 'java/lang/NoSuchMethodError'{0x00000004b1368d08}: 'java.lang.Object java.lang.invoke.DirectMethodHandle$Holder.newInvokeSpecial(java.lang.Object, int, java.lang.Object, java.lang.Object)'> (0x00000004b1368d08) 
thrown [e:\jenkins\tmp\workspace\build\src\src\hotspot\share\interpreter\linkResolver.cpp, line 766]
Event: 2.166 Thread 0x00000206b54b2ac0 Exception <a 'java/lang/NoSuchMethodError'{0x00000004b136ce10}: 'java.lang.Object java.lang.invoke.DirectMethodHandle$Holder.invokeSpecial(java.lang.Object, java.lang.Object, int, java.lang.Object, java.lang.Object)'> (0x00000004b136ce10) 
thrown [e:\jenkins\tmp\workspace\build\src\src\hotspot\share\interpreter\linkResolver.cpp, line 766]
Event: 2.195 Thread 0x00000206b54b2ac0 Exception <a 'sun/nio/fs/WindowsException'{0x00000004b16c6630}> (0x00000004b16c6630) 
thrown [e:\jenkins\tmp\workspace\build\src\src\hotspot\share\prims\jni.cpp, line 516]
Event: 2.195 Thread 0x00000206b54b2ac0 Exception <a 'sun/nio/fs/WindowsException'{0x00000004b16c6988}> (0x00000004b16c6988) 
thrown [e:\jenkins\tmp\workspace\build\src\src\hotspot\share\prims\jni.cpp, line 516]
Event: 2.202 Thread 0x00000206b54b2ac0 Exception <a 'sun/nio/fs/WindowsException'{0x00000004b17de298}> (0x00000004b17de298) 
thrown [e:\jenkins\tmp\workspace\build\src\src\hotspot\share\prims\jni.cpp, line 516]
Event: 2.202 Thread 0x00000206b54b2ac0 Exception <a 'sun/nio/fs/WindowsException'{0x00000004b17de608}> (0x00000004b17de608) 
thrown [e:\jenkins\tmp\workspace\build\src\src\hotspot\share\prims\jni.cpp, line 516]
Event: 2.209 Thread 0x00000206b54b2ac0 Exception <a 'java/lang/NoSuchMethodError'{0x00000004b091e098}: 'int java.lang.invoke.DirectMethodHandle$Holder.invokeStaticInit(java.lang.Object, java.lang.Object, int, long)'> (0x00000004b091e098) 
thrown [e:\jenkins\tmp\workspace\build\src\src\hotspot\share\interpreter\linkResolver.cpp, line 766]
Event: 2.209 Thread 0x00000206b54b2ac0 Exception <a 'java/lang/NoSuchMethodError'{0x00000004b0923c28}: 'java.lang.Object java.lang.invoke.DirectMethodHandle$Holder.newInvokeSpecial(java.lang.Object, java.lang.Object, int)'> (0x00000004b0923c28) 
thrown [e:\jenkins\tmp\workspace\build\src\src\hotspot\share\interpreter\linkResolver.cpp, line 766]
Event: 2.210 Thread 0x00000206b54b2ac0 Exception <a 'java/lang/NoSuchMethodError'{0x00000004b0937ab8}: 'int java.lang.invoke.DirectMethodHandle$Holder.invokeStaticInit(java.lang.Object, java.lang.Object, long, long)'> (0x00000004b0937ab8) 
thrown [e:\jenkins\tmp\workspace\build\src\src\hotspot\share\interpreter\linkResolver.cpp, line 766]
Event: 2.210 Thread 0x00000206b54b2ac0 Exception <a 'java/lang/NoSuchMethodError'{0x00000004b093da10}: 'java.lang.Object java.lang.invoke.DirectMethodHandle$Holder.newInvokeSpecial(java.lang.Object, java.lang.Object, long)'> (0x00000004b093da10) 
thrown [e:\jenkins\tmp\workspace\build\src\src\hotspot\share\interpreter\linkResolver.cpp, line 766]
Event: 2.210 Thread 0x00000206b54b2ac0 Exception <a 'java/lang/NoSuchMethodError'{0x00000004b0941580}: 'java.lang.Object java.lang.invoke.Invokers$Holder.linkToTargetMethod(java.lang.Object, long, java.lang.Object)'> (0x00000004b0941580) 
thrown [e:\jenkins\tmp\workspace\build\src\src\hotspot\share\interpreter\linkResolver.cpp, line 766]
Event: 2.211 Thread 0x00000206b54b2ac0 Exception <a 'java/lang/NoSuchMethodError'{0x00000004b0948cf8}: 'int java.lang.invoke.DirectMethodHandle$Holder.invokeStaticInit(java.lang.Object, java.lang.Object, java.lang.Object, long)'> (0x00000004b0948cf8) 
thrown [e:\jenkins\tmp\workspace\build\src\src\hotspot\share\interpreter\linkResolver.cpp, line 766]

VM Operations (20 events):
Event: 1.902 Executing VM operation: HandshakeAllThreads
Event: 1.902 Executing VM operation: HandshakeAllThreads done
Event: 1.903 Executing VM operation: HandshakeAllThreads
Event: 1.903 Executing VM operation: HandshakeAllThreads done
Event: 1.939 Executing VM operation: HandshakeAllThreads
Event: 1.939 Executing VM operation: HandshakeAllThreads done
Event: 1.939 Executing VM operation: HandshakeAllThreads
Event: 1.939 Executing VM operation: HandshakeAllThreads done
Event: 1.956 Executing VM operation: HandshakeAllThreads
Event: 1.956 Executing VM operation: HandshakeAllThreads done
Event: 2.027 Executing VM operation: HandshakeAllThreads
Event: 2.027 Executing VM operation: HandshakeAllThreads done
Event: 2.077 Executing VM operation: HandshakeAllThreads
Event: 2.077 Executing VM operation: HandshakeAllThreads done
Event: 2.138 Executing VM operation: HandshakeAllThreads
Event: 2.138 Executing VM operation: HandshakeAllThreads done
Event: 2.198 Executing VM operation: ICBufferFull
Event: 2.198 Executing VM operation: ICBufferFull done
Event: 2.235 Executing VM operation: HandshakeAllThreads
Event: 2.235 Executing VM operation: HandshakeAllThreads done

Events (20 events):
Event: 2.206 loading class java/nio/DirectDoubleBufferU done
Event: 2.208 loading class java/util/function/LongPredicate
Event: 2.208 loading class java/util/function/LongPredicate done
Event: 2.212 loading class java/nio/InvalidMarkException
Event: 2.212 loading class java/nio/InvalidMarkException done
Event: 2.212 loading class java/nio/BufferUnderflowException
Event: 2.212 loading class java/nio/BufferUnderflowException done
Event: 2.234 loading class java/util/concurrent/ScheduledThreadPoolExecutor$ScheduledFutureTask
Event: 2.234 loading class java/util/concurrent/FutureTask
Event: 2.234 loading class java/util/concurrent/FutureTask done
Event: 2.234 loading class java/util/concurrent/ScheduledThreadPoolExecutor$ScheduledFutureTask done
Event: 2.234 loading class java/util/concurrent/FutureTask$WaitNode
Event: 2.234 loading class java/util/concurrent/FutureTask$WaitNode done
Event: 2.234 loading class java/util/concurrent/Executors$RunnableAdapter
Event: 2.234 loading class java/util/concurrent/Executors$RunnableAdapter done
Event: 2.234 Thread 0x00000206f078abc0 Thread added: 0x00000206f078abc0
Event: 2.235 loading class java/util/concurrent/locks/AbstractQueuedSynchronizer$ConditionNode
Event: 2.235 loading class java/util/concurrent/ForkJoinPool$ManagedBlocker
Event: 2.235 loading class java/util/concurrent/ForkJoinPool$ManagedBlocker done
Event: 2.235 loading class java/util/concurrent/locks/AbstractQueuedSynchronizer$ConditionNode done


Dynamic libraries:
0x00007ff736420000 - 0x00007ff73642e000 	C:\Program Files\Eclipse Adoptium\jdk-17.0.2.8-hotspot\bin\java.exe
0x00007ffb40b10000 - 0x00007ffb40d08000 	C:\WINDOWS\SYSTEM32\ntdll.dll
0x00007ffb40040000 - 0x00007ffb400ff000 	C:\WINDOWS\System32\KERNEL32.DLL
0x00007ffb3e740000 - 0x00007ffb3ea36000 	C:\WINDOWS\System32\KERNELBASE.dll
0x00007ffb3e290000 - 0x00007ffb3e390000 	C:\WINDOWS\System32\ucrtbase.dll
0x00007ffb39fc0000 - 0x00007ffb39fd8000 	C:\Program Files\Eclipse Adoptium\jdk-17.0.2.8-hotspot\bin\jli.dll
0x00007ffb39fa0000 - 0x00007ffb39fb9000 	C:\Program Files\Eclipse Adoptium\jdk-17.0.2.8-hotspot\bin\VCRUNTIME140.dll
0x00007ffb3fe90000 - 0x00007ffb4002d000 	C:\WINDOWS\System32\USER32.dll
0x00007ffb3ea40000 - 0x00007ffb3ea62000 	C:\WINDOWS\System32\win32u.dll
0x00007ffb2b960000 - 0x00007ffb2bbfa000 	C:\WINDOWS\WinSxS\amd64_microsoft.windows.common-controls_6595b64144ccf1df_6.0.19041.1110_none_60b5254171f9507e\COMCTL32.dll
0x00007ffb3f440000 - 0x00007ffb3f46c000 	C:\WINDOWS\System32\GDI32.dll
0x00007ffb401d0000 - 0x00007ffb4026e000 	C:\WINDOWS\System32\msvcrt.dll
0x00007ffb3e570000 - 0x00007ffb3e685000 	C:\WINDOWS\System32\gdi32full.dll
0x00007ffb3e1f0000 - 0x00007ffb3e28d000 	C:\WINDOWS\System32\msvcp_win.dll
0x00007ffb3f470000 - 0x00007ffb3f4a0000 	C:\WINDOWS\System32\IMM32.DLL
0x00007ffb39250000 - 0x00007ffb3925c000 	C:\Program Files\Eclipse Adoptium\jdk-17.0.2.8-hotspot\bin\vcruntime140_1.dll
0x00007ffb391b0000 - 0x00007ffb39241000 	C:\Program Files\Eclipse Adoptium\jdk-17.0.2.8-hotspot\bin\msvcp140.dll
0x00007ffab65a0000 - 0x00007ffab71e7000 	C:\Program Files\Eclipse Adoptium\jdk-17.0.2.8-hotspot\bin\server\jvm.dll
0x00007ffb40700000 - 0x00007ffb407af000 	C:\WINDOWS\System32\ADVAPI32.dll
0x00007ffb40300000 - 0x00007ffb4039c000 	C:\WINDOWS\System32\sechost.dll
0x00007ffb40910000 - 0x00007ffb40a36000 	C:\WINDOWS\System32\RPCRT4.dll
0x00007ffb40aa0000 - 0x00007ffb40aa8000 	C:\WINDOWS\System32\PSAPI.DLL
0x00007ffb33ad0000 - 0x00007ffb33ada000 	C:\WINDOWS\SYSTEM32\VERSION.dll
0x00007ffb2a0d0000 - 0x00007ffb2a0d9000 	C:\WINDOWS\SYSTEM32\WSOCK32.dll
0x00007ffb33950000 - 0x00007ffb33977000 	C:\WINDOWS\SYSTEM32\WINMM.dll
0x00007ffb40160000 - 0x00007ffb401cb000 	C:\WINDOWS\System32\WS2_32.dll
0x00007ffb3c070000 - 0x00007ffb3c082000 	C:\WINDOWS\SYSTEM32\kernel.appcore.dll
0x00007ffb2d3b0000 - 0x00007ffb2d3ba000 	C:\Program Files\Eclipse Adoptium\jdk-17.0.2.8-hotspot\bin\jimage.dll
0x00007ffb35ca0000 - 0x00007ffb35e84000 	C:\WINDOWS\SYSTEM32\DBGHELP.DLL
0x00007ffb297f0000 - 0x00007ffb29824000 	C:\WINDOWS\SYSTEM32\dbgcore.DLL
0x00007ffb3ea70000 - 0x00007ffb3eaf2000 	C:\WINDOWS\System32\bcryptPrimitives.dll
0x00007ffb2d240000 - 0x00007ffb2d265000 	C:\Program Files\Eclipse Adoptium\jdk-17.0.2.8-hotspot\bin\java.dll
0x00007ffad6020000 - 0x00007ffad60f6000 	C:\Program Files\Eclipse Adoptium\jdk-17.0.2.8-hotspot\bin\jsvml.dll
0x00007ffb3f500000 - 0x00007ffb3fc44000 	C:\WINDOWS\System32\SHELL32.dll
0x00007ffb3c270000 - 0x00007ffb3ca03000 	C:\WINDOWS\SYSTEM32\windows.storage.dll
0x00007ffb403a0000 - 0x00007ffb406f4000 	C:\WINDOWS\System32\combase.dll
0x00007ffb3db50000 - 0x00007ffb3db7e000 	C:\WINDOWS\SYSTEM32\Wldp.dll
0x00007ffb3fde0000 - 0x00007ffb3fe8d000 	C:\WINDOWS\System32\SHCORE.dll
0x00007ffb3f4a0000 - 0x00007ffb3f4f5000 	C:\WINDOWS\System32\shlwapi.dll
0x00007ffb3e120000 - 0x00007ffb3e145000 	C:\WINDOWS\SYSTEM32\profapi.dll
0x00007ffb2d200000 - 0x00007ffb2d219000 	C:\Program Files\Eclipse Adoptium\jdk-17.0.2.8-hotspot\bin\net.dll
0x00007ffb37030000 - 0x00007ffb3713a000 	C:\WINDOWS\SYSTEM32\WINHTTP.dll
0x00007ffb3d930000 - 0x00007ffb3d99a000 	C:\WINDOWS\system32\mswsock.dll
0x00007ffb2d1e0000 - 0x00007ffb2d1f5000 	C:\Program Files\Eclipse Adoptium\jdk-17.0.2.8-hotspot\bin\nio.dll
0x00007ffb2d220000 - 0x00007ffb2d238000 	C:\Program Files\Eclipse Adoptium\jdk-17.0.2.8-hotspot\bin\zip.dll
0x00007ffb2d390000 - 0x00007ffb2d3a0000 	C:\Program Files\Eclipse Adoptium\jdk-17.0.2.8-hotspot\bin\verify.dll
0x00007ffb2d1d0000 - 0x00007ffb2d1d9000 	C:\Program Files\Eclipse Adoptium\jdk-17.0.2.8-hotspot\bin\management.dll
0x00007ffb1e5f0000 - 0x00007ffb1e5fb000 	C:\Program Files\Eclipse Adoptium\jdk-17.0.2.8-hotspot\bin\management_ext.dll
0x00007ffaf0e10000 - 0x00007ffaf0e27000 	C:\WINDOWS\system32\napinsp.dll
0x00007ffaf0ec0000 - 0x00007ffaf0edb000 	C:\WINDOWS\system32\pnrpnsp.dll
0x00007ffb1e5b0000 - 0x00007ffb1e5c5000 	C:\WINDOWS\system32\wshbth.dll
0x00007ffb39ef0000 - 0x00007ffb39f0d000 	C:\WINDOWS\system32\NLAapi.dll
0x00007ffb3d5f0000 - 0x00007ffb3d62b000 	C:\WINDOWS\SYSTEM32\IPHLPAPI.DLL
0x00007ffb3d640000 - 0x00007ffb3d70a000 	C:\WINDOWS\SYSTEM32\DNSAPI.dll
0x00007ffb3f190000 - 0x00007ffb3f198000 	C:\WINDOWS\System32\NSI.dll
0x00007ffb0da50000 - 0x00007ffb0da62000 	C:\WINDOWS\System32\winrnr.dll
0x00007ffb33aa0000 - 0x00007ffb33aaa000 	C:\Windows\System32\rasadhlp.dll
0x00007ffb33d70000 - 0x00007ffb33df2000 	C:\WINDOWS\System32\fwpuclnt.dll
0x00007ffb3e540000 - 0x00007ffb3e567000 	C:\WINDOWS\System32\bcrypt.dll
0x00007ffb1b740000 - 0x00007ffb1b7b5000 	C:\Users\Damqn\AppData\Local\Temp\lwjglDamyan\3.3.1-build-7\lwjgl.dll
0x00007ffb028b0000 - 0x00007ffb02911000 	C:\Users\Damqn\AppData\Local\Temp\lwjglDamyan\3.3.1-build-7\glfw.dll
0x00007ffb0fb70000 - 0x00007ffb0fbb5000 	C:\WINDOWS\SYSTEM32\dinput8.dll
0x00007ffb1ce20000 - 0x00007ffb1ce31000 	C:\WINDOWS\SYSTEM32\xinput1_4.dll
0x00007ffb3e4f0000 - 0x00007ffb3e53e000 	C:\WINDOWS\System32\cfgmgr32.dll
0x00007ffb3df80000 - 0x00007ffb3dfb3000 	C:\WINDOWS\SYSTEM32\DEVOBJ.dll
0x00007ffb3bd80000 - 0x00007ffb3bdaf000 	C:\WINDOWS\SYSTEM32\dwmapi.dll
0x00007ffb33390000 - 0x00007ffb334e2000 	C:\WINDOWS\SYSTEM32\inputhost.dll
0x00007ffb3f2c0000 - 0x00007ffb3f38d000 	C:\WINDOWS\System32\OLEAUT32.dll
0x00007ffb3a0b0000 - 0x00007ffb3a204000 	C:\WINDOWS\SYSTEM32\wintypes.dll
0x00007ffb3b770000 - 0x00007ffb3b862000 	C:\WINDOWS\SYSTEM32\CoreMessaging.dll
0x00007ffb39620000 - 0x00007ffb39716000 	C:\WINDOWS\SYSTEM32\PROPSYS.dll
0x00007ffb3b410000 - 0x00007ffb3b76e000 	C:\WINDOWS\SYSTEM32\CoreUIComponents.dll
0x00007ffb3d310000 - 0x00007ffb3d343000 	C:\WINDOWS\SYSTEM32\ntmarta.dll
0x00007ffb3bb00000 - 0x00007ffb3bb9e000 	C:\WINDOWS\system32\uxtheme.dll
0x00007ffb3f1a0000 - 0x00007ffb3f2b4000 	C:\WINDOWS\System32\MSCTF.dll
0x00007ffb1d230000 - 0x00007ffb1d355000 	C:\WINDOWS\SYSTEM32\opengl32.dll
0x00007ffb1d1e0000 - 0x00007ffb1d20c000 	C:\WINDOWS\SYSTEM32\GLU32.dll
0x00007ffb3f390000 - 0x00007ffb3f439000 	C:\WINDOWS\System32\clbcatq.dll
0x00007ffacad70000 - 0x00007ffacad9d000 	C:\WINDOWS\System32\DriverStore\FileRepository\u0390451.inf_amd64_39377efdd62734d1\B390182\atig6pxx.dll
0x00007ffac0770000 - 0x00007ffac43a5000 	C:\WINDOWS\System32\DriverStore\FileRepository\u0390451.inf_amd64_39377efdd62734d1\B390182\atio6axx.dll
0x00007ffb3eb70000 - 0x00007ffb3efde000 	C:\WINDOWS\System32\SETUPAPI.dll
0x00007ffb3eb00000 - 0x00007ffb3eb67000 	C:\WINDOWS\System32\WINTRUST.dll
0x00007ffb3e390000 - 0x00007ffb3e4ee000 	C:\WINDOWS\System32\CRYPT32.dll
0x00007ffb3ddc0000 - 0x00007ffb3ddd2000 	C:\WINDOWS\SYSTEM32\MSASN1.dll

dbghelp: loaded successfully - version: 4.0.5 - missing functions: none
symbol engine: initialized successfully - sym options: 0x614 - pdb path: .;C:\Program Files\Eclipse Adoptium\jdk-17.0.2.8-hotspot\bin;C:\WINDOWS\SYSTEM32;C:\WINDOWS\WinSxS\amd64_microsoft.windows.common-controls_6595b64144ccf1df_6.0.19041.1110_none_60b5254171f9507e;C:\Program Files\Eclipse Adoptium\jdk-17.0.2.8-hotspot\bin\server;C:\Users\Damqn\AppData\Local\Temp\lwjglDamyan\3.3.1-build-7;C:\WINDOWS\System32\DriverStore\FileRepository\u0390451.inf_amd64_39377efdd62734d1\B390182

VM Arguments:
jvm_args: -Dforge.enableGameTest=true -Dforge.enabledGameTestNamespaces=endlessexpansion -Dforge.logging.console.level=debug -Dforge.logging.markers=REGISTRIES -DignoreList=bootstraplauncher,securejarhandler,asm-commons,asm-util,asm-analysis,asm-tree,asm,JarJarFileSystems,client-extra,fmlcore,javafmllanguage,lowcodelanguage,mclanguage,forge- -Djava.net.preferIPv6Addresses=system -DlegacyClassPath.file=F:\mc mods\Coding Mods\Endless Expansion 1.20\build\classpath\runClient_minecraftClasspath.txt -DmergeModules=jna-5.10.0.jar,jna-platform-5.10.0.jar --module-path=C:\Users\Damqn\.gradle\caches\modules-2\files-2.1\cpw.mods\bootstraplauncher\1.1.2\c546e00443d8432cda6baa1c860346980742628\bootstraplauncher-1.1.2.jar;C:\Users\Damqn\.gradle\caches\modules-2\files-2.1\cpw.mods\securejarhandler\2.1.10\51e6a22c6c716beb11e244bf5b8be480f51dd6b5\securejarhandler-2.1.10.jar;C:\Users\Damqn\.gradle\caches\modules-2\files-2.1\org.ow2.asm\asm-commons\9.5\19ab5b5800a3910d30d3a3e64fdb00fd0cb42de0\asm-commons-9.5.jar;C:\Users\Damqn\.gradle\caches\modules-2\files-2.1\org.ow2.asm\asm-util\9.5\64b5a1fc8c1b15ed2efd6a063e976bc8d3dc5ffe\asm-util-9.5.jar;C:\Users\Damqn\.gradle\caches\modules-2\files-2.1\org.ow2.asm\asm-analysis\9.5\490bacc77de7cbc0be1a30bb3471072d705be4a4\asm-analysis-9.5.jar;C:\Users\Damqn\.gradle\caches\modules-2\files-2.1\org.ow2.asm\asm-tree\9.5\fd33c8b6373abaa675be407082fdfda35021254a\asm-tree-9.5.jar;C:\Users\Damqn\.gradle\caches\modules-2\files-2.1\org.ow2.asm\asm\9.5\dc6ea1875f4d64fbc85e1691c95b96a3d8569c90\asm-9.5.jar;C:\Users\Damqn\.gradle\caches\modules-2\files-2.1\net.minecraftforge\JarJarFileSystems\0.3.19\2464eb7d6b9ddb9db36a82cf8a95193e5c6fe020\JarJarFileSystems-0.3.19.jar --add-modules=ALL-MODULE-PATH --add-opens=java.base/java.util.jar=cpw.mods.securejarhandler --add-opens=java.base/java.lang.invoke=cpw.mods.securejarhandler --add-exports=java.base/sun.security.util=cpw.mods.securejarhandler --add-exports=jdk.naming.dns/com.sun.jndi.dns=java.naming -XX:HeapDumpPath=MojangTricksIntelDriversForPerformance_javaw.exe_minecraft.exe.heapdump -Dfile.encoding=windows-1251 -Duser.country=US -Duser.language=en -Duser.variant -Xmx14336m -Xms1024m 
java_command: cpw.mods.bootstraplauncher.BootstrapLauncher --launchTarget forgeclientuserdev --version MOD_DEV --assetIndex 5 --assetsDir C:\Users\Damqn\.gradle\caches\forge_gradle\assets --gameDir . --fml.forgeVersion 47.1.40 --fml.mcVersion 1.20.1 --fml.forgeGroup net.minecraftforge --fml.mcpVersion 20230612.114412
java_class_path (initial): F:\mc mods\Coding Mods\Endless Expansion 1.20\build\classes\java\main;F:\mc mods\Coding Mods\Endless Expansion 1.20\build\resources\main;C:\Users\Damqn\.gradle\caches\forge_gradle\minecraft_user_repo\net\minecraftforge\forge\1.20.1-47.1.40_mapped_official_1.20.1\forge-1.20.1-47.1.40_mapped_official_1.20.1-recomp.jar;C:\Users\Damqn\.gradle\caches\forge_gradle\minecraft_repo\versions\1.20.1\client-extra.jar;C:\Users\Damqn\.gradle\caches\modules-2\files-2.1\net.minecraftforge\fmlearlydisplay\1.20.1-47.1.40\cef288f16fefc4a7b3287b144bbf13b45f7bc10e\fmlearlydisplay-1.20.1-47.1.40.jar;C:\Users\Damqn\.gradle\caches\modules-2\files-2.1\net.minecraftforge\javafmllanguage\1.20.1-47.1.40\f692ce735ae82c7d67a622f7c16b39d6791438b2\javafmllanguage-1.20.1-47.1.40.jar;C:\Users\Damqn\.gradle\caches\modules-2\files-2.1\net.minecraftforge\lowcodelanguage\1.20.1-47.1.40\b5c50f31d2063274dde480c279f69ea4823e9271\lowcodelanguage-1.20.1-47.1.40.jar;C:\Users\Damqn\.gradle\caches\modules-2\files-2.1\net.minecraftforge\mclanguage\1.20.1-47.1.40\962a7a60b0ebc9b49f9d34c5a1586ec38df6113f\mclanguage-1.20.1-47.1.40.jar;C:\Users\Damqn\.gradle\caches\modules-2\files-2.1\net.minecraftforge\fmlcore\1.20.1-47.1.40\4ce019324cdf918c4854d7775fc09c1d2572c6f\fmlcore-1.20.1-47.1.40.jar;C:\Users\Damqn\.gradle\caches\modules-2\files-2.1\net.minecraftforge\fmlloader\1.20.1-47.1.40\2a2d24288440fe70f7cd1c7b3d444954ab17c00e\fmlloader-1.20.1-47.1.40.jar;C:\Users\Damqn\.gradle\caches\modules-2\files-2.1\net.minecraftforge\JarJarSelector\0.3.19\376cc9c8ea60720cf027c01fc033de915699801c\JarJarSelector-0.3.19.jar;C:\Users\Damqn\.gradle\caches\modules-2\files-2.1\net.minecraftforge\JarJarMetadata\0.3.19\83feaa9b770e6ac0e96ee4fc23fa89325c5fe2\JarJarMetadata-0.3.19.jar;C:\Users\Damqn\.gradle\caches\modules-2\files-2.1\com.google.guava\guava\31.1-jre\60458f877d055d0c9114d9e1a2efb737b4bc282c\guava-31.1-jre.jar;C:\Users\Damqn\.gradle\caches\modules-2\files-2.1\com.google.code.findbugs\jsr305\3.0.2\2
Launcher Type: SUN_STANDARD

[Global flags]
     intx CICompilerCount                          = 4                                         {product} {ergonomic}
     uint ConcGCThreads                            = 3                                         {product} {ergonomic}
     uint G1ConcRefinementThreads                  = 10                                        {product} {ergonomic}
   size_t G1HeapRegionSize                         = 8388608                                   {product} {ergonomic}
    uintx GCDrainStackTargetSize                   = 64                                        {product} {ergonomic}
    ccstr HeapDumpPath                             = MojangTricksIntelDriversForPerformance_javaw.exe_minecraft.exe.heapdump         {manageable} {command line}
   size_t InitialHeapSize                          = 1073741824                                {product} {command line}
   size_t MarkStackSize                            = 4194304                                   {product} {ergonomic}
   size_t MaxHeapSize                              = 15032385536                               {product} {command line}
   size_t MaxNewSize                               = 9017753600                                {product} {ergonomic}
   size_t MinHeapDeltaBytes                        = 8388608                                   {product} {ergonomic}
   size_t MinHeapSize                              = 1073741824                                {product} {command line}
    uintx NonNMethodCodeHeapSize                   = 5839372                                {pd product} {ergonomic}
    uintx NonProfiledCodeHeapSize                  = 122909434                              {pd product} {ergonomic}
    uintx ProfiledCodeHeapSize                     = 122909434                              {pd product} {ergonomic}
    uintx ReservedCodeCacheSize                    = 251658240                              {pd product} {ergonomic}
     bool SegmentedCodeCache                       = true                                      {product} {ergonomic}
   size_t SoftMaxHeapSize                          = 15032385536                            {manageable} {ergonomic}
     bool UseCompressedClassPointers               = true                           {product lp64_product} {ergonomic}
     bool UseCompressedOops                        = true                           {product lp64_product} {ergonomic}
     bool UseG1GC                                  = true                                      {product} {ergonomic}
     bool UseLargePagesIndividualAllocation        = false                                  {pd product} {ergonomic}

Logging:
Log output configuration:
 #0: stdout all=warning uptime,level,tags
 #1: stderr all=off uptime,level,tags

Environment Variables:
_JAVA_OPTIONS=-Xmx14336m -Xms1024m
PATH=C:\Program Files\Eclipse Adoptium\jdk-17.0.2.8-hotspot\bin;C:\Program Files (x86)\Razer\ChromaBroadcast\bin;C:\Program Files\Razer\ChromaBroadcast\bin;C:\Program Files\Eclipse Foundation\jdk-16.0.2.7-hotspot\bin;C:\Program Files\Common Files\Oracle\Java\javapath;C:\Program Files (x86)\Common Files\Oracle\Java\javapath;C:\WINDOWS\system32;C:\WINDOWS;C:\WINDOWS\System32\Wbem;C:\WINDOWS\System32\WindowsPowerShell\v1.0\;C:\WINDOWS\System32\OpenSSH\;C:\Program Files\Git\cmd;C:\Users\Damqn\AppData\Local\Microsoft\WindowsApps;C:\Program Files\Java\jdk1.8.0_311\bin;C:\Program Files\Microsoft SQL Server\110\Tools\Binn\;C:\Program Files (x86)\Microsoft SDKs\TypeScript\1.0\;C:\Program Files\Microsoft SQL Server\120\Tools\Binn\;C:\Program Files\nodejs\;C:\Program Files\Git LFS;C:\Program Files (x86)\dotnet\;C:\Program Files\dotnet\;C:\Program Files\Docker\Docker\resources\bin;C:\ProgramData\DockerDesktop\version-bin;C:\Users\Damqn\AppData\Local\Programs\Python\Python310\Scripts\;C:\Users\Damqn\AppData\Local\Programs\Python\Python310\;C:\Users\Damqn\AppData\Local\Microsoft\WindowsApps;C:\Users\Damqn\AppData\Local\Programs\Microsoft VS Code\bin;F:\Microsoft VS Code\bin;C:\Users\Damqn\AppData\Roaming\npm;C:\Users\Damqn\AppData\Local\GitHubDesktop\bin;F:\gitneshta\log4shell\apache-maven-3.8.6\bin;C:\Users\Damqn\Downloads\ffmpeg-master-latest-win64-gpl\ffmpeg-master-latest-win64-gpl\bin;C:\Program Files\dotnet;C:\Program Files (x86)\dotnet;C:\Users\Damqn\.dotnet\tools;
USERNAME=Damyan
OS=Windows_NT
PROCESSOR_IDENTIFIER=AMD64 Family 25 Model 80 Stepping 0, AuthenticAMD



---------------  S Y S T E M  ---------------

OS:
 Windows 10 , 64 bit Build 19041 (10.0.19041.3155)
OS uptime: 0 days 5:30 hours
Hyper-V role detected

CPU: total 12 (initial active 12) (12 cores per cpu, 2 threads per core) family 25 model 80 stepping 0 microcode 0x0, cx8, cmov, fxsr, ht, mmx, 3dnowpref, sse, sse2, sse3, ssse3, sse4a, sse4.1, sse4.2, popcnt, lzcnt, tsc, tscinvbit, avx, avx2, aes, erms, clmul, bmi1, bmi2, adx, sha, fma, vzeroupper, clflush, clflushopt, hv

Memory: 4k page, system-wide physical 32167M (16474M free)
TotalPageFile size 37031M (AvailPageFile size 15723M)
current process WorkingSet (physical memory assigned to process): 365M, peak: 374M
current process commit charge ("private bytes"): 1217M, peak: 1226M

vm_info: OpenJDK 64-Bit Server VM (17.0.2+8) for windows-amd64 JRE (17.0.2+8), built on Jan 20 2022 04:52:34 by "" with MS VC++ 16.7 (VS2019)

END.
